228452979557 db6662c3b0d63027 32
228452980545 db6662c3b0d63027 32
228452998289 db6662c3b0d63027 32
228453005043 db6662c3b0d63027 32
228454289088 db6662c3b0d63027 33
228454294060 db6662c3b0d63027 34
228454349096 db6662c3b0d63027 35
228454398348 db6662c3b0d63027 36
228454472113 db6662c3b0d63027 37
228454523933 db6662c3b0d63027 38
228454696606 db6662c3b0d63027 39
228454748165 db6662c3b0d63027 40
228454800097 db6662c3b0d63027 40
228454851909 db6662c3b0d63027 40
228454907782 db6662c3b0d63027 40
228454956011 db6662c3b0d63027 40
228455010407 db6662c3b0d63027 40
228455058849 db6662c3b0d63027 40
228455232124 db6662c3b0d63027 40
228455284600 db6662c3b0d63027 40
228455334530 db6662c3b0d63027 40
228455387579 db6662c3b0d63027 40
228455437772 db6662c3b0d63027 40
228455491135 db6662c3b0d63027 40
228455540829 db6662c3b0d63027 40
228455594408 db6662c3b0d63027 41
228455645393 db6662c3b0d63027 41
228455699506 db6662c3b0d63027 41
228455747670 db6662c3b0d63027 41
228455800189 db6662c3b0d63027 41
228455851499 db6662c3b0d63027 41
228455904128 db6662c3b0d63027 42
228456078932 db6662c3b0d63027 42
228456128403 db6662c3b0d63027 42
228456179880 db6662c3b0d63027 43
228456230568 db6662c3b0d63027 43
228456283415 db6662c3b0d63027 43
228456335948 db6662c3b0d63027 43
228456387600 db6662c3b0d63027 44
228456437267 db6662c3b0d63027 44
228456488982 db6662c3b0d63027 44
228456784112 db6662c3b0d63027 45
228456835122 db6662c3b0d63027 45
228457655739 db6662c3b0d63027 46
228457767145 db6662c3b0d63027 46
228457820899 db6662c3b0d63027 47
228457871462 db6662c3b0d63027 47
228457948553 db6662c3b0d63027 47
228457999812 db6662c3b0d63027 48
228458050469 db6662c3b0d63027 48
228458104273 db6662c3b0d63027 49
228458154646 db6662c3b0d63027 49
228458205498 db6662c3b0d63027 50
228458258134 db6662c3b0d63027 50
228458308561 db6662c3b0d63027 50
228458481272 db6662c3b0d63027 51
228458538517 db6662c3b0d63027 51
228458586364 db6662c3b0d63027 52
228458636990 db6662c3b0d63027 52
228458687687 db6662c3b0d63027 53
228458739660 db6662c3b0d63027 53
228458791472 db6662c3b0d63027 53
228458843382 db6662c3b0d63027 53
228458896152 db6662c3b0d63027 53
228458948820 db6662c3b0d63027 53
228458998696 db6662c3b0d63027 54
228459171818 db6662c3b0d63027 54
228459223611 db6662c3b0d63027 54
228459276326 db6662c3b0d63027 54
228459328054 db6662c3b0d63027 54
228459382895 db6662c3b0d63027 54
228459432641 db6662c3b0d63027 54
228459484044 db6662c3b0d63027 54
228459536013 db6662c3b0d63027 54
228459587808 db6662c3b0d63027 54
228459640462 db6662c3b0d63027 54
228459690011 db6662c3b0d63027 54
228459741721 db6662c3b0d63027 55
228459793937 db6662c3b0d63027 55
228459848514 db6662c3b0d63027 55
228459899914 db6662c3b0d63027 55
228460073112 db6662c3b0d63027 55
228460187600 db6662c3b0d63027 56
228460236900 db6662c3b0d63027 56
228460289508 db6662c3b0d63027 56
228460341393 db6662c3b0d63027 57
228460391844 db6662c3b0d63027 57
228460444260 db6662c3b0d63027 57
228460495274 db6662c3b0d63027 57
228460547814 db6662c3b0d63027 58
228460600218 db6662c3b0d63027 58
228460651856 db6662c3b0d63027 58
228460701898 db6662c3b0d63027 59
228460874810 db6662c3b0d63027 59
228461109429 db6662c3b0d63027 60
228461159955 db6662c3b0d63027 60
228461212008 db6662c3b0d63027 60
228462357134 db6662c3b0d63027 61
228462528902 db6662c3b0d63027 61
228462581267 db6662c3b0d63027 62
228462692770 db6662c3b0d63027 62
228462745263 db6662c3b0d63027 63
228462798953 db6662c3b0d63027 63
228462847992 db6662c3b0d63027 63
228462899705 db6662c3b0d63027 64
228462953551 db6662c3b0d63027 64
228463002887 db6662c3b0d63027 65
228463056007 db6662c3b0d63027 65
228463106170 db6662c3b0d63027 66
228463157493 db6662c3b0d63027 66
228463208743 db6662c3b0d63027 66
228463321718 db6662c3b0d63027 66
228463433351 db6662c3b0d63027 66
228463485505 db6662c3b0d63027 66
228463536725 db6662c3b0d63027 66
228463591190 db6662c3b0d63027 66
228463643215 db6662c3b0d63027 66
228463694686 db6662c3b0d63027 66
228463743781 db6662c3b0d63027 66
228463795352 db6662c3b0d63027 67
228463846690 db6662c3b0d63027 67
228463898228 db6662c3b0d63027 67
228463949633 db6662c3b0d63027 67
228464000825 db6662c3b0d63027 67
228464057981 db6662c3b0d63027 67
228464104429 db6662c3b0d63027 67
228464156149 db6662c3b0d63027 67
228464271912 db6662c3b0d63027 68
228464321289 db6662c3b0d63027 68
228464374387 db6662c3b0d63027 68
228464424387 db6662c3b0d63027 68
228464486349 db6662c3b0d63027 68
228464532933 db6662c3b0d63027 68
228464586770 db6662c3b0d63027 69
228464635906 db6662c3b0d63027 69
228464686342 db6662c3b0d63027 69
228464739741 db6662c3b0d63027 69
228464789879 db6662c3b0d63027 70
228464842051 db6662c3b0d63027 70
228464892883 db6662c3b0d63027 70
228464944487 db6662c3b0d63027 70
228464996490 db6662c3b0d63027 70
228465048090 db6662c3b0d63027 70
228465101120 db6662c3b0d63027 70
228465212456 db6662c3b0d63027 70
228465263446 db6662c3b0d63027 70
228465315309 db6662c3b0d63027 70
228465428016 db6662c3b0d63027 70
228465483605 db6662c3b0d63027 70
228465533187 db6662c3b0d63027 71
228465584087 db6662c3b0d63027 71
228465634940 db6662c3b0d63027 71
228465688154 db6662c3b0d63027 71
228465739568 db6662c3b0d63027 71
228465790046 db6662c3b0d63027 71
228465840597 db6662c3b0d63027 71
228465892324 db6662c3b0d63027 71
228465944396 db6662c3b0d63027 71
228465995441 db6662c3b0d63027 71
228466047262 db6662c3b0d63027 71
228466158385 db6662c3b0d63027 72
228466212168 db6662c3b0d63027 72
228466264670 db6662c3b0d63027 72
228466314380 db6662c3b0d63027 72
228466548494 db6662c3b0d63027 73
228466601229 db6662c3b0d63027 73
228466652659 db6662c3b0d63027 73
228466708492 db6662c3b0d63027 74
228466756720 db6662c3b0d63027 74
228467692538 db6662c3b0d63027 75
228467743372 db6662c3b0d63027 75
228467854892 db6662c3b0d63027 64
228467905247 db6662c3b0d63027 64
228467984161 db6662c3b0d63027 64
228468033698 db6662c3b0d63027 64
228468088266 db6662c3b0d63027 64
228468138592 db6662c3b0d63027 64
228468189523 db6662c3b0d63027 64
228468240612 db6662c3b0d63027 64
228468291933 db6662c3b0d63027 64
228468345596 db6662c3b0d63027 64
228468395357 db6662c3b0d63027 64
228468448029 db6662c3b0d63027 64
228468499009 db6662c3b0d63027 64
228468621704 db6662c3b0d63027 64
228468665603 db6662c3b0d63027 64
228468775237 db6662c3b0d63027 64
228468827033 db6662c3b0d63027 64
228468879424 db6662c3b0d63027 64
228468936367 db6662c3b0d63027 64
228468984645 db6662c3b0d63027 64
228469033332 db6662c3b0d63027 64
228469085966 db6662c3b0d63027 64
228469136824 db6662c3b0d63027 64
228469189875 db6662c3b0d63027 64
228469240255 db6662c3b0d63027 64
228469293017 db6662c3b0d63027 64
228469347171 db6662c3b0d63027 64
228469399238 db6662c3b0d63027 64
228469456152 db6662c3b0d63027 64
228469502751 db6662c3b0d63027 64
228469556571 db6662c3b0d63027 64
228469605635 db6662c3b0d63027 64
228469720292 db6662c3b0d63027 64
228469769895 db6662c3b0d63027 64
228469821200 db6662c3b0d63027 64
228469874956 db6662c3b0d63027 64
228469924767 db6662c3b0d63027 64
228469977807 db6662c3b0d63027 64
228470030983 db6662c3b0d63027 64
228470082693 db6662c3b0d63027 64
228470133064 db6662c3b0d63027 64
228470184057 db6662c3b0d63027 64
228470238631 db6662c3b0d63027 64
228470287848 db6662c3b0d63027 64
228470337600 db6662c3b0d63027 64
228470390774 db6662c3b0d63027 64
228470441014 db6662c3b0d63027 64
228470494721 db6662c3b0d63027 64
228470547636 db6662c3b0d63027 64
228470602039 db6662c3b0d63027 64
228470652478 db6662c3b0d63027 64
228470764332 db6662c3b0d63027 64
228470813816 db6662c3b0d63027 64
228470867819 db6662c3b0d63027 64
228470917377 db6662c3b0d63027 64
228471034957 db6662c3b0d63027 64
228471081061 db6662c3b0d63027 64
228471135484 db6662c3b0d63027 64
228471188234 db6662c3b0d63027 64
228471239815 db6662c3b0d63027 64
228471292181 db6662c3b0d63027 64
228471343330 db6662c3b0d63027 64
228471396214 db6662c3b0d63027 64
228471445124 db6662c3b0d63027 64
228471502611 db6662c3b0d63027 64
228471552634 db6662c3b0d63027 64
228471602782 db6662c3b0d63027 64
228471654892 db6662c3b0d63027 64
228471704237 db6662c3b0d63027 64
228471816249 db6662c3b0d63027 64
228471868260 db6662c3b0d63027 64
228471922176 db6662c3b0d63027 64
228471970965 db6662c3b0d63027 64
228472023706 db6662c3b0d63027 64
228472074569 db6662c3b0d63027 64
228472185341 db6662c3b0d63027 64
228472300638 db6662c3b0d63027 64
228472412058 db6662c3b0d63027 64
228472437527 db6662c3b0d63027 64
228472488777 db6662c3b0d63027 64
228472542271 db6662c3b0d63027 64
228472651590 db6662c3b0d63027 64
228472729491 db6662c3b0d63027 64
228472841210 db6662c3b0d63027 64
228473633311 db6662c3b0d63027 64
228473670606 db6662c3b0d63027 64
228473858119 db6662c3b0d63027 64
228473896323 db6662c3b0d63027 64
228473947813 db6662c3b0d63027 65
228473999322 db6662c3b0d63027 65
228474050918 db6662c3b0d63027 65
228474226752 db6662c3b0d63027 66
228474275436 db6662c3b0d63027 66
228474326014 db6662c3b0d63027 67
228474385907 db6662c3b0d63027 67
228474432869 db6662c3b0d63027 68
228474484103 db6662c3b0d63027 68
228474533025 db6662c3b0d63027 68
228474585202 db6662c3b0d63027 68
228474637688 db6662c3b0d63027 68
228474813843 db6662c3b0d63027 68
228474861539 db6662c3b0d63027 68
228474914187 db6662c3b0d63027 68
228474964858 db6662c3b0d63027 68
228474992492 db6662c3b0d63027 68
228475044895 db6662c3b0d63027 68
228475099942 db6662c3b0d63027 58
228475148457 db6662c3b0d63027 58
228475224874 db6662c3b0d63027 58
228475275996 db6662c3b0d63027 58
228475329119 db6662c3b0d63027 58
228475377493 db6662c3b0d63027 58
228475429963 db6662c3b0d63027 58
228475545151 db6662c3b0d63027 58
228475594608 db6662c3b0d63027 58
228475645597 db6662c3b0d63027 58
228475697879 db6662c3b0d63027 58
228475750157 db6662c3b0d63027 58
228475806944 db6662c3b0d63027 58
228475858012 db6662c3b0d63027 58
228475904614 db6662c3b0d63027 58
228475955956 db6662c3b0d63027 58
228476012882 db6662c3b0d63027 58
228476057714 db6662c3b0d63027 58
228476113226 db6662c3b0d63027 58
228476161597 db6662c3b0d63027 58
228476213210 db6662c3b0d63027 58
228476265786 db6662c3b0d63027 58
228476317689 db6662c3b0d63027 58
228476493653 db6662c3b0d63027 58
228476552506 db6662c3b0d63027 58
228476597078 db6662c3b0d63027 58
228476705510 db6662c3b0d63027 58
228476757183 db6662c3b0d63027 58
228476808591 db6662c3b0d63027 58
228476860876 db6662c3b0d63027 58
228476913269 db6662c3b0d63027 58
228476963837 db6662c3b0d63027 58
228477015294 db6662c3b0d63027 58
228477071949 db6662c3b0d63027 58
228477117424 db6662c3b0d63027 58
228477173150 db6662c3b0d63027 58
228477220287 db6662c3b0d63027 58
228477394437 db6662c3b0d63027 58
228477445962 db6662c3b0d63027 58
228477498661 db6662c3b0d63027 58
228477551497 db6662c3b0d63027 58
228477604136 db6662c3b0d63027 58
228477655539 db6662c3b0d63027 58
228477767908 db6662c3b0d63027 58
228477822630 db6662c3b0d63027 58
228478053879 db6662c3b0d63027 58
228478104911 db6662c3b0d63027 58
228478156493 db6662c3b0d63027 58
228478331673 db6662c3b0d63027 58
228478382575 db6662c3b0d63027 58
228478440142 db6662c3b0d63027 58
228478546099 db6662c3b0d63027 58
228478730207 db6662c3b0d63027 58
228479749486 db6662c3b0d63027 58
228479921698 db6662c3b0d63027 58
228480037254 db6662c3b0d63027 58
228480075966 db6662c3b0d63027 58
228480126548 db6662c3b0d63027 58
228480184329 db6662c3b0d63027 58
228480291735 db6662c3b0d63027 58
228480464654 db6662c3b0d63027 58
228480515868 db6662c3b0d63027 58
228480569411 db6662c3b0d63027 58
228480618793 db6662c3b0d63027 58
228480672398 db6662c3b0d63027 58
228480724708 db6662c3b0d63027 58
228480773626 db6662c3b0d63027 58
228480825177 db6662c3b0d63027 58
228481000081 db6662c3b0d63027 58
228481110109 db6662c3b0d63027 58
228481163481 db6662c3b0d63027 58
228481218155 db6662c3b0d63027 58
228481267418 db6662c3b0d63027 58
228481316858 db6662c3b0d63027 58
228481368470 db6662c3b0d63027 58
228481422517 db6662c3b0d63027 58
228481471389 db6662c3b0d63027 59
228481525613 db6662c3b0d63027 59
228481575261 db6662c3b0d63027 59
228481602298 db6662c3b0d63027 59
228481655443 db6662c3b0d63027 59
228481826761 db6662c3b0d63027 60
228481880309 db6662c3b0d63027 60
228481955484 db6662c3b0d63027 60
228482006809 db6662c3b0d63027 60
228482058367 db6662c3b0d63027 60
228482109268 db6662c3b0d63027 60
228482159662 db6662c3b0d63027 60
228482212122 db6662c3b0d63027 60
228482265553 db6662c3b0d63027 60
228482317339 db6662c3b0d63027 60
228482367931 db6662c3b0d63027 60
228482419328 db6662c3b0d63027 60
228482472420 db6662c3b0d63027 60
228482584948 db6662c3b0d63027 60
228482755899 db6662c3b0d63027 60
228482807901 db6662c3b0d63027 60
228482859999 db6662c3b0d63027 60
228482973191 db6662c3b0d63027 60
228483024413 db6662c3b0d63027 60
228483076401 db6662c3b0d63027 60
228483127517 db6662c3b0d63027 60
228483153964 db6662c3b0d63027 60
228483205920 db6662c3b0d63027 60
228483257283 db6662c3b0d63027 51
228483309193 db6662c3b0d63027 51
228483394071 db6662c3b0d63027 51
228483558508 db6662c3b0d63027 51
228483672707 db6662c3b0d63027 51
228483724425 db6662c3b0d63027 51
228483774295 db6662c3b0d63027 51
228483824900 db6662c3b0d63027 51
228483999342 db6662c3b0d63027 51
228484049843 db6662c3b0d63027 51
228484162368 db6662c3b0d63027 51
228484212263 db6662c3b0d63027 51
228484446914 db6662c3b0d63027 51
228484498391 db6662c3b0d63027 51
228484732443 db6662c3b0d63027 51
228484784122 db6662c3b0d63027 51
228484957047 db6662c3b0d63027 51
228485009534 db6662c3b0d63027 51
228485302662 db6662c3b0d63027 51
228486748544 db6662c3b0d63027 51
228487041717 db6662c3b0d63027 51
228487093026 db6662c3b0d63027 51
228487145075 db6662c3b0d63027 51
228487318441 db6662c3b0d63027 51
228487431908 db6662c3b0d63027 51
228487604760 db6662c3b0d63027 51
228487654422 db6662c3b0d63027 51
228487708195 db6662c3b0d63027 51
228487760805 db6662c3b0d63027 51
228487812305 db6662c3b0d63027 51
228487924627 db6662c3b0d63027 51
228488095949 db6662c3b0d63027 51
228488148636 db6662c3b0d63027 51
228488260660 db6662c3b0d63027 51
228488312291 db6662c3b0d63027 51
228488365656 db6662c3b0d63027 51
228488417590 db6662c3b0d63027 51
228488467780 db6662c3b0d63027 51
228488519739 db6662c3b0d63027 51
228488575579 db6662c3b0d63027 51
228488622873 db6662c3b0d63027 51
228488676077 db6662c3b0d63027 51
228488909970 db6662c3b0d63027 51
228488958553 db6662c3b0d63027 51
228489010911 db6662c3b0d63027 51
228489062520 db6662c3b0d63027 51
228489116702 db6662c3b0d63027 51
228489168805 db6662c3b0d63027 51
228489226383 db6662c3b0d63027 51
228489282964 db6662c3b0d63027 51
228489298821 db6662c3b0d63027 51
228489349704 db6662c3b0d63027 51
228489523841 db6662c3b0d63027 51
228489636151 db6662c3b0d63027 51
228489833089 db6662c3b0d63027 51
228489887287 db6662c3b0d63027 51
228489941651 db6662c3b0d63027 51
228490050172 db6662c3b0d63027 51
228490100935 db6662c3b0d63027 51
228490153853 db6662c3b0d63027 51
228490203247 db6662c3b0d63027 51
228490256239 db6662c3b0d63027 51
228490307481 db6662c3b0d63027 51
228490362431 db6662c3b0d63027 51
228490412698 db6662c3b0d63027 51
228490647061 db6662c3b0d63027 51
228490698026 db6662c3b0d63027 51
228490872768 db6662c3b0d63027 51
228490922943 db6662c3b0d63027 51
228490975931 db6662c3b0d63027 51
228491209647 db6662c3b0d63027 51
228491259097 db6662c3b0d63027 51
228491375280 db6662c3b0d63027 51
228491427695 db6662c3b0d63027 51
228491597175 db6662c3b0d63027 51
228491833431 db6662c3b0d63027 52
228492129365 db6662c3b0d63027 52
228492297439 db6662c3b0d63027 52
228492409490 db6662c3b0d63027 53
228492582412 db6662c3b0d63027 53
228492876752 db6662c3b0d63027 54
228495057063 db6662c3b0d63027 54
228495413378 db6662c3b0d63027 55
228495452627 db6662c3b0d63027 55
228495567164 db6662c3b0d63027 55
228495738627 db6662c3b0d63027 56
228495852296 db6662c3b0d63027 56
228496091328 db6662c3b0d63027 57
228496135957 db6662c3b0d63027 57
228496186118 db6662c3b0d63027 58
228496361548 db6662c3b0d63027 58
228496474485 db6662c3b0d63027 58
228496646995 db6662c3b0d63027 59
228496759365 db6662c3b0d63027 59
228496808765 db6662c3b0d63027 60
228496860909 db6662c3b0d63027 60
228496912939 db6662c3b0d63027 60
228496964676 db6662c3b0d63027 60
228497019694 db6662c3b0d63027 60
228497192583 db6662c3b0d63027 60
228497424615 db6662c3b0d63027 60
228497476839 db6662c3b0d63027 60
228497528370 db6662c3b0d63027 60
228497580153 db6662c3b0d63027 60
228497632625 db6662c3b0d63027 60
228497682728 db6662c3b0d63027 60
228497734250 db6662c3b0d63027 60
228497968175 db6662c3b0d63027 60
228498055522 db6662c3b0d63027 60
228498291687 db6662c3b0d63027 60
228498339077 db6662c3b0d63027 51
228498391019 db6662c3b0d63027 51
228498589615 db6662c3b0d63027 51
228498642391 db6662c3b0d63027 51
228498697567 db6662c3b0d63027 51
228498748771 db6662c3b0d63027 51
228498798986 db6662c3b0d63027 51
228499033543 db6662c3b0d63027 51
228499145813 db6662c3b0d63027 51
228499196855 db6662c3b0d63027 51
228499445025 db6662c3b0d63027 51
228499486900 db6662c3b0d63027 51
228499533851 db6662c3b0d63027 51
228499782453 db6662c3b0d63027 51
228499940152 db6662c3b0d63027 51
228499993468 db6662c3b0d63027 51
228500104867 db6662c3b0d63027 51
228500275981 db6662c3b0d63027 51
228500387821 db6662c3b0d63027 51
228500563800 db6662c3b0d63027 51
228500686295 db6662c3b0d63027 51
228500848317 db6662c3b0d63027 51
228501089877 db6662c3b0d63027 51
228501193227 db6662c3b0d63027 51
228501365804 db6662c3b0d63027 51
228501611173 db6662c3b0d63027 51
228501650097 db6662c3b0d63027 51
228501763589 db6662c3b0d63027 51
228501949102 db6662c3b0d63027 51
228502048529 db6662c3b0d63027 51
228502289396 db6662c3b0d63027 51
228502453014 db6662c3b0d63027 51
228502566068 db6662c3b0d63027 51
228502800852 db6662c3b0d63027 51
228510237106 db6662c3b0d63027 54
228510240244 db6662c3b0d63027 54
228510254196 db6662c3b0d63027 54
228510258500 db6662c3b0d63027 54
228510260775 db6662c3b0d63027 54
228510262735 db6662c3b0d63027 54
228510264821 db6662c3b0d63027 54
228510266773 db6662c3b0d63027 54
228510268872 db6662c3b0d63027 54
228510270438 db6662c3b0d63027 54
228510373980 db6662c3b0d63027 54
228510440723 db6662c3b0d63027 54
228510537168 db6662c3b0d63027 54
228510650411 db6662c3b0d63027 54
228510885390 db6662c3b0d63027 54
228511058023 db6662c3b0d63027 54
228511109421 db6662c3b0d63027 54
228511283735 db6662c3b0d63027 54
228511461397 db6662c3b0d63027 54
228511567913 db6662c3b0d63027 54
228511680571 db6662c3b0d63027 54
228511792404 db6662c3b0d63027 54
228511843235 db6662c3b0d63027 54
228512081660 db6662c3b0d63027 54
228512194731 db6662c3b0d63027 54
228512368042 db6662c3b0d63027 54
228512755870 db6662c3b0d63027 54
228513167814 db6662c3b0d63027 54
228513279885 db6662c3b0d63027 54
228513395531 db6662c3b0d63027 54
228513567897 db6662c3b0d63027 54
228513682432 db6662c3b0d63027 54
228513850497 db6662c3b0d63027 54
228513902139 db6662c3b0d63027 54
228514074779 db6662c3b0d63027 54
228514225094 db6662c3b0d63027 54
228514340556 db6662c3b0d63027 46
228514451081 db6662c3b0d63027 46
228514588386 db6662c3b0d63027 46
228514760418 db6662c3b0d63027 46
228514873193 db6662c3b0d63027 46
228514985203 db6662c3b0d63027 46
228515099207 db6662c3b0d63027 46
228515269270 db6662c3b0d63027 46
228518895455 db6662c3b0d63027 46
228519006419 db6662c3b0d63027 46
228519180069 db6662c3b0d63027 46
228519292422 db6662c3b0d63027 46
228519404228 db6662c3b0d63027 46
228519521036 db6662c3b0d63027 46
228519628681 db6662c3b0d63027 46
228519679581 db6662c3b0d63027 46
228519791971 db6662c3b0d63027 46
228519844823 db6662c3b0d63027 46
228519957367 db6662c3b0d63027 46
228520070183 db6662c3b0d63027 46
228520118910 db6662c3b0d63027 46
228520172989 db6662c3b0d63027 46
228520284935 db6662c3b0d63027 46
228520396779 db6662c3b0d63027 46
228520448870 db6662c3b0d63027 46
228520500682 db6662c3b0d63027 46
228520612017 db6662c3b0d63027 46
228520664969 db6662c3b0d63027 46
228520776114 db6662c3b0d63027 46
228520827095 db6662c3b0d63027 46
228520880303 db6662c3b0d63027 46
228520994413 db6662c3b0d63027 46
228521042370 db6662c3b0d63027 46
228521156262 db6662c3b0d63027 46
228521268478 db6662c3b0d63027 46
228521318099 db6662c3b0d63027 46
228521346192 db6662c3b0d63027 46
228521459499 db6662c3b0d63027 46
228521512686 db6662c3b0d63027 39
228521622431 db6662c3b0d63027 39
228521698982 db6662c3b0d63027 39
228521751181 db6662c3b0d63027 39
228521864396 db6662c3b0d63027 39
228521914660 db6662c3b0d63027 39
228521966807 db6662c3b0d63027 39
228522078637 db6662c3b0d63027 39
228524492026 db6662c3b0d63027 39
228524604512 db6662c3b0d63027 39
228524657075 db6662c3b0d63027 39
228524767975 db6662c3b0d63027 39
228524880958 db6662c3b0d63027 39
228524995522 db6662c3b0d63027 39
228525043700 db6662c3b0d63027 39
228525157008 db6662c3b0d63027 39
228525276583 db6662c3b0d63027 39
228525321324 db6662c3b0d63027 39
228525432956 db6662c3b0d63027 39
228525484709 db6662c3b0d63027 39
228525596325 db6662c3b0d63027 39
228525649206 db6662c3b0d63027 39
228525761019 db6662c3b0d63027 39
228525811763 db6662c3b0d63027 39
228525927300 db6662c3b0d63027 39
228525975250 db6662c3b0d63027 39
228526089586 db6662c3b0d63027 39
228526203801 db6662c3b0d63027 39
228526252520 db6662c3b0d63027 39
228526304941 db6662c3b0d63027 39
228526415903 db6662c3b0d63027 39
228526468183 db6662c3b0d63027 39
228526580072 db6662c3b0d63027 39
228526632221 db6662c3b0d63027 39
228526743623 db6662c3b0d63027 39
228526798607 db6662c3b0d63027 39
228526907948 db6662c3b0d63027 39
228527020919 db6662c3b0d63027 39
228527072199 db6662c3b0d63027 39
228527188844 db6662c3b0d63027 39
228527236625 db6662c3b0d63027 39
228527347272 db6662c3b0d63027 39
228527399061 db6662c3b0d63027 39
228527512192 db6662c3b0d63027 39
228527564271 db6662c3b0d63027 39
228527677154 db6662c3b0d63027 39
228527789143 db6662c3b0d63027 39
228527960864 db6662c3b0d63027 39
228528133351 db6662c3b0d63027 39
228528307522 db6662c3b0d63027 39
228528480495 db6662c3b0d63027 39
228528653446 db6662c3b0d63027 40
228528825092 db6662c3b0d63027 40
228528940173 db6662c3b0d63027 40
228530200066 db6662c3b0d63027 41
228530315507 db6662c3b0d63027 41
228530399721 db6662c3b0d63027 42
228530512186 db6662c3b0d63027 42
228530564692 db6662c3b0d63027 36
228530676765 db6662c3b0d63027 36
228530754383 db6662c3b0d63027 36
228530867206 db6662c3b0d63027 36
228530917965 db6662c3b0d63027 36
228531029771 db6662c3b0d63027 36
228531080774 db6662c3b0d63027 36
228531132338 db6662c3b0d63027 36
228531245803 db6662c3b0d63027 36
228531296824 db6662c3b0d63027 36
228531408450 db6662c3b0d63027 36
228531464103 db6662c3b0d63027 36
228531512722 db6662c3b0d63027 36
228531625092 db6662c3b0d63027 36
228531737482 db6662c3b0d63027 36
228531788083 db6662c3b0d63027 36
228531901222 db6662c3b0d63027 36
228531952211 db6662c3b0d63027 36
228532003130 db6662c3b0d63027 36
228532116611 db6662c3b0d63027 36
228532228560 db6662c3b0d63027 36
228532280575 db6662c3b0d63027 36
228532336752 db6662c3b0d63027 36
228532383610 db6662c3b0d63027 36
228532495472 db6662c3b0d63027 36
228532605933 db6662c3b0d63027 36
228532661939 db6662c3b0d63027 36
228532715745 db6662c3b0d63027 36
228532890905 db6662c3b0d63027 36
228533000191 db6662c3b0d63027 36
228533050531 db6662c3b0d63027 36
228533164281 db6662c3b0d63027 36
228533276006 db6662c3b0d63027 36
228533387660 db6662c3b0d63027 36
228533440466 db6662c3b0d63027 36
228533554308 db6662c3b0d63027 36
228533664657 db6662c3b0d63027 36
228533775677 db6662c3b0d63027 36
228533827605 db6662c3b0d63027 36
228533940268 db6662c3b0d63027 36
228534117334 db6662c3b0d63027 36
228534226051 db6662c3b0d63027 36
228534398203 db6662c3b0d63027 36
228535310672 db6662c3b0d63027 36
228535409584 db6662c3b0d63027 36
228535523842 db6662c3b0d63027 36
228535633482 db6662c3b0d63027 36
228535697501 db6662c3b0d63027 36
228535800065 db6662c3b0d63027 37
228535911794 db6662c3b0d63027 37
228535962140 db6662c3b0d63027 37
228536075335 db6662c3b0d63027 38
228536125248 db6662c3b0d63027 38
228536239320 db6662c3b0d63027 39
228536351242 db6662c3b0d63027 39
228536401458 db6662c3b0d63027 40
228536512825 db6662c3b0d63027 40
228536624758 db6662c3b0d63027 40
228536676493 db6662c3b0d63027 40
228536789268 db6662c3b0d63027 40
228536840525 db6662c3b0d63027 40
228536953004 db6662c3b0d63027 40
228537067089 db6662c3b0d63027 40
228537116558 db6662c3b0d63027 40
228537168288 db6662c3b0d63027 40
228537280907 db6662c3b0d63027 40
228537392997 db6662c3b0d63027 40
228537444848 db6662c3b0d63027 40
228537562326 db6662c3b0d63027 40
228537686168 db6662c3b0d63027 40
228537786007 db6662c3b0d63027 40
228537839190 db6662c3b0d63027 40
228537949821 db6662c3b0d63027 40
228538060795 db6662c3b0d63027 40
228538172614 db6662c3b0d63027 40
228538224807 db6662c3b0d63027 41
228538337446 db6662c3b0d63027 41
228538452828 db6662c3b0d63027 41
228538501641 db6662c3b0d63027 41
228538615137 db6662c3b0d63027 41
228538725766 db6662c3b0d63027 42
228538839087 db6662c3b0d63027 42
228538952086 db6662c3b0d63027 42
228539064648 db6662c3b0d63027 42
228539176852 db6662c3b0d63027 42
228539287812 db6662c3b0d63027 42
228540308151 db6662c3b0d63027 43
228540420569 db6662c3b0d63027 43
228540531215 db6662c3b0d63027 43
228540643672 db6662c3b0d63027 44
228540767626 db6662c3b0d63027 44
228540872163 db6662c3b0d63027 45
228540922931 db6662c3b0d63027 45
228541099330 db6662c3b0d63027 45
228541148155 db6662c3b0d63027 46
228541263836 db6662c3b0d63027 46
228541372636 db6662c3b0d63027 47
228541428423 db6662c3b0d63027 47
228541535832 db6662c3b0d63027 48
228541648686 db6662c3b0d63027 48
228541704720 db6662c3b0d63027 48
228541813719 db6662c3b0d63027 49
228541866240 db6662c3b0d63027 49
228541979976 db6662c3b0d63027 50
228542028213 db6662c3b0d63027 50
228542142653 db6662c3b0d63027 50
228542192516 db6662c3b0d63027 50
228542303627 db6662c3b0d63027 50
228542480276 db6662c3b0d63027 50
228542531101 db6662c3b0d63027 50
228542648924 db6662c3b0d63027 50
228542694386 db6662c3b0d63027 50
228542808853 db6662c3b0d63027 51
228542919044 db6662c3b0d63027 51
228542970127 db6662c3b0d63027 51
228543082327 db6662c3b0d63027 51
228543196605 db6662c3b0d63027 52
228543246872 db6662c3b0d63027 52
228543358202 db6662c3b0d63027 52
228543410048 db6662c3b0d63027 52
228543523632 db6662c3b0d63027 53
228543696422 db6662c3b0d63027 53
228543751067 db6662c3b0d63027 54
228543860355 db6662c3b0d63027 54
228543912025 db6662c3b0d63027 55
228544024072 db6662c3b0d63027 55
228544136268 db6662c3b0d63027 55
228544189432 db6662c3b0d63027 56
228544299248 db6662c3b0d63027 56
228544474204 db6662c3b0d63027 57
228544584256 db6662c3b0d63027 57
228544636191 db6662c3b0d63027 58
228544747715 db6662c3b0d63027 58
228544860860 db6662c3b0d63027 58
228544972297 db6662c3b0d63027 59
228545085804 db6662c3b0d63027 59
228545683061 db6662c3b0d63027 60
228545735395 db6662c3b0d63027 60
228545847849 db6662c3b0d63027 61
228545961185 db6662c3b0d63027 61
228546013096 db6662c3b0d63027 61
228546126321 db6662c3b0d63027 62
228546176614 db6662c3b0d63027 62
228546228383 db6662c3b0d63027 63
228546342359 db6662c3b0d63027 63
228546457692 db6662c3b0d63027 64
228546504795 db6662c3b0d63027 64
228546556169 db6662c3b0d63027 64
228546644133 db6662c3b0d63027 65
228546693595 db6662c3b0d63027 65
228546808162 db6662c3b0d63027 55
228546859777 db6662c3b0d63027 55
228546936066 db6662c3b0d63027 55
228546988624 db6662c3b0d63027 55
228547100880 db6662c3b0d63027 55
228547152472 db6662c3b0d63027 55
228547264120 db6662c3b0d63027 55
228547315615 db6662c3b0d63027 55
228547367046 db6662c3b0d63027 55
228547420460 db6662c3b0d63027 55
228547470459 db6662c3b0d63027 55
228547583839 db6662c3b0d63027 55
228547637034 db6662c3b0d63027 55
228547748695 db6662c3b0d63027 55
228547799617 db6662c3b0d63027 55
228547850487 db6662c3b0d63027 55
228547963717 db6662c3b0d63027 55
228548015820 db6662c3b0d63027 55
228548128904 db6662c3b0d63027 55
228548178411 db6662c3b0d63027 55
228548292569 db6662c3b0d63027 55
228548342351 db6662c3b0d63027 55
228548393573 db6662c3b0d63027 55
228548450202 db6662c3b0d63027 55
228548557602 db6662c3b0d63027 55
228548609619 db6662c3b0d63027 55
228548697923 db6662c3b0d63027 55
228548751708 db6662c3b0d63027 55
228548803088 db6662c3b0d63027 55
228548852589 db6662c3b0d63027 55
228548988711 db6662c3b0d63027 55
228549102119 db6662c3b0d63027 55
228549155549 db6662c3b0d63027 55
228549207187 db6662c3b0d63027 55
228549256058 db6662c3b0d63027 55
228549307490 db6662c3b0d63027 55
228549420395 db6662c3b0d63027 55
228549477440 db6662c3b0d63027 55
228549586026 db6662c3b0d63027 55
228549638611 db6662c3b0d63027 55
228549690005 db6662c3b0d63027 55
228549743043 db6662c3b0d63027 55
228549794242 db6662c3b0d63027 55
228549908143 db6662c3b0d63027 55
228549958179 db6662c3b0d63027 55
228550072991 db6662c3b0d63027 55
228550123109 db6662c3b0d63027 55
228550236004 db6662c3b0d63027 55
228550287265 db6662c3b0d63027 55
228550398352 db6662c3b0d63027 55
228550512906 db6662c3b0d63027 55
228550561479 db6662c3b0d63027 55
228550673472 db6662c3b0d63027 55
228550725279 db6662c3b0d63027 55
228551389763 db6662c3b0d63027 55
228551472378 db6662c3b0d63027 55
228551524566 db6662c3b0d63027 55
228551697203 db6662c3b0d63027 55
228551748861 db6662c3b0d63027 55
228551896482 db6662c3b0d63027 55
228551942629 db6662c3b0d63027 55
228551992777 db6662c3b0d63027 55
228552037704 db6662c3b0d63027 55
228552089183 db6662c3b0d63027 55
228552204218 db6662c3b0d63027 55
228552256474 db6662c3b0d63027 55
228552366343 db6662c3b0d63027 55
228552416720 db6662c3b0d63027 55
228552474164 db6662c3b0d63027 55
228552524563 db6662c3b0d63027 55
228552577173 db6662c3b0d63027 55
228552687409 db6662c3b0d63027 55
228552740615 db6662c3b0d63027 56
228552792715 db6662c3b0d63027 56
228552842781 db6662c3b0d63027 57
228552893922 db6662c3b0d63027 57
228553066431 db6662c3b0d63027 58
228553117564 db6662c3b0d63027 58
228553169159 db6662c3b0d63027 58
228553223338 db6662c3b0d63027 58
228553272922 db6662c3b0d63027 58
228553447410 db6662c3b0d63027 59
228553498938 db6662c3b0d63027 59
228553550300 db6662c3b0d63027 59
228553601282 db6662c3b0d63027 59
228553654977 db6662c3b0d63027 59
228553827344 db6662c3b0d63027 60
228556565836 db6662c3b0d63027 60
228556579931 db6662c3b0d63027 61
228556582527 db6662c3b0d63027 61
228556585347 db6662c3b0d63027 61
228556588141 db6662c3b0d63027 61
228556590866 db6662c3b0d63027 61
228556593661 db6662c3b0d63027 61
228556596852 db6662c3b0d63027 61
228556599338 db6662c3b0d63027 61
228556601967 db6662c3b0d63027 61
228556605380 db6662c3b0d63027 61
228556607848 db6662c3b0d63027 61
228556609658 db6662c3b0d63027 61
228556611382 db6662c3b0d63027 61
228556614991 db6662c3b0d63027 61
228556616846 db6662c3b0d63027 61
228556618488 db6662c3b0d63027 61
228556620549 db6662c3b0d63027 61
228556622191 db6662c3b0d63027 61
228556623918 db6662c3b0d63027 61
228556625584 db6662c3b0d63027 61
228556627216 db6662c3b0d63027 61
228556629257 db6662c3b0d63027 61
228556630826 db6662c3b0d63027 61
228556634107 db6662c3b0d63027 61
228556637576 db6662c3b0d63027 61
228556639420 db6662c3b0d63027 61
228556641362 db6662c3b0d63027 61
228556643104 db6662c3b0d63027 61
228556646805 db6662c3b0d63027 61
228556648668 db6662c3b0d63027 61
228556650673 db6662c3b0d63027 61
228557592921 db6662c3b0d63027 61
228557644021 db6662c3b0d63027 61
228557698530 db6662c3b0d63027 61
228557845989 db6662c3b0d63027 61
228558019963 db6662c3b0d63027 61
228558070757 db6662c3b0d63027 52
228558122991 db6662c3b0d63027 52
228558198703 db6662c3b0d63027 52
228558494164 db6662c3b0d63027 52
228558544254 db6662c3b0d63027 52
228558596697 db6662c3b0d63027 52
228558649061 db6662c3b0d63027 52
228558703235 db6662c3b0d63027 52
228558753830 db6662c3b0d63027 52
228558967782 db6662c3b0d63027 52
228559020991 db6662c3b0d63027 52
228559065147 db6662c3b0d63027 52
228559118028 db6662c3b0d63027 52
228559194830 db6662c3b0d63027 52
228559368783 db6662c3b0d63027 52
228559419071 db6662c3b0d63027 52
228559476907 db6662c3b0d63027 52
228559525808 db6662c3b0d63027 52
228559579986 db6662c3b0d63027 52
228559629542 db6662c3b0d63027 52
228559921603 db6662c3b0d63027 52
228559975169 db6662c3b0d63027 52
228560024489 db6662c3b0d63027 52
228560077858 db6662c3b0d63027 52
228560132084 db6662c3b0d63027 52
228560305380 db6662c3b0d63027 52
228560354143 db6662c3b0d63027 52
228560408532 db6662c3b0d63027 52
228560463765 db6662c3b0d63027 52
228560517436 db6662c3b0d63027 52
228560566253 db6662c3b0d63027 52
228560615427 db6662c3b0d63027 52
228562305318 db6662c3b0d63027 52
228562359228 db6662c3b0d63027 52
228562657519 db6662c3b0d63027 52
228562830877 db6662c3b0d63027 52
228562881500 db6662c3b0d63027 52
228563176083 db6662c3b0d63027 52
228563226461 db6662c3b0d63027 52
228563402277 db6662c3b0d63027 52
228563693642 db6662c3b0d63027 52
228563745062 db6662c3b0d63027 52
228563918308 db6662c3b0d63027 52
228563969613 db6662c3b0d63027 52
228564264482 db6662c3b0d63027 52
228564317821 db6662c3b0d63027 52
228564489622 db6662c3b0d63027 52
228564541325 db6662c3b0d63027 52
228564592995 db6662c3b0d63027 52
228564887194 db6662c3b0d63027 52
228564937695 db6662c3b0d63027 52
228564990596 db6662c3b0d63027 52
228565161017 db6662c3b0d63027 52
228565211872 db6662c3b0d63027 53
228565270117 db6662c3b0d63027 53
228565316141 db6662c3b0d63027 53
228565610171 db6662c3b0d63027 54
228565661573 db6662c3b0d63027 54
228565835979 db6662c3b0d63027 55
228565886370 db6662c3b0d63027 55
228565938678 db6662c3b0d63027 56
228565989268 db6662c3b0d63027 56
228566041197 db6662c3b0d63027 56
228566338853 db6662c3b0d63027 56
228566387778 db6662c3b0d63027 57
228566499394 db6662c3b0d63027 57
228566552227 db6662c3b0d63027 57
228566605929 db6662c3b0d63027 57
228566775447 db6662c3b0d63027 57
228566828073 db6662c3b0d63027 57
228566881725 db6662c3b0d63027 57
228566930628 db6662c3b0d63027 57
228566956313 db6662c3b0d63027 57
228567251595 db6662c3b0d63027 57
228567422902 db6662c3b0d63027 48
228567477322 db6662c3b0d63027 48
228567552300 db6662c3b0d63027 48
228567603864 db6662c3b0d63027 48
228567654971 db6662c3b0d63027 48
228567949873 db6662c3b0d63027 48
228568001274 db6662c3b0d63027 48
228568052446 db6662c3b0d63027 48
228568104505 db6662c3b0d63027 48
228568156156 db6662c3b0d63027 48
228568208926 db6662c3b0d63027 48
228568381312 db6662c3b0d63027 48
228568674668 db6662c3b0d63027 48
228568725862 db6662c3b0d63027 48
228568899588 db6662c3b0d63027 48
228569193524 db6662c3b0d63027 48
228569365947 db6662c3b0d63027 48
228569417692 db6662c3b0d63027 48
228569710899 db6662c3b0d63027 48
228570974732 db6662c3b0d63027 48
228571149393 db6662c3b0d63027 48
228571565204 db6662c3b0d63027 48
228571739992 db6662c3b0d63027 48
228571792042 db6662c3b0d63027 48
228572144489 db6662c3b0d63027 48
228572195730 db6662c3b0d63027 48
228572828268 db6662c3b0d63027 48
228572879366 db6662c3b0d63027 48
228573052997 db6662c3b0d63027 48
228573104211 db6662c3b0d63027 48
228573545330 db6662c3b0d63027 48
228573595863 db6662c3b0d63027 48
228573887465 db6662c3b0d63027 48
228573941443 db6662c3b0d63027 48
228573993503 db6662c3b0d63027 48
228574408808 db6662c3b0d63027 48
228574459248 db6662c3b0d63027 48
228574632888 db6662c3b0d63027 48
228574685005 db6662c3b0d63027 48
228574709750 db6662c3b0d63027 48
228574763781 db6662c3b0d63027 48
228575056327 db6662c3b0d63027 48
228575291381 db6662c3b0d63027 48
228575367729 db6662c3b0d63027 48
228575418193 db6662c3b0d63027 48
228575590666 db6662c3b0d63027 48
228575642208 db6662c3b0d63027 48
228575696058 db6662c3b0d63027 48
228575746996 db6662c3b0d63027 48
228576040416 db6662c3b0d63027 48
228576098053 db6662c3b0d63027 48
228576263949 db6662c3b0d63027 48
228576315202 db6662c3b0d63027 48
228576366942 db6662c3b0d63027 48
228576540356 db6662c3b0d63027 48
228576592240 db6662c3b0d63027 48
228576765494 db6662c3b0d63027 48
228576816751 db6662c3b0d63027 48
228576868787 db6662c3b0d63027 48
228576920473 db6662c3b0d63027 48
228577215054 db6662c3b0d63027 48
228577389101 db6662c3b0d63027 48
228577441046 db6662c3b0d63027 48
228577735338 db6662c3b0d63027 48
228577787965 db6662c3b0d63027 49
228577839762 db6662c3b0d63027 49
228577890892 db6662c3b0d63027 49
228578002274 db6662c3b0d63027 49
228578296827 db6662c3b0d63027 50
228578348534 db6662c3b0d63027 50
228578400343 db6662c3b0d63027 50
228578453139 db6662c3b0d63027 50
228578629945 db6662c3b0d63027 50
228578677520 db6662c3b0d63027 50
228578968291 db6662c3b0d63027 50
228579156338 db6662c3b0d63027 50
228579208244 db6662c3b0d63027 50
228579809074 db6662c3b0d63027 50
228580101422 db6662c3b0d63027 50
228580151127 db6662c3b0d63027 51
228580565639 db6662c3b0d63027 51
228582375837 db6662c3b0d63027 52
228582549856 db6662c3b0d63027 52
228583385380 db6662c3b0d63027 53
228583437078 db6662c3b0d63027 53
228583670602 db6662c3b0d63027 53
228583782634 db6662c3b0d63027 54
228584197536 db6662c3b0d63027 54
228584311877 db6662c3b0d63027 55
228584363922 db6662c3b0d63027 55
228584656177 db6662c3b0d63027 56
228584708274 db6662c3b0d63027 56
228584880356 db6662c3b0d63027 56
228584931169 db6662c3b0d63027 57
228585164746 db6662c3b0d63027 57
228585337251 db6662c3b0d63027 58
228585449440 db6662c3b0d63027 58
228585504890 db6662c3b0d63027 58
228585616995 db6662c3b0d63027 58
228585791250 db6662c3b0d63027 58
228585901527 db6662c3b0d63027 58
228586017039 db6662c3b0d63027 58
228586067120 db6662c3b0d63027 58
228586177070 db6662c3b0d63027 58
228586229207 db6662c3b0d63027 58
228586403235 db6662c3b0d63027 58
228586515670 db6662c3b0d63027 58
228586630349 db6662c3b0d63027 58
228586741150 db6662c3b0d63027 58
228586792546 db6662c3b0d63027 58
228586904021 db6662c3b0d63027 58
228587016154 db6662c3b0d63027 58
228587068875 db6662c3b0d63027 58
228587121216 db6662c3b0d63027 58
228587233753 db6662c3b0d63027 58
228587346979 db6662c3b0d63027 58
228587530101 db6662c3b0d63027 58
228587569943 db6662c3b0d63027 58
228587744863 db6662c3b0d63027 58
228587798281 db6662c3b0d63027 58
228587909933 db6662c3b0d63027 58
228588021759 db6662c3b0d63027 58
228588133277 db6662c3b0d63027 58
228588247301 db6662c3b0d63027 58
228588296309 db6662c3b0d63027 58
228588409999 db6662c3b0d63027 58
228588520644 db6662c3b0d63027 58
228588696581 db6662c3b0d63027 58
228588809107 db6662c3b0d63027 58
228588859406 db6662c3b0d63027 58
228589028765 db6662c3b0d63027 58
228589144120 db6662c3b0d63027 58
228589314221 db6662c3b0d63027 58
228589490438 db6662c3b0d63027 58
228589539787 db6662c3b0d63027 58
228589772491 db6662c3b0d63027 58
228589823846 db6662c3b0d63027 58
228589936305 db6662c3b0d63027 58
228590108510 db6662c3b0d63027 58
228590223916 db6662c3b0d63027 58
228590335441 db6662c3b0d63027 58
228590505657 db6662c3b0d63027 58
228591588501 db6662c3b0d63027 58
228591700826 db6662c3b0d63027 58
228591812399 db6662c3b0d63027 58
228592529820 db6662c3b0d63027 58
228592704542 db6662c3b0d63027 59
228592815930 db6662c3b0d63027 59
228592926225 db6662c3b0d63027 60
228593159233 db6662c3b0d63027 60
228593332322 db6662c3b0d63027 60
228593444924 db6662c3b0d63027 61
228593557983 db6662c3b0d63027 61
228593730223 db6662c3b0d63027 62
228593903993 db6662c3b0d63027 62
228594014814 db6662c3b0d63027 63
228594128873 db6662c3b0d63027 63
228594300981 db6662c3b0d63027 63
228594416131 db6662c3b0d63027 64
228594586005 db6662c3b0d63027 64
228594700196 db6662c3b0d63027 65
228594810348 db6662c3b0d63027 65
228594922435 db6662c3b0d63027 66
228595098566 db6662c3b0d63027 66
228595212313 db6662c3b0d63027 66
228595325171 db6662c3b0d63027 67
228595373573 db6662c3b0d63027 67
228595548572 db6662c3b0d63027 68
228595658685 db6662c3b0d63027 68
228595773291 db6662c3b0d63027 69
228595883091 db6662c3b0d63027 69
228595997059 db6662c3b0d63027 69
228596107977 db6662c3b0d63027 69
228596159927 db6662c3b0d63027 69
228596274824 db6662c3b0d63027 69
228596384016 db6662c3b0d63027 69
228596556893 db6662c3b0d63027 69
228596608461 db6662c3b0d63027 69
228596783201 db6662c3b0d63027 69
228597017564 db6662c3b0d63027 70
228597128829 db6662c3b0d63027 70
228597240884 db6662c3b0d63027 70
228597353325 db6662c3b0d63027 71
228597405276 db6662c3b0d63027 71
228597577944 db6662c3b0d63027 71
228597689498 db6662c3b0d63027 72
228597802100 db6662c3b0d63027 72
228597914588 db6662c3b0d63027 73
228598027341 db6662c3b0d63027 73
228598141024 db6662c3b0d63027 73
228598251477 db6662c3b0d63027 74
228598365743 db6662c3b0d63027 74
228598476951 db6662c3b0d63027 75
228598588882 db6662c3b0d63027 75
228598701041 db6662c3b0d63027 76
228598879801 db6662c3b0d63027 76
228598924635 db6662c3b0d63027 76
228599037624 db6662c3b0d63027 77
228599210403 db6662c3b0d63027 77
228599322856 db6662c3b0d63027 78
228599438265 db6662c3b0d63027 78
228599550495 db6662c3b0d63027 79
228599662935 db6662c3b0d63027 79
228599835252 db6662c3b0d63027 79
228600007973 db6662c3b0d63027 80
228600180583 db6662c3b0d63027 80
228600450943 db6662c3b0d63027 81
228600564016 db6662c3b0d63027 81
228600677144 db6662c3b0d63027 69
228600909847 db6662c3b0d63027 69
228601048657 db6662c3b0d63027 69
228601096421 db6662c3b0d63027 69
228601271264 db6662c3b0d63027 69
228601684603 db6662c3b0d63027 69
228607459790 db6662c3b0d63027 69
228607469469 db6662c3b0d63027 69
228607472410 db6662c3b0d63027 69
228607475180 db6662c3b0d63027 69
228607479916 db6662c3b0d63027 69
228607484215 db6662c3b0d63027 69
228607486686 db6662c3b0d63027 69
228607489273 db6662c3b0d63027 69
228607491821 db6662c3b0d63027 69
228607494299 db6662c3b0d63027 69
228607496885 db6662c3b0d63027 69
228607499379 db6662c3b0d63027 69
228607502612 db6662c3b0d63027 69
228607507277 db6662c3b0d63027 69
228607511078 db6662c3b0d63027 69
228607513391 db6662c3b0d63027 69
228607515431 db6662c3b0d63027 69
228607517601 db6662c3b0d63027 69
228607519511 db6662c3b0d63027 69
228607521566 db6662c3b0d63027 69
228607523478 db6662c3b0d63027 69
228607525523 db6662c3b0d63027 69
228607528089 db6662c3b0d63027 69
228607530166 db6662c3b0d63027 69
228607534104 db6662c3b0d63027 69
228607536334 db6662c3b0d63027 69
228607538424 db6662c3b0d63027 69
228607540545 db6662c3b0d63027 69
228607542561 db6662c3b0d63027 69
228607544566 db6662c3b0d63027 69
228607546512 db6662c3b0d63027 69
228607548531 db6662c3b0d63027 69
228607551494 db6662c3b0d63027 69
228607646666 db6662c3b0d63027 69
228607758485 db6662c3b0d63027 69
228607810411 db6662c3b0d63027 69
228607861629 db6662c3b0d63027 69
228607975048 db6662c3b0d63027 69
228608086178 db6662c3b0d63027 69
228608137973 db6662c3b0d63027 69
228608192468 db6662c3b0d63027 69
228608305165 db6662c3b0d63027 69
228608418010 db6662c3b0d63027 69
228608468846 db6662c3b0d63027 69
228608524539 db6662c3b0d63027 69
228608637454 db6662c3b0d63027 69
228608748161 db6662c3b0d63027 69
228608862500 db6662c3b0d63027 69
228608912825 db6662c3b0d63027 69
228608964593 db6662c3b0d63027 69
228609076496 db6662c3b0d63027 69
228609186971 db6662c3b0d63027 69
228609299261 db6662c3b0d63027 69
228609411474 db6662c3b0d63027 69
228609524723 db6662c3b0d63027 69
228609636277 db6662c3b0d63027 69
228609748945 db6662c3b0d63027 69
228609802429 db6662c3b0d63027 69
228610036692 db6662c3b0d63027 69
228610147999 db6662c3b0d63027 69
228610261009 db6662c3b0d63027 69
228610312898 db6662c3b0d63027 69
228610728250 db6662c3b0d63027 69
228610975397 db6662c3b0d63027 69
228611210452 db6662c3b0d63027 69
228611322929 db6662c3b0d63027 69
228611374161 db6662c3b0d63027 69
228611434421 db6662c3b0d63027 69
228611538373 db6662c3b0d63027 69
228611651005 db6662c3b0d63027 69
228611702365 db6662c3b0d63027 69
228611754761 db6662c3b0d63027 69
228611866054 db6662c3b0d63027 69
228611978863 db6662c3b0d63027 69
228612030921 db6662c3b0d63027 69
228612085148 db6662c3b0d63027 69
228612194245 db6662c3b0d63027 69
228612309818 db6662c3b0d63027 69
228612418372 db6662c3b0d63027 69
228612470848 db6662c3b0d63027 69
228612523988 db6662c3b0d63027 69
228612638687 db6662c3b0d63027 69
228612746715 db6662c3b0d63027 69
228612862246 db6662c3b0d63027 69
228612973955 db6662c3b0d63027 69
228613033433 db6662c3b0d63027 69
228613135317 db6662c3b0d63027 69
228613247428 db6662c3b0d63027 69
228613360000 db6662c3b0d63027 69
228613412846 db6662c3b0d63027 69
228613523137 db6662c3b0d63027 69
228613698477 db6662c3b0d63027 69
228613748664 db6662c3b0d63027 69
228613860897 db6662c3b0d63027 69
228613976365 db6662c3b0d63027 69
228614025626 db6662c3b0d63027 69
228614138059 db6662c3b0d63027 69
228614312390 db6662c3b0d63027 70
228614421624 db6662c3b0d63027 70
228614595786 db6662c3b0d63027 71
228614649912 db6662c3b0d63027 71
228614879923 db6662c3b0d63027 71
228614996069 db6662c3b0d63027 72
228615104501 db6662c3b0d63027 72
228615216023 db6662c3b0d63027 73
228615327815 db6662c3b0d63027 73
228615440892 db6662c3b0d63027 74
228615492088 db6662c3b0d63027 74
228615543857 db6662c3b0d63027 74
228615657727 db6662c3b0d63027 75
228615707399 db6662c3b0d63027 75
228615820738 db6662c3b0d63027 76
228615875500 db6662c3b0d63027 76
228615925398 db6662c3b0d63027 77
228615974431 db6662c3b0d63027 77
228616088959 db6662c3b0d63027 77
228616139447 db6662c3b0d63027 78
228616227109 db6662c3b0d63027 78
228616277723 db6662c3b0d63027 79
228616330822 db6662c3b0d63027 67
228616442383 db6662c3b0d63027 67
228616519383 db6662c3b0d63027 67
228616573600 db6662c3b0d63027 67
228616683337 db6662c3b0d63027 67
228616734973 db6662c3b0d63027 67
228616822466 db6662c3b0d63027 67
228616874605 db6662c3b0d63027 67
228616924360 db6662c3b0d63027 67
228616975868 db6662c3b0d63027 67
228617054043 db6662c3b0d63027 67
228617165500 db6662c3b0d63027 67
228617216702 db6662c3b0d63027 67
228617329443 db6662c3b0d63027 67
228617381305 db6662c3b0d63027 67
228617432472 db6662c3b0d63027 67
228617545144 db6662c3b0d63027 67
228617596294 db6662c3b0d63027 67
228617649098 db6662c3b0d63027 67
228617760649 db6662c3b0d63027 67
228617811477 db6662c3b0d63027 67
228617864104 db6662c3b0d63027 67
228617916969 db6662c3b0d63027 67
228617968979 db6662c3b0d63027 67
228618079506 db6662c3b0d63027 67
228618131039 db6662c3b0d63027 67
228618245461 db6662c3b0d63027 67
228618296288 db6662c3b0d63027 67
228618347736 db6662c3b0d63027 67
228618461740 db6662c3b0d63027 67
228618511041 db6662c3b0d63027 67
228618563987 db6662c3b0d63027 67
228618616572 db6662c3b0d63027 67
228618666008 db6662c3b0d63027 67
228618779979 db6662c3b0d63027 67
228618830150 db6662c3b0d63027 67
228618881619 db6662c3b0d63027 67
228618994402 db6662c3b0d63027 67
228619047759 db6662c3b0d63027 67
228619158384 db6662c3b0d63027 67
228619208900 db6662c3b0d63027 67
228619260743 db6662c3b0d63027 67
228619312532 db6662c3b0d63027 67
228619425164 db6662c3b0d63027 67
228619476622 db6662c3b0d63027 67
228619563320 db6662c3b0d63027 67
228619616033 db6662c3b0d63027 67
228619667265 db6662c3b0d63027 67
228619719198 db6662c3b0d63027 67
228619917248 db6662c3b0d63027 67
228619968744 db6662c3b0d63027 67
228620020072 db6662c3b0d63027 67
228620071827 db6662c3b0d63027 67
228620186038 db6662c3b0d63027 67
228620296915 db6662c3b0d63027 67
228620348516 db6662c3b0d63027 67
228620400114 db6662c3b0d63027 67
228620513263 db6662c3b0d63027 67
228620563996 db6662c3b0d63027 67
228620676743 db6662c3b0d63027 67
228620788737 db6662c3b0d63027 67
228620840263 db6662c3b0d63027 67
228620953459 db6662c3b0d63027 67
228621068916 db6662c3b0d63027 67
228621178121 db6662c3b0d63027 67
228621294644 db6662c3b0d63027 67
228621343850 db6662c3b0d63027 67
228621456326 db6662c3b0d63027 67
228621569581 db6662c3b0d63027 67
228621618627 db6662c3b0d63027 67
228621730843 db6662c3b0d63027 67
228621782357 db6662c3b0d63027 67
228621845553 db6662c3b0d63027 67
228621885302 db6662c3b0d63027 67
228621999185 db6662c3b0d63027 67
228622049827 db6662c3b0d63027 67
228622101393 db6662c3b0d63027 67
228622153672 db6662c3b0d63027 67
228622265899 db6662c3b0d63027 67
228622321105 db6662c3b0d63027 67
228622373703 db6662c3b0d63027 67
228622421265 db6662c3b0d63027 67
228622477507 db6662c3b0d63027 67
228622526596 db6662c3b0d63027 67
228622576598 db6662c3b0d63027 67
228622688578 db6662c3b0d63027 67
228622739761 db6662c3b0d63027 67
228622791368 db6662c3b0d63027 67
228622842716 db6662c3b0d63027 67
228622893532 db6662c3b0d63027 67
228623008356 db6662c3b0d63027 67
228623056445 db6662c3b0d63027 68
228623111012 db6662c3b0d63027 68
228623160633 db6662c3b0d63027 69
228623332437 db6662c3b0d63027 69
228623384991 db6662c3b0d63027 69
228623439581 db6662c3b0d63027 70
228623490622 db6662c3b0d63027 70
228623539422 db6662c3b0d63027 70
228623597512 db6662c3b0d63027 70
228623767841 db6662c3b0d63027 71
228623818153 db6662c3b0d63027 71
228623871895 db6662c3b0d63027 71
228624015583 db6662c3b0d63027 72
228624069839 db6662c3b0d63027 72
228624120756 db6662c3b0d63027 61
228624172490 db6662c3b0d63027 61
228624249294 db6662c3b0d63027 61
228624300526 db6662c3b0d63027 61
228624351573 db6662c3b0d63027 61
228624526871 db6662c3b0d63027 61
228624575023 db6662c3b0d63027 61
228624627030 db6662c3b0d63027 61
228624683017 db6662c3b0d63027 61
228624852594 db6662c3b0d63027 61
228624904933 db6662c3b0d63027 61
228624954355 db6662c3b0d63027 61
228625006003 db6662c3b0d63027 61
228625058358 db6662c3b0d63027 61
228625113364 db6662c3b0d63027 61
228625160434 db6662c3b0d63027 61
228625332903 db6662c3b0d63027 61
228625384783 db6662c3b0d63027 61
228625436263 db6662c3b0d63027 61
228625492627 db6662c3b0d63027 61
228625540765 db6662c3b0d63027 61
228625712683 db6662c3b0d63027 61
228625764394 db6662c3b0d63027 61
228625816179 db6662c3b0d63027 61
228625867170 db6662c3b0d63027 61
228625919195 db6662c3b0d63027 61
228626091853 db6662c3b0d63027 61
228626143359 db6662c3b0d63027 61
228626194311 db6662c3b0d63027 61
228626308909 db6662c3b0d63027 61
228626360295 db6662c3b0d63027 61
228626412631 db6662c3b0d63027 61
228626463021 db6662c3b0d63027 61
228626757208 db6662c3b0d63027 61
228626808832 db6662c3b0d63027 61
228626981482 db6662c3b0d63027 61
228627033062 db6662c3b0d63027 61
228627084479 db6662c3b0d63027 61
228627257673 db6662c3b0d63027 61
228627429970 db6662c3b0d63027 61
228627481790 db6662c3b0d63027 61
228627593710 db6662c3b0d63027 61
228627645128 db6662c3b0d63027 61
228627697425 db6662c3b0d63027 61
228627809536 db6662c3b0d63027 61
228627861387 db6662c3b0d63027 61
228627973881 db6662c3b0d63027 61
228628025329 db6662c3b0d63027 61
228628075796 db6662c3b0d63027 61
228628128332 db6662c3b0d63027 61
228628180590 db6662c3b0d63027 61
228628231978 db6662c3b0d63027 61
228628283848 db6662c3b0d63027 61
228628335006 db6662c3b0d63027 61
228628387056 db6662c3b0d63027 61
228628438942 db6662c3b0d63027 61
228628551324 db6662c3b0d63027 61
228628602495 db6662c3b0d63027 61
228628655032 db6662c3b0d63027 61
228628705645 db6662c3b0d63027 61
228628818617 db6662c3b0d63027 61
228628870278 db6662c3b0d63027 61
228628921814 db6662c3b0d63027 61
228628973427 db6662c3b0d63027 61
228629025147 db6662c3b0d63027 61
228629138246 db6662c3b0d63027 61
228629190444 db6662c3b0d63027 61
228629241820 db6662c3b0d63027 61
228629292776 db6662c3b0d63027 61
228629343395 db6662c3b0d63027 61
228629395143 db6662c3b0d63027 61
228629508530 db6662c3b0d63027 61
228629560814 db6662c3b0d63027 61
228629610870 db6662c3b0d63027 61
228629661890 db6662c3b0d63027 61
228629719811 db6662c3b0d63027 61
228629827207 db6662c3b0d63027 61
228629939136 db6662c3b0d63027 61
228629990601 db6662c3b0d63027 61
228630042380 db6662c3b0d63027 62
228630093139 db6662c3b0d63027 62
228630149495 db6662c3b0d63027 62
228630198389 db6662c3b0d63027 63
228630284378 db6662c3b0d63027 63
228630343477 db6662c3b0d63027 64
228630388718 db6662c3b0d63027 54
228630501374 db6662c3b0d63027 54
228630640335 db6662c3b0d63027 54
228630691141 db6662c3b0d63027 54
228630742531 db6662c3b0d63027 54
228630797162 db6662c3b0d63027 54
228630846701 db6662c3b0d63027 54
228630960695 db6662c3b0d63027 54
228631011482 db6662c3b0d63027 54
228631062540 db6662c3b0d63027 54
228631114535 db6662c3b0d63027 54
228631168221 db6662c3b0d63027 54
228631278822 db6662c3b0d63027 54
228631329813 db6662c3b0d63027 54
228631381340 db6662c3b0d63027 54
228631433595 db6662c3b0d63027 54
228631544936 db6662c3b0d63027 54
228631657775 db6662c3b0d63027 54
228631708791 db6662c3b0d63027 54
228631761095 db6662c3b0d63027 54
228631815956 db6662c3b0d63027 54
228631867121 db6662c3b0d63027 54
228631980223 db6662c3b0d63027 54
228632092521 db6662c3b0d63027 54
228632146949 db6662c3b0d63027 54
228632317005 db6662c3b0d63027 54
228632369284 db6662c3b0d63027 54
228632479481 db6662c3b0d63027 54
228632595315 db6662c3b0d63027 54
228632705134 db6662c3b0d63027 54
228632878723 db6662c3b0d63027 54
228632929586 db6662c3b0d63027 54
228632981250 db6662c3b0d63027 54
228633032827 db6662c3b0d63027 54
228633084360 db6662c3b0d63027 54
228633257632 db6662c3b0d63027 54
228633310878 db6662c3b0d63027 54
228633360396 db6662c3b0d63027 54
228633415276 db6662c3b0d63027 54
228633466259 db6662c3b0d63027 54
228633520223 db6662c3b0d63027 54
228633571296 db6662c3b0d63027 54
228633623357 db6662c3b0d63027 54
228633675824 db6662c3b0d63027 54
228633725367 db6662c3b0d63027 54
228633776573 db6662c3b0d63027 54
228633828522 db6662c3b0d63027 54
228634000772 db6662c3b0d63027 54
228634052778 db6662c3b0d63027 54
228634105252 db6662c3b0d63027 54
228634156810 db6662c3b0d63027 54
228634208003 db6662c3b0d63027 54
228634261104 db6662c3b0d63027 54
228634313129 db6662c3b0d63027 54
228634364656 db6662c3b0d63027 54
228634422281 db6662c3b0d63027 54
228634589812 db6662c3b0d63027 54
228634639135 db6662c3b0d63027 54
228634692314 db6662c3b0d63027 54
228634742540 db6662c3b0d63027 54
228634795510 db6662c3b0d63027 54
228634845564 db6662c3b0d63027 54
228635140599 db6662c3b0d63027 54
228635195410 db6662c3b0d63027 54
228635244008 db6662c3b0d63027 54
228635294443 db6662c3b0d63027 54
228635347277 db6662c3b0d63027 54
228635397315 db6662c3b0d63027 54
228635449049 db6662c3b0d63027 54
228635502650 db6662c3b0d63027 54
228635553187 db6662c3b0d63027 54
228635664937 db6662c3b0d63027 55
228635717055 db6662c3b0d63027 55
228635767826 db6662c3b0d63027 56
228635822270 db6662c3b0d63027 56
228635874379 db6662c3b0d63027 57
228636048572 db6662c3b0d63027 57
228636098856 db6662c3b0d63027 57
228636151298 db6662c3b0d63027 57
228636202187 db6662c3b0d63027 57
228636254833 db6662c3b0d63027 57
228636306908 db6662c3b0d63027 57
228636357317 db6662c3b0d63027 57
228636410532 db6662c3b0d63027 57
228636705616 db6662c3b0d63027 58
228636755011 db6662c3b0d63027 58
228636807019 db6662c3b0d63027 59
228636858476 db6662c3b0d63027 59
228636909300 db6662c3b0d63027 59
228636961373 db6662c3b0d63027 59
228637136337 db6662c3b0d63027 59
228637186067 db6662c3b0d63027 59
228637240032 db6662c3b0d63027 59
228637546271 db6662c3b0d63027 59
228637597489 db6662c3b0d63027 59
228637773819 db6662c3b0d63027 59
228637822033 db6662c3b0d63027 59
228638239093 db6662c3b0d63027 59
228638289108 db6662c3b0d63027 59
228638340061 db6662c3b0d63027 59
228638392886 db6662c3b0d63027 59
228638444385 db6662c3b0d63027 59
228638737435 db6662c3b0d63027 59
228638789149 db6662c3b0d63027 60
228638840881 db6662c3b0d63027 60
228638892776 db6662c3b0d63027 60
228638945066 db6662c3b0d63027 60
228638996444 db6662c3b0d63027 60
228639052368 db6662c3b0d63027 60
228639099556 db6662c3b0d63027 60
228639151944 db6662c3b0d63027 60
228639202649 db6662c3b0d63027 60
228639376478 db6662c3b0d63027 61
228639402506 db6662c3b0d63027 61
228639455103 db6662c3b0d63027 61
228639507354 db6662c3b0d63027 52
228639556881 db6662c3b0d63027 52
228639634316 db6662c3b0d63027 52
228639685771 db6662c3b0d63027 52
228639740840 db6662c3b0d63027 52
228640032361 db6662c3b0d63027 52
228640083098 db6662c3b0d63027 52
228640135044 db6662c3b0d63027 52
228640185589 db6662c3b0d63027 52
228640237638 db6662c3b0d63027 52
228640653045 db6662c3b0d63027 52
228640704383 db6662c3b0d63027 52
228640759170 db6662c3b0d63027 52
228640810753 db6662c3b0d63027 52
228640862672 db6662c3b0d63027 52
228640913625 db6662c3b0d63027 52
228640965529 db6662c3b0d63027 52
228641017264 db6662c3b0d63027 52
228641068713 db6662c3b0d63027 52
228641182557 db6662c3b0d63027 52
228641233438 db6662c3b0d63027 52
228641284221 db6662c3b0d63027 52
228641336319 db6662c3b0d63027 52
228641508502 db6662c3b0d63027 52
228641561283 db6662c3b0d63027 52
228641612760 db6662c3b0d63027 52
228641664406 db6662c3b0d63027 52
228641716678 db6662c3b0d63027 52
228641768242 db6662c3b0d63027 52
228641821093 db6662c3b0d63027 52
228641871632 db6662c3b0d63027 52
228641924193 db6662c3b0d63027 52
228642216478 db6662c3b0d63027 52
228642270801 db6662c3b0d63027 52
228642442892 db6662c3b0d63027 52
228642493217 db6662c3b0d63027 52
228642547955 db6662c3b0d63027 52
228642601243 db6662c3b0d63027 52
228642651069 db6662c3b0d63027 52
228642704583 db6662c3b0d63027 52
228642754712 db6662c3b0d63027 52
228642804893 db6662c3b0d63027 52
228643099344 db6662c3b0d63027 52
228643151026 db6662c3b0d63027 52
228643204846 db6662c3b0d63027 52
228643257958 db6662c3b0d63027 52
228643427160 db6662c3b0d63027 52
228643721327 db6662c3b0d63027 52
228643773199 db6662c3b0d63027 52
228643946294 db6662c3b0d63027 52
228643997467 db6662c3b0d63027 52
228644658410 db6662c3b0d63027 52
228644709905 db6662c3b0d63027 52
228644759529 db6662c3b0d63027 52
228644809520 db6662c3b0d63027 52
228644863115 db6662c3b0d63027 52
228645278983 db6662c3b0d63027 52
228645329360 db6662c3b0d63027 52
228645381374 db6662c3b0d63027 52
228645431301 db6662c3b0d63027 52
228645482857 db6662c3b0d63027 52
228645534248 db6662c3b0d63027 52
228645586786 db6662c3b0d63027 52
228645637567 db6662c3b0d63027 52
228645689391 db6662c3b0d63027 52
228645744813 db6662c3b0d63027 52
228645914229 db6662c3b0d63027 52
228645965434 db6662c3b0d63027 52
228646016630 db6662c3b0d63027 52
228646068839 db6662c3b0d63027 53
228646119672 db6662c3b0d63027 53
228646171064 db6662c3b0d63027 53
228646225731 db6662c3b0d63027 53
228646274445 db6662c3b0d63027 53
228646691628 db6662c3b0d63027 54
228646743624 db6662c3b0d63027 54
228646799429 db6662c3b0d63027 55
228646847474 db6662c3b0d63027 55
228647444158 db6662c3b0d63027 56
228647497038 db6662c3b0d63027 56
228647545811 db6662c3b0d63027 56
228647597530 db6662c3b0d63027 57
228647649851 db6662c3b0d63027 57
228647700847 db6662c3b0d63027 57
228647753314 db6662c3b0d63027 57
228647803068 db6662c3b0d63027 57
228647975919 db6662c3b0d63027 58
228648028448 db6662c3b0d63027 58
228648083869 db6662c3b0d63027 58
228648374703 db6662c3b0d63027 58
228648425919 db6662c3b0d63027 59
228648477343 db6662c3b0d63027 59
228648529571 db6662c3b0d63027 59
228648582812 db6662c3b0d63027 59
228648634259 db6662c3b0d63027 59
228648685273 db6662c3b0d63027 59
228648742338 db6662c3b0d63027 59
228648910689 db6662c3b0d63027 59
228649204413 db6662c3b0d63027 59
228649375477 db6662c3b0d63027 59
228649426173 db6662c3b0d63027 60
228649477920 db6662c3b0d63027 60
228649529839 db6662c3b0d63027 61
228649582293 db6662c3b0d63027 61
228649634450 db6662c3b0d63027 61
228649928732 db6662c3b0d63027 61
228650113649 db6662c3b0d63027 61
228650152790 db6662c3b0d63027 61
228650209229 db6662c3b0d63027 61
228650264116 db6662c3b0d63027 61
228650550294 db6662c3b0d63027 61
228650978146 db6662c3b0d63027 61
228651017129 db6662c3b0d63027 61
228651193271 db6662c3b0d63027 61
228657089766 db6662c3b0d63027 52
228657092900 db6662c3b0d63027 52
228657095174 db6662c3b0d63027 52
228657105250 db6662c3b0d63027 52
228657107129 db6662c3b0d63027 52
228657113733 db6662c3b0d63027 52
228657117373 db6662c3b0d63027 52
228657119507 db6662c3b0d63027 52
228657121419 db6662c3b0d63027 52
228657123570 db6662c3b0d63027 52
228657125616 db6662c3b0d63027 52
228657127644 db6662c3b0d63027 52
228657129060 db6662c3b0d63027 52
228657130381 db6662c3b0d63027 52
228657131694 db6662c3b0d63027 52
228657133578 db6662c3b0d63027 52
228657134886 db6662c3b0d63027 52
228657136284 db6662c3b0d63027 52
228657137617 db6662c3b0d63027 52
228657138872 db6662c3b0d63027 52
228657389570 db6662c3b0d63027 52
228657437830 db6662c3b0d63027 52
228657608605 db6662c3b0d63027 52
228657660208 db6662c3b0d63027 52
228657953727 db6662c3b0d63027 52
228658005829 db6662c3b0d63027 52
228658178353 db6662c3b0d63027 52
228658231068 db6662c3b0d63027 52
228658282163 db6662c3b0d63027 52
228658333368 db6662c3b0d63027 52
228658384530 db6662c3b0d63027 52
228658679343 db6662c3b0d63027 52
228658731054 db6662c3b0d63027 52
228658906280 db6662c3b0d63027 52
228658957728 db6662c3b0d63027 52
228659254113 db6662c3b0d63027 52
228659304620 db6662c3b0d63027 52
228659355624 db6662c3b0d63027 52
228659503619 db6662c3b0d63027 52
228659555269 db6662c3b0d63027 52
228659851158 db6662c3b0d63027 52
228660024198 db6662c3b0d63027 52
228660405719 db6662c3b0d63027 52
228660456361 db6662c3b0d63027 52
228660749398 db6662c3b0d63027 52
228663297199 db6662c3b0d63027 52
228666259155 db6662c3b0d63027 53
228666430704 db6662c3b0d63027 53
228666482631 db6662c3b0d63027 53
228666533807 db6662c3b0d63027 54
228666769133 db6662c3b0d63027 54
228667161695 db6662c3b0d63027 55
228667210830 db6662c3b0d63027 55
228667263221 db6662c3b0d63027 47
228667558658 db6662c3b0d63027 47
228667633729 db6662c3b0d63027 47
228667686560 db6662c3b0d63027 47
228668102597 db6662c3b0d63027 47
228668154328 db6662c3b0d63027 47
228668205913 db6662c3b0d63027 47
228668383408 db6662c3b0d63027 47
228668430501 db6662c3b0d63027 47
228668724240 db6662c3b0d63027 47
228668898556 db6662c3b0d63027 47
228668948585 db6662c3b0d63027 47
228669242943 db6662c3b0d63027 47
228669295061 db6662c3b0d63027 47
228669345882 db6662c3b0d63027 47
228669763540 db6662c3b0d63027 47
228669811940 db6662c3b0d63027 47
228669985164 db6662c3b0d63027 47
228670279116 db6662c3b0d63027 47
228670392811 db6662c3b0d63027 47
228670566058 db6662c3b0d63027 47
228670680147 db6662c3b0d63027 47
228670788723 db6662c3b0d63027 47
228670904546 db6662c3b0d63027 47
228670952435 db6662c3b0d63027 47
228671125361 db6662c3b0d63027 47
228671301873 db6662c3b0d63027 47
228671412693 db6662c3b0d63027 47
228671526380 db6662c3b0d63027 47
228671695544 db6662c3b0d63027 47
228671808767 db6662c3b0d63027 47
228671919747 db6662c3b0d63027 47
228672094606 db6662c3b0d63027 47
228672205246 db6662c3b0d63027 47
228672317155 db6662c3b0d63027 47
228672491166 db6662c3b0d63027 47
228672604840 db6662c3b0d63027 47
228672776974 db6662c3b0d63027 47
228672888169 db6662c3b0d63027 47
228673017280 db6662c3b0d63027 47
228673175873 db6662c3b0d63027 47
228673284809 db6662c3b0d63027 47
228673459953 db6662c3b0d63027 47
228673571368 db6662c3b0d63027 47
228673682957 db6662c3b0d63027 47
228673793929 db6662c3b0d63027 47
228673906746 db6662c3b0d63027 47
228674020184 db6662c3b0d63027 47
228674192137 db6662c3b0d63027 47
228674304805 db6662c3b0d63027 47
228674415551 db6662c3b0d63027 47
228674592258 db6662c3b0d63027 47
228674702261 db6662c3b0d63027 47
228674873550 db6662c3b0d63027 47
228676258630 db6662c3b0d63027 47
228676370999 db6662c3b0d63027 47
228676423009 db6662c3b0d63027 47
228676537608 db6662c3b0d63027 47
228676652663 db6662c3b0d63027 47
228676761678 db6662c3b0d63027 47
228676934257 db6662c3b0d63027 47
228677046543 db6662c3b0d63027 47
228677158665 db6662c3b0d63027 47
228677208786 db6662c3b0d63027 47
228677383656 db6662c3b0d63027 48
228677435166 db6662c3b0d63027 48
228677610626 db6662c3b0d63027 49
228677779428 db6662c3b0d63027 49
228677831222 db6662c3b0d63027 49
228677943007 db6662c3b0d63027 49
228678056111 db6662c3b0d63027 49
228678168483 db6662c3b0d63027 49
228678280617 db6662c3b0d63027 49
228678393170 db6662c3b0d63027 49
228678564957 db6662c3b0d63027 49
228678679524 db6662c3b0d63027 49
228678911362 db6662c3b0d63027 49
228678970668 db6662c3b0d63027 49
228679141734 db6662c3b0d63027 49
228679373713 db6662c3b0d63027 49
228679545321 db6662c3b0d63027 49
228679661645 db6662c3b0d63027 49
228679829080 db6662c3b0d63027 49
228679942172 db6662c3b0d63027 49
228680114570 db6662c3b0d63027 49
228680227013 db6662c3b0d63027 49
228680400721 db6662c3b0d63027 49
228680520500 db6662c3b0d63027 49
228680685006 db6662c3b0d63027 50
228680801336 db6662c3b0d63027 50
228680970119 db6662c3b0d63027 50
228681146136 db6662c3b0d63027 50
228681262095 db6662c3b0d63027 51
228681429232 db6662c3b0d63027 51
228681817167 db6662c3b0d63027 51
228681991246 db6662c3b0d63027 51
228682163300 db6662c3b0d63027 43
228682456742 db6662c3b0d63027 43
228682534027 db6662c3b0d63027 43
228682863538 db6662c3b0d63027 43
228683036217 db6662c3b0d63027 43
228683089844 db6662c3b0d63027 43
228683383024 db6662c3b0d63027 43
228683581921 db6662c3b0d63027 43
228683754566 db6662c3b0d63027 43
228683804590 db6662c3b0d63027 43
228684099925 db6662c3b0d63027 43
228684271622 db6662c3b0d63027 43
228685902001 db6662c3b0d63027 43
228686132924 db6662c3b0d63027 43
228686279534 db6662c3b0d63027 43
228686452184 db6662c3b0d63027 43
228686633331 db6662c3b0d63027 43
228686675387 db6662c3b0d63027 43
228686994327 db6662c3b0d63027 43
228687168635 db6662c3b0d63027 43
228687219293 db6662c3b0d63027 43
228687453664 db6662c3b0d63027 43
228687566075 db6662c3b0d63027 43
228687677852 db6662c3b0d63027 43
228687733193 db6662c3b0d63027 43
228687844113 db6662c3b0d63027 43
228687952944 db6662c3b0d63027 43
228688065564 db6662c3b0d63027 43
228688180199 db6662c3b0d63027 43
228688291699 db6662c3b0d63027 43
228688404349 db6662c3b0d63027 43
228688517579 db6662c3b0d63027 43
228688633745 db6662c3b0d63027 43
228688744996 db6662c3b0d63027 43
228688914285 db6662c3b0d63027 43
228688965808 db6662c3b0d63027 43
228689139019 db6662c3b0d63027 43
228689193626 db6662c3b0d63027 43
228689302065 db6662c3b0d63027 43
228689389101 db6662c3b0d63027 43
228689501515 db6662c3b0d63027 43
228689614436 db6662c3b0d63027 43
228689726099 db6662c3b0d63027 43
228689864198 db6662c3b0d63027 43
228689913817 db6662c3b0d63027 43
228690089018 db6662c3b0d63027 43
228690139933 db6662c3b0d63027 43
228690255686 db6662c3b0d63027 43
228690425252 db6662c3b0d63027 43
228690536758 db6662c3b0d63027 43
228690649265 db6662c3b0d63027 43
228690821893 db6662c3b0d63027 43
228690873394 db6662c3b0d63027 43
228690986155 db6662c3b0d63027 43
228691098092 db6662c3b0d63027 43
228691212226 db6662c3b0d63027 43
228691385745 db6662c3b0d63027 43
228691500806 db6662c3b0d63027 43
228691731618 db6662c3b0d63027 43
228691842577 db6662c3b0d63027 43
228692015763 db6662c3b0d63027 43
228692128277 db6662c3b0d63027 43
228692362678 db6662c3b0d63027 43
228692413717 db6662c3b0d63027 43
228692585659 db6662c3b0d63027 43
228692758745 db6662c3b0d63027 43
228693901426 db6662c3b0d63027 44
228694073074 db6662c3b0d63027 44
228694186346 db6662c3b0d63027 45
228694421321 db6662c3b0d63027 45
228694532231 db6662c3b0d63027 45
228694764599 db6662c3b0d63027 46
228694937007 db6662c3b0d63027 46
228695113696 db6662c3b0d63027 47
228695285960 db6662c3b0d63027 47
228695398615 db6662c3b0d63027 48
228695511771 db6662c3b0d63027 48
228695684139 db6662c3b0d63027 48
228695798092 db6662c3b0d63027 49
228695908691 db6662c3b0d63027 49
228696080413 db6662c3b0d63027 50
228696193420 db6662c3b0d63027 50
228696305710 db6662c3b0d63027 51
228696477400 db6662c3b0d63027 51
228696589889 db6662c3b0d63027 51
228696702104 db6662c3b0d63027 51
228696815183 db6662c3b0d63027 51
228696986477 db6662c3b0d63027 51
228697103573 db6662c3b0d63027 52
228697216605 db6662c3b0d63027 52
228697330687 db6662c3b0d63027 52
228697443584 db6662c3b0d63027 52
228697552350 db6662c3b0d63027 53
228697671136 db6662c3b0d63027 53
228697778366 db6662c3b0d63027 53
228697891169 db6662c3b0d63027 53
228698001390 db6662c3b0d63027 53
228698118922 db6662c3b0d63027 53
228698167678 db6662c3b0d63027 53
228698278994 db6662c3b0d63027 53
228698449278 db6662c3b0d63027 54
228698502485 db6662c3b0d63027 54
228698675085 db6662c3b0d63027 54
228698726900 db6662c3b0d63027 54
228698899486 db6662c3b0d63027 54
228698950786 db6662c3b0d63027 54
228699121786 db6662c3b0d63027 54
228699235646 db6662c3b0d63027 55
228699348949 db6662c3b0d63027 55
228699461667 db6662c3b0d63027 55
228699572005 db6662c3b0d63027 56
228699685600 db6662c3b0d63027 56
228699861106 db6662c3b0d63027 56
228699973088 db6662c3b0d63027 57
228700141985 db6662c3b0d63027 57
228700254565 db6662c3b0d63027 58
228700426660 db6662c3b0d63027 58
228700538556 db6662c3b0d63027 59
228700712302 db6662c3b0d63027 59
228700884016 db6662c3b0d63027 59
228700936239 db6662c3b0d63027 60
228701112351 db6662c3b0d63027 60
228701261882 db6662c3b0d63027 61
228701370182 db6662c3b0d63027 61
228701421951 db6662c3b0d63027 52
228701534553 db6662c3b0d63027 52
228701670330 db6662c3b0d63027 52
228701782338 db6662c3b0d63027 52
228701899619 db6662c3b0d63027 52
228702007398 db6662c3b0d63027 52
228702059336 db6662c3b0d63027 52
228702171792 db6662c3b0d63027 52
228702283763 db6662c3b0d63027 52
228702412229 db6662c3b0d63027 52
228702522325 db6662c3b0d63027 52
228702576756 db6662c3b0d63027 52
228702688873 db6662c3b0d63027 52
228702740038 db6662c3b0d63027 52
228706522953 db6662c3b0d63027 52
228706528343 db6662c3b0d63027 52
228706531147 db6662c3b0d63027 52
228706534022 db6662c3b0d63027 52
228706542678 db6662c3b0d63027 52
228706545420 db6662c3b0d63027 52
228706548270 db6662c3b0d63027 52
228706718373 db6662c3b0d63027 52
228706768656 db6662c3b0d63027 52
228706820644 db6662c3b0d63027 52
228707115808 db6662c3b0d63027 52
228707165597 db6662c3b0d63027 52
228707339112 db6662c3b0d63027 52
228707389693 db6662c3b0d63027 52
228707563781 db6662c3b0d63027 52
228707614372 db6662c3b0d63027 52
228707666175 db6662c3b0d63027 52
228707840300 db6662c3b0d63027 52
228707891794 db6662c3b0d63027 52
228708065845 db6662c3b0d63027 52
228708116957 db6662c3b0d63027 52
228708167759 db6662c3b0d63027 52
228708463531 db6662c3b0d63027 52
228708515090 db6662c3b0d63027 52
228708565341 db6662c3b0d63027 52
228708738657 db6662c3b0d63027 52
228708790811 db6662c3b0d63027 52
228708842191 db6662c3b0d63027 52
228709015499 db6662c3b0d63027 52
228709068605 db6662c3b0d63027 52
228709181637 db6662c3b0d63027 52
228709293805 db6662c3b0d63027 52
228709406385 db6662c3b0d63027 52
228709458361 db6662c3b0d63027 52
228709572108 db6662c3b0d63027 52
228709682186 db6662c3b0d63027 52
228709733974 db6662c3b0d63027 52
228709847622 db6662c3b0d63027 52
228709958670 db6662c3b0d63027 52
228710010502 db6662c3b0d63027 52
228710253117 db6662c3b0d63027 52
228710426686 db6662c3b0d63027 52
228710514487 db6662c3b0d63027 52
228710624719 db6662c3b0d63027 52
228710736544 db6662c3b0d63027 44
228710909994 db6662c3b0d63027 44
228710986258 db6662c3b0d63027 44
228711099103 db6662c3b0d63027 44
228711210758 db6662c3b0d63027 44
228711262525 db6662c3b0d63027 44
228711435787 db6662c3b0d63027 44
228711487092 db6662c3b0d63027 44
228711541384 db6662c3b0d63027 44
228711712518 db6662c3b0d63027 44
228711763853 db6662c3b0d63027 44
228711881396 db6662c3b0d63027 44
228711988372 db6662c3b0d63027 44
228712040114 db6662c3b0d63027 44
228712152745 db6662c3b0d63027 44
228712270103 db6662c3b0d63027 44
228712439392 db6662c3b0d63027 44
228712489157 db6662c3b0d63027 44
228712603700 db6662c3b0d63027 44
228712715375 db6662c3b0d63027 44
228712766188 db6662c3b0d63027 44
228712877612 db6662c3b0d63027 44
228712989586 db6662c3b0d63027 44
228713041171 db6662c3b0d63027 44
228713820974 db6662c3b0d63027 44
228713872201 db6662c3b0d63027 44
228714045223 db6662c3b0d63027 44
228714096887 db6662c3b0d63027 44
228714146926 db6662c3b0d63027 44
228714321054 db6662c3b0d63027 44
228714372596 db6662c3b0d63027 44
228714423773 db6662c3b0d63027 44
228714657724 db6662c3b0d63027 44
228714708872 db6662c3b0d63027 44
228714883862 db6662c3b0d63027 44
228714994622 db6662c3b0d63027 44
228715106268 db6662c3b0d63027 44
228715220137 db6662c3b0d63027 44
228715271195 db6662c3b0d63027 44
228715394314 db6662c3b0d63027 44
228715435064 db6662c3b0d63027 44
228715548600 db6662c3b0d63027 44
228715597832 db6662c3b0d63027 45
228715710180 db6662c3b0d63027 45
228715763206 db6662c3b0d63027 46
228715874307 db6662c3b0d63027 46
228715925311 db6662c3b0d63027 47
228715981583 db6662c3b0d63027 47
228716091547 db6662c3b0d63027 47
228716203750 db6662c3b0d63027 48
228716253474 db6662c3b0d63027 48
228716305991 db6662c3b0d63027 48
228716419449 db6662c3b0d63027 48
228716468700 db6662c3b0d63027 48
228716524285 db6662c3b0d63027 48
228716637620 db6662c3b0d63027 48
228716687234 db6662c3b0d63027 48
228716801816 db6662c3b0d63027 48
228716854522 db6662c3b0d63027 48
228716904983 db6662c3b0d63027 48
228716954788 db6662c3b0d63027 48
228717067712 db6662c3b0d63027 48
228717118510 db6662c3b0d63027 48
228717231349 db6662c3b0d63027 48
228717284157 db6662c3b0d63027 48
228717334346 db6662c3b0d63027 48
228717385964 db6662c3b0d63027 48
228717498010 db6662c3b0d63027 48
228717612933 db6662c3b0d63027 48
228717662265 db6662c3b0d63027 48
228717713663 db6662c3b0d63027 48
228717767663 db6662c3b0d63027 48
228717817077 db6662c3b0d63027 48
228717930834 db6662c3b0d63027 48
228717979672 db6662c3b0d63027 48
228718094842 db6662c3b0d63027 48
228718205604 db6662c3b0d63027 49
228718681030 db6662c3b0d63027 49
228718732395 db6662c3b0d63027 49
228718844753 db6662c3b0d63027 50
228718896907 db6662c3b0d63027 50
228718949573 db6662c3b0d63027 51
228719063155 db6662c3b0d63027 51
228719112711 db6662c3b0d63027 51
228719164054 db6662c3b0d63027 52
228719339028 db6662c3b0d63027 52
228719486818 db6662c3b0d63027 52
228719598984 db6662c3b0d63027 53
228719648382 db6662c3b0d63027 45
228719821214 db6662c3b0d63027 45
228719899015 db6662c3b0d63027 45
228719949991 db6662c3b0d63027 45
228720122368 db6662c3b0d63027 45
228720174342 db6662c3b0d63027 45
228720225260 db6662c3b0d63027 45
228720277200 db6662c3b0d63027 45
228720330381 db6662c3b0d63027 45
228720504814 db6662c3b0d63027 45
228720552991 db6662c3b0d63027 45
228720606701 db6662c3b0d63027 45
228720656488 db6662c3b0d63027 45
228720709410 db6662c3b0d63027 45
228720942221 db6662c3b0d63027 45
228720997152 db6662c3b0d63027 45
228721047568 db6662c3b0d63027 45
228721099245 db6662c3b0d63027 45
228721150977 db6662c3b0d63027 45
228721202804 db6662c3b0d63027 45
228721375892 db6662c3b0d63027 45
228721427276 db6662c3b0d63027 45
228721479196 db6662c3b0d63027 45
228721530459 db6662c3b0d63027 45
228721583545 db6662c3b0d63027 45
228721634409 db6662c3b0d63027 45
228721687066 db6662c3b0d63027 45
228721859579 db6662c3b0d63027 45
228721911486 db6662c3b0d63027 45
228721962313 db6662c3b0d63027 45
228722013794 db6662c3b0d63027 45
228722067318 db6662c3b0d63027 45
228722118065 db6662c3b0d63027 45
228722289746 db6662c3b0d63027 45
228722348783 db6662c3b0d63027 45
228722394147 db6662c3b0d63027 45
228722444915 db6662c3b0d63027 45
228722496154 db6662c3b0d63027 45
228722550124 db6662c3b0d63027 45
228722841680 db6662c3b0d63027 45
228722893529 db6662c3b0d63027 45
228722945664 db6662c3b0d63027 45
228722996817 db6662c3b0d63027 45
228723169109 db6662c3b0d63027 45
228723221295 db6662c3b0d63027 45
228723273873 db6662c3b0d63027 45
228723689120 db6662c3b0d63027 45
228723800588 db6662c3b0d63027 45
228723851848 db6662c3b0d63027 45
228723906211 db6662c3b0d63027 45
228723957544 db6662c3b0d63027 45
228724131384 db6662c3b0d63027 45
228724179668 db6662c3b0d63027 45
228724233026 db6662c3b0d63027 45
228724284444 db6662c3b0d63027 45
228724456654 db6662c3b0d63027 45
228724508394 db6662c3b0d63027 45
228724560877 db6662c3b0d63027 45
228724733550 db6662c3b0d63027 45
228724784897 db6662c3b0d63027 45
228724839750 db6662c3b0d63027 45
228724889204 db6662c3b0d63027 45
228725061043 db6662c3b0d63027 46
228725112702 db6662c3b0d63027 46
228725287185 db6662c3b0d63027 47
228725459453 db6662c3b0d63027 47
228725509293 db6662c3b0d63027 47
228725561390 db6662c3b0d63027 48
228725612640 db6662c3b0d63027 48
228725908165 db6662c3b0d63027 49
228725959492 db6662c3b0d63027 49
228726010209 db6662c3b0d63027 50
228726069209 db6662c3b0d63027 50
228726355357 db6662c3b0d63027 50
228726467605 db6662c3b0d63027 51
228726519131 db6662c3b0d63027 51
228726571113 db6662c3b0d63027 52
228726623450 db6662c3b0d63027 52
228726795671 db6662c3b0d63027 53
228726847185 db6662c3b0d63027 53
228726900451 db6662c3b0d63027 53
228726950870 db6662c3b0d63027 53
228727001817 db6662c3b0d63027 53
228727053993 db6662c3b0d63027 53
228727347896 db6662c3b0d63027 53
228727398822 db6662c3b0d63027 53
228727452106 db6662c3b0d63027 53
228727502970 db6662c3b0d63027 53
228727554865 db6662c3b0d63027 53
228727607050 db6662c3b0d63027 53
228727778923 db6662c3b0d63027 53
228727834510 db6662c3b0d63027 53
228727883246 db6662c3b0d63027 53
228727934901 db6662c3b0d63027 53
228727986223 db6662c3b0d63027 53
228728401411 db6662c3b0d63027 54
228728452840 db6662c3b0d63027 54
228728507840 db6662c3b0d63027 54
228728803229 db6662c3b0d63027 55
228728859079 db6662c3b0d63027 55
228728905136 db6662c3b0d63027 56
228729441168 db6662c3b0d63027 56
228729492577 db6662c3b0d63027 56
228729664894 db6662c3b0d63027 57
228729717902 db6662c3b0d63027 57
228729891325 db6662c3b0d63027 58
228729942834 db6662c3b0d63027 58
228729997506 db6662c3b0d63027 59
228730110521 db6662c3b0d63027 59
228730159318 db6662c3b0d63027 59
228730208069 db6662c3b0d63027 60
228730325132 db6662c3b0d63027 60
228730438527 db6662c3b0d63027 61
228730488171 db6662c3b0d63027 61
228730536880 db6662c3b0d63027 62
228730588992 db6662c3b0d63027 62
228730700340 db6662c3b0d63027 62
228730756978 db6662c3b0d63027 62
228730869083 db6662c3b0d63027 62
228730918720 db6662c3b0d63027 62
228731043657 db6662c3b0d63027 62
228731140926 db6662c3b0d63027 62
228731193508 db6662c3b0d63027 62
228731247531 db6662c3b0d63027 62
228731295416 db6662c3b0d63027 62
228731412998 db6662c3b0d63027 63
228731520625 db6662c3b0d63027 63
228731574410 db6662c3b0d63027 63
228731623601 db6662c3b0d63027 63
228731675917 db6662c3b0d63027 63
228731792557 db6662c3b0d63027 64
228731899685 db6662c3b0d63027 64
228732012538 db6662c3b0d63027 64
228732067134 db6662c3b0d63027 65
228732177725 db6662c3b0d63027 65
228732230428 db6662c3b0d63027 66
228732282768 db6662c3b0d63027 66
228732391422 db6662c3b0d63027 66
228732442252 db6662c3b0d63027 67
228732494551 db6662c3b0d63027 67
228732547860 db6662c3b0d63027 68
228732597635 db6662c3b0d63027 68
228732648967 db6662c3b0d63027 68
228732762087 db6662c3b0d63027 68
228732875514 db6662c3b0d63027 68
228732925447 db6662c3b0d63027 68
228733039731 db6662c3b0d63027 68
228733091188 db6662c3b0d63027 68
228733140727 db6662c3b0d63027 68
228733192480 db6662c3b0d63027 68
228733244932 db6662c3b0d63027 68
228733357300 db6662c3b0d63027 68
228733409331 db6662c3b0d63027 68
228733460610 db6662c3b0d63027 68
228733512633 db6662c3b0d63027 69
228733570002 db6662c3b0d63027 69
228733736430 db6662c3b0d63027 69
228733788487 db6662c3b0d63027 69
228734021649 db6662c3b0d63027 70
228734072791 db6662c3b0d63027 70
228734125176 db6662c3b0d63027 71
228734238103 db6662c3b0d63027 71
228734291537 db6662c3b0d63027 71
228734400765 db6662c3b0d63027 72
228734452384 db6662c3b0d63027 72
228734566290 db6662c3b0d63027 73
228734676686 db6662c3b0d63027 73
228734970401 db6662c3b0d63027 74
228735083187 db6662c3b0d63027 74
228735194908 db6662c3b0d63027 74
228735246534 db6662c3b0d63027 75
228735358658 db6662c3b0d63027 75
228735411191 db6662c3b0d63027 76
228735462809 db6662c3b0d63027 76
228735515476 db6662c3b0d63027 77
228735686760 db6662c3b0d63027 77
228735738921 db6662c3b0d63027 77
228735791029 db6662c3b0d63027 78
228735844364 db6662c3b0d63027 78
228735896351 db6662c3b0d63027 79
228736068174 db6662c3b0d63027 79
228736121727 db6662c3b0d63027 80
228736171552 db6662c3b0d63027 80
228736226401 db6662c3b0d63027 80
228736279101 db6662c3b0d63027 81
228736330990 db6662c3b0d63027 81
228736596353 db6662c3b0d63027 82
228736647299 db6662c3b0d63027 82
228736700675 db6662c3b0d63027 70
228736752868 db6662c3b0d63027 70
228736825766 db6662c3b0d63027 70
228736998821 db6662c3b0d63027 70
228737050003 db6662c3b0d63027 70
228737104847 db6662c3b0d63027 70
228737154504 db6662c3b0d63027 70
228737205312 db6662c3b0d63027 70
228737257427 db6662c3b0d63027 70
228737429659 db6662c3b0d63027 70
228737481571 db6662c3b0d63027 70
228737533932 db6662c3b0d63027 70
228737584734 db6662c3b0d63027 70
228737637059 db6662c3b0d63027 70
228737688324 db6662c3b0d63027 70
228737982202 db6662c3b0d63027 70
228738034556 db6662c3b0d63027 70
228738089310 db6662c3b0d63027 70
228738137125 db6662c3b0d63027 70
228738188962 db6662c3b0d63027 70
228738362832 db6662c3b0d63027 70
228738414420 db6662c3b0d63027 70
228738469235 db6662c3b0d63027 70
228738517059 db6662c3b0d63027 70
228738568814 db6662c3b0d63027 70
228738621283 db6662c3b0d63027 70
228738671858 db6662c3b0d63027 70
228738723832 db6662c3b0d63027 70
228738778766 db6662c3b0d63027 70
228738827365 db6662c3b0d63027 70
228739121811 db6662c3b0d63027 70
228739181804 db6662c3b0d63027 70
228739224871 db6662c3b0d63027 70
228739277950 db6662c3b0d63027 70
228739326808 db6662c3b0d63027 70
228739500969 db6662c3b0d63027 70
228739552601 db6662c3b0d63027 70
228739603839 db6662c3b0d63027 70
228739655720 db6662c3b0d63027 70
228739706909 db6662c3b0d63027 70
228739761561 db6662c3b0d63027 70
228739814795 db6662c3b0d63027 70
228739863400 db6662c3b0d63027 70
228739915564 db6662c3b0d63027 70
228739971443 db6662c3b0d63027 70
228740021506 db6662c3b0d63027 70
228740192442 db6662c3b0d63027 70
228740243756 db6662c3b0d63027 70
228740295264 db6662c3b0d63027 70
228740345454 db6662c3b0d63027 70
228740517511 db6662c3b0d63027 70
228740751459 db6662c3b0d63027 70
228740803232 db6662c3b0d63027 70
228740855657 db6662c3b0d63027 70
228740905690 db6662c3b0d63027 70
228740961477 db6662c3b0d63027 70
228741011553 db6662c3b0d63027 70
228741185230 db6662c3b0d63027 70
228741234800 db6662c3b0d63027 70
228741285665 db6662c3b0d63027 70
228741337496 db6662c3b0d63027 70
228741389426 db6662c3b0d63027 70
228741683079 db6662c3b0d63027 70
228741734462 db6662c3b0d63027 70
228741786187 db6662c3b0d63027 70
228742080289 db6662c3b0d63027 70
228742132453 db6662c3b0d63027 70
228742304744 db6662c3b0d63027 70
228742356953 db6662c3b0d63027 70
228742408365 db6662c3b0d63027 70
228742463436 db6662c3b0d63027 70
228742511727 db6662c3b0d63027 70
228742567029 db6662c3b0d63027 70
228742615832 db6662c3b0d63027 70
228742670616 db6662c3b0d63027 70
228742960377 db6662c3b0d63027 70
228743012733 db6662c3b0d63027 70
228743067725 db6662c3b0d63027 70
228743116333 db6662c3b0d63027 70
228743170421 db6662c3b0d63027 70
228743339487 db6662c3b0d63027 70
228743392197 db6662c3b0d63027 70
228743446180 db6662c3b0d63027 70
228743496164 db6662c3b0d63027 70
228743667654 db6662c3b0d63027 70
228743722100 db6662c3b0d63027 70
228743776236 db6662c3b0d63027 70
228743830084 db6662c3b0d63027 70
228743878598 db6662c3b0d63027 70
228743931734 db6662c3b0d63027 70
228743984197 db6662c3b0d63027 70
228744036135 db6662c3b0d63027 70
228744091002 db6662c3b0d63027 70
228744140775 db6662c3b0d63027 70
228744192932 db6662c3b0d63027 70
228744244879 db6662c3b0d63027 70
228744277650 db6662c3b0d63027 70
228744353496 db6662c3b0d63027 71
228744399619 db6662c3b0d63027 71
228744457539 db6662c3b0d63027 71
228744507665 db6662c3b0d63027 71
228744556903 db6662c3b0d63027 71
228744609048 db6662c3b0d63027 71
228744663792 db6662c3b0d63027 71
228744717151 db6662c3b0d63027 71
228744765346 db6662c3b0d63027 71
228744822034 db6662c3b0d63027 71
228744869722 db6662c3b0d63027 71
228744923396 db6662c3b0d63027 71
228744977674 db6662c3b0d63027 71
228745033178 db6662c3b0d63027 71
228745082660 db6662c3b0d63027 71
228745137716 db6662c3b0d63027 71
228745188160 db6662c3b0d63027 71
228745247483 db6662c3b0d63027 71
228745291886 db6662c3b0d63027 71
228745345390 db6662c3b0d63027 71
228745392954 db6662c3b0d63027 71
228745449932 db6662c3b0d63027 71
228745500681 db6662c3b0d63027 71
228745548814 db6662c3b0d63027 71
228745600290 db6662c3b0d63027 71
228745656934 db6662c3b0d63027 71
228745708795 db6662c3b0d63027 71
228745760607 db6662c3b0d63027 71
228745813924 db6662c3b0d63027 71
228745864652 db6662c3b0d63027 71
228745919410 db6662c3b0d63027 71
228745968677 db6662c3b0d63027 71
228746021070 db6662c3b0d63027 71
228746076180 db6662c3b0d63027 71
228746123642 db6662c3b0d63027 71
228746175634 db6662c3b0d63027 71
228746228192 db6662c3b0d63027 71
228746281521 db6662c3b0d63027 71
228746336763 db6662c3b0d63027 71
228746385786 db6662c3b0d63027 71
228746441051 db6662c3b0d63027 71
228746493350 db6662c3b0d63027 71
228746541372 db6662c3b0d63027 71
228746595307 db6662c3b0d63027 71
228746649912 db6662c3b0d63027 71
228746704710 db6662c3b0d63027 71
228746757003 db6662c3b0d63027 71
228746813047 db6662c3b0d63027 71
228746860940 db6662c3b0d63027 71
228746912634 db6662c3b0d63027 71
228746961325 db6662c3b0d63027 71
228747015014 db6662c3b0d63027 71
228747072614 db6662c3b0d63027 71
228747125266 db6662c3b0d63027 71
228747177859 db6662c3b0d63027 71
228747235612 db6662c3b0d63027 71
228747285651 db6662c3b0d63027 71
228747336699 db6662c3b0d63027 71
228747390229 db6662c3b0d63027 71
228747439076 db6662c3b0d63027 71
228747491157 db6662c3b0d63027 71
228747547837 db6662c3b0d63027 71
228747600464 db6662c3b0d63027 71
228747653802 db6662c3b0d63027 71
228747703415 db6662c3b0d63027 71
228747753846 db6662c3b0d63027 71
228747807737 db6662c3b0d63027 71
228747863611 db6662c3b0d63027 71
228747911408 db6662c3b0d63027 71
228747963829 db6662c3b0d63027 71
228748025035 db6662c3b0d63027 71
228748073391 db6662c3b0d63027 71
228748126810 db6662c3b0d63027 71
228748176605 db6662c3b0d63027 71
228748224123 db6662c3b0d63027 71
228748279178 db6662c3b0d63027 71
228748330752 db6662c3b0d63027 71
228748385968 db6662c3b0d63027 71
228748439281 db6662c3b0d63027 71
228748492245 db6662c3b0d63027 71
228748545225 db6662c3b0d63027 71
228748591290 db6662c3b0d63027 71
228748646555 db6662c3b0d63027 71
228748696408 db6662c3b0d63027 71
228748752662 db6662c3b0d63027 71
228748803290 db6662c3b0d63027 71
228748855146 db6662c3b0d63027 71
228748905682 db6662c3b0d63027 71
228748955438 db6662c3b0d63027 71
228749009722 db6662c3b0d63027 71
228749060660 db6662c3b0d63027 71
228749113638 db6662c3b0d63027 71
228749163917 db6662c3b0d63027 71
228749214890 db6662c3b0d63027 71
228749270027 db6662c3b0d63027 71
228749317571 db6662c3b0d63027 71
228749369755 db6662c3b0d63027 71
228749421167 db6662c3b0d63027 71
228749473034 db6662c3b0d63027 71
228749526166 db6662c3b0d63027 71
228749576516 db6662c3b0d63027 71
228749628873 db6662c3b0d63027 71
228749680506 db6662c3b0d63027 71
228749731686 db6662c3b0d63027 71
228749783329 db6662c3b0d63027 71
228749834900 db6662c3b0d63027 71
228749886181 db6662c3b0d63027 72
228749937676 db6662c3b0d63027 72
228749989557 db6662c3b0d63027 73
228750042379 db6662c3b0d63027 73
228750095957 db6662c3b0d63027 74
228750146976 db6662c3b0d63027 74
228750200160 db6662c3b0d63027 74
228750251978 db6662c3b0d63027 75
228750302033 db6662c3b0d63027 75
228750355035 db6662c3b0d63027 76
228750411266 db6662c3b0d63027 76
228750457793 db6662c3b0d63027 77
228750509317 db6662c3b0d63027 77
228750560297 db6662c3b0d63027 77
228750612129 db6662c3b0d63027 78
228750664345 db6662c3b0d63027 78
228750714879 db6662c3b0d63027 79
228750767073 db6662c3b0d63027 79
228750819466 db6662c3b0d63027 80
228750870770 db6662c3b0d63027 80
228750921388 db6662c3b0d63027 80
228750977615 db6662c3b0d63027 81
228751025619 db6662c3b0d63027 81
228751076820 db6662c3b0d63027 82
228751128138 db6662c3b0d63027 82
228751179846 db6662c3b0d63027 82
228751725885 db6662c3b0d63027 82
228751730980 db6662c3b0d63027 82
228751733540 db6662c3b0d63027 82
228751736438 db6662c3b0d63027 82
228751739135 db6662c3b0d63027 82
228751741828 db6662c3b0d63027 82
228751756192 db6662c3b0d63027 82
228751760773 db6662c3b0d63027 82
228751763465 db6662c3b0d63027 82
228751765429 db6662c3b0d63027 82
228751767305 db6662c3b0d63027 82
228751803007 db6662c3b0d63027 82
228751858271 db6662c3b0d63027 82
228751906777 db6662c3b0d63027 82
228751958736 db6662c3b0d63027 82
228752011063 db6662c3b0d63027 82
228752061775 db6662c3b0d63027 82
228752112820 db6662c3b0d63027 82
228752164742 db6662c3b0d63027 82
228752215786 db6662c3b0d63027 82
228752267286 db6662c3b0d63027 82
228752320258 db6662c3b0d63027 82
228752371028 db6662c3b0d63027 82
228752423218 db6662c3b0d63027 82
228752474852 db6662c3b0d63027 82
228752526992 db6662c3b0d63027 82
228752579494 db6662c3b0d63027 82
228752631060 db6662c3b0d63027 82
228752681506 db6662c3b0d63027 82
228752733370 db6662c3b0d63027 82
228752785396 db6662c3b0d63027 82
228752836782 db6662c3b0d63027 82
228752889412 db6662c3b0d63027 82
228752940501 db6662c3b0d63027 82
228752991407 db6662c3b0d63027 83
228753043583 db6662c3b0d63027 83
228753097408 db6662c3b0d63027 83
228753148570 db6662c3b0d63027 83
228753201304 db6662c3b0d63027 83
228753252611 db6662c3b0d63027 83
228753304182 db6662c3b0d63027 83
228753356219 db6662c3b0d63027 83
228753408151 db6662c3b0d63027 83
228753459534 db6662c3b0d63027 83
228753511254 db6662c3b0d63027 83
228753562766 db6662c3b0d63027 84
228753614603 db6662c3b0d63027 84
228753666604 db6662c3b0d63027 84
228753717848 db6662c3b0d63027 84
228753770241 db6662c3b0d63027 84
228753820746 db6662c3b0d63027 84
228753874840 db6662c3b0d63027 85
228753923852 db6662c3b0d63027 85
228753977889 db6662c3b0d63027 85
228754027444 db6662c3b0d63027 85
228754079762 db6662c3b0d63027 86
228754131680 db6662c3b0d63027 86
228754181995 db6662c3b0d63027 86
228754234117 db6662c3b0d63027 86
228754286609 db6662c3b0d63027 87
228754339112 db6662c3b0d63027 87
228754389529 db6662c3b0d63027 87
228754441298 db6662c3b0d63027 88
228754492644 db6662c3b0d63027 88
228754547135 db6662c3b0d63027 88
228754597552 db6662c3b0d63027 89
228754649914 db6662c3b0d63027 89
228754701959 db6662c3b0d63027 90
228754753387 db6662c3b0d63027 90
228754805364 db6662c3b0d63027 90
228754857237 db6662c3b0d63027 91
228754909320 db6662c3b0d63027 91
228754960369 db6662c3b0d63027 92
228755012701 db6662c3b0d63027 92
228755064325 db6662c3b0d63027 93
228755115305 db6662c3b0d63027 93
228755166897 db6662c3b0d63027 93
228755219265 db6662c3b0d63027 94
228755270030 db6662c3b0d63027 94
228755321608 db6662c3b0d63027 95
228755373783 db6662c3b0d63027 95
228755425509 db6662c3b0d63027 96
228755477167 db6662c3b0d63027 96
228755528782 db6662c3b0d63027 96
228755580918 db6662c3b0d63027 97
228755631707 db6662c3b0d63027 97
228755684709 db6662c3b0d63027 98
228755734914 db6662c3b0d63027 98
228755787000 db6662c3b0d63027 99
228755838668 db6662c3b0d63027 99
228755891099 db6662c3b0d63027 99
228755941917 db6662c3b0d63027 100
228755994269 db6662c3b0d63027 100
228756045174 db6662c3b0d63027 101
228756097323 db6662c3b0d63027 101
228756149563 db6662c3b0d63027 102
228756200508 db6662c3b0d63027 102
228756254875 db6662c3b0d63027 102
228756309308 db6662c3b0d63027 103
228756361205 db6662c3b0d63027 103
228756413228 db6662c3b0d63027 104
228756465770 db6662c3b0d63027 104
228756516793 db6662c3b0d63027 105
228756567566 db6662c3b0d63027 105
228756619062 db6662c3b0d63027 105
228756670780 db6662c3b0d63027 106
228756722400 db6662c3b0d63027 106
228756774040 db6662c3b0d63027 107
228756826610 db6662c3b0d63027 107
228756877893 db6662c3b0d63027 108
228756930353 db6662c3b0d63027 108
228756982270 db6662c3b0d63027 108
228757032977 db6662c3b0d63027 109
228757085524 db6662c3b0d63027 109
228757137617 db6662c3b0d63027 110
228757188270 db6662c3b0d63027 110
228757239979 db6662c3b0d63027 111
228757291773 db6662c3b0d63027 111
228757343474 db6662c3b0d63027 111
228757395890 db6662c3b0d63027 112
228757446214 db6662c3b0d63027 112
228757499129 db6662c3b0d63027 113
228757551328 db6662c3b0d63027 113
228757603554 db6662c3b0d63027 114
228757655561 db6662c3b0d63027 114
228757705040 db6662c3b0d63027 114
228757756142 db6662c3b0d63027 115
228757808914 db6662c3b0d63027 115
228757860509 db6662c3b0d63027 116
228757912383 db6662c3b0d63027 116
228757963651 db6662c3b0d63027 117
228758014771 db6662c3b0d63027 117
228758065638 db6662c3b0d63027 117
228758117732 db6662c3b0d63027 118
228758170643 db6662c3b0d63027 118
228758221354 db6662c3b0d63027 119
228758274883 db6662c3b0d63027 119
228758324461 db6662c3b0d63027 120
228758378319 db6662c3b0d63027 120
228758429225 db6662c3b0d63027 120
228758481801 db6662c3b0d63027 121
228758532726 db6662c3b0d63027 121
228758583322 db6662c3b0d63027 122
228758634867 db6662c3b0d63027 122
228758686253 db6662c3b0d63027 123
228758738727 db6662c3b0d63027 123
228758789369 db6662c3b0d63027 123
228758841830 db6662c3b0d63027 124
228758893345 db6662c3b0d63027 124
228758944799 db6662c3b0d63027 125
228758997673 db6662c3b0d63027 125
228759048956 db6662c3b0d63027 126
228759099887 db6662c3b0d63027 126
228759151903 db6662c3b0d63027 126
228759203443 db6662c3b0d63027 127
228759256212 db6662c3b0d63027 127
228759306834 db6662c3b0d63027 128
228759358070 db6662c3b0d63027 128
228759410461 db6662c3b0d63027 129
228759462301 db6662c3b0d63027 129
228759515010 db6662c3b0d63027 129
228759565096 db6662c3b0d63027 130
228759617329 db6662c3b0d63027 130
228759668590 db6662c3b0d63027 131
228759721028 db6662c3b0d63027 131
228759773257 db6662c3b0d63027 132
228759824275 db6662c3b0d63027 132
228759876678 db6662c3b0d63027 132
228759927931 db6662c3b0d63027 133
228759981267 db6662c3b0d63027 133
228760031184 db6662c3b0d63027 134
228760082623 db6662c3b0d63027 134
228760134126 db6662c3b0d63027 135
228760185457 db6662c3b0d63027 135
228760237330 db6662c3b0d63027 135
228760288858 db6662c3b0d63027 136
228760342093 db6662c3b0d63027 136
228760393213 db6662c3b0d63027 137
228760444604 db6662c3b0d63027 137
228760495886 db6662c3b0d63027 138
228760550286 db6662c3b0d63027 138
228760600841 db6662c3b0d63027 138
228760651613 db6662c3b0d63027 139
228760702302 db6662c3b0d63027 139
228760753042 db6662c3b0d63027 140
228760806728 db6662c3b0d63027 140
228760858582 db6662c3b0d63027 141
228760883699 db6662c3b0d63027 141
228760935306 db6662c3b0d63027 141
228760987250 db6662c3b0d63027 120
228761039080 db6662c3b0d63027 120
