227552027048 f88b1bdb00cf1e5f 32
227552030129 f88b1bdb00cf1e5f 32
227552031689 f88b1bdb00cf1e5f 32
227552039188 f88b1bdb00cf1e5f 32
227552447571 f88b1bdb00cf1e5f 33
227552453303 f88b1bdb00cf1e5f 34
227552539992 f88b1bdb00cf1e5f 35
227552572150 f88b1bdb00cf1e5f 36
227552592624 f88b1bdb00cf1e5f 38
227552637550 f88b1bdb00cf1e5f 40
227552683187 f88b1bdb00cf1e5f 42
227552727168 f88b1bdb00cf1e5f 44
227552772631 f88b1bdb00cf1e5f 46
227552819072 f88b1bdb00cf1e5f 48
227552865768 f88b1bdb00cf1e5f 50
227552886565 f88b1bdb00cf1e5f 52
227552907022 f88b1bdb00cf1e5f 54
227552925008 f88b1bdb00cf1e5f 56
227552949008 f88b1bdb00cf1e5f 58
227552967156 f88b1bdb00cf1e5f 60
227552990207 f88b1bdb00cf1e5f 62
227553009877 f88b1bdb00cf1e5f 64
227553029237 f88b1bdb00cf1e5f 66
227553050382 f88b1bdb00cf1e5f 68
227553072122 f88b1bdb00cf1e5f 71
227553093178 f88b1bdb00cf1e5f 73
227553114974 f88b1bdb00cf1e5f 75
227553265365 f88b1bdb00cf1e5f 77
227553335107 f88b1bdb00cf1e5f 79
227553358436 f88b1bdb00cf1e5f 81
227553378272 f88b1bdb00cf1e5f 83
227553411771 f88b1bdb00cf1e5f 84
227553455640 f88b1bdb00cf1e5f 86
227553477747 f88b1bdb00cf1e5f 86
227553545263 f88b1bdb00cf1e5f 86
227553567303 f88b1bdb00cf1e5f 86
227553634831 f88b1bdb00cf1e5f 86
227553670967 f88b1bdb00cf1e5f 86
227553690832 f88b1bdb00cf1e5f 86
227553711096 f88b1bdb00cf1e5f 86
227553767642 f88b1bdb00cf1e5f 86
227553787998 f88b1bdb00cf1e5f 86
227553857574 f88b1bdb00cf1e5f 86
227553877719 f88b1bdb00cf1e5f 86
227553899546 f88b1bdb00cf1e5f 86
227553921287 f88b1bdb00cf1e5f 86
227553964261 f88b1bdb00cf1e5f 86
227553986874 f88b1bdb00cf1e5f 86
227554005627 f88b1bdb00cf1e5f 86
227554027817 f88b1bdb00cf1e5f 86
227554049217 f88b1bdb00cf1e5f 86
227554069077 f88b1bdb00cf1e5f 86
227554090117 f88b1bdb00cf1e5f 86
227554112027 f88b1bdb00cf1e5f 86
227554131097 f88b1bdb00cf1e5f 86
227554167895 f88b1bdb00cf1e5f 86
227554195756 f88b1bdb00cf1e5f 86
227554231156 f88b1bdb00cf1e5f 86
227554259263 f88b1bdb00cf1e5f 86
227554290048 f88b1bdb00cf1e5f 86
227554322198 f88b1bdb00cf1e5f 86
227554353576 f88b1bdb00cf1e5f 86
227554388855 f88b1bdb00cf1e5f 86
227554415892 f88b1bdb00cf1e5f 86
227554443746 f88b1bdb00cf1e5f 87
227554513801 f88b1bdb00cf1e5f 87
227554544211 f88b1bdb00cf1e5f 87
227554671275 f88b1bdb00cf1e5f 87
227554682012 f88b1bdb00cf1e5f 87
227554724043 f88b1bdb00cf1e5f 74
227554727804 f88b1bdb00cf1e5f 74
227554749699 f88b1bdb00cf1e5f 74
227554758271 f88b1bdb00cf1e5f 74
227554767791 f88b1bdb00cf1e5f 74
227554781653 f88b1bdb00cf1e5f 74
227554814299 f88b1bdb00cf1e5f 74
227554856646 f88b1bdb00cf1e5f 74
227554893168 f88b1bdb00cf1e5f 74
227554933561 f88b1bdb00cf1e5f 74
227554965279 f88b1bdb00cf1e5f 74
227555031899 f88b1bdb00cf1e5f 74
227555063283 f88b1bdb00cf1e5f 74
227555095764 f88b1bdb00cf1e5f 74
227555133316 f88b1bdb00cf1e5f 74
227555160724 f88b1bdb00cf1e5f 74
227555205269 f88b1bdb00cf1e5f 74
227555247689 f88b1bdb00cf1e5f 74
227555282854 f88b1bdb00cf1e5f 74
227555315704 f88b1bdb00cf1e5f 74
227555347040 f88b1bdb00cf1e5f 74
227555378987 f88b1bdb00cf1e5f 74
227555412119 f88b1bdb00cf1e5f 74
227555444628 f88b1bdb00cf1e5f 74
227555475060 f88b1bdb00cf1e5f 74
227555503915 f88b1bdb00cf1e5f 74
227555536921 f88b1bdb00cf1e5f 74
227555568529 f88b1bdb00cf1e5f 74
227555598184 f88b1bdb00cf1e5f 74
227555630182 f88b1bdb00cf1e5f 74
227555662823 f88b1bdb00cf1e5f 74
227555688581 f88b1bdb00cf1e5f 74
227555721719 f88b1bdb00cf1e5f 74
227555753070 f88b1bdb00cf1e5f 74
227555783962 f88b1bdb00cf1e5f 74
227555813012 f88b1bdb00cf1e5f 74
227555845866 f88b1bdb00cf1e5f 74
227555887968 f88b1bdb00cf1e5f 74
227555923511 f88b1bdb00cf1e5f 74
227555952305 f88b1bdb00cf1e5f 74
227556058826 f88b1bdb00cf1e5f 74
227556091195 f88b1bdb00cf1e5f 74
227556127879 f88b1bdb00cf1e5f 75
227556159548 f88b1bdb00cf1e5f 77
227556189172 f88b1bdb00cf1e5f 77
227556219542 f88b1bdb00cf1e5f 78
227556255139 f88b1bdb00cf1e5f 79
227556291557 f88b1bdb00cf1e5f 80
227556318066 f88b1bdb00cf1e5f 80
227556373342 f88b1bdb00cf1e5f 80
227556409378 f88b1bdb00cf1e5f 81
227556450306 f88b1bdb00cf1e5f 82
227556483012 f88b1bdb00cf1e5f 83
227556518503 f88b1bdb00cf1e5f 83
227556548398 f88b1bdb00cf1e5f 84
227556591048 f88b1bdb00cf1e5f 84
227556621501 f88b1bdb00cf1e5f 84
227556653992 f88b1bdb00cf1e5f 84
227556684930 f88b1bdb00cf1e5f 84
227556716438 f88b1bdb00cf1e5f 84
227556747927 f88b1bdb00cf1e5f 85
227556781735 f88b1bdb00cf1e5f 85
227556812796 f88b1bdb00cf1e5f 85
227556841629 f88b1bdb00cf1e5f 85
227556871955 f88b1bdb00cf1e5f 85
227556902966 f88b1bdb00cf1e5f 85
227556934070 f88b1bdb00cf1e5f 85
227556964649 f88b1bdb00cf1e5f 85
227557001789 f88b1bdb00cf1e5f 85
227557029946 f88b1bdb00cf1e5f 86
227557073984 f88b1bdb00cf1e5f 86
227557104125 f88b1bdb00cf1e5f 86
227557133548 f88b1bdb00cf1e5f 86
227557178862 f88b1bdb00cf1e5f 86
227557223957 f88b1bdb00cf1e5f 86
227557258353 f88b1bdb00cf1e5f 86
227557291223 f88b1bdb00cf1e5f 86
227557322573 f88b1bdb00cf1e5f 86
227557353266 f88b1bdb00cf1e5f 86
227557359657 f88b1bdb00cf1e5f 86
227557369418 f88b1bdb00cf1e5f 86
227557391661 f88b1bdb00cf1e5f 73
227557401578 f88b1bdb00cf1e5f 73
227557439577 f88b1bdb00cf1e5f 73
227557471823 f88b1bdb00cf1e5f 73
227557526988 f88b1bdb00cf1e5f 73
227557560073 f88b1bdb00cf1e5f 73
227557591846 f88b1bdb00cf1e5f 73
227557634986 f88b1bdb00cf1e5f 73
227557678244 f88b1bdb00cf1e5f 73
227557710834 f88b1bdb00cf1e5f 73
227557741181 f88b1bdb00cf1e5f 73
227557775639 f88b1bdb00cf1e5f 73
227557818793 f88b1bdb00cf1e5f 73
227557848863 f88b1bdb00cf1e5f 73
227557881490 f88b1bdb00cf1e5f 73
227557912329 f88b1bdb00cf1e5f 73
227557944383 f88b1bdb00cf1e5f 73
227557975761 f88b1bdb00cf1e5f 73
227558006965 f88b1bdb00cf1e5f 73
227558036296 f88b1bdb00cf1e5f 73
227558066820 f88b1bdb00cf1e5f 73
227558097634 f88b1bdb00cf1e5f 73
227558128232 f88b1bdb00cf1e5f 73
227558160340 f88b1bdb00cf1e5f 73
227558192043 f88b1bdb00cf1e5f 73
227558222500 f88b1bdb00cf1e5f 73
227558252955 f88b1bdb00cf1e5f 73
227558308637 f88b1bdb00cf1e5f 73
227558351895 f88b1bdb00cf1e5f 73
227558383028 f88b1bdb00cf1e5f 73
227558417965 f88b1bdb00cf1e5f 73
227558446402 f88b1bdb00cf1e5f 73
227558491580 f88b1bdb00cf1e5f 73
227558561463 f88b1bdb00cf1e5f 73
227558593468 f88b1bdb00cf1e5f 73
227558624715 f88b1bdb00cf1e5f 73
227558656429 f88b1bdb00cf1e5f 73
227558685570 f88b1bdb00cf1e5f 73
227558719224 f88b1bdb00cf1e5f 74
227558761599 f88b1bdb00cf1e5f 75
227558804722 f88b1bdb00cf1e5f 76
227558838434 f88b1bdb00cf1e5f 77
227558873062 f88b1bdb00cf1e5f 78
227558915684 f88b1bdb00cf1e5f 79
227558948117 f88b1bdb00cf1e5f 80
227558993190 f88b1bdb00cf1e5f 80
227559023597 f88b1bdb00cf1e5f 80
227559056878 f88b1bdb00cf1e5f 81
227559089317 f88b1bdb00cf1e5f 81
227559120655 f88b1bdb00cf1e5f 81
227559153569 f88b1bdb00cf1e5f 81
227559184762 f88b1bdb00cf1e5f 81
227559215921 f88b1bdb00cf1e5f 82
227559248196 f88b1bdb00cf1e5f 82
227559281851 f88b1bdb00cf1e5f 82
227559309033 f88b1bdb00cf1e5f 82
227559340592 f88b1bdb00cf1e5f 82
227559371515 f88b1bdb00cf1e5f 83
227559388210 f88b1bdb00cf1e5f 83
227559397135 f88b1bdb00cf1e5f 83
227559408062 f88b1bdb00cf1e5f 70
227559417789 f88b1bdb00cf1e5f 70
227559455090 f88b1bdb00cf1e5f 70
227559487204 f88b1bdb00cf1e5f 70
227559520013 f88b1bdb00cf1e5f 70
227559552525 f88b1bdb00cf1e5f 70
227559584841 f88b1bdb00cf1e5f 70
227559615833 f88b1bdb00cf1e5f 70
227559648372 f88b1bdb00cf1e5f 70
227559694925 f88b1bdb00cf1e5f 70
227559763306 f88b1bdb00cf1e5f 70
227559794853 f88b1bdb00cf1e5f 70
227559824982 f88b1bdb00cf1e5f 70
227559855845 f88b1bdb00cf1e5f 70
227559898582 f88b1bdb00cf1e5f 70
227559929610 f88b1bdb00cf1e5f 70
227559962072 f88b1bdb00cf1e5f 70
227560007622 f88b1bdb00cf1e5f 70
227560051411 f88b1bdb00cf1e5f 70
227560094121 f88b1bdb00cf1e5f 70
227560136670 f88b1bdb00cf1e5f 70
227560179643 f88b1bdb00cf1e5f 70
227560214935 f88b1bdb00cf1e5f 70
227560245323 f88b1bdb00cf1e5f 70
227560277621 f88b1bdb00cf1e5f 70
227560308913 f88b1bdb00cf1e5f 70
227560341318 f88b1bdb00cf1e5f 70
227560384637 f88b1bdb00cf1e5f 70
227560415435 f88b1bdb00cf1e5f 70
227560448628 f88b1bdb00cf1e5f 70
227560478547 f88b1bdb00cf1e5f 70
227560514971 f88b1bdb00cf1e5f 70
227560541132 f88b1bdb00cf1e5f 70
227560576037 f88b1bdb00cf1e5f 70
227560602639 f88b1bdb00cf1e5f 70
227560628431 f88b1bdb00cf1e5f 70
227560655266 f88b1bdb00cf1e5f 71
227560684361 f88b1bdb00cf1e5f 71
227560718194 f88b1bdb00cf1e5f 72
227560752310 f88b1bdb00cf1e5f 73
227560783326 f88b1bdb00cf1e5f 73
227560825632 f88b1bdb00cf1e5f 74
227560858619 f88b1bdb00cf1e5f 74
227560891190 f88b1bdb00cf1e5f 74
227560935691 f88b1bdb00cf1e5f 74
227560982670 f88b1bdb00cf1e5f 74
227561015464 f88b1bdb00cf1e5f 74
227561045271 f88b1bdb00cf1e5f 74
227561088082 f88b1bdb00cf1e5f 75
227561119127 f88b1bdb00cf1e5f 75
227561152115 f88b1bdb00cf1e5f 75
227561186818 f88b1bdb00cf1e5f 75
227561219175 f88b1bdb00cf1e5f 75
227561251724 f88b1bdb00cf1e5f 75
227561283591 f88b1bdb00cf1e5f 75
227561316025 f88b1bdb00cf1e5f 75
227561347206 f88b1bdb00cf1e5f 75
227561382105 f88b1bdb00cf1e5f 75
227561413075 f88b1bdb00cf1e5f 75
227561444382 f88b1bdb00cf1e5f 76
227561454529 f88b1bdb00cf1e5f 76
227561461986 f88b1bdb00cf1e5f 76
227561484831 f88b1bdb00cf1e5f 64
227561494979 f88b1bdb00cf1e5f 64
227561530226 f88b1bdb00cf1e5f 64
227561565259 f88b1bdb00cf1e5f 64
227561592350 f88b1bdb00cf1e5f 64
227561625194 f88b1bdb00cf1e5f 64
227561653620 f88b1bdb00cf1e5f 64
227561685111 f88b1bdb00cf1e5f 64
227561716159 f88b1bdb00cf1e5f 64
227561747043 f88b1bdb00cf1e5f 64
227561777063 f88b1bdb00cf1e5f 64
227561812577 f88b1bdb00cf1e5f 64
227561844738 f88b1bdb00cf1e5f 64
227561875823 f88b1bdb00cf1e5f 64
227561906940 f88b1bdb00cf1e5f 64
227561938670 f88b1bdb00cf1e5f 64
227561978894 f88b1bdb00cf1e5f 64
227561999967 f88b1bdb00cf1e5f 64
227562010431 f88b1bdb00cf1e5f 64
227562032561 f88b1bdb00cf1e5f 64
227562068474 f88b1bdb00cf1e5f 64
227562099712 f88b1bdb00cf1e5f 64
227562132093 f88b1bdb00cf1e5f 64
227562163667 f88b1bdb00cf1e5f 64
227562193704 f88b1bdb00cf1e5f 64
227562227293 f88b1bdb00cf1e5f 64
227562271944 f88b1bdb00cf1e5f 64
227562303839 f88b1bdb00cf1e5f 64
227562336796 f88b1bdb00cf1e5f 64
227562369896 f88b1bdb00cf1e5f 64
227562413965 f88b1bdb00cf1e5f 64
227562444669 f88b1bdb00cf1e5f 64
227562489063 f88b1bdb00cf1e5f 64
227562522249 f88b1bdb00cf1e5f 64
227562565083 f88b1bdb00cf1e5f 64
227562596654 f88b1bdb00cf1e5f 64
227562628779 f88b1bdb00cf1e5f 65
227562659798 f88b1bdb00cf1e5f 67
227562691354 f88b1bdb00cf1e5f 68
227562721730 f88b1bdb00cf1e5f 68
227562752212 f88b1bdb00cf1e5f 68
227562783358 f88b1bdb00cf1e5f 68
227562815023 f88b1bdb00cf1e5f 68
227562857868 f88b1bdb00cf1e5f 68
227562889698 f88b1bdb00cf1e5f 68
227562924008 f88b1bdb00cf1e5f 69
227562954344 f88b1bdb00cf1e5f 69
227562997128 f88b1bdb00cf1e5f 70
227563025992 f88b1bdb00cf1e5f 70
227563047966 f88b1bdb00cf1e5f 70
227563058910 f88b1bdb00cf1e5f 60
227563068812 f88b1bdb00cf1e5f 60
227563116028 f88b1bdb00cf1e5f 60
227563151071 f88b1bdb00cf1e5f 60
227563192389 f88b1bdb00cf1e5f 60
227563223595 f88b1bdb00cf1e5f 60
227563257016 f88b1bdb00cf1e5f 60
227563289136 f88b1bdb00cf1e5f 60
227563346552 f88b1bdb00cf1e5f 60
227563389443 f88b1bdb00cf1e5f 60
227563422342 f88b1bdb00cf1e5f 60
227563455168 f88b1bdb00cf1e5f 60
227563487647 f88b1bdb00cf1e5f 60
227563520787 f88b1bdb00cf1e5f 60
227563564211 f88b1bdb00cf1e5f 60
227563598565 f88b1bdb00cf1e5f 60
227563630015 f88b1bdb00cf1e5f 60
227563661793 f88b1bdb00cf1e5f 60
227563691809 f88b1bdb00cf1e5f 60
227563722670 f88b1bdb00cf1e5f 60
227563753628 f88b1bdb00cf1e5f 60
227563785068 f88b1bdb00cf1e5f 60
227563815541 f88b1bdb00cf1e5f 60
227563847582 f88b1bdb00cf1e5f 60
227563879499 f88b1bdb00cf1e5f 60
227563911237 f88b1bdb00cf1e5f 60
227563945163 f88b1bdb00cf1e5f 60
227563976997 f88b1bdb00cf1e5f 60
227564008753 f88b1bdb00cf1e5f 60
227564051686 f88b1bdb00cf1e5f 60
227564070470 f88b1bdb00cf1e5f 60
227564081946 f88b1bdb00cf1e5f 60
227564102784 f88b1bdb00cf1e5f 60
227564112153 f88b1bdb00cf1e5f 60
227564147468 f88b1bdb00cf1e5f 60
227564190920 f88b1bdb00cf1e5f 61
227564225214 f88b1bdb00cf1e5f 62
227564255782 f88b1bdb00cf1e5f 62
227564301436 f88b1bdb00cf1e5f 63
227564343943 f88b1bdb00cf1e5f 63
227564377747 f88b1bdb00cf1e5f 63
227564422966 f88b1bdb00cf1e5f 63
227564469879 f88b1bdb00cf1e5f 63
227564501106 f88b1bdb00cf1e5f 63
227564533549 f88b1bdb00cf1e5f 63
227564565400 f88b1bdb00cf1e5f 63
227564598088 f88b1bdb00cf1e5f 63
227564643377 f88b1bdb00cf1e5f 64
227564674852 f88b1bdb00cf1e5f 64
227564707584 f88b1bdb00cf1e5f 64
227564737646 f88b1bdb00cf1e5f 64
227564770283 f88b1bdb00cf1e5f 64
227564800340 f88b1bdb00cf1e5f 64
227564830245 f88b1bdb00cf1e5f 64
227564861562 f88b1bdb00cf1e5f 64
227564891837 f88b1bdb00cf1e5f 64
227564937722 f88b1bdb00cf1e5f 64
227564968615 f88b1bdb00cf1e5f 64
227564999740 f88b1bdb00cf1e5f 64
227565032715 f88b1bdb00cf1e5f 64
227565087388 f88b1bdb00cf1e5f 64
227565119267 f88b1bdb00cf1e5f 64
227565149790 f88b1bdb00cf1e5f 64
227565195492 f88b1bdb00cf1e5f 65
227565226342 f88b1bdb00cf1e5f 65
227565259983 f88b1bdb00cf1e5f 65
227565291313 f88b1bdb00cf1e5f 65
227565335689 f88b1bdb00cf1e5f 65
227565367477 f88b1bdb00cf1e5f 65
227565412059 f88b1bdb00cf1e5f 65
227565467767 f88b1bdb00cf1e5f 65
227565512346 f88b1bdb00cf1e5f 65
227565544624 f88b1bdb00cf1e5f 65
227565577868 f88b1bdb00cf1e5f 65
227565609880 f88b1bdb00cf1e5f 65
227565643527 f88b1bdb00cf1e5f 65
227565698664 f88b1bdb00cf1e5f 65
227565729530 f88b1bdb00cf1e5f 65
227565761799 f88b1bdb00cf1e5f 65
227565805546 f88b1bdb00cf1e5f 65
227565836283 f88b1bdb00cf1e5f 65
227565868372 f88b1bdb00cf1e5f 65
227565898956 f88b1bdb00cf1e5f 65
227565931076 f88b1bdb00cf1e5f 65
227565965785 f88b1bdb00cf1e5f 65
227565995027 f88b1bdb00cf1e5f 65
227566026325 f88b1bdb00cf1e5f 65
227566058012 f88b1bdb00cf1e5f 65
227566088773 f88b1bdb00cf1e5f 65
227566143753 f88b1bdb00cf1e5f 65
227566150381 f88b1bdb00cf1e5f 65
227566171777 f88b1bdb00cf1e5f 65
227566183642 f88b1bdb00cf1e5f 55
227566194984 f88b1bdb00cf1e5f 55
227566227530 f88b1bdb00cf1e5f 55
227566263143 f88b1bdb00cf1e5f 55
227566295233 f88b1bdb00cf1e5f 55
227566327398 f88b1bdb00cf1e5f 55
227566360050 f88b1bdb00cf1e5f 55
227566426145 f88b1bdb00cf1e5f 55
227566457804 f88b1bdb00cf1e5f 55
227566501842 f88b1bdb00cf1e5f 55
227566558263 f88b1bdb00cf1e5f 55
227566603228 f88b1bdb00cf1e5f 55
227566633623 f88b1bdb00cf1e5f 55
227566680324 f88b1bdb00cf1e5f 55
227566711411 f88b1bdb00cf1e5f 55
227566745166 f88b1bdb00cf1e5f 55
227566802195 f88b1bdb00cf1e5f 55
227566832824 f88b1bdb00cf1e5f 55
227566863181 f88b1bdb00cf1e5f 55
227566897718 f88b1bdb00cf1e5f 55
227566928567 f88b1bdb00cf1e5f 55
227566959234 f88b1bdb00cf1e5f 55
227566990596 f88b1bdb00cf1e5f 55
227567020781 f88b1bdb00cf1e5f 55
227567051592 f88b1bdb00cf1e5f 55
227567086975 f88b1bdb00cf1e5f 55
227567118573 f88b1bdb00cf1e5f 55
227567150174 f88b1bdb00cf1e5f 55
227567180605 f88b1bdb00cf1e5f 55
227567236120 f88b1bdb00cf1e5f 55
227567266082 f88b1bdb00cf1e5f 55
227567298178 f88b1bdb00cf1e5f 55
227567332272 f88b1bdb00cf1e5f 56
227567366316 f88b1bdb00cf1e5f 57
227567421201 f88b1bdb00cf1e5f 58
227567452505 f88b1bdb00cf1e5f 59
227567521560 f88b1bdb00cf1e5f 60
227567567210 f88b1bdb00cf1e5f 60
227567609071 f88b1bdb00cf1e5f 61
227567664626 f88b1bdb00cf1e5f 61
227567698631 f88b1bdb00cf1e5f 61
227567766584 f88b1bdb00cf1e5f 62
227567810174 f88b1bdb00cf1e5f 62
227567844795 f88b1bdb00cf1e5f 62
227567899707 f88b1bdb00cf1e5f 62
227567936641 f88b1bdb00cf1e5f 62
227568000067 f88b1bdb00cf1e5f 63
227568030608 f88b1bdb00cf1e5f 63
227568062081 f88b1bdb00cf1e5f 63
227568091838 f88b1bdb00cf1e5f 63
227568128170 f88b1bdb00cf1e5f 63
227568160244 f88b1bdb00cf1e5f 63
227568189825 f88b1bdb00cf1e5f 63
227568220600 f88b1bdb00cf1e5f 63
227568253241 f88b1bdb00cf1e5f 63
227568311005 f88b1bdb00cf1e5f 64
227568341884 f88b1bdb00cf1e5f 64
227568372789 f88b1bdb00cf1e5f 64
227568407327 f88b1bdb00cf1e5f 64
227568451533 f88b1bdb00cf1e5f 64
227568483507 f88b1bdb00cf1e5f 64
227568516691 f88b1bdb00cf1e5f 64
227568527329 f88b1bdb00cf1e5f 64
227568537267 f88b1bdb00cf1e5f 54
227568547722 f88b1bdb00cf1e5f 54
227568583274 f88b1bdb00cf1e5f 54
227568618384 f88b1bdb00cf1e5f 54
227568652080 f88b1bdb00cf1e5f 54
227568688025 f88b1bdb00cf1e5f 54
227568762199 f88b1bdb00cf1e5f 54
227568793657 f88b1bdb00cf1e5f 54
227568839320 f88b1bdb00cf1e5f 54
227568883034 f88b1bdb00cf1e5f 54
227568952426 f88b1bdb00cf1e5f 54
227568996627 f88b1bdb00cf1e5f 54
227569029680 f88b1bdb00cf1e5f 54
227569062875 f88b1bdb00cf1e5f 54
227569096164 f88b1bdb00cf1e5f 54
227569128075 f88b1bdb00cf1e5f 54
227569159148 f88b1bdb00cf1e5f 54
227569203889 f88b1bdb00cf1e5f 54
227569235609 f88b1bdb00cf1e5f 54
227569265731 f88b1bdb00cf1e5f 54
227569297784 f88b1bdb00cf1e5f 54
227569329388 f88b1bdb00cf1e5f 54
227569364189 f88b1bdb00cf1e5f 54
227569395366 f88b1bdb00cf1e5f 54
227569425215 f88b1bdb00cf1e5f 54
227569458316 f88b1bdb00cf1e5f 54
227569514352 f88b1bdb00cf1e5f 54
227569543868 f88b1bdb00cf1e5f 54
227569587234 f88b1bdb00cf1e5f 54
227569621016 f88b1bdb00cf1e5f 54
227569651834 f88b1bdb00cf1e5f 54
227569684530 f88b1bdb00cf1e5f 54
227569729202 f88b1bdb00cf1e5f 55
227569759596 f88b1bdb00cf1e5f 56
227569816724 f88b1bdb00cf1e5f 57
227569848049 f88b1bdb00cf1e5f 58
227569893288 f88b1bdb00cf1e5f 59
227569924633 f88b1bdb00cf1e5f 59
227569957420 f88b1bdb00cf1e5f 59
227569990603 f88b1bdb00cf1e5f 60
227570024240 f88b1bdb00cf1e5f 60
227570069610 f88b1bdb00cf1e5f 60
227570104827 f88b1bdb00cf1e5f 60
227570139245 f88b1bdb00cf1e5f 60
227570183455 f88b1bdb00cf1e5f 61
227570215358 f88b1bdb00cf1e5f 61
227570247806 f88b1bdb00cf1e5f 61
227570280626 f88b1bdb00cf1e5f 61
227570312056 f88b1bdb00cf1e5f 61
227570342370 f88b1bdb00cf1e5f 61
227570376930 f88b1bdb00cf1e5f 62
227570409549 f88b1bdb00cf1e5f 62
227570440571 f88b1bdb00cf1e5f 62
227570474548 f88b1bdb00cf1e5f 62
227570504964 f88b1bdb00cf1e5f 62
227570561583 f88b1bdb00cf1e5f 62
227570592990 f88b1bdb00cf1e5f 62
227570624823 f88b1bdb00cf1e5f 62
227570657804 f88b1bdb00cf1e5f 63
227570688745 f88b1bdb00cf1e5f 63
227570746703 f88b1bdb00cf1e5f 63
227570776574 f88b1bdb00cf1e5f 63
227570813108 f88b1bdb00cf1e5f 63
227570855296 f88b1bdb00cf1e5f 63
227570886261 f88b1bdb00cf1e5f 63
227570920811 f88b1bdb00cf1e5f 63
227570951884 f88b1bdb00cf1e5f 63
227570988377 f88b1bdb00cf1e5f 63
227571018281 f88b1bdb00cf1e5f 63
227571076539 f88b1bdb00cf1e5f 63
227571110122 f88b1bdb00cf1e5f 64
227571151498 f88b1bdb00cf1e5f 64
227571196857 f88b1bdb00cf1e5f 64
227571252070 f88b1bdb00cf1e5f 64
227571299352 f88b1bdb00cf1e5f 64
227571351285 f88b1bdb00cf1e5f 64
227571381179 f88b1bdb00cf1e5f 64
227571440877 f88b1bdb00cf1e5f 64
227571471766 f88b1bdb00cf1e5f 64
227571502598 f88b1bdb00cf1e5f 64
227571536801 f88b1bdb00cf1e5f 64
227571571527 f88b1bdb00cf1e5f 64
227571601015 f88b1bdb00cf1e5f 64
227571632392 f88b1bdb00cf1e5f 64
227571664273 f88b1bdb00cf1e5f 64
227571707295 f88b1bdb00cf1e5f 64
227571753106 f88b1bdb00cf1e5f 64
227571787343 f88b1bdb00cf1e5f 64
227571839123 f88b1bdb00cf1e5f 64
227571873029 f88b1bdb00cf1e5f 64
227571913266 f88b1bdb00cf1e5f 64
227571968090 f88b1bdb00cf1e5f 64
227572023286 f88b1bdb00cf1e5f 64
227572054636 f88b1bdb00cf1e5f 64
227572099076 f88b1bdb00cf1e5f 64
227572129349 f88b1bdb00cf1e5f 64
227572167427 f88b1bdb00cf1e5f 64
227572219964 f88b1bdb00cf1e5f 64
227572275164 f88b1bdb00cf1e5f 64
227572309983 f88b1bdb00cf1e5f 64
227572365495 f88b1bdb00cf1e5f 64
227572410403 f88b1bdb00cf1e5f 64
227572464938 f88b1bdb00cf1e5f 64
227572511370 f88b1bdb00cf1e5f 64
227572543911 f88b1bdb00cf1e5f 64
227572576252 f88b1bdb00cf1e5f 64
227572609229 f88b1bdb00cf1e5f 64
227572651237 f88b1bdb00cf1e5f 64
227572684517 f88b1bdb00cf1e5f 64
227572727303 f88b1bdb00cf1e5f 64
227572757838 f88b1bdb00cf1e5f 64
227572792257 f88b1bdb00cf1e5f 64
227572822623 f88b1bdb00cf1e5f 64
227572855608 f88b1bdb00cf1e5f 64
227572893437 f88b1bdb00cf1e5f 64
227572928522 f88b1bdb00cf1e5f 64
227572961245 f88b1bdb00cf1e5f 64
227573003816 f88b1bdb00cf1e5f 64
227573034970 f88b1bdb00cf1e5f 64
227573078438 f88b1bdb00cf1e5f 64
227573109087 f88b1bdb00cf1e5f 64
227573143973 f88b1bdb00cf1e5f 64
227573175644 f88b1bdb00cf1e5f 64
227573207987 f88b1bdb00cf1e5f 64
227573240100 f88b1bdb00cf1e5f 64
227573272312 f88b1bdb00cf1e5f 65
227573304446 f88b1bdb00cf1e5f 65
227573337248 f88b1bdb00cf1e5f 65
227573370020 f88b1bdb00cf1e5f 65
227573405293 f88b1bdb00cf1e5f 65
227573448642 f88b1bdb00cf1e5f 65
227573480427 f88b1bdb00cf1e5f 65
227573524729 f88b1bdb00cf1e5f 65
227573557309 f88b1bdb00cf1e5f 65
227573602005 f88b1bdb00cf1e5f 65
227573647036 f88b1bdb00cf1e5f 65
227573680766 f88b1bdb00cf1e5f 65
227573723363 f88b1bdb00cf1e5f 65
227573732352 f88b1bdb00cf1e5f 65
227573753560 f88b1bdb00cf1e5f 66
227573766239 f88b1bdb00cf1e5f 56
227573776295 f88b1bdb00cf1e5f 56
227573821694 f88b1bdb00cf1e5f 56
227573854702 f88b1bdb00cf1e5f 56
227573896002 f88b1bdb00cf1e5f 56
227573926696 f88b1bdb00cf1e5f 56
227573958523 f88b1bdb00cf1e5f 56
227573989389 f88b1bdb00cf1e5f 56
227574034849 f88b1bdb00cf1e5f 56
227574066542 f88b1bdb00cf1e5f 56
227574100760 f88b1bdb00cf1e5f 56
227574130499 f88b1bdb00cf1e5f 56
227574163167 f88b1bdb00cf1e5f 56
227574196691 f88b1bdb00cf1e5f 56
227574212503 f88b1bdb00cf1e5f 56
227574235382 f88b1bdb00cf1e5f 56
227574256219 f88b1bdb00cf1e5f 56
227574266497 f88b1bdb00cf1e5f 56
227574302128 f88b1bdb00cf1e5f 56
227574346259 f88b1bdb00cf1e5f 56
227574388958 f88b1bdb00cf1e5f 56
227574420328 f88b1bdb00cf1e5f 56
227574453371 f88b1bdb00cf1e5f 56
227574484284 f88b1bdb00cf1e5f 56
227574529072 f88b1bdb00cf1e5f 56
227574585600 f88b1bdb00cf1e5f 56
227574630325 f88b1bdb00cf1e5f 56
227574659766 f88b1bdb00cf1e5f 56
227574698028 f88b1bdb00cf1e5f 56
227574740716 f88b1bdb00cf1e5f 56
227574785511 f88b1bdb00cf1e5f 56
227574816278 f88b1bdb00cf1e5f 56
227574861322 f88b1bdb00cf1e5f 56
227574895534 f88b1bdb00cf1e5f 56
227574937225 f88b1bdb00cf1e5f 57
227574968808 f88b1bdb00cf1e5f 59
227575000080 f88b1bdb00cf1e5f 59
227575068201 f88b1bdb00cf1e5f 60
227575099491 f88b1bdb00cf1e5f 61
227575153771 f88b1bdb00cf1e5f 62
227575185652 f88b1bdb00cf1e5f 62
227575217413 f88b1bdb00cf1e5f 62
227575253681 f88b1bdb00cf1e5f 63
227575284975 f88b1bdb00cf1e5f 63
227575313695 f88b1bdb00cf1e5f 63
227575348043 f88b1bdb00cf1e5f 64
227575379009 f88b1bdb00cf1e5f 64
227575409353 f88b1bdb00cf1e5f 64
227575419064 f88b1bdb00cf1e5f 64
227575429226 f88b1bdb00cf1e5f 54
227575464330 f88b1bdb00cf1e5f 54
227575500207 f88b1bdb00cf1e5f 54
227575555224 f88b1bdb00cf1e5f 54
227575587313 f88b1bdb00cf1e5f 54
227575621715 f88b1bdb00cf1e5f 54
227575655292 f88b1bdb00cf1e5f 54
227575710563 f88b1bdb00cf1e5f 54
227575744391 f88b1bdb00cf1e5f 54
227575779695 f88b1bdb00cf1e5f 54
227575822518 f88b1bdb00cf1e5f 54
227575858166 f88b1bdb00cf1e5f 54
227575912121 f88b1bdb00cf1e5f 54
227575945365 f88b1bdb00cf1e5f 54
227575988602 f88b1bdb00cf1e5f 54
227576019098 f88b1bdb00cf1e5f 54
227576025122 f88b1bdb00cf1e5f 54
227576061939 f88b1bdb00cf1e5f 54
227576069891 f88b1bdb00cf1e5f 54
227576103588 f88b1bdb00cf1e5f 54
227576138991 f88b1bdb00cf1e5f 54
227576173173 f88b1bdb00cf1e5f 54
227576226481 f88b1bdb00cf1e5f 54
227576259186 f88b1bdb00cf1e5f 54
227576288540 f88b1bdb00cf1e5f 54
227576333378 f88b1bdb00cf1e5f 54
227576365691 f88b1bdb00cf1e5f 54
227576396593 f88b1bdb00cf1e5f 54
227576440250 f88b1bdb00cf1e5f 54
227576473336 f88b1bdb00cf1e5f 54
227576503015 f88b1bdb00cf1e5f 54
227576535992 f88b1bdb00cf1e5f 54
227576571182 f88b1bdb00cf1e5f 55
227576602196 f88b1bdb00cf1e5f 56
227576657660 f88b1bdb00cf1e5f 57
227576712343 f88b1bdb00cf1e5f 57
227576760902 f88b1bdb00cf1e5f 57
227576812030 f88b1bdb00cf1e5f 58
227576847646 f88b1bdb00cf1e5f 58
227576891376 f88b1bdb00cf1e5f 58
227576936730 f88b1bdb00cf1e5f 58
227576969821 f88b1bdb00cf1e5f 58
227577005348 f88b1bdb00cf1e5f 58
227577060259 f88b1bdb00cf1e5f 58
227577096638 f88b1bdb00cf1e5f 58
227577122572 f88b1bdb00cf1e5f 58
227577156362 f88b1bdb00cf1e5f 58
227577212323 f88b1bdb00cf1e5f 59
227577243020 f88b1bdb00cf1e5f 59
227577288919 f88b1bdb00cf1e5f 59
227577319595 f88b1bdb00cf1e5f 59
227577348624 f88b1bdb00cf1e5f 59
227577383603 f88b1bdb00cf1e5f 59
227577416626 f88b1bdb00cf1e5f 59
227577447359 f88b1bdb00cf1e5f 59
227577491322 f88b1bdb00cf1e5f 59
227577523126 f88b1bdb00cf1e5f 59
227577555110 f88b1bdb00cf1e5f 59
227577588263 f88b1bdb00cf1e5f 59
227577620985 f88b1bdb00cf1e5f 59
227577651505 f88b1bdb00cf1e5f 59
227577705933 f88b1bdb00cf1e5f 59
227577737895 f88b1bdb00cf1e5f 59
227577771262 f88b1bdb00cf1e5f 59
227577804643 f88b1bdb00cf1e5f 59
227577850302 f88b1bdb00cf1e5f 59
227577895676 f88b1bdb00cf1e5f 59
227577939777 f88b1bdb00cf1e5f 59
227577984848 f88b1bdb00cf1e5f 59
227578020479 f88b1bdb00cf1e5f 59
227578049513 f88b1bdb00cf1e5f 59
227578095182 f88b1bdb00cf1e5f 59
227578139714 f88b1bdb00cf1e5f 59
227578173531 f88b1bdb00cf1e5f 59
227578204513 f88b1bdb00cf1e5f 59
227578250052 f88b1bdb00cf1e5f 59
227578279826 f88b1bdb00cf1e5f 59
227578325123 f88b1bdb00cf1e5f 59
227578355705 f88b1bdb00cf1e5f 59
227578390180 f88b1bdb00cf1e5f 59
227578421562 f88b1bdb00cf1e5f 59
227578452274 f88b1bdb00cf1e5f 59
227578497795 f88b1bdb00cf1e5f 59
227578528957 f88b1bdb00cf1e5f 59
227578563125 f88b1bdb00cf1e5f 59
227578605895 f88b1bdb00cf1e5f 59
227578636715 f88b1bdb00cf1e5f 59
227578668612 f88b1bdb00cf1e5f 59
227578702343 f88b1bdb00cf1e5f 59
227578745613 f88b1bdb00cf1e5f 59
227578777831 f88b1bdb00cf1e5f 59
227578811376 f88b1bdb00cf1e5f 59
227578843772 f88b1bdb00cf1e5f 59
227578874751 f88b1bdb00cf1e5f 59
227578906311 f88b1bdb00cf1e5f 59
227578938744 f88b1bdb00cf1e5f 59
227578983438 f88b1bdb00cf1e5f 59
227579016430 f88b1bdb00cf1e5f 59
227579061161 f88b1bdb00cf1e5f 59
227579103702 f88b1bdb00cf1e5f 59
227579137235 f88b1bdb00cf1e5f 59
227579168790 f88b1bdb00cf1e5f 59
227579214643 f88b1bdb00cf1e5f 59
227579245525 f88b1bdb00cf1e5f 60
227579291484 f88b1bdb00cf1e5f 60
227579321477 f88b1bdb00cf1e5f 60
227579353655 f88b1bdb00cf1e5f 60
227579396726 f88b1bdb00cf1e5f 60
227579430545 f88b1bdb00cf1e5f 60
227579461990 f88b1bdb00cf1e5f 60
227579505322 f88b1bdb00cf1e5f 60
227579536189 f88b1bdb00cf1e5f 60
227579567525 f88b1bdb00cf1e5f 60
227579600327 f88b1bdb00cf1e5f 60
227579616611 f88b1bdb00cf1e5f 60
227579638277 f88b1bdb00cf1e5f 60
227579648386 f88b1bdb00cf1e5f 51
227579659646 f88b1bdb00cf1e5f 51
227579693417 f88b1bdb00cf1e5f 51
227579727652 f88b1bdb00cf1e5f 51
227579760275 f88b1bdb00cf1e5f 51
227579791660 f88b1bdb00cf1e5f 51
227579824869 f88b1bdb00cf1e5f 51
227579857243 f88b1bdb00cf1e5f 51
227579889108 f88b1bdb00cf1e5f 51
227579922241 f88b1bdb00cf1e5f 51
227579954349 f88b1bdb00cf1e5f 51
227580000757 f88b1bdb00cf1e5f 51
227580032277 f88b1bdb00cf1e5f 51
227580065449 f88b1bdb00cf1e5f 51
227580097132 f88b1bdb00cf1e5f 51
227580143384 f88b1bdb00cf1e5f 51
227580186009 f88b1bdb00cf1e5f 51
227580219158 f88b1bdb00cf1e5f 51
227580261646 f88b1bdb00cf1e5f 51
227580294676 f88b1bdb00cf1e5f 51
227580338345 f88b1bdb00cf1e5f 51
227580369069 f88b1bdb00cf1e5f 51
227580401094 f88b1bdb00cf1e5f 51
227580434208 f88b1bdb00cf1e5f 51
227580464837 f88b1bdb00cf1e5f 51
227580497196 f88b1bdb00cf1e5f 51
227580529095 f88b1bdb00cf1e5f 51
227580571197 f88b1bdb00cf1e5f 51
227580603255 f88b1bdb00cf1e5f 51
227580647736 f88b1bdb00cf1e5f 51
227580676749 f88b1bdb00cf1e5f 52
227580711841 f88b1bdb00cf1e5f 53
227580741387 f88b1bdb00cf1e5f 54
227580774267 f88b1bdb00cf1e5f 55
227580807369 f88b1bdb00cf1e5f 55
227580839110 f88b1bdb00cf1e5f 56
227580869079 f88b1bdb00cf1e5f 56
227580903798 f88b1bdb00cf1e5f 57
227580947640 f88b1bdb00cf1e5f 58
227580991204 f88b1bdb00cf1e5f 59
227581045841 f88b1bdb00cf1e5f 59
227581088432 f88b1bdb00cf1e5f 59
227581119389 f88b1bdb00cf1e5f 60
227581150710 f88b1bdb00cf1e5f 60
227581182091 f88b1bdb00cf1e5f 60
227581214878 f88b1bdb00cf1e5f 60
227581259306 f88b1bdb00cf1e5f 60
227581290329 f88b1bdb00cf1e5f 60
227581321157 f88b1bdb00cf1e5f 60
227581376504 f88b1bdb00cf1e5f 60
227581407805 f88b1bdb00cf1e5f 60
227581439048 f88b1bdb00cf1e5f 60
227581471467 f88b1bdb00cf1e5f 60
227581504125 f88b1bdb00cf1e5f 60
227581535534 f88b1bdb00cf1e5f 60
227581580460 f88b1bdb00cf1e5f 60
227581611490 f88b1bdb00cf1e5f 60
227581642115 f88b1bdb00cf1e5f 60
227581674358 f88b1bdb00cf1e5f 60
227581709155 f88b1bdb00cf1e5f 60
227581745821 f88b1bdb00cf1e5f 60
227581773977 f88b1bdb00cf1e5f 60
227581805100 f88b1bdb00cf1e5f 60
227581850148 f88b1bdb00cf1e5f 60
227581882437 f88b1bdb00cf1e5f 60
227581915734 f88b1bdb00cf1e5f 60
227581947118 f88b1bdb00cf1e5f 60
227581978279 f88b1bdb00cf1e5f 60
227582007930 f88b1bdb00cf1e5f 60
227582063719 f88b1bdb00cf1e5f 60
227582096851 f88b1bdb00cf1e5f 60
227582125145 f88b1bdb00cf1e5f 60
227582169559 f88b1bdb00cf1e5f 60
227582200935 f88b1bdb00cf1e5f 60
227582232022 f88b1bdb00cf1e5f 60
227582276309 f88b1bdb00cf1e5f 60
227582336331 f88b1bdb00cf1e5f 60
227582364349 f88b1bdb00cf1e5f 60
227582393703 f88b1bdb00cf1e5f 60
227582428954 f88b1bdb00cf1e5f 60
227582458138 f88b1bdb00cf1e5f 60
227582490029 f88b1bdb00cf1e5f 60
227582536017 f88b1bdb00cf1e5f 60
227582566018 f88b1bdb00cf1e5f 60
227582596887 f88b1bdb00cf1e5f 60
227582629606 f88b1bdb00cf1e5f 60
227582674064 f88b1bdb00cf1e5f 60
227582684542 f88b1bdb00cf1e5f 60
227582695174 f88b1bdb00cf1e5f 51
227582704525 f88b1bdb00cf1e5f 51
227582740128 f88b1bdb00cf1e5f 51
227582772421 f88b1bdb00cf1e5f 51
227582805711 f88b1bdb00cf1e5f 51
227582839183 f88b1bdb00cf1e5f 51
227582875225 f88b1bdb00cf1e5f 51
227582903339 f88b1bdb00cf1e5f 51
227582933730 f88b1bdb00cf1e5f 51
227582963394 f88b1bdb00cf1e5f 51
227583019543 f88b1bdb00cf1e5f 51
227583051823 f88b1bdb00cf1e5f 51
227583087645 f88b1bdb00cf1e5f 51
227583131497 f88b1bdb00cf1e5f 51
227583159123 f88b1bdb00cf1e5f 51
227583192759 f88b1bdb00cf1e5f 51
227583224464 f88b1bdb00cf1e5f 51
227583252846 f88b1bdb00cf1e5f 51
227583291229 f88b1bdb00cf1e5f 51
227583318411 f88b1bdb00cf1e5f 51
227583349204 f88b1bdb00cf1e5f 51
227583384240 f88b1bdb00cf1e5f 51
227583415025 f88b1bdb00cf1e5f 51
227583445665 f88b1bdb00cf1e5f 51
227583490386 f88b1bdb00cf1e5f 51
227583521977 f88b1bdb00cf1e5f 51
227583556655 f88b1bdb00cf1e5f 51
227583607377 f88b1bdb00cf1e5f 51
227583651900 f88b1bdb00cf1e5f 52
227583706699 f88b1bdb00cf1e5f 53
227583739956 f88b1bdb00cf1e5f 53
227583773228 f88b1bdb00cf1e5f 54
227583818009 f88b1bdb00cf1e5f 55
227583849669 f88b1bdb00cf1e5f 56
227583876361 f88b1bdb00cf1e5f 56
227583911446 f88b1bdb00cf1e5f 56
227583920979 f88b1bdb00cf1e5f 48
227583931398 f88b1bdb00cf1e5f 48
227583967259 f88b1bdb00cf1e5f 48
227584022170 f88b1bdb00cf1e5f 48
227584053290 f88b1bdb00cf1e5f 48
227584083739 f88b1bdb00cf1e5f 48
227584114139 f88b1bdb00cf1e5f 48
227584148786 f88b1bdb00cf1e5f 48
227584191790 f88b1bdb00cf1e5f 48
227584222902 f88b1bdb00cf1e5f 48
227584278498 f88b1bdb00cf1e5f 48
227584310728 f88b1bdb00cf1e5f 48
227584354099 f88b1bdb00cf1e5f 48
227584384915 f88b1bdb00cf1e5f 48
227584416462 f88b1bdb00cf1e5f 48
227584461950 f88b1bdb00cf1e5f 48
227584517260 f88b1bdb00cf1e5f 48
227584538692 f88b1bdb00cf1e5f 48
227584548603 f88b1bdb00cf1e5f 48
227584558745 f88b1bdb00cf1e5f 48
227584568257 f88b1bdb00cf1e5f 48
227584639968 f88b1bdb00cf1e5f 48
227584694477 f88b1bdb00cf1e5f 48
227584726751 f88b1bdb00cf1e5f 48
227584757269 f88b1bdb00cf1e5f 48
227584791027 f88b1bdb00cf1e5f 48
227584821885 f88b1bdb00cf1e5f 48
227584848196 f88b1bdb00cf1e5f 49
227584873025 f88b1bdb00cf1e5f 49
227584882564 f88b1bdb00cf1e5f 50
227584894616 f88b1bdb00cf1e5f 42
227584904060 f88b1bdb00cf1e5f 42
227584939771 f88b1bdb00cf1e5f 42
227584969406 f88b1bdb00cf1e5f 42
227585004158 f88b1bdb00cf1e5f 42
227585034653 f88b1bdb00cf1e5f 42
227585078220 f88b1bdb00cf1e5f 42
227585133904 f88b1bdb00cf1e5f 42
227585168911 f88b1bdb00cf1e5f 42
227585200207 f88b1bdb00cf1e5f 42
227585232588 f88b1bdb00cf1e5f 42
227585264097 f88b1bdb00cf1e5f 42
227585292716 f88b1bdb00cf1e5f 42
227585326539 f88b1bdb00cf1e5f 42
227585361464 f88b1bdb00cf1e5f 42
227585372286 f88b1bdb00cf1e5f 42
227585407921 f88b1bdb00cf1e5f 42
227585461990 f88b1bdb00cf1e5f 42
227585521798 f88b1bdb00cf1e5f 42
227585565050 f88b1bdb00cf1e5f 42
227585596083 f88b1bdb00cf1e5f 42
227585650221 f88b1bdb00cf1e5f 42
227585683260 f88b1bdb00cf1e5f 42
227585736063 f88b1bdb00cf1e5f 42
227585767461 f88b1bdb00cf1e5f 44
227585798164 f88b1bdb00cf1e5f 44
227585832807 f88b1bdb00cf1e5f 44
227585863662 f88b1bdb00cf1e5f 44
227585900173 f88b1bdb00cf1e5f 44
227585940711 f88b1bdb00cf1e5f 45
227585961414 f88b1bdb00cf1e5f 45
227585994318 f88b1bdb00cf1e5f 45
227586004793 f88b1bdb00cf1e5f 38
227586015838 f88b1bdb00cf1e5f 38
227586050544 f88b1bdb00cf1e5f 38
227586105729 f88b1bdb00cf1e5f 38
227586136328 f88b1bdb00cf1e5f 38
227586183208 f88b1bdb00cf1e5f 38
227586215339 f88b1bdb00cf1e5f 38
227586295408 f88b1bdb00cf1e5f 38
227586330300 f88b1bdb00cf1e5f 38
227586365641 f88b1bdb00cf1e5f 38
227586420183 f88b1bdb00cf1e5f 38
227586475507 f88b1bdb00cf1e5f 38
227586492678 f88b1bdb00cf1e5f 38
227586526378 f88b1bdb00cf1e5f 38
227586536696 f88b1bdb00cf1e5f 38
227586548094 f88b1bdb00cf1e5f 38
227586584459 f88b1bdb00cf1e5f 38
227586613882 f88b1bdb00cf1e5f 38
227586672730 f88b1bdb00cf1e5f 38
227586703392 f88b1bdb00cf1e5f 38
227586735865 f88b1bdb00cf1e5f 38
227586765057 f88b1bdb00cf1e5f 38
227586774183 f88b1bdb00cf1e5f 38
227586808784 f88b1bdb00cf1e5f 38
227586820043 f88b1bdb00cf1e5f 38
227586902547 f88b1bdb00cf1e5f 38
227586933457 f88b1bdb00cf1e5f 40
227586989407 f88b1bdb00cf1e5f 40
227587044405 f88b1bdb00cf1e5f 40
227587092360 f88b1bdb00cf1e5f 40
227587121904 f88b1bdb00cf1e5f 40
227587180815 f88b1bdb00cf1e5f 40
227587190267 f88b1bdb00cf1e5f 34
227587203462 f88b1bdb00cf1e5f 34
227587249677 f88b1bdb00cf1e5f 34
227587281480 f88b1bdb00cf1e5f 34
227587313338 f88b1bdb00cf1e5f 34
227587357050 f88b1bdb00cf1e5f 34
227587388686 f88b1bdb00cf1e5f 34
227587422174 f88b1bdb00cf1e5f 34
227587454953 f88b1bdb00cf1e5f 34
227587485465 f88b1bdb00cf1e5f 34
227587515788 f88b1bdb00cf1e5f 34
227587525362 f88b1bdb00cf1e5f 34
227587547490 f88b1bdb00cf1e5f 34
227587561097 f88b1bdb00cf1e5f 34
227587606005 f88b1bdb00cf1e5f 34
227587650205 f88b1bdb00cf1e5f 34
227587681700 f88b1bdb00cf1e5f 34
227587713647 f88b1bdb00cf1e5f 34
227587757630 f88b1bdb00cf1e5f 34
227587802429 f88b1bdb00cf1e5f 34
227587835956 f88b1bdb00cf1e5f 34
227587880239 f88b1bdb00cf1e5f 34
227587961370 f88b1bdb00cf1e5f 35
227588039367 f88b1bdb00cf1e5f 36
227588070566 f88b1bdb00cf1e5f 37
227588116584 f88b1bdb00cf1e5f 38
227588148882 f88b1bdb00cf1e5f 38
227588180994 f88b1bdb00cf1e5f 38
227588212851 f88b1bdb00cf1e5f 38
227588266144 f88b1bdb00cf1e5f 38
227588298307 f88b1bdb00cf1e5f 38
227588331494 f88b1bdb00cf1e5f 38
227588402366 f88b1bdb00cf1e5f 39
227588436764 f88b1bdb00cf1e5f 39
227588487561 f88b1bdb00cf1e5f 39
227588542106 f88b1bdb00cf1e5f 39
227588598640 f88b1bdb00cf1e5f 39
227588633231 f88b1bdb00cf1e5f 39
227588679415 f88b1bdb00cf1e5f 39
227588734703 f88b1bdb00cf1e5f 39
227588771039 f88b1bdb00cf1e5f 40
227588813630 f88b1bdb00cf1e5f 40
227588859963 f88b1bdb00cf1e5f 40
227588884290 f88b1bdb00cf1e5f 40
227588911963 f88b1bdb00cf1e5f 40
227588957787 f88b1bdb00cf1e5f 40
227588991115 f88b1bdb00cf1e5f 40
227589041228 f88b1bdb00cf1e5f 40
227589073283 f88b1bdb00cf1e5f 40
227589126943 f88b1bdb00cf1e5f 40
227589206913 f88b1bdb00cf1e5f 40
227589253209 f88b1bdb00cf1e5f 40
227589288650 f88b1bdb00cf1e5f 40
227589319255 f88b1bdb00cf1e5f 40
227589351734 f88b1bdb00cf1e5f 40
227589385159 f88b1bdb00cf1e5f 40
227589418257 f88b1bdb00cf1e5f 40
227589451260 f88b1bdb00cf1e5f 40
227589485201 f88b1bdb00cf1e5f 40
227589535597 f88b1bdb00cf1e5f 40
227589543662 f88b1bdb00cf1e5f 40
227589573382 f88b1bdb00cf1e5f 40
227589595738 f88b1bdb00cf1e5f 34
227589607321 f88b1bdb00cf1e5f 34
227589641759 f88b1bdb00cf1e5f 34
227589676751 f88b1bdb00cf1e5f 34
227589709705 f88b1bdb00cf1e5f 34
227589741728 f88b1bdb00cf1e5f 34
227589775987 f88b1bdb00cf1e5f 34
227589807450 f88b1bdb00cf1e5f 34
227589840233 f88b1bdb00cf1e5f 34
227589870511 f88b1bdb00cf1e5f 34
227589902578 f88b1bdb00cf1e5f 34
227589949308 f88b1bdb00cf1e5f 34
227589981496 f88b1bdb00cf1e5f 34
227590016189 f88b1bdb00cf1e5f 34
227590059955 f88b1bdb00cf1e5f 34
227590107506 f88b1bdb00cf1e5f 34
227590151190 f88b1bdb00cf1e5f 34
227590180394 f88b1bdb00cf1e5f 34
227590214696 f88b1bdb00cf1e5f 34
227590246694 f88b1bdb00cf1e5f 34
227590292526 f88b1bdb00cf1e5f 34
227590335603 f88b1bdb00cf1e5f 34
227590380625 f88b1bdb00cf1e5f 34
227590415033 f88b1bdb00cf1e5f 34
227590449287 f88b1bdb00cf1e5f 35
227590506271 f88b1bdb00cf1e5f 35
227590550430 f88b1bdb00cf1e5f 37
227590593637 f88b1bdb00cf1e5f 37
227590626775 f88b1bdb00cf1e5f 37
227590658724 f88b1bdb00cf1e5f 37
227590688581 f88b1bdb00cf1e5f 37
227590723934 f88b1bdb00cf1e5f 37
227590755064 f88b1bdb00cf1e5f 37
227590787526 f88b1bdb00cf1e5f 37
227590834396 f88b1bdb00cf1e5f 38
227590879363 f88b1bdb00cf1e5f 38
227590909138 f88b1bdb00cf1e5f 38
227590945113 f88b1bdb00cf1e5f 39
227590976625 f88b1bdb00cf1e5f 39
227591006242 f88b1bdb00cf1e5f 39
227591039321 f88b1bdb00cf1e5f 39
227591049458 f88b1bdb00cf1e5f 39
227591070319 f88b1bdb00cf1e5f 33
227591104803 f88b1bdb00cf1e5f 33
227591140071 f88b1bdb00cf1e5f 33
227591175687 f88b1bdb00cf1e5f 33
227591208587 f88b1bdb00cf1e5f 33
227591252882 f88b1bdb00cf1e5f 33
227591309044 f88b1bdb00cf1e5f 33
227591339889 f88b1bdb00cf1e5f 33
227591374221 f88b1bdb00cf1e5f 33
227591405377 f88b1bdb00cf1e5f 33
227591460303 f88b1bdb00cf1e5f 33
227591507849 f88b1bdb00cf1e5f 33
227591568284 f88b1bdb00cf1e5f 33
227591594414 f88b1bdb00cf1e5f 33
227591623049 f88b1bdb00cf1e5f 33
227591692389 f88b1bdb00cf1e5f 33
227591725503 f88b1bdb00cf1e5f 33
227591771126 f88b1bdb00cf1e5f 33
227591812006 f88b1bdb00cf1e5f 34
227591871010 f88b1bdb00cf1e5f 34
227591902156 f88b1bdb00cf1e5f 35
227591950608 f88b1bdb00cf1e5f 36
227591980990 f88b1bdb00cf1e5f 37
227592017974 f88b1bdb00cf1e5f 37
227592072439 f88b1bdb00cf1e5f 37
227592115871 f88b1bdb00cf1e5f 37
227592145554 f88b1bdb00cf1e5f 37
227592181422 f88b1bdb00cf1e5f 37
227592233605 f88b1bdb00cf1e5f 38
227592278376 f88b1bdb00cf1e5f 38
227592312683 f88b1bdb00cf1e5f 38
227592381158 f88b1bdb00cf1e5f 38
227592411894 f88b1bdb00cf1e5f 38
227592468650 f88b1bdb00cf1e5f 38
227592498805 f88b1bdb00cf1e5f 38
227592552490 f88b1bdb00cf1e5f 38
227592590305 f88b1bdb00cf1e5f 39
227592619819 f88b1bdb00cf1e5f 39
227592663803 f88b1bdb00cf1e5f 39
227592720562 f88b1bdb00cf1e5f 39
227592751819 f88b1bdb00cf1e5f 39
227592806641 f88b1bdb00cf1e5f 39
227592838140 f88b1bdb00cf1e5f 39
227592874035 f88b1bdb00cf1e5f 39
227592916609 f88b1bdb00cf1e5f 39
227592948579 f88b1bdb00cf1e5f 39
227592992866 f88b1bdb00cf1e5f 39
227593056409 f88b1bdb00cf1e5f 39
227593079666 f88b1bdb00cf1e5f 39
227593135985 f88b1bdb00cf1e5f 39
227593168258 f88b1bdb00cf1e5f 39
227593200701 f88b1bdb00cf1e5f 39
227593231581 f88b1bdb00cf1e5f 39
227593264294 f88b1bdb00cf1e5f 39
227593309038 f88b1bdb00cf1e5f 39
227593328510 f88b1bdb00cf1e5f 39
227593360773 f88b1bdb00cf1e5f 39
227593395000 f88b1bdb00cf1e5f 39
227593425577 f88b1bdb00cf1e5f 39
227593461410 f88b1bdb00cf1e5f 39
227593502417 f88b1bdb00cf1e5f 39
227593534531 f88b1bdb00cf1e5f 39
227593566086 f88b1bdb00cf1e5f 39
227593600471 f88b1bdb00cf1e5f 39
227593631554 f88b1bdb00cf1e5f 39
227593672841 f88b1bdb00cf1e5f 39
227593707486 f88b1bdb00cf1e5f 39
227593740681 f88b1bdb00cf1e5f 39
227593772904 f88b1bdb00cf1e5f 39
227593806468 f88b1bdb00cf1e5f 39
227593838593 f88b1bdb00cf1e5f 39
227593888304 f88b1bdb00cf1e5f 39
227593925200 f88b1bdb00cf1e5f 39
227593961250 f88b1bdb00cf1e5f 39
227593990734 f88b1bdb00cf1e5f 39
227594023641 f88b1bdb00cf1e5f 39
227594054179 f88b1bdb00cf1e5f 39
227594100194 f88b1bdb00cf1e5f 39
227594129446 f88b1bdb00cf1e5f 39
227594160386 f88b1bdb00cf1e5f 39
227594193148 f88b1bdb00cf1e5f 39
227594237302 f88b1bdb00cf1e5f 39
227594268348 f88b1bdb00cf1e5f 39
227594308155 f88b1bdb00cf1e5f 39
227594331502 f88b1bdb00cf1e5f 39
227594363699 f88b1bdb00cf1e5f 39
227594373960 f88b1bdb00cf1e5f 39
227594392732 f88b1bdb00cf1e5f 39
227594403133 f88b1bdb00cf1e5f 33
227594413238 f88b1bdb00cf1e5f 33
227594448729 f88b1bdb00cf1e5f 33
227594481910 f88b1bdb00cf1e5f 33
227594525289 f88b1bdb00cf1e5f 33
227594558062 f88b1bdb00cf1e5f 33
227594591034 f88b1bdb00cf1e5f 33
227594621811 f88b1bdb00cf1e5f 33
227594653574 f88b1bdb00cf1e5f 33
227594688674 f88b1bdb00cf1e5f 33
227594720581 f88b1bdb00cf1e5f 33
227594776449 f88b1bdb00cf1e5f 33
227594804827 f88b1bdb00cf1e5f 33
227594835321 f88b1bdb00cf1e5f 33
227594867442 f88b1bdb00cf1e5f 33
227594928705 f88b1bdb00cf1e5f 33
227594953792 f88b1bdb00cf1e5f 33
227594985000 f88b1bdb00cf1e5f 33
227595029577 f88b1bdb00cf1e5f 34
227595059730 f88b1bdb00cf1e5f 36
227595139277 f88b1bdb00cf1e5f 36
227595193972 f88b1bdb00cf1e5f 37
227595225613 f88b1bdb00cf1e5f 37
227595280625 f88b1bdb00cf1e5f 37
227595312205 f88b1bdb00cf1e5f 37
227595365716 f88b1bdb00cf1e5f 37
227595399795 f88b1bdb00cf1e5f 37
227595432771 f88b1bdb00cf1e5f 38
227595464072 f88b1bdb00cf1e5f 38
227595498047 f88b1bdb00cf1e5f 38
227595531711 f88b1bdb00cf1e5f 38
227595590278 f88b1bdb00cf1e5f 38
227595621484 f88b1bdb00cf1e5f 38
227595652807 f88b1bdb00cf1e5f 38
227595688320 f88b1bdb00cf1e5f 38
227595721541 f88b1bdb00cf1e5f 38
227595752307 f88b1bdb00cf1e5f 38
227595800292 f88b1bdb00cf1e5f 39
227595830315 f88b1bdb00cf1e5f 39
227595860972 f88b1bdb00cf1e5f 39
227595905762 f88b1bdb00cf1e5f 39
227595937306 f88b1bdb00cf1e5f 39
227595991869 f88b1bdb00cf1e5f 39
227596024381 f88b1bdb00cf1e5f 39
227596054089 f88b1bdb00cf1e5f 39
227596085702 f88b1bdb00cf1e5f 39
227596129965 f88b1bdb00cf1e5f 39
227596160333 f88b1bdb00cf1e5f 39
227596203390 f88b1bdb00cf1e5f 39
227596235117 f88b1bdb00cf1e5f 39
227596265399 f88b1bdb00cf1e5f 39
227596310628 f88b1bdb00cf1e5f 39
227596355404 f88b1bdb00cf1e5f 39
227596387225 f88b1bdb00cf1e5f 39
227596425895 f88b1bdb00cf1e5f 39
227596466250 f88b1bdb00cf1e5f 39
227596497047 f88b1bdb00cf1e5f 39
227596552519 f88b1bdb00cf1e5f 39
227596584054 f88b1bdb00cf1e5f 39
227596638184 f88b1bdb00cf1e5f 39
227596668943 f88b1bdb00cf1e5f 39
227596700016 f88b1bdb00cf1e5f 39
227596731883 f88b1bdb00cf1e5f 39
227596777798 f88b1bdb00cf1e5f 39
227596807991 f88b1bdb00cf1e5f 39
227596838021 f88b1bdb00cf1e5f 39
227596881076 f88b1bdb00cf1e5f 39
227596913228 f88b1bdb00cf1e5f 39
227596967490 f88b1bdb00cf1e5f 39
227597013394 f88b1bdb00cf1e5f 39
227597044273 f88b1bdb00cf1e5f 39
227597079107 f88b1bdb00cf1e5f 39
227597123223 f88b1bdb00cf1e5f 39
227597154051 f88b1bdb00cf1e5f 39
227597209617 f88b1bdb00cf1e5f 39
227597241015 f88b1bdb00cf1e5f 39
227597295419 f88b1bdb00cf1e5f 39
227597327235 f88b1bdb00cf1e5f 39
227597356965 f88b1bdb00cf1e5f 39
227597388708 f88b1bdb00cf1e5f 39
227597423359 f88b1bdb00cf1e5f 39
227597453654 f88b1bdb00cf1e5f 39
227597484755 f88b1bdb00cf1e5f 39
227597515768 f88b1bdb00cf1e5f 39
227597570598 f88b1bdb00cf1e5f 39
227597603141 f88b1bdb00cf1e5f 39
227597636237 f88b1bdb00cf1e5f 39
227597682425 f88b1bdb00cf1e5f 39
227597713433 f88b1bdb00cf1e5f 40
227597748445 f88b1bdb00cf1e5f 40
227597792971 f88b1bdb00cf1e5f 40
227597823591 f88b1bdb00cf1e5f 40
227597879206 f88b1bdb00cf1e5f 40
227597909874 f88b1bdb00cf1e5f 40
227597965586 f88b1bdb00cf1e5f 40
227597996506 f88b1bdb00cf1e5f 40
227598031049 f88b1bdb00cf1e5f 40
227598059285 f88b1bdb00cf1e5f 40
227598078340 f88b1bdb00cf1e5f 40
227598088994 f88b1bdb00cf1e5f 40
227598098365 f88b1bdb00cf1e5f 34
227598109233 f88b1bdb00cf1e5f 34
227598144016 f88b1bdb00cf1e5f 34
227598175316 f88b1bdb00cf1e5f 34
227598219404 f88b1bdb00cf1e5f 34
227598251382 f88b1bdb00cf1e5f 34
227598295380 f88b1bdb00cf1e5f 34
227598340255 f88b1bdb00cf1e5f 34
227598370911 f88b1bdb00cf1e5f 34
227598432189 f88b1bdb00cf1e5f 34
227598476375 f88b1bdb00cf1e5f 34
227598507869 f88b1bdb00cf1e5f 34
227598562367 f88b1bdb00cf1e5f 34
227598595648 f88b1bdb00cf1e5f 34
227598648846 f88b1bdb00cf1e5f 34
227598683754 f88b1bdb00cf1e5f 34
227598711104 f88b1bdb00cf1e5f 34
227598765922 f88b1bdb00cf1e5f 34
227598797145 f88b1bdb00cf1e5f 35
227598829904 f88b1bdb00cf1e5f 36
227598883227 f88b1bdb00cf1e5f 37
227598917747 f88b1bdb00cf1e5f 37
227598983969 f88b1bdb00cf1e5f 37
227599028783 f88b1bdb00cf1e5f 37
227599083218 f88b1bdb00cf1e5f 38
227599118194 f88b1bdb00cf1e5f 38
227599177032 f88b1bdb00cf1e5f 38
227599209257 f88b1bdb00cf1e5f 38
227599254035 f88b1bdb00cf1e5f 38
227599288222 f88b1bdb00cf1e5f 38
227599328513 f88b1bdb00cf1e5f 38
227599360600 f88b1bdb00cf1e5f 38
227599391438 f88b1bdb00cf1e5f 39
227599425580 f88b1bdb00cf1e5f 39
227599456727 f88b1bdb00cf1e5f 39
227599487848 f88b1bdb00cf1e5f 39
227599567553 f88b1bdb00cf1e5f 39
227599599922 f88b1bdb00cf1e5f 39
227599640348 f88b1bdb00cf1e5f 39
227599711030 f88b1bdb00cf1e5f 39
227599740153 f88b1bdb00cf1e5f 39
227599775636 f88b1bdb00cf1e5f 39
227599809095 f88b1bdb00cf1e5f 39
227599840872 f88b1bdb00cf1e5f 39
227599900621 f88b1bdb00cf1e5f 39
227599934687 f88b1bdb00cf1e5f 39
227599969418 f88b1bdb00cf1e5f 40
227600025032 f88b1bdb00cf1e5f 40
227600055884 f88b1bdb00cf1e5f 40
227600134555 f88b1bdb00cf1e5f 40
227600166817 f88b1bdb00cf1e5f 40
227600195978 f88b1bdb00cf1e5f 40
227600230702 f88b1bdb00cf1e5f 40
227600261818 f88b1bdb00cf1e5f 40
227600292536 f88b1bdb00cf1e5f 40
227600371634 f88b1bdb00cf1e5f 40
227600417956 f88b1bdb00cf1e5f 40
227600448979 f88b1bdb00cf1e5f 40
227600528426 f88b1bdb00cf1e5f 40
227600560916 f88b1bdb00cf1e5f 40
227600595727 f88b1bdb00cf1e5f 40
227600640379 f88b1bdb00cf1e5f 40
227600672246 f88b1bdb00cf1e5f 40
227600740632 f88b1bdb00cf1e5f 40
227600847003 f88b1bdb00cf1e5f 40
227600880828 f88b1bdb00cf1e5f 40
227600960225 f88b1bdb00cf1e5f 40
227600991385 f88b1bdb00cf1e5f 40
227601036931 f88b1bdb00cf1e5f 40
227601092529 f88b1bdb00cf1e5f 40
227601125022 f88b1bdb00cf1e5f 40
227601168383 f88b1bdb00cf1e5f 40
227601199502 f88b1bdb00cf1e5f 40
227601229488 f88b1bdb00cf1e5f 40
227601299499 f88b1bdb00cf1e5f 40
227601345277 f88b1bdb00cf1e5f 40
227601401551 f88b1bdb00cf1e5f 40
227601432446 f88b1bdb00cf1e5f 40
227601488746 f88b1bdb00cf1e5f 40
227601557175 f88b1bdb00cf1e5f 40
227601593011 f88b1bdb00cf1e5f 40
227601626096 f88b1bdb00cf1e5f 40
227601671092 f88b1bdb00cf1e5f 40
227601713282 f88b1bdb00cf1e5f 40
227601746737 f88b1bdb00cf1e5f 40
227601791568 f88b1bdb00cf1e5f 40
227601850608 f88b1bdb00cf1e5f 40
227601860477 f88b1bdb00cf1e5f 40
227601870832 f88b1bdb00cf1e5f 40
227601904684 f88b1bdb00cf1e5f 34
227601915637 f88b1bdb00cf1e5f 34
227601950830 f88b1bdb00cf1e5f 34
227601984735 f88b1bdb00cf1e5f 34
227602017647 f88b1bdb00cf1e5f 34
227602048959 f88b1bdb00cf1e5f 34
227602081931 f88b1bdb00cf1e5f 34
227602113147 f88b1bdb00cf1e5f 34
227602155300 f88b1bdb00cf1e5f 34
227602199837 f88b1bdb00cf1e5f 34
227602233339 f88b1bdb00cf1e5f 34
227602268389 f88b1bdb00cf1e5f 34
227602314540 f88b1bdb00cf1e5f 34
227602343166 f88b1bdb00cf1e5f 34
227602401313 f88b1bdb00cf1e5f 34
227602467548 f88b1bdb00cf1e5f 34
227602502803 f88b1bdb00cf1e5f 34
227602549326 f88b1bdb00cf1e5f 34
227602579938 f88b1bdb00cf1e5f 34
227602615890 f88b1bdb00cf1e5f 34
227602660853 f88b1bdb00cf1e5f 34
227602704605 f88b1bdb00cf1e5f 34
227602760416 f88b1bdb00cf1e5f 34
227602796024 f88b1bdb00cf1e5f 35
227602827098 f88b1bdb00cf1e5f 35
227602876343 f88b1bdb00cf1e5f 36
227602905231 f88b1bdb00cf1e5f 37
227602942790 f88b1bdb00cf1e5f 37
227602972398 f88b1bdb00cf1e5f 37
227602997876 f88b1bdb00cf1e5f 37
227603035428 f88b1bdb00cf1e5f 38
227603068611 f88b1bdb00cf1e5f 38
227603102671 f88b1bdb00cf1e5f 38
227603143189 f88b1bdb00cf1e5f 38
227603169817 f88b1bdb00cf1e5f 39
227603216576 f88b1bdb00cf1e5f 39
227603290748 f88b1bdb00cf1e5f 39
227603349617 f88b1bdb00cf1e5f 39
227603403265 f88b1bdb00cf1e5f 40
227603440307 f88b1bdb00cf1e5f 40
227603484916 f88b1bdb00cf1e5f 40
227603518757 f88b1bdb00cf1e5f 40
227603577412 f88b1bdb00cf1e5f 40
227603622388 f88b1bdb00cf1e5f 40
227603669133 f88b1bdb00cf1e5f 40
227603726481 f88b1bdb00cf1e5f 40
227603781220 f88b1bdb00cf1e5f 40
227603816114 f88b1bdb00cf1e5f 40
227603857218 f88b1bdb00cf1e5f 40
227603888896 f88b1bdb00cf1e5f 40
227603943342 f88b1bdb00cf1e5f 40
227603990749 f88b1bdb00cf1e5f 40
227604023248 f88b1bdb00cf1e5f 40
227604068195 f88b1bdb00cf1e5f 40
227604095906 f88b1bdb00cf1e5f 40
227604152806 f88b1bdb00cf1e5f 40
227604198627 f88b1bdb00cf1e5f 40
227604276587 f88b1bdb00cf1e5f 40
227604332174 f88b1bdb00cf1e5f 40
227604376929 f88b1bdb00cf1e5f 40
227604411887 f88b1bdb00cf1e5f 40
227604457515 f88b1bdb00cf1e5f 40
227604501113 f88b1bdb00cf1e5f 40
227604560239 f88b1bdb00cf1e5f 40
227604638792 f88b1bdb00cf1e5f 40
227604695829 f88b1bdb00cf1e5f 40
227604742051 f88b1bdb00cf1e5f 40
227604771399 f88b1bdb00cf1e5f 40
227604803315 f88b1bdb00cf1e5f 40
227604838655 f88b1bdb00cf1e5f 40
227604872118 f88b1bdb00cf1e5f 40
227604906706 f88b1bdb00cf1e5f 40
227604939974 f88b1bdb00cf1e5f 40
227604987438 f88b1bdb00cf1e5f 40
227605011566 f88b1bdb00cf1e5f 40
227605048752 f88b1bdb00cf1e5f 40
227605083271 f88b1bdb00cf1e5f 40
227605130420 f88b1bdb00cf1e5f 40
227605168325 f88b1bdb00cf1e5f 40
227605194800 f88b1bdb00cf1e5f 40
227605245751 f88b1bdb00cf1e5f 40
227605272867 f88b1bdb00cf1e5f 40
227605304101 f88b1bdb00cf1e5f 40
227605358871 f88b1bdb00cf1e5f 40
227605392066 f88b1bdb00cf1e5f 40
227605426700 f88b1bdb00cf1e5f 40
227605459492 f88b1bdb00cf1e5f 41
227605504276 f88b1bdb00cf1e5f 41
227605549007 f88b1bdb00cf1e5f 41
227605594558 f88b1bdb00cf1e5f 41
227605626449 f88b1bdb00cf1e5f 41
227605672050 f88b1bdb00cf1e5f 41
227605705464 f88b1bdb00cf1e5f 41
227605738755 f88b1bdb00cf1e5f 41
227605771796 f88b1bdb00cf1e5f 41
227605804433 f88b1bdb00cf1e5f 41
227605837181 f88b1bdb00cf1e5f 41
227605867369 f88b1bdb00cf1e5f 41
227605903400 f88b1bdb00cf1e5f 41
227605935046 f88b1bdb00cf1e5f 41
227605980241 f88b1bdb00cf1e5f 41
227606024778 f88b1bdb00cf1e5f 41
227606055494 f88b1bdb00cf1e5f 41
227606090245 f88b1bdb00cf1e5f 41
227606146500 f88b1bdb00cf1e5f 41
227606201929 f88b1bdb00cf1e5f 41
227606255962 f88b1bdb00cf1e5f 41
227606302139 f88b1bdb00cf1e5f 41
227607181557 f88b1bdb00cf1e5f 34
227607199217 f88b1bdb00cf1e5f 34
