229194531117 1721eb871871e569 32
229194532276 1721eb871871e569 32
229194537581 1721eb871871e569 32
229194546116 1721eb871871e569 32
229195171246 1721eb871871e569 33
229195182820 1721eb871871e569 34
229195197102 1721eb871871e569 35
229195212776 1721eb871871e569 36
229195302338 1721eb871871e569 38
229195346105 1721eb871871e569 40
229195384800 1721eb871871e569 42
229195431578 1721eb871871e569 43
229195494964 1721eb871871e569 43
229195535540 1721eb871871e569 43
229195577808 1721eb871871e569 43
229195623436 1721eb871871e569 43
229195689523 1721eb871871e569 43
229195730253 1721eb871871e569 43
229195771013 1721eb871871e569 43
229195815737 1721eb871871e569 43
229195882065 1721eb871871e569 43
229195924156 1721eb871871e569 43
229196007318 1721eb871871e569 43
229196033481 1721eb871871e569 43
229196098313 1721eb871871e569 43
229196138757 1721eb871871e569 43
229196205227 1721eb871871e569 43
229196252158 1721eb871871e569 43
229196560862 1721eb871871e569 44
229196605506 1721eb871871e569 44
229196715194 1721eb871871e569 45
229196757250 1721eb871871e569 45
229196848890 1721eb871871e569 45
229196888199 1721eb871871e569 45
229196931690 1721eb871871e569 45
229196952208 1721eb871871e569 46
229196978404 1721eb871871e569 39
229196996060 1721eb871871e569 39
229197034094 1721eb871871e569 39
229197080611 1721eb871871e569 39
229197120069 1721eb871871e569 39
229197185147 1721eb871871e569 39
229197226400 1721eb871871e569 39
229197267741 1721eb871871e569 39
229197338045 1721eb871871e569 39
229197378224 1721eb871871e569 39
229197419667 1721eb871871e569 39
229197460776 1721eb871871e569 39
229197527318 1721eb871871e569 39
229197595056 1721eb871871e569 39
229197643147 1721eb871871e569 39
229197703998 1721eb871871e569 39
229197749496 1721eb871871e569 39
229197802753 1721eb871871e569 39
229197834818 1721eb871871e569 39
229197877157 1721eb871871e569 39
229197915982 1721eb871871e569 39
229197987383 1721eb871871e569 39
229198250663 1721eb871871e569 39
229198314412 1721eb871871e569 39
229198359009 1721eb871871e569 39
229198450931 1721eb871871e569 39
229198520128 1721eb871871e569 39
229198559723 1721eb871871e569 39
229198628579 1721eb871871e569 39
229198669628 1721eb871871e569 39
229198712491 1721eb871871e569 39
229198754461 1721eb871871e569 40
229198797085 1721eb871871e569 40
229198883430 1721eb871871e569 41
229198949918 1721eb871871e569 41
229198990768 1721eb871871e569 41
229199031724 1721eb871871e569 41
229199100387 1721eb871871e569 42
229199145220 1721eb871871e569 42
229199188692 1721eb871871e569 42
229199228798 1721eb871871e569 42
229199294195 1721eb871871e569 42
229199335697 1721eb871871e569 42
229199453291 1721eb871871e569 43
229199494097 1721eb871871e569 43
229199542727 1721eb871871e569 44
229199581346 1721eb871871e569 44
229199621936 1721eb871871e569 44
229199692369 1721eb871871e569 45
229199832268 1721eb871871e569 45
229200190382 1721eb871871e569 45
229200280265 1721eb871871e569 45
229200419309 1721eb871871e569 46
229200487700 1721eb871871e569 46
229200625814 1721eb871871e569 46
229200666862 1721eb871871e569 46
229200708391 1721eb871871e569 46
229200748711 1721eb871871e569 46
229200865640 1721eb871871e569 46
229200905161 1721eb871871e569 46
229200972507 1721eb871871e569 46
229201015710 1721eb871871e569 46
229201105249 1721eb871871e569 46
229201145155 1721eb871871e569 46
229201237441 1721eb871871e569 46
229201280955 1721eb871871e569 46
229201315359 1721eb871871e569 46
229201452979 1721eb871871e569 46
229201543814 1721eb871871e569 46
229201587875 1721eb871871e569 46
229201657598 1721eb871871e569 46
229201695362 1721eb871871e569 46
229201736776 1721eb871871e569 46
229201808114 1721eb871871e569 46
229201849935 1721eb871871e569 46
229201985061 1721eb871871e569 46
229202172956 1721eb871871e569 47
229202216339 1721eb871871e569 47
229202303236 1721eb871871e569 47
229202713158 1721eb871871e569 47
229202780376 1721eb871871e569 48
229202849551 1721eb871871e569 48
229202968132 1721eb871871e569 49
229203084997 1721eb871871e569 49
229203159469 1721eb871871e569 49
229203200388 1721eb871871e569 50
229203341472 1721eb871871e569 51
229203381307 1721eb871871e569 52
229203426198 1721eb871871e569 52
229203468604 1721eb871871e569 52
229203560649 1721eb871871e569 53
229203601911 1721eb871871e569 53
229203692086 1721eb871871e569 53
229203734039 1721eb871871e569 53
229203783225 1721eb871871e569 53
229203852218 1721eb871871e569 53
229203888773 1721eb871871e569 53
229204002722 1721eb871871e569 53
229204044451 1721eb871871e569 54
229204110815 1721eb871871e569 54
229204203102 1721eb871871e569 54
229204293234 1721eb871871e569 54
229204359881 1721eb871871e569 54
229204428854 1721eb871871e569 54
229204475627 1721eb871871e569 54
229204543269 1721eb871871e569 54
229204584681 1721eb871871e569 54
229204651672 1721eb871871e569 54
229204719377 1721eb871871e569 55
229204759310 1721eb871871e569 55
229204852566 1721eb871871e569 55
229204942056 1721eb871871e569 55
229205081180 1721eb871871e569 56
229205247064 1721eb871871e569 56
229205288890 1721eb871871e569 57
229205361629 1721eb871871e569 57
229205544369 1721eb871871e569 57
229206001864 1721eb871871e569 58
229206119473 1721eb871871e569 58
229206189370 1721eb871871e569 59
229206374535 1721eb871871e569 60
229206491548 1721eb871871e569 60
229206563416 1721eb871871e569 60
229206654439 1721eb871871e569 61
229206724003 1721eb871871e569 61
229206841227 1721eb871871e569 62
229206910933 1721eb871871e569 63
229206953513 1721eb871871e569 63
229207093586 1721eb871871e569 64
229207186843 1721eb871871e569 65
229207225026 1721eb871871e569 66
229207358514 1721eb871871e569 67
229207400539 1721eb871871e569 67
229207517248 1721eb871871e569 67
229207580252 1721eb871871e569 67
229207673043 1721eb871871e569 67
229207714730 1721eb871871e569 67
229207783121 1721eb871871e569 67
229207823996 1721eb871871e569 67
229207939990 1721eb871871e569 67
229208008134 1721eb871871e569 67
229208050948 1721eb871871e569 67
229208168603 1721eb871871e569 67
229208256048 1721eb871871e569 68
229208299916 1721eb871871e569 68
229208416384 1721eb871871e569 68
229208485614 1721eb871871e569 68
229208526814 1721eb871871e569 68
229208665278 1721eb871871e569 69
229208707402 1721eb871871e569 69
229208751780 1721eb871871e569 69
229208844859 1721eb871871e569 69
229208937616 1721eb871871e569 70
229208978946 1721eb871871e569 70
229209092975 1721eb871871e569 70
229209163446 1721eb871871e569 71
229209281862 1721eb871871e569 71
229209448551 1721eb871871e569 72
229209518593 1721eb871871e569 72
229209586006 1721eb871871e569 73
229209676057 1721eb871871e569 73
229209770474 1721eb871871e569 74
229209860927 1721eb871871e569 74
229209955998 1721eb871871e569 75
229210628982 1721eb871871e569 75
229210723811 1721eb871871e569 75
229210816638 1721eb871871e569 76
229210888092 1721eb871871e569 76
229210979281 1721eb871871e569 77
229211028122 1721eb871871e569 77
229211189653 1721eb871871e569 78
229211283308 1721eb871871e569 78
229211376690 1721eb871871e569 78
229211470021 1721eb871871e569 79
229211538585 1721eb871871e569 79
229211586045 1721eb871871e569 80
229211630923 1721eb871871e569 80
229211681010 1721eb871871e569 81
229211744404 1721eb871871e569 81
229211791844 1721eb871871e569 82
229211855342 1721eb871871e569 82
229211900049 1721eb871871e569 83
229211947268 1721eb871871e569 83
229212009363 1721eb871871e569 83
229212050910 1721eb871871e569 83
229212094238 1721eb871871e569 83
229212138688 1721eb871871e569 83
229212159833 1721eb871871e569 71
229212180328 1721eb871871e569 71
229212226786 1721eb871871e569 71
229212296010 1721eb871871e569 71
229212338365 1721eb871871e569 71
229212381861 1721eb871871e569 71
229212447051 1721eb871871e569 71
229212512698 1721eb871871e569 71
229212554252 1721eb871871e569 71
229212599324 1721eb871871e569 71
229212647302 1721eb871871e569 71
229212689354 1721eb871871e569 71
229212736012 1721eb871871e569 71
229212779050 1721eb871871e569 71
229212820642 1721eb871871e569 71
229212864886 1721eb871871e569 71
229212910713 1721eb871871e569 71
229212952533 1721eb871871e569 71
229213020419 1721eb871871e569 71
229213062309 1721eb871871e569 71
229213131692 1721eb871871e569 71
229213176685 1721eb871871e569 71
229213227040 1721eb871871e569 71
229213253433 1721eb871871e569 71
229213293373 1721eb871871e569 71
229213337534 1721eb871871e569 71
229213382188 1721eb871871e569 71
229213425506 1721eb871871e569 71
229213494238 1721eb871871e569 71
229213557981 1721eb871871e569 71
229213602618 1721eb871871e569 71
229213669777 1721eb871871e569 71
229213718098 1721eb871871e569 71
229213768994 1721eb871871e569 71
229213823757 1721eb871871e569 71
229213868878 1721eb871871e569 71
229213943766 1721eb871871e569 71
229213984702 1721eb871871e569 71
229214099785 1721eb871871e569 71
229214146952 1721eb871871e569 71
229214210968 1721eb871871e569 71
229214256966 1721eb871871e569 71
229214350729 1721eb871871e569 71
229214401065 1721eb871871e569 71
229214442442 1721eb871871e569 71
229214483404 1721eb871871e569 71
229214525649 1721eb871871e569 71
229214571317 1721eb871871e569 71
229215053495 1721eb871871e569 71
229215097076 1721eb871871e569 71
229215142781 1721eb871871e569 71
229215211154 1721eb871871e569 71
229215256011 1721eb871871e569 71
229215301383 1721eb871871e569 71
229215369925 1721eb871871e569 71
229215461133 1721eb871871e569 71
229215552676 1721eb871871e569 71
229215600094 1721eb871871e569 71
229215643021 1721eb871871e569 71
229215688966 1721eb871871e569 71
229215757198 1721eb871871e569 71
229215801635 1721eb871871e569 71
229215871732 1721eb871871e569 71
229215916811 1721eb871871e569 71
229215960701 1721eb871871e569 71
229216008911 1721eb871871e569 71
229216075332 1721eb871871e569 71
229216120012 1721eb871871e569 71
229216209540 1721eb871871e569 71
229216254389 1721eb871871e569 71
229216320775 1721eb871871e569 71
229216361291 1721eb871871e569 71
229216431732 1721eb871871e569 71
229216520531 1721eb871871e569 71
229216584882 1721eb871871e569 71
229216630262 1721eb871871e569 72
229216675104 1721eb871871e569 73
229216766449 1721eb871871e569 73
229216809337 1721eb871871e569 74
229216875490 1721eb871871e569 74
229216943931 1721eb871871e569 74
229216991113 1721eb871871e569 74
229217034149 1721eb871871e569 74
229217078668 1721eb871871e569 74
229217168480 1721eb871871e569 75
229217213449 1721eb871871e569 75
229217304650 1721eb871871e569 75
229217395522 1721eb871871e569 76
229217439861 1721eb871871e569 76
229217510323 1721eb871871e569 77
229217554435 1721eb871871e569 77
229217600187 1721eb871871e569 77
229217668475 1721eb871871e569 77
229217712601 1721eb871871e569 78
229217778453 1721eb871871e569 78
229217848912 1721eb871871e569 78
229217892505 1721eb871871e569 79
229217957698 1721eb871871e569 79
229218051844 1721eb871871e569 80
229218091823 1721eb871871e569 80
229218161237 1721eb871871e569 80
229218251931 1721eb871871e569 80
229218372718 1721eb871871e569 80
229218459491 1721eb871871e569 81
229218529006 1721eb871871e569 82
229218569537 1721eb871871e569 82
229218687385 1721eb871871e569 82
229218776981 1721eb871871e569 83
229218846828 1721eb871871e569 83
229218887380 1721eb871871e569 83
229218957924 1721eb871871e569 83
229219075742 1721eb871871e569 83
229219167952 1721eb871871e569 83
229219233430 1721eb871871e569 83
229219714265 1721eb871871e569 83
229219855498 1721eb871871e569 83
229219921899 1721eb871871e569 83
229219991207 1721eb871871e569 83
229220081049 1721eb871871e569 83
229220152429 1721eb871871e569 83
229220267464 1721eb871871e569 83
229220336059 1721eb871871e569 83
229220427257 1721eb871871e569 83
229220495776 1721eb871871e569 83
229220617220 1721eb871871e569 83
229220664244 1721eb871871e569 83
229220740961 1721eb871871e569 83
229220818879 1721eb871871e569 83
229220863194 1721eb871871e569 84
229220930776 1721eb871871e569 84
229221000540 1721eb871871e569 84
229221065536 1721eb871871e569 84
229221155045 1721eb871871e569 84
229221245133 1721eb871871e569 84
229221311270 1721eb871871e569 84
229221379577 1721eb871871e569 84
229221426784 1721eb871871e569 85
229221515946 1721eb871871e569 85
229221562118 1721eb871871e569 85
229221645005 1721eb871871e569 85
229221671151 1721eb871871e569 85
229221740795 1721eb871871e569 86
229221784959 1721eb871871e569 86
229221832258 1721eb871871e569 86
229221875705 1721eb871871e569 86
229221940752 1721eb871871e569 86
229221987168 1721eb871871e569 87
229222032872 1721eb871871e569 87
229222079407 1721eb871871e569 87
229222144956 1721eb871871e569 88
229222240023 1721eb871871e569 88
229222300661 1721eb871871e569 89
229222370061 1721eb871871e569 89
229222413639 1721eb871871e569 89
229222480233 1721eb871871e569 90
229222572609 1721eb871871e569 91
229222640845 1721eb871871e569 91
229222683735 1721eb871871e569 92
229222779694 1721eb871871e569 92
229222818022 1721eb871871e569 93
229222884776 1721eb871871e569 93
229222955917 1721eb871871e569 93
229222998502 1721eb871871e569 93
229223041377 1721eb871871e569 93
229223108438 1721eb871871e569 93
229223155549 1721eb871871e569 93
229223201637 1721eb871871e569 93
229223243983 1721eb871871e569 93
229223334797 1721eb871871e569 93
229223402260 1721eb871871e569 93
229223466101 1721eb871871e569 93
229223511399 1721eb871871e569 93
229223555981 1721eb871871e569 79
229223577071 1721eb871871e569 79
229223646974 1721eb871871e569 79
229223740102 1721eb871871e569 79
229223784838 1721eb871871e569 79
229223874865 1721eb871871e569 79
229223964319 1721eb871871e569 79
229224007813 1721eb871871e569 79
229224098915 1721eb871871e569 79
229224188606 1721eb871871e569 79
229224233563 1721eb871871e569 79
229224277684 1721eb871871e569 79
229224324308 1721eb871871e569 79
229224417134 1721eb871871e569 79
229224487874 1721eb871871e569 79
229225016168 1721eb871871e569 79
229225109067 1721eb871871e569 79
229225202742 1721eb871871e569 79
229225299403 1721eb871871e569 79
229225341913 1721eb871871e569 79
229225411144 1721eb871871e569 79
229225455835 1721eb871871e569 79
229225547950 1721eb871871e569 79
229225689424 1721eb871871e569 79
229225737135 1721eb871871e569 79
229225827359 1721eb871871e569 79
229225875423 1721eb871871e569 79
229225942035 1721eb871871e569 79
229226084032 1721eb871871e569 79
229226152767 1721eb871871e569 79
229226197245 1721eb871871e569 79
229226291994 1721eb871871e569 79
229226336150 1721eb871871e569 79
229226404858 1721eb871871e569 79
229226450488 1721eb871871e569 79
229226494769 1721eb871871e569 79
229226565008 1721eb871871e569 79
229226608496 1721eb871871e569 79
229226724005 1721eb871871e569 79
229226812906 1721eb871871e569 79
229226904571 1721eb871871e569 79
229226947965 1721eb871871e569 79
229227040846 1721eb871871e569 79
229227131320 1721eb871871e569 79
229227175841 1721eb871871e569 79
229227246324 1721eb871871e569 79
229227289508 1721eb871871e569 79
229227381083 1721eb871871e569 79
229227472323 1721eb871871e569 79
229227517208 1721eb871871e569 79
229227631247 1721eb871871e569 79
229227719888 1721eb871871e569 79
229227765305 1721eb871871e569 79
229227835138 1721eb871871e569 79
229227900806 1721eb871871e569 79
229227993338 1721eb871871e569 79
229228083117 1721eb871871e569 79
229228128838 1721eb871871e569 79
229228219161 1721eb871871e569 79
229228311509 1721eb871871e569 79
229228378056 1721eb871871e569 79
229228447338 1721eb871871e569 79
229228491731 1721eb871871e569 79
229228560184 1721eb871871e569 79
229228607356 1721eb871871e569 79
229228698586 1721eb871871e569 79
229228740346 1721eb871871e569 79
229228856918 1721eb871871e569 79
229228924441 1721eb871871e569 79
229228965077 1721eb871871e569 79
229229059773 1721eb871871e569 79
229229105597 1721eb871871e569 79
229229173081 1721eb871871e569 79
229229240112 1721eb871871e569 79
229229330792 1721eb871871e569 79
229229375213 1721eb871871e569 79
229229442985 1721eb871871e569 79
229229509321 1721eb871871e569 79
229229554057 1721eb871871e569 79
229229623990 1721eb871871e569 79
229229665291 1721eb871871e569 79
229229708269 1721eb871871e569 79
229229776222 1721eb871871e569 79
229229818187 1721eb871871e569 79
229229862965 1721eb871871e569 80
229229928194 1721eb871871e569 80
229229973429 1721eb871871e569 80
229230043200 1721eb871871e569 80
229230108779 1721eb871871e569 80
229230174842 1721eb871871e569 80
229230218522 1721eb871871e569 80
229230263829 1721eb871871e569 80
229230353060 1721eb871871e569 80
229230404064 1721eb871871e569 80
229230443083 1721eb871871e569 80
229230487963 1721eb871871e569 80
229230557437 1721eb871871e569 80
229230601539 1721eb871871e569 80
229230984850 1721eb871871e569 80
229231103184 1721eb871871e569 81
229231175340 1721eb871871e569 81
229231218987 1721eb871871e569 81
229231264228 1721eb871871e569 82
229231307284 1721eb871871e569 82
229231382115 1721eb871871e569 83
229231495437 1721eb871871e569 83
229231562875 1721eb871871e569 84
229231608170 1721eb871871e569 84
229231653236 1721eb871871e569 84
229231770597 1721eb871871e569 85
229231818895 1721eb871871e569 85
229231912869 1721eb871871e569 86
229231955424 1721eb871871e569 86
229231999137 1721eb871871e569 87
229232046000 1721eb871871e569 87
229232089581 1721eb871871e569 87
229232132693 1721eb871871e569 87
229232225351 1721eb871871e569 87
229232292628 1721eb871871e569 88
229232384562 1721eb871871e569 88
229232473012 1721eb871871e569 88
229232518291 1721eb871871e569 88
229232563658 1721eb871871e569 88
229232607369 1721eb871871e569 88
229232651990 1721eb871871e569 88
229232743358 1721eb871871e569 89
229232814982 1721eb871871e569 89
229232859072 1721eb871871e569 89
229232900451 1721eb871871e569 89
229232991495 1721eb871871e569 90
229233036682 1721eb871871e569 90
229233081627 1721eb871871e569 90
229233127327 1721eb871871e569 90
229233195037 1721eb871871e569 90
229233285767 1721eb871871e569 90
229233329745 1721eb871871e569 77
229233375917 1721eb871871e569 77
229233420802 1721eb871871e569 77
229233511242 1721eb871871e569 77
229233556079 1721eb871871e569 77
229233603592 1721eb871871e569 77
229233648398 1721eb871871e569 77
229233691988 1721eb871871e569 77
229233784251 1721eb871871e569 77
229233827678 1721eb871871e569 77
229233874175 1721eb871871e569 77
229233917594 1721eb871871e569 77
229233961413 1721eb871871e569 77
229234007604 1721eb871871e569 77
229234051088 1721eb871871e569 77
229234095371 1721eb871871e569 77
229234167417 1721eb871871e569 77
229234207793 1721eb871871e569 77
229234274528 1721eb871871e569 77
229234319627 1721eb871871e569 77
229234367646 1721eb871871e569 77
229234411154 1721eb871871e569 77
229234455309 1721eb871871e569 77
229234501360 1721eb871871e569 77
229234546018 1721eb871871e569 77
229234591391 1721eb871871e569 77
229234660391 1721eb871871e569 77
229234704546 1721eb871871e569 77
229234747465 1721eb871871e569 77
229234793188 1721eb871871e569 77
229234838490 1721eb871871e569 77
229234883536 1721eb871871e569 77
229234951287 1721eb871871e569 77
229235021597 1721eb871871e569 77
229235068173 1721eb871871e569 77
229235110974 1721eb871871e569 77
229235180594 1721eb871871e569 77
229235251060 1721eb871871e569 77
229235343065 1721eb871871e569 77
229235412542 1721eb871871e569 77
229235505147 1721eb871871e569 77
229235573326 1721eb871871e569 77
229235692649 1721eb871871e569 77
229235809992 1721eb871871e569 77
229235879559 1721eb871871e569 77
229235924306 1721eb871871e569 77
229236044543 1721eb871871e569 77
229236086583 1721eb871871e569 77
229236183514 1721eb871871e569 77
229236258943 1721eb871871e569 77
229236363874 1721eb871871e569 77
229236409474 1721eb871871e569 77
229236526327 1721eb871871e569 77
229236591787 1721eb871871e569 77
229236663471 1721eb871871e569 77
229236731527 1721eb871871e569 77
229236776018 1721eb871871e569 77
229236869032 1721eb871871e569 77
229236914101 1721eb871871e569 77
229236958473 1721eb871871e569 77
229237051749 1721eb871871e569 77
229237096163 1721eb871871e569 77
229237141021 1721eb871871e569 77
229237210502 1721eb871871e569 77
229237255934 1721eb871871e569 77
229237299871 1721eb871871e569 77
229237416215 1721eb871871e569 77
229237459128 1721eb871871e569 77
229237503777 1721eb871871e569 77
229237549458 1721eb871871e569 77
229237617265 1721eb871871e569 77
229237663192 1721eb871871e569 77
229237732312 1721eb871871e569 77
229237800551 1721eb871871e569 77
229237846240 1721eb871871e569 77
229237911704 1721eb871871e569 77
229238025453 1721eb871871e569 77
229238070917 1721eb871871e569 77
229238143119 1721eb871871e569 77
229238209627 1721eb871871e569 77
229238252254 1721eb871871e569 77
229238344159 1721eb871871e569 77
229238435527 1721eb871871e569 77
229238481524 1721eb871871e569 77
229238523780 1721eb871871e569 77
229238568476 1721eb871871e569 77
229238683269 1721eb871871e569 77
229238727367 1721eb871871e569 77
229238772712 1721eb871871e569 77
229238840899 1721eb871871e569 77
229238887080 1721eb871871e569 78
229238955389 1721eb871871e569 78
229239001137 1721eb871871e569 78
229239070628 1721eb871871e569 79
229239139288 1721eb871871e569 80
229239277628 1721eb871871e569 81
229239368106 1721eb871871e569 81
229239413158 1721eb871871e569 81
229239507357 1721eb871871e569 82
229239575529 1721eb871871e569 83
229239621139 1721eb871871e569 83
229239667200 1721eb871871e569 83
229239756257 1721eb871871e569 83
229239822316 1721eb871871e569 83
229239891049 1721eb871871e569 83
229239935206 1721eb871871e569 83
229239979956 1721eb871871e569 83
229240049060 1721eb871871e569 83
229240094695 1721eb871871e569 83
229240138922 1721eb871871e569 83
229240211535 1721eb871871e569 83
229240257000 1721eb871871e569 83
229240323377 1721eb871871e569 83
229240367859 1721eb871871e569 83
229240436482 1721eb871871e569 84
229240504771 1721eb871871e569 84
229240600570 1721eb871871e569 84
229240645050 1721eb871871e569 84
229240689719 1721eb871871e569 84
229240760871 1721eb871871e569 84
229240851317 1721eb871871e569 84
229240992972 1721eb871871e569 84
229241111685 1721eb871871e569 84
229241179456 1721eb871871e569 84
229241322381 1721eb871871e569 84
229241439407 1721eb871871e569 84
229241509212 1721eb871871e569 84
229241553287 1721eb871871e569 84
229241720244 1721eb871871e569 84
229241813010 1721eb871871e569 84
229241882676 1721eb871871e569 84
229241951929 1721eb871871e569 84
229242020283 1721eb871871e569 84
229242064388 1721eb871871e569 84
229242184746 1721eb871871e569 84
229242275511 1721eb871871e569 85
229242320642 1721eb871871e569 85
229242388433 1721eb871871e569 85
229242480991 1721eb871871e569 85
229242524963 1721eb871871e569 85
229242569246 1721eb871871e569 85
229242662304 1721eb871871e569 86
229242752577 1721eb871871e569 86
229242794021 1721eb871871e569 86
229242864487 1721eb871871e569 87
229242908210 1721eb871871e569 87
229242953190 1721eb871871e569 87
229242997217 1721eb871871e569 87
229243042596 1721eb871871e569 87
229243087031 1721eb871871e569 88
229243131765 1721eb871871e569 88
229243180018 1721eb871871e569 88
229243223178 1721eb871871e569 89
229243288425 1721eb871871e569 89
229243332489 1721eb871871e569 89
229243377703 1721eb871871e569 89
229243425516 1721eb871871e569 89
229243467947 1721eb871871e569 89
229243512328 1721eb871871e569 89
229243577776 1721eb871871e569 89
229243647593 1721eb871871e569 89
229243712205 1721eb871871e569 89
229243757350 1721eb871871e569 89
229243802323 1721eb871871e569 89
229243891501 1721eb871871e569 89
229243959324 1721eb871871e569 89
229244002120 1721eb871871e569 89
229244047421 1721eb871871e569 89
229244091431 1721eb871871e569 89
229244143046 1721eb871871e569 89
229244183691 1721eb871871e569 89
229244249225 1721eb871871e569 89
229244293367 1721eb871871e569 89
229244338205 1721eb871871e569 89
229244382153 1721eb871871e569 89
229244428201 1721eb871871e569 89
229244473409 1721eb871871e569 89
229244517483 1721eb871871e569 89
229244583733 1721eb871871e569 89
229244648760 1721eb871871e569 89
229244698776 1721eb871871e569 89
229244740428 1721eb871871e569 89
229244804162 1721eb871871e569 89
229244849089 1721eb871871e569 89
229244915536 1721eb871871e569 89
229244958898 1721eb871871e569 89
229245025204 1721eb871871e569 89
229245100696 1721eb871871e569 89
229245160044 1721eb871871e569 89
229245208603 1721eb871871e569 89
229245250338 1721eb871871e569 89
229245298237 1721eb871871e569 89
229245362958 1721eb871871e569 89
229245407541 1721eb871871e569 89
229245496523 1721eb871871e569 90
229245540692 1721eb871871e569 90
229245584030 1721eb871871e569 90
229245631448 1721eb871871e569 90
229245695581 1721eb871871e569 90
229245745475 1721eb871871e569 90
229245787961 1721eb871871e569 90
229245858660 1721eb871871e569 90
229245948317 1721eb871871e569 90
229246045155 1721eb871871e569 90
229246088034 1721eb871871e569 90
229246204079 1721eb871871e569 91
229246273056 1721eb871871e569 91
229246343009 1721eb871871e569 91
229246388435 1721eb871871e569 91
229246505674 1721eb871871e569 92
229246576279 1721eb871871e569 92
229246620837 1721eb871871e569 92
229246688964 1721eb871871e569 92
229246732969 1721eb871871e569 93
229246778399 1721eb871871e569 93
229246846983 1721eb871871e569 93
229246916127 1721eb871871e569 94
229246961098 1721eb871871e569 94
229247006246 1721eb871871e569 94
229247051296 1721eb871871e569 95
229247120295 1721eb871871e569 95
229247165255 1721eb871871e569 95
229247209478 1721eb871871e569 96
229247253783 1721eb871871e569 96
229247346716 1721eb871871e569 97
229247440315 1721eb871871e569 98
229247507635 1721eb871871e569 98
229247548066 1721eb871871e569 98
229247592819 1721eb871871e569 99
229247639485 1721eb871871e569 99
229247686752 1721eb871871e569 100
229247728862 1721eb871871e569 100
229247799129 1721eb871871e569 101
229247848454 1721eb871871e569 101
229247887070 1721eb871871e569 101
229247931224 1721eb871871e569 102
229247997775 1721eb871871e569 103
229248042351 1721eb871871e569 103
229248111152 1721eb871871e569 104
229248157562 1721eb871871e569 104
229248200805 1721eb871871e569 104
229248252667 1721eb871871e569 105
229248314180 1721eb871871e569 106
229248386591 1721eb871871e569 107
229248470413 1721eb871871e569 107
229248514899 1721eb871871e569 107
229248560080 1721eb871871e569 108
229248649977 1721eb871871e569 109
229248716160 1721eb871871e569 110
229248784721 1721eb871871e569 110
229248829500 1721eb871871e569 110
229248878279 1721eb871871e569 111
229248919338 1721eb871871e569 111
229248964143 1721eb871871e569 112
229249030110 1721eb871871e569 113
229249079436 1721eb871871e569 113
229249144246 1721eb871871e569 113
229249189668 1721eb871871e569 114
229249253324 1721eb871871e569 115
229249300347 1721eb871871e569 115
229249345371 1721eb871871e569 116
229249393821 1721eb871871e569 116
229249454853 1721eb871871e569 117
229249499549 1721eb871871e569 117
229249549429 1721eb871871e569 118
229249591433 1721eb871871e569 119
229249634720 1721eb871871e569 119
229251184787 1721eb871871e569 119
229251193209 1721eb871871e569 119
229251196152 1721eb871871e569 119
229251198538 1721eb871871e569 119
229251201783 1721eb871871e569 119
229251204431 1721eb871871e569 119
229251209619 1721eb871871e569 119
229251212189 1721eb871871e569 119
229251214280 1721eb871871e569 119
229251221597 1721eb871871e569 119
229251232385 1721eb871871e569 119
229251255055 1721eb871871e569 119
229251300484 1721eb871871e569 119
229251344467 1721eb871871e569 119
229251407733 1721eb871871e569 119
229251453167 1721eb871871e569 119
229251543886 1721eb871871e569 119
229251585291 1721eb871871e569 119
229251630340 1721eb871871e569 119
229251674683 1721eb871871e569 119
229251740821 1721eb871871e569 119
229251786188 1721eb871871e569 119
229251829168 1721eb871871e569 119
229251894738 1721eb871871e569 119
229251941267 1721eb871871e569 119
229252005257 1721eb871871e569 119
229252072884 1721eb871871e569 119
229252138590 1721eb871871e569 119
229252207490 1721eb871871e569 119
229252269120 1721eb871871e569 119
229252334592 1721eb871871e569 119
229252381965 1721eb871871e569 119
229252444182 1721eb871871e569 119
229252510885 1721eb871871e569 119
229252551481 1721eb871871e569 119
229252595878 1721eb871871e569 119
229252661003 1721eb871871e569 119
229252730124 1721eb871871e569 119
229252791847 1721eb871871e569 119
229252833205 1721eb871871e569 119
229252878278 1721eb871871e569 119
229252968751 1721eb871871e569 119
229253009233 1721eb871871e569 119
229253054096 1721eb871871e569 119
229253074426 1721eb871871e569 119
229253094745 1721eb871871e569 119
229253116097 1721eb871871e569 101
229253136794 1721eb871871e569 101
229253230768 1721eb871871e569 101
229253272899 1721eb871871e569 101
229253340350 1721eb871871e569 101
229253385175 1721eb871871e569 101
229253431548 1721eb871871e569 101
229253469381 1721eb871871e569 101
229253516114 1721eb871871e569 101
229253586481 1721eb871871e569 101
229253625037 1721eb871871e569 101
229253688626 1721eb871871e569 101
229253735241 1721eb871871e569 101
229253777081 1721eb871871e569 101
229253815842 1721eb871871e569 101
229253859940 1721eb871871e569 101
229253926529 1721eb871871e569 101
229253972508 1721eb871871e569 101
229254037593 1721eb871871e569 101
229254102140 1721eb871871e569 101
229254168499 1721eb871871e569 101
229254188774 1721eb871871e569 101
229254208505 1721eb871871e569 101
229254253403 1721eb871871e569 101
229254301187 1721eb871871e569 101
229254341690 1721eb871871e569 101
229254383219 1721eb871871e569 101
229254431902 1721eb871871e569 101
229255245290 1721eb871871e569 101
229255362943 1721eb871871e569 101
229255455708 1721eb871871e569 101
229255500945 1721eb871871e569 101
229255565625 1721eb871871e569 101
229255632764 1721eb871871e569 101
229255696875 1721eb871871e569 101
229255741438 1721eb871871e569 101
229255782485 1721eb871871e569 101
229255827215 1721eb871871e569 101
229255871917 1721eb871871e569 101
229255913392 1721eb871871e569 101
229255982121 1721eb871871e569 101
229256029372 1721eb871871e569 101
229256055617 1721eb871871e569 101
229256092916 1721eb871871e569 101
229256159184 1721eb871871e569 101
229256224572 1721eb871871e569 101
229256290430 1721eb871871e569 101
229256331074 1721eb871871e569 101
229256376066 1721eb871871e569 101
229256454532 1721eb871871e569 101
229256482733 1721eb871871e569 101
229256527727 1721eb871871e569 101
229256617567 1721eb871871e569 101
229256660244 1721eb871871e569 101
229256736598 1721eb871871e569 101
229256767136 1721eb871871e569 101
229256831006 1721eb871871e569 101
229256853331 1721eb871871e569 101
229256874989 1721eb871871e569 101
229256895139 1721eb871871e569 101
229256990928 1721eb871871e569 101
229257029241 1721eb871871e569 101
229257073587 1721eb871871e569 101
229257139531 1721eb871871e569 101
229257179343 1721eb871871e569 101
229257223679 1721eb871871e569 101
229257293095 1721eb871871e569 101
229257334652 1721eb871871e569 101
229257424104 1721eb871871e569 101
229257463666 1721eb871871e569 101
229257506200 1721eb871871e569 101
229257575863 1721eb871871e569 101
229257617278 1721eb871871e569 102
229257728114 1721eb871871e569 103
229257770212 1721eb871871e569 104
229257812824 1721eb871871e569 104
229257881579 1721eb871871e569 104
229257923001 1721eb871871e569 105
229257966556 1721eb871871e569 105
229258033325 1721eb871871e569 105
229258075017 1721eb871871e569 105
229258115189 1721eb871871e569 105
229258187466 1721eb871871e569 105
229258228546 1721eb871871e569 105
229258268113 1721eb871871e569 105
229258312649 1721eb871871e569 105
229258356862 1721eb871871e569 105
229258421763 1721eb871871e569 105
229258469378 1721eb871871e569 105
229258532726 1721eb871871e569 105
229258573857 1721eb871871e569 105
229258615844 1721eb871871e569 105
229258684423 1721eb871871e569 106
229258724392 1721eb871871e569 106
229258796163 1721eb871871e569 107
229258836236 1721eb871871e569 107
229258877121 1721eb871871e569 107
229258918564 1721eb871871e569 107
229258988311 1721eb871871e569 107
229259077482 1721eb871871e569 108
229259195440 1721eb871871e569 108
229259225407 1721eb871871e569 108
229259964080 1721eb871871e569 109
229260082944 1721eb871871e569 110
229260171679 1721eb871871e569 111
229260260837 1721eb871871e569 111
229260301839 1721eb871871e569 112
229260392962 1721eb871871e569 113
229260435781 1721eb871871e569 114
229260523767 1721eb871871e569 115
229260564486 1721eb871871e569 115
229260654006 1721eb871871e569 115
229260772212 1721eb871871e569 116
229260812504 1721eb871871e569 117
229260880962 1721eb871871e569 118
229260920699 1721eb871871e569 118
229261012551 1721eb871871e569 118
229261051427 1721eb871871e569 118
229261095494 1721eb871871e569 118
229261211923 1721eb871871e569 118
229261251602 1721eb871871e569 119
229261340690 1721eb871871e569 119
229261382254 1721eb871871e569 119
229261473142 1721eb871871e569 119
229261514203 1721eb871871e569 119
229261583149 1721eb871871e569 119
229261625028 1721eb871871e569 119
229261666318 1721eb871871e569 119
229261734023 1721eb871871e569 119
229261803569 1721eb871871e569 119
229261845404 1721eb871871e569 119
229261886449 1721eb871871e569 119
229261956055 1721eb871871e569 119
229261997135 1721eb871871e569 119
229262039218 1721eb871871e569 119
229262155526 1721eb871871e569 119
229262197845 1721eb871871e569 119
229262288112 1721eb871871e569 119
229262328710 1721eb871871e569 119
229262369758 1721eb871871e569 119
229262497425 1721eb871871e569 119
229262532080 1721eb871871e569 119
229262621347 1721eb871871e569 119
229262710736 1721eb871871e569 119
229262753131 1721eb871871e569 119
229262839941 1721eb871871e569 119
229262883439 1721eb871871e569 119
229262921065 1721eb871871e569 119
229263040073 1721eb871871e569 119
229263081826 1721eb871871e569 119
229263123444 1721eb871871e569 119
229263193884 1721eb871871e569 119
229263232627 1721eb871871e569 119
229263275485 1721eb871871e569 119
229263314733 1721eb871871e569 119
229263383585 1721eb871871e569 120
229263476778 1721eb871871e569 120
229263518993 1721eb871871e569 120
229263632723 1721eb871871e569 120
229263674700 1721eb871871e569 120
229263716214 1721eb871871e569 120
229263783471 1721eb871871e569 120
229263824425 1721eb871871e569 120
229263963333 1721eb871871e569 121
229264001332 1721eb871871e569 121
229264024289 1721eb871871e569 121
229264041676 1721eb871871e569 103
229264110580 1721eb871871e569 103
229264157147 1721eb871871e569 103
229264295735 1721eb871871e569 103
229264386417 1721eb871871e569 103
229264524298 1721eb871871e569 103
229264565084 1721eb871871e569 103
229264634754 1721eb871871e569 103
229264773700 1721eb871871e569 103
229265742523 1721eb871871e569 103
229265903461 1721eb871871e569 103
229265992747 1721eb871871e569 103
229266037900 1721eb871871e569 103
229266153402 1721eb871871e569 103
229266193763 1721eb871871e569 103
229266283391 1721eb871871e569 103
229266325114 1721eb871871e569 103
229266368266 1721eb871871e569 103
229266484657 1721eb871871e569 103
229266524980 1721eb871871e569 103
229266568958 1721eb871871e569 103
229266636686 1721eb871871e569 103
229266750108 1721eb871871e569 103
229266888582 1721eb871871e569 103
229266929178 1721eb871871e569 103
229266972464 1721eb871871e569 103
229267015761 1721eb871871e569 103
229267056798 1721eb871871e569 103
229267148626 1721eb871871e569 103
229267194430 1721eb871871e569 103
229267229646 1721eb871871e569 103
229267346464 1721eb871871e569 103
229267437210 1721eb871871e569 103
229267478946 1721eb871871e569 103
229267520165 1721eb871871e569 103
229267638065 1721eb871871e569 103
229267678784 1721eb871871e569 103
229267728451 1721eb871871e569 103
229267788522 1721eb871871e569 103
229267830865 1721eb871871e569 103
229267968659 1721eb871871e569 103
229268013630 1721eb871871e569 103
229268099396 1721eb871871e569 103
229268237609 1721eb871871e569 103
229268279511 1721eb871871e569 103
229268372611 1721eb871871e569 103
229268415625 1721eb871871e569 103
229268452304 1721eb871871e569 103
229268580623 1721eb871871e569 103
229268638562 1721eb871871e569 103
229268680545 1721eb871871e569 103
229268798313 1721eb871871e569 103
229268838280 1721eb871871e569 103
229268880921 1721eb871871e569 103
229268949158 1721eb871871e569 103
229269066869 1721eb871871e569 103
229269159281 1721eb871871e569 103
229269197527 1721eb871871e569 103
229269315954 1721eb871871e569 103
229269357862 1721eb871871e569 103
229269448136 1721eb871871e569 103
229269489046 1721eb871871e569 103
229269610488 1721eb871871e569 103
229269675077 1721eb871871e569 103
229269717077 1721eb871871e569 103
229269757520 1721eb871871e569 103
229269895830 1721eb871871e569 103
229269936190 1721eb871871e569 103
229269980009 1721eb871871e569 103
229270020189 1721eb871871e569 103
229270088796 1721eb871871e569 103
229270227626 1721eb871871e569 103
229270317226 1721eb871871e569 103
229270363606 1721eb871871e569 103
229270409252 1721eb871871e569 103
229270453446 1721eb871871e569 103
229270491618 1721eb871871e569 103
229270536346 1721eb871871e569 103
229270595026 1721eb871871e569 103
229270624077 1721eb871871e569 103
229270693497 1721eb871871e569 103
229270737303 1721eb871871e569 103
229270775332 1721eb871871e569 103
229270816694 1721eb871871e569 103
229270886703 1721eb871871e569 104
229270927303 1721eb871871e569 104
229271021019 1721eb871871e569 104
229271085725 1721eb871871e569 104
229271178229 1721eb871871e569 104
229271244501 1721eb871871e569 104
229271315118 1721eb871871e569 104
229271405254 1721eb871871e569 104
229272128433 1721eb871871e569 105
229272171860 1721eb871871e569 105
229272217642 1721eb871871e569 106
229272283419 1721eb871871e569 107
229272352955 1721eb871871e569 107
229272395629 1721eb871871e569 108
229272439469 1721eb871871e569 108
229272503143 1721eb871871e569 108
229272593635 1721eb871871e569 108
229272635071 1721eb871871e569 108
229272679076 1721eb871871e569 108
229272769711 1721eb871871e569 108
229272812876 1721eb871871e569 108
229272905599 1721eb871871e569 108
229272970065 1721eb871871e569 108
229273010895 1721eb871871e569 108
229273056091 1721eb871871e569 108
229273099017 1721eb871871e569 108
229273166082 1721eb871871e569 108
229273207307 1721eb871871e569 108
229273253242 1721eb871871e569 108
229273318855 1721eb871871e569 108
229273368075 1721eb871871e569 108
229273406150 1721eb871871e569 108
229273476615 1721eb871871e569 108
229273517033 1721eb871871e569 108
229273562521 1721eb871871e569 108
229273604976 1721eb871871e569 108
229273647259 1721eb871871e569 108
229273694425 1721eb871871e569 108
229273736150 1721eb871871e569 108
229273779041 1721eb871871e569 108
229273847978 1721eb871871e569 108
229273914160 1721eb871871e569 108
229273980950 1721eb871871e569 108
229274046837 1721eb871871e569 108
229274089697 1721eb871871e569 108
229274136956 1721eb871871e569 108
229274180089 1721eb871871e569 108
229274225037 1721eb871871e569 108
229274267722 1721eb871871e569 108
229274333925 1721eb871871e569 108
229274403054 1721eb871871e569 108
229274468710 1721eb871871e569 108
229274557187 1721eb871871e569 108
229274602910 1721eb871871e569 108
229274691983 1721eb871871e569 108
229274782358 1721eb871871e569 108
229274825658 1721eb871871e569 108
229274893475 1721eb871871e569 108
229274961750 1721eb871871e569 108
229275004718 1721eb871871e569 108
229275049038 1721eb871871e569 108
229275092885 1721eb871871e569 108
229275135016 1721eb871871e569 108
229275179694 1721eb871871e569 108
229275223933 1721eb871871e569 108
229275269018 1721eb871871e569 108
229275310530 1721eb871871e569 108
229275356033 1721eb871871e569 108
229275383278 1721eb871871e569 108
229275422768 1721eb871871e569 108
229275465332 1721eb871871e569 108
229275534055 1721eb871871e569 108
229275599984 1721eb871871e569 108
229275645348 1721eb871871e569 109
229275690389 1721eb871871e569 110
229275757067 1721eb871871e569 110
229275800740 1721eb871871e569 110
229275866487 1721eb871871e569 110
229275909920 1721eb871871e569 110
229275952880 1721eb871871e569 110
229275997200 1721eb871871e569 110
229276041305 1721eb871871e569 110
229276156508 1721eb871871e569 110
229276201005 1721eb871871e569 110
229276245823 1721eb871871e569 111
229276290965 1721eb871871e569 111
229276382784 1721eb871871e569 112
229276449174 1721eb871871e569 113
229276497499 1721eb871871e569 113
229276584526 1721eb871871e569 114
229276674515 1721eb871871e569 115
229276816065 1721eb871871e569 115
229276884991 1721eb871871e569 116
229276974201 1721eb871871e569 116
229277340618 1721eb871871e569 117
229277389762 1721eb871871e569 118
229277451611 1721eb871871e569 119
229277516531 1721eb871871e569 119
229277582865 1721eb871871e569 120
229277622808 1721eb871871e569 120
229277666389 1721eb871871e569 121
229277712191 1721eb871871e569 121
229277779007 1721eb871871e569 121
229277843852 1721eb871871e569 121
229277911032 1721eb871871e569 121
229277954791 1721eb871871e569 121
229278020683 1721eb871871e569 121
229278065479 1721eb871871e569 121
229278102462 1721eb871871e569 121
229278147186 1721eb871871e569 121
229278195136 1721eb871871e569 121
229278233725 1721eb871871e569 121
229278278962 1721eb871871e569 121
229278344134 1721eb871871e569 121
229278410494 1721eb871871e569 121
229278452795 1721eb871871e569 121
229278499743 1721eb871871e569 121
229278544104 1721eb871871e569 121
229278584643 1721eb871871e569 121
229278629219 1721eb871871e569 121
229278669672 1721eb871871e569 121
229278715202 1721eb871871e569 121
229278779430 1721eb871871e569 121
229278827034 1721eb871871e569 121
229278867430 1721eb871871e569 121
229278910801 1721eb871871e569 121
229278979844 1721eb871871e569 121
229279021803 1721eb871871e569 121
229279063990 1721eb871871e569 121
229279107814 1721eb871871e569 121
229279174376 1721eb871871e569 121
229279223522 1721eb871871e569 121
229279284459 1721eb871871e569 121
229279327492 1721eb871871e569 121
229279372550 1721eb871871e569 121
229279417210 1721eb871871e569 121
229279458743 1721eb871871e569 121
229279503366 1721eb871871e569 121
229279549605 1721eb871871e569 103
229279568540 1721eb871871e569 103
229279617022 1721eb871871e569 103
229279665342 1721eb871871e569 103
229279726170 1721eb871871e569 103
229279769639 1721eb871871e569 103
229279811891 1721eb871871e569 103
229279857885 1721eb871871e569 103
229279899080 1721eb871871e569 103
229279963966 1721eb871871e569 103
229280007413 1721eb871871e569 103
229280072059 1721eb871871e569 103
229280112949 1721eb871871e569 103
229280179331 1721eb871871e569 103
229280244153 1721eb871871e569 103
229280311517 1721eb871871e569 103
229280356202 1721eb871871e569 103
229280398436 1721eb871871e569 103
229280443205 1721eb871871e569 103
229280512550 1721eb871871e569 103
229280572366 1721eb871871e569 103
229280613794 1721eb871871e569 103
229280678628 1721eb871871e569 103
229280723503 1721eb871871e569 103
229280764884 1721eb871871e569 103
229280810691 1721eb871871e569 103
229280855342 1721eb871871e569 103
229280920856 1721eb871871e569 103
229280987718 1721eb871871e569 103
229281053721 1721eb871871e569 103
229281097977 1721eb871871e569 103
229281164551 1721eb871871e569 103
229281204421 1721eb871871e569 103
229281248582 1721eb871871e569 103
229281296862 1721eb871871e569 103
229281336563 1721eb871871e569 103
229281410530 1721eb871871e569 103
229281448129 1721eb871871e569 103
229281492029 1721eb871871e569 103
229281560452 1721eb871871e569 103
229281605051 1721eb871871e569 103
229281649538 1721eb871871e569 103
229281714927 1721eb871871e569 103
229281760558 1721eb871871e569 103
229281806605 1721eb871871e569 103
229282167562 1721eb871871e569 103
229282208791 1721eb871871e569 103
229282344944 1721eb871871e569 103
229282387071 1721eb871871e569 103
229282428258 1721eb871871e569 103
229282518491 1721eb871871e569 103
229282560358 1721eb871871e569 103
229282627849 1721eb871871e569 103
229282669752 1721eb871871e569 103
229282709663 1721eb871871e569 103
229282779270 1721eb871871e569 103
229282820487 1721eb871871e569 103
229282910969 1721eb871871e569 103
229282951244 1721eb871871e569 103
229282993160 1721eb871871e569 103
229283082347 1721eb871871e569 103
229283127181 1721eb871871e569 103
229283168683 1721eb871871e569 103
229283282962 1721eb871871e569 103
229283324482 1721eb871871e569 103
229283369553 1721eb871871e569 103
229283436577 1721eb871871e569 103
229283480216 1721eb871871e569 103
229283519082 1721eb871871e569 103
229283589483 1721eb871871e569 103
229283631584 1721eb871871e569 103
229283669648 1721eb871871e569 103
229283738792 1721eb871871e569 103
229283783998 1721eb871871e569 103
229283823391 1721eb871871e569 103
229283895040 1721eb871871e569 103
229283920399 1721eb871871e569 103
229284003162 1721eb871871e569 103
229284043386 1721eb871871e569 103
229284083654 1721eb871871e569 103
229284201002 1721eb871871e569 103
229284243042 1721eb871871e569 103
229284310679 1721eb871871e569 103
229284352856 1721eb871871e569 103
229284421879 1721eb871871e569 103
229284463197 1721eb871871e569 103
229284507800 1721eb871871e569 103
229284574448 1721eb871871e569 103
229284617913 1721eb871871e569 104
229284683880 1721eb871871e569 105
229284725092 1721eb871871e569 106
229284816655 1721eb871871e569 106
229284856961 1721eb871871e569 106
229284974953 1721eb871871e569 107
229285012589 1721eb871871e569 107
229285083229 1721eb871871e569 107
229285123055 1721eb871871e569 107
229285164402 1721eb871871e569 107
229285231917 1721eb871871e569 107
229285274448 1721eb871871e569 107
229285347409 1721eb871871e569 107
229285384577 1721eb871871e569 107
229285475097 1721eb871871e569 107
229285516558 1721eb871871e569 107
229285557304 1721eb871871e569 107
229285626769 1721eb871871e569 107
229285668611 1721eb871871e569 107
229285809162 1721eb871871e569 108
229285896596 1721eb871871e569 109
229285937051 1721eb871871e569 109
229286028078 1721eb871871e569 110
229286116798 1721eb871871e569 111
229286157923 1721eb871871e569 111
229286249103 1721eb871871e569 111
229286291932 1721eb871871e569 111
229286360906 1721eb871871e569 112
229286448785 1721eb871871e569 112
229286518558 1721eb871871e569 113
229286559547 1721eb871871e569 113
229286628762 1721eb871871e569 114
229286719204 1721eb871871e569 114
229287152975 1721eb871871e569 115
229287242231 1721eb871871e569 116
229287335562 1721eb871871e569 117
229287375113 1721eb871871e569 117
229287464803 1721eb871871e569 118
229287502757 1721eb871871e569 119
229287575447 1721eb871871e569 120
229287613188 1721eb871871e569 120
229287683093 1721eb871871e569 121
229287724180 1721eb871871e569 121
229287814565 1721eb871871e569 121
229287855186 1721eb871871e569 121
229287896765 1721eb871871e569 121
229288015896 1721eb871871e569 121
229288054854 1721eb871871e569 121
229288123541 1721eb871871e569 121
229288215578 1721eb871871e569 121
229288256122 1721eb871871e569 121
229288325347 1721eb871871e569 121
229288366593 1721eb871871e569 121
229288456742 1721eb871871e569 121
229288497467 1721eb871871e569 121
229288636711 1721eb871871e569 121
229288677594 1721eb871871e569 121
229288767366 1721eb871871e569 121
229288809062 1721eb871871e569 121
229288900544 1721eb871871e569 121
229288940687 1721eb871871e569 121
229289031229 1721eb871871e569 121
229289148234 1721eb871871e569 121
229289263608 1721eb871871e569 121
229289303179 1721eb871871e569 121
229289371575 1721eb871871e569 121
229289419475 1721eb871871e569 121
229289482999 1721eb871871e569 122
229289524162 1721eb871871e569 122
229289641576 1721eb871871e569 122
229289682656 1721eb871871e569 122
229289771279 1721eb871871e569 122
229289817452 1721eb871871e569 122
229289951537 1721eb871871e569 122
229289993425 1721eb871871e569 122
229290040029 1721eb871871e569 123
229290107414 1721eb871871e569 123
229290148382 1721eb871871e569 123
229290190472 1721eb871871e569 123
229290308417 1721eb871871e569 123
229290350672 1721eb871871e569 124
229290439753 1721eb871871e569 124
229290481364 1721eb871871e569 124
229290619525 1721eb871871e569 125
229290660263 1721eb871871e569 125
229290702013 1721eb871871e569 125
229290769961 1721eb871871e569 126
229290811861 1721eb871871e569 126
229290950465 1721eb871871e569 126
229291019422 1721eb871871e569 127
229291060572 1721eb871871e569 128
229291178195 1721eb871871e569 129
229291220135 1721eb871871e569 129
229291309594 1721eb871871e569 130
229291351292 1721eb871871e569 130
229291468598 1721eb871871e569 131
229291510465 1721eb871871e569 132
229291536467 1721eb871871e569 132
229291620797 1721eb871871e569 133
229291661519 1721eb871871e569 133
229291779675 1721eb871871e569 134
229291820574 1721eb871871e569 135
229291889985 1721eb871871e569 136
229292029152 1721eb871871e569 136
229292069582 1721eb871871e569 137
229292158893 1721eb871871e569 138
229292200403 1721eb871871e569 139
229292318142 1721eb871871e569 139
229292359716 1721eb871871e569 140
229292428050 1721eb871871e569 140
229292547026 1721eb871871e569 141
229293072764 1721eb871871e569 142
229293167027 1721eb871871e569 142
229293206983 1721eb871871e569 143
229293297362 1721eb871871e569 144
229293338018 1721eb871871e569 145
229293475938 1721eb871871e569 146
229293517594 1721eb871871e569 147
229293606809 1721eb871871e569 148
229293648898 1721eb871871e569 148
229293786726 1721eb871871e569 149
229293828784 1721eb871871e569 150
229293871341 1721eb871871e569 150
229293938872 1721eb871871e569 150
229293955357 1721eb871871e569 150
229293978623 1721eb871871e569 150
229294092958 1721eb871871e569 128
229294113261 1721eb871871e569 128
229294208141 1721eb871871e569 128
229294249613 1721eb871871e569 128
229294367072 1721eb871871e569 128
229294409326 1721eb871871e569 128
229294498954 1721eb871871e569 128
229294540097 1721eb871871e569 128
229294678586 1721eb871871e569 128
229294719473 1721eb871871e569 128
229294788147 1721eb871871e569 128
229294831214 1721eb871871e569 128
229294946972 1721eb871871e569 128
229295037197 1721eb871871e569 128
229295079745 1721eb871871e569 128
229295196442 1721eb871871e569 128
229295241458 1721eb871871e569 128
229295351934 1721eb871871e569 128
229295395378 1721eb871871e569 128
229295482239 1721eb871871e569 128
229295668928 1721eb871871e569 128
229295807670 1721eb871871e569 128
229295854210 1721eb871871e569 128
229295922856 1721eb871871e569 128
229295965815 1721eb871871e569 128
229296100658 1721eb871871e569 128
229296143328 1721eb871871e569 128
229296307961 1721eb871871e569 128
229296349763 1721eb871871e569 128
229296418988 1721eb871871e569 128
229296461153 1721eb871871e569 128
229296597830 1721eb871871e569 128
229296687398 1721eb871871e569 128
229296731929 1721eb871871e569 128
229296847419 1721eb871871e569 128
229296936699 1721eb871871e569 128
229296977957 1721eb871871e569 128
229297047116 1721eb871871e569 128
229297184764 1721eb871871e569 128
229297226186 1721eb871871e569 128
229297294789 1721eb871871e569 128
229297337178 1721eb871871e569 128
229297379406 1721eb871871e569 128
229297496465 1721eb871871e569 128
229297565370 1721eb871871e569 128
229297608114 1721eb871871e569 128
229297745618 1721eb871871e569 128
229297786905 1721eb871871e569 128
229297827986 1721eb871871e569 128
229297896455 1721eb871871e569 128
229298036472 1721eb871871e569 128
229298104730 1721eb871871e569 128
229298146623 1721eb871871e569 128
229298284453 1721eb871871e569 128
229298353173 1721eb871871e569 128
229298399975 1721eb871871e569 128
229298512283 1721eb871871e569 128
229298552858 1721eb871871e569 128
229298595396 1721eb871871e569 128
229298663978 1721eb871871e569 128
229298781469 1721eb871871e569 128
229298824097 1721eb871871e569 128
229298863751 1721eb871871e569 128
229298933024 1721eb871871e569 128
229298973623 1721eb871871e569 128
229299113704 1721eb871871e569 128
229299228481 1721eb871871e569 128
229299267986 1721eb871871e569 128
229299358242 1721eb871871e569 128
229299400192 1721eb871871e569 128
229299516880 1721eb871871e569 128
229299608140 1721eb871871e569 128
229299648742 1721eb871871e569 128
229299765892 1721eb871871e569 128
229299807088 1721eb871871e569 128
229299849487 1721eb871871e569 128
229299917404 1721eb871871e569 128
229300035518 1721eb871871e569 128
229300077741 1721eb871871e569 128
229300120199 1721eb871871e569 128
229300187527 1721eb871871e569 128
229300325372 1721eb871871e569 128
229300395634 1721eb871871e569 128
229300532377 1721eb871871e569 128
229301208357 1721eb871871e569 128
229301276630 1721eb871871e569 128
229301345149 1721eb871871e569 128
229301435700 1721eb871871e569 128
229301477199 1721eb871871e569 128
229301518246 1721eb871871e569 128
229301635651 1721eb871871e569 128
229301725020 1721eb871871e569 128
229301766481 1721eb871871e569 128
229301807607 1721eb871871e569 128
229301924905 1721eb871871e569 128
229301966049 1721eb871871e569 128
229302007792 1721eb871871e569 128
229302075125 1721eb871871e569 128
229302215109 1721eb871871e569 128
229302256265 1721eb871871e569 128
229302297664 1721eb871871e569 128
229302366877 1721eb871871e569 128
229302408283 1721eb871871e569 128
229302452779 1721eb871871e569 128
229302567589 1721eb871871e569 128
229302681766 1721eb871871e569 128
229302722224 1721eb871871e569 128
229302766929 1721eb871871e569 129
229302906926 1721eb871871e569 130
229302975284 1721eb871871e569 131
229303016702 1721eb871871e569 131
229303133168 1721eb871871e569 131
229303175266 1721eb871871e569 131
229303245883 1721eb871871e569 132
229303361513 1721eb871871e569 133
229303451486 1721eb871871e569 133
229303591521 1721eb871871e569 133
229303658680 1721eb871871e569 134
229303775741 1721eb871871e569 134
229303866485 1721eb871871e569 135
229303983570 1721eb871871e569 136
229304025494 1721eb871871e569 136
229304142026 1721eb871871e569 137
229304184953 1721eb871871e569 137
229304301135 1721eb871871e569 138
229304561195 1721eb871871e569 139
229304730378 1721eb871871e569 139
229304792942 1721eb871871e569 140
229304881564 1721eb871871e569 141
229305068831 1721eb871871e569 142
229305158925 1721eb871871e569 142
229305324659 1721eb871871e569 143
229305463081 1721eb871871e569 144
229305504528 1721eb871871e569 144
229305576406 1721eb871871e569 145
229305691215 1721eb871871e569 145
229305786356 1721eb871871e569 146
229305890198 1721eb871871e569 146
229305993118 1721eb871871e569 147
229306085546 1721eb871871e569 148
229306129533 1721eb871871e569 148
229306196911 1721eb871871e569 149
229306384154 1721eb871871e569 150
229306522474 1721eb871871e569 150
229306563701 1721eb871871e569 150
229306632703 1721eb871871e569 150
229306771208 1721eb871871e569 150
229306840414 1721eb871871e569 150
229306883148 1721eb871871e569 150
229307047490 1721eb871871e569 150
229307088775 1721eb871871e569 150
229307211628 1721eb871871e569 150
229314552316 1721eb871871e569 154
229314561857 1721eb871871e569 154
229314564097 1721eb871871e569 154
229314566066 1721eb871871e569 154
229314569816 1721eb871871e569 154
229314571843 1721eb871871e569 154
229314582846 1721eb871871e569 154
229314585179 1721eb871871e569 154
229314587045 1721eb871871e569 154
229314589188 1721eb871871e569 154
229314592591 1721eb871871e569 154
229314594344 1721eb871871e569 154
229314598372 1721eb871871e569 154
229314600124 1721eb871871e569 154
229314603594 1721eb871871e569 154
229314606046 1721eb871871e569 154
229314608632 1721eb871871e569 154
229314611000 1721eb871871e569 154
229314613297 1721eb871871e569 154
229314615646 1721eb871871e569 154
229314651329 1721eb871871e569 154
229314693052 1721eb871871e569 154
229314739217 1721eb871871e569 154
229314783522 1721eb871871e569 154
229314829980 1721eb871871e569 154
229314873208 1721eb871871e569 154
229314918056 1721eb871871e569 154
229314963980 1721eb871871e569 154
229315035070 1721eb871871e569 154
229315077016 1721eb871871e569 154
229315145293 1721eb871871e569 154
229315211405 1721eb871871e569 154
229315257181 1721eb871871e569 154
229315347812 1721eb871871e569 154
229315395814 1721eb871871e569 154
229315456463 1721eb871871e569 154
229315501179 1721eb871871e569 154
229315547177 1721eb871871e569 154
229315593654 1721eb871871e569 154
229315686035 1721eb871871e569 154
229315735111 1721eb871871e569 154
229315778382 1721eb871871e569 154
229315843473 1721eb871871e569 154
229315899472 1721eb871871e569 154
229315935102 1721eb871871e569 154
229315975058 1721eb871871e569 154
229316016710 1721eb871871e569 154
229316058110 1721eb871871e569 154
229316099295 1721eb871871e569 154
229316141139 1721eb871871e569 154
229316183988 1721eb871871e569 154
229316224411 1721eb871871e569 154
229316266765 1721eb871871e569 154
229316309121 1721eb871871e569 154
229316348847 1721eb871871e569 154
229316389290 1721eb871871e569 154
229316430767 1721eb871871e569 154
229316472785 1721eb871871e569 154
229316514947 1721eb871871e569 154
229316555175 1721eb871871e569 154
229316597745 1721eb871871e569 154
229316638778 1721eb871871e569 154
229316667066 1721eb871871e569 154
229316709208 1721eb871871e569 154
229316749623 1721eb871871e569 154
229316790622 1721eb871871e569 154
229316836158 1721eb871871e569 154
229316873925 1721eb871871e569 154
229316914865 1721eb871871e569 154
229316956611 1721eb871871e569 154
229317003696 1721eb871871e569 154
229317040024 1721eb871871e569 154
229317081349 1721eb871871e569 154
229317121542 1721eb871871e569 154
229317162877 1721eb871871e569 154
229317205258 1721eb871871e569 154
229317251229 1721eb871871e569 154
229317284016 1721eb871871e569 154
229317329155 1721eb871871e569 154
229317371072 1721eb871871e569 154
229317412503 1721eb871871e569 154
229317452936 1721eb871871e569 154
229317493815 1721eb871871e569 154
229317536321 1721eb871871e569 154
229317578739 1721eb871871e569 154
229317619132 1721eb871871e569 154
229317663278 1721eb871871e569 154
229317709812 1721eb871871e569 154
229317753046 1721eb871871e569 154
229317793304 1721eb871871e569 154
229317835718 1721eb871871e569 154
229317879308 1721eb871871e569 154
229317916283 1721eb871871e569 154
229317958508 1721eb871871e569 154
229318000595 1721eb871871e569 154
229318040345 1721eb871871e569 154
229318085871 1721eb871871e569 154
229318125732 1721eb871871e569 154
229318165690 1721eb871871e569 154
229318212992 1721eb871871e569 154
229318249065 1721eb871871e569 154
229318309373 1721eb871871e569 154
229318322901 1721eb871871e569 154
229318363892 1721eb871871e569 154
229318405761 1721eb871871e569 154
229318446596 1721eb871871e569 154
229318488657 1721eb871871e569 154
229318529365 1721eb871871e569 154
229318570400 1721eb871871e569 154
229318611906 1721eb871871e569 154
229318653307 1721eb871871e569 154
229318694735 1721eb871871e569 154
229318735833 1721eb871871e569 154
229318777628 1721eb871871e569 154
229318818597 1721eb871871e569 154
229318859892 1721eb871871e569 154
229318902925 1721eb871871e569 155
229318942367 1721eb871871e569 155
229318984591 1721eb871871e569 155
229319026038 1721eb871871e569 155
229319076257 1721eb871871e569 155
229319108259 1721eb871871e569 155
229319149917 1721eb871871e569 155
229319190794 1721eb871871e569 155
229319232438 1721eb871871e569 155
229319272623 1721eb871871e569 155
229319314788 1721eb871871e569 155
229319355849 1721eb871871e569 155
229319397385 1721eb871871e569 156
229319439008 1721eb871871e569 156
229319480433 1721eb871871e569 156
229319517526 1721eb871871e569 156
229319537492 1721eb871871e569 156
229319559138 1721eb871871e569 133
229319579729 1721eb871871e569 133
229319625590 1721eb871871e569 133
229319666485 1721eb871871e569 133
229319708646 1721eb871871e569 133
229319750849 1721eb871871e569 133
229319791762 1721eb871871e569 133
229319832664 1721eb871871e569 133
229319873350 1721eb871871e569 133
229319914835 1721eb871871e569 133
229319955869 1721eb871871e569 133
229319996835 1721eb871871e569 133
229320038425 1721eb871871e569 133
229320080074 1721eb871871e569 133
229320121037 1721eb871871e569 133
229320162956 1721eb871871e569 133
229320203763 1721eb871871e569 133
229320246802 1721eb871871e569 133
229320287533 1721eb871871e569 133
229320328145 1721eb871871e569 133
229320369041 1721eb871871e569 133
229320410425 1721eb871871e569 133
229320451856 1721eb871871e569 133
229320493625 1721eb871871e569 133
229320535622 1721eb871871e569 133
229320576547 1721eb871871e569 133
229320616943 1721eb871871e569 133
229320658762 1721eb871871e569 133
229320700026 1721eb871871e569 133
229320740870 1721eb871871e569 133
229320783780 1721eb871871e569 133
229320824538 1721eb871871e569 133
229320865619 1721eb871871e569 133
229320907269 1721eb871871e569 133
229320948567 1721eb871871e569 133
229320989005 1721eb871871e569 133
229321030043 1721eb871871e569 133
229321071367 1721eb871871e569 133
229321112523 1721eb871871e569 133
229321154355 1721eb871871e569 133
229321195834 1721eb871871e569 133
229321236868 1721eb871871e569 133
229321278394 1721eb871871e569 133
229321319321 1721eb871871e569 133
229321360684 1721eb871871e569 133
229321401905 1721eb871871e569 133
229321443773 1721eb871871e569 133
229321485262 1721eb871871e569 133
229321526551 1721eb871871e569 133
229321567874 1721eb871871e569 133
229321609143 1721eb871871e569 133
229321650807 1721eb871871e569 133
229321691865 1721eb871871e569 133
229321733143 1721eb871871e569 133
229321774649 1721eb871871e569 133
229321816365 1721eb871871e569 133
229321857690 1721eb871871e569 133
229321899462 1721eb871871e569 133
229321940598 1721eb871871e569 133
229321982101 1721eb871871e569 133
229321998387 1721eb871871e569 133
229322018101 1721eb871871e569 133
229322038907 1721eb871871e569 133
229322059410 1721eb871871e569 133
229322105560 1721eb871871e569 133
229322147473 1721eb871871e569 133
229322188617 1721eb871871e569 133
229322231258 1721eb871871e569 133
229322271436 1721eb871871e569 133
229322313078 1721eb871871e569 133
229322353901 1721eb871871e569 133
229322394792 1721eb871871e569 133
229322436091 1721eb871871e569 133
229322477719 1721eb871871e569 133
229322493565 1721eb871871e569 133
229322514027 1721eb871871e569 133
229322534549 1721eb871871e569 133
229322554901 1721eb871871e569 133
229322602555 1721eb871871e569 133
229322642885 1721eb871871e569 133
229322684198 1721eb871871e569 133
229322725630 1721eb871871e569 133
229322766831 1721eb871871e569 133
229322807788 1721eb871871e569 133
229322849827 1721eb871871e569 133
229322890724 1721eb871871e569 133
229322932650 1721eb871871e569 133
229322973547 1721eb871871e569 133
229323014641 1721eb871871e569 133
229323055749 1721eb871871e569 133
229323104945 1721eb871871e569 133
229323138758 1721eb871871e569 133
229323180683 1721eb871871e569 133
229323221610 1721eb871871e569 133
229323262713 1721eb871871e569 133
229323304725 1721eb871871e569 133
229323346388 1721eb871871e569 134
229323388426 1721eb871871e569 135
229323428405 1721eb871871e569 136
229323469400 1721eb871871e569 137
229323510743 1721eb871871e569 137
229323553506 1721eb871871e569 138
229323593543 1721eb871871e569 138
229323634446 1721eb871871e569 138
229323675318 1721eb871871e569 138
229323719428 1721eb871871e569 139
229323758495 1721eb871871e569 139
229323800385 1721eb871871e569 139
229323842304 1721eb871871e569 140
229323883580 1721eb871871e569 140
229323923628 1721eb871871e569 140
229323966308 1721eb871871e569 140
229324007738 1721eb871871e569 141
229324048469 1721eb871871e569 141
229324092744 1721eb871871e569 142
229324131455 1721eb871871e569 142
229324172786 1721eb871871e569 142
229324215093 1721eb871871e569 142
229324255285 1721eb871871e569 142
229324295924 1721eb871871e569 142
229324337035 1721eb871871e569 143
229324378645 1721eb871871e569 143
229324419645 1721eb871871e569 144
229324460765 1721eb871871e569 144
229324504685 1721eb871871e569 145
229324543501 1721eb871871e569 145
229324590286 1721eb871871e569 146
229324625989 1721eb871871e569 146
229324668052 1721eb871871e569 147
229324710340 1721eb871871e569 147
229324752569 1721eb871871e569 147
229324792094 1721eb871871e569 147
229324833484 1721eb871871e569 148
229324874959 1721eb871871e569 148
229324915825 1721eb871871e569 149
229324960043 1721eb871871e569 150
229324999041 1721eb871871e569 150
229325039958 1721eb871871e569 151
229325081344 1721eb871871e569 151
229325122344 1721eb871871e569 152
229325163543 1721eb871871e569 153
229325205063 1721eb871871e569 153
229325246443 1721eb871871e569 153
229325288998 1721eb871871e569 154
229325333091 1721eb871871e569 155
229325371723 1721eb871871e569 155
229325412445 1721eb871871e569 156
229325453937 1721eb871871e569 156
229325495910 1721eb871871e569 156
229325536740 1721eb871871e569 156
229325579398 1721eb871871e569 156
229325620171 1721eb871871e569 156
229325660785 1721eb871871e569 156
229325702044 1721eb871871e569 156
229325743319 1721eb871871e569 156
229325784974 1721eb871871e569 156
229325826390 1721eb871871e569 156
229325867609 1721eb871871e569 156
229325908720 1721eb871871e569 156
229325950027 1721eb871871e569 156
229325991300 1721eb871871e569 156
229326032710 1721eb871871e569 156
229326075041 1721eb871871e569 156
229326115720 1721eb871871e569 156
229326156840 1721eb871871e569 156
229326198419 1721eb871871e569 156
229326240173 1721eb871871e569 156
229326283632 1721eb871871e569 156
229326321888 1721eb871871e569 156
229326363336 1721eb871871e569 156
229326405302 1721eb871871e569 156
229326446407 1721eb871871e569 156
229326487868 1721eb871871e569 156
229326528964 1721eb871871e569 156
229326571090 1721eb871871e569 156
229326612258 1721eb871871e569 156
229326653271 1721eb871871e569 156
229326695113 1721eb871871e569 156
229326735940 1721eb871871e569 156
229326776713 1721eb871871e569 156
229326818074 1721eb871871e569 156
229326859482 1721eb871871e569 156
229326900651 1721eb871871e569 156
229326943291 1721eb871871e569 156
229326983899 1721eb871871e569 156
229327024769 1721eb871871e569 156
229327066747 1721eb871871e569 156
229327107756 1721eb871871e569 156
229327148318 1721eb871871e569 156
229327191408 1721eb871871e569 156
229327230653 1721eb871871e569 156
229327271945 1721eb871871e569 156
229327313469 1721eb871871e569 156
229327354692 1721eb871871e569 156
229327396928 1721eb871871e569 157
229327439923 1721eb871871e569 157
229327479749 1721eb871871e569 157
229327520806 1721eb871871e569 157
229327561734 1721eb871871e569 157
229327607080 1721eb871871e569 157
229327645198 1721eb871871e569 157
229327687426 1721eb871871e569 157
229327723977 1721eb871871e569 157
229327744372 1721eb871871e569 157
229327764860 1721eb871871e569 134
229327786468 1721eb871871e569 134
229327832549 1721eb871871e569 134
229327859193 1721eb871871e569 134
229327893648 1721eb871871e569 134
229327936163 1721eb871871e569 134
229327976361 1721eb871871e569 134
229328018286 1721eb871871e569 134
229328059465 1721eb871871e569 134
229328100126 1721eb871871e569 134
229328142074 1721eb871871e569 134
229328183573 1721eb871871e569 134
229328224678 1721eb871871e569 134
229328265680 1721eb871871e569 134
229328309374 1721eb871871e569 134
229328348546 1721eb871871e569 134
229328390962 1721eb871871e569 134
229328431356 1721eb871871e569 134
229328472950 1721eb871871e569 134
229328513959 1721eb871871e569 134
229328555426 1721eb871871e569 134
229328595835 1721eb871871e569 134
229328637990 1721eb871871e569 134
229328679049 1721eb871871e569 134
229328720295 1721eb871871e569 134
229328762011 1721eb871871e569 134
229328803089 1721eb871871e569 134
229328844230 1721eb871871e569 134
229328885596 1721eb871871e569 134
229328928032 1721eb871871e569 134
229328975131 1721eb871871e569 134
229329010686 1721eb871871e569 134
229329051652 1721eb871871e569 134
229329092889 1721eb871871e569 134
229329133820 1721eb871871e569 134
229329175292 1721eb871871e569 134
229329216168 1721eb871871e569 134
229329258030 1721eb871871e569 134
229329300353 1721eb871871e569 134
229329340907 1721eb871871e569 134
229329382381 1721eb871871e569 134
229329423702 1721eb871871e569 134
229329465491 1721eb871871e569 134
229329507257 1721eb871871e569 134
229329547296 1721eb871871e569 134
229329589602 1721eb871871e569 134
229329630078 1721eb871871e569 134
229329671182 1721eb871871e569 134
229329713021 1721eb871871e569 134
229329754897 1721eb871871e569 134
229329795674 1721eb871871e569 134
229329837175 1721eb871871e569 134
229329878672 1721eb871871e569 134
229329919798 1721eb871871e569 134
229329960854 1721eb871871e569 134
229330002371 1721eb871871e569 134
229330044596 1721eb871871e569 134
229330085476 1721eb871871e569 134
229330126837 1721eb871871e569 134
229330169502 1721eb871871e569 134
229330212031 1721eb871871e569 134
229330250714 1721eb871871e569 134
229330293934 1721eb871871e569 134
229330334912 1721eb871871e569 134
229330374924 1721eb871871e569 134
229330417760 1721eb871871e569 134
229330457302 1721eb871871e569 134
229330498905 1721eb871871e569 134
229330539513 1721eb871871e569 134
229330581972 1721eb871871e569 134
229330621786 1721eb871871e569 134
229330663372 1721eb871871e569 134
229330704560 1721eb871871e569 134
229330746059 1721eb871871e569 134
229330787632 1721eb871871e569 134
229330829627 1721eb871871e569 134
229330871001 1721eb871871e569 134
229330911618 1721eb871871e569 134
229330953392 1721eb871871e569 134
229330993722 1721eb871871e569 134
229331035188 1721eb871871e569 134
229331076700 1721eb871871e569 134
229331117781 1721eb871871e569 134
229331167793 1721eb871871e569 134
229331202676 1721eb871871e569 134
229331246952 1721eb871871e569 134
229331287082 1721eb871871e569 134
229331325833 1721eb871871e569 134
229331368982 1721eb871871e569 134
229331408393 1721eb871871e569 134
229331449881 1721eb871871e569 134
229331490883 1721eb871871e569 134
229331532638 1721eb871871e569 134
229331575910 1721eb871871e569 134
229331614676 1721eb871871e569 135
229331655753 1721eb871871e569 136
229331699794 1721eb871871e569 137
229331742796 1721eb871871e569 137
229331780353 1721eb871871e569 137
229331826701 1721eb871871e569 137
229331863553 1721eb871871e569 137
229331904913 1721eb871871e569 137
229331946758 1721eb871871e569 137
229331989774 1721eb871871e569 137
229332028846 1721eb871871e569 137
229332071205 1721eb871871e569 137
229332114543 1721eb871871e569 137
229332153162 1721eb871871e569 137
229332194022 1721eb871871e569 137
229332237335 1721eb871871e569 137
229332276547 1721eb871871e569 137
229332317516 1721eb871871e569 137
229332359610 1721eb871871e569 137
229332400633 1721eb871871e569 137
229332442068 1721eb871871e569 137
229332483950 1721eb871871e569 137
229332524669 1721eb871871e569 137
229332566179 1721eb871871e569 137
229332607961 1721eb871871e569 137
229332648512 1721eb871871e569 137
229332689669 1721eb871871e569 137
229332731616 1721eb871871e569 137
229332772650 1721eb871871e569 137
229332813835 1721eb871871e569 137
229332856442 1721eb871871e569 137
229332898325 1721eb871871e569 137
229332938082 1721eb871871e569 137
229332979467 1721eb871871e569 137
229333020824 1721eb871871e569 137
229333062409 1721eb871871e569 137
229333104082 1721eb871871e569 137
229333145275 1721eb871871e569 137
229333188964 1721eb871871e569 137
229333227388 1721eb871871e569 137
229333269295 1721eb871871e569 137
229333310397 1721eb871871e569 137
229333351681 1721eb871871e569 137
229333393589 1721eb871871e569 137
229333433804 1721eb871871e569 137
229333476322 1721eb871871e569 137
229333516877 1721eb871871e569 137
229333557813 1721eb871871e569 137
229333600532 1721eb871871e569 137
229333640782 1721eb871871e569 137
229333682549 1721eb871871e569 137
229333724209 1721eb871871e569 137
229333761250 1721eb871871e569 137
229333780806 1721eb871871e569 137
229333802055 1721eb871871e569 117
229333822161 1721eb871871e569 117
229333867806 1721eb871871e569 117
229333909501 1721eb871871e569 117
229333951072 1721eb871871e569 117
229333992984 1721eb871871e569 117
229334035059 1721eb871871e569 117
229334076562 1721eb871871e569 117
229334116546 1721eb871871e569 117
229334159528 1721eb871871e569 117
229334199383 1721eb871871e569 117
229334241806 1721eb871871e569 117
229334281640 1721eb871871e569 117
229334324379 1721eb871871e569 117
229334366557 1721eb871871e569 117
229334406162 1721eb871871e569 117
229334447390 1721eb871871e569 117
229334488941 1721eb871871e569 117
229334529423 1721eb871871e569 117
229334571509 1721eb871871e569 117
229334612459 1721eb871871e569 117
229334653541 1721eb871871e569 117
229334694633 1721eb871871e569 117
229334736372 1721eb871871e569 117
229334777853 1721eb871871e569 117
229334820151 1721eb871871e569 117
229334860955 1721eb871871e569 117
229334901880 1721eb871871e569 117
229334943586 1721eb871871e569 117
229334988693 1721eb871871e569 117
