121659262380 a2ba94752c809993 32
121659264669 a2ba94752c809993 32
121659267030 a2ba94752c809993 32
121659273014 a2ba94752c809993 32
121659783262 a2ba94752c809993 33
121659787780 a2ba94752c809993 34
121659850027 a2ba94752c809993 35
121659855760 a2ba94752c809993 36
121659928342 a2ba94752c809993 30
121659935078 a2ba94752c809993 30
121659957485 a2ba94752c809993 30
121659978880 a2ba94752c809993 30
121659998023 a2ba94752c809993 30
121660017623 a2ba94752c809993 30
121660036462 a2ba94752c809993 30
121660067281 a2ba94752c809993 30
121660079548 a2ba94752c809993 30
121660100121 a2ba94752c809993 30
121660120315 a2ba94752c809993 30
121660142637 a2ba94752c809993 30
121660160772 a2ba94752c809993 30
121660183122 a2ba94752c809993 30
121660203452 a2ba94752c809993 30
121660224584 a2ba94752c809993 30
121660246898 a2ba94752c809993 30
121660268792 a2ba94752c809993 30
121660315586 a2ba94752c809993 30
121660375839 a2ba94752c809993 30
121660409010 a2ba94752c809993 30
121660453296 a2ba94752c809993 30
121660476826 a2ba94752c809993 31
121660494533 a2ba94752c809993 31
121660523319 a2ba94752c809993 32
121660546512 a2ba94752c809993 33
121660576916 a2ba94752c809993 34
121660594302 a2ba94752c809993 34
121660625424 a2ba94752c809993 34
121660666301 a2ba94752c809993 34
121660678091 a2ba94752c809993 34
121660712180 a2ba94752c809993 35
121660728520 a2ba94752c809993 35
121660760134 a2ba94752c809993 35
121660780268 a2ba94752c809993 35
121660821547 a2ba94752c809993 35
121660839137 a2ba94752c809993 35
121660874772 a2ba94752c809993 35
121660912705 a2ba94752c809993 35
121660926695 a2ba94752c809993 35
121660977045 a2ba94752c809993 36
121661008104 a2ba94752c809993 36
121661045744 a2ba94752c809993 36
121661069487 a2ba94752c809993 36
121661098412 a2ba94752c809993 36
121661119483 a2ba94752c809993 36
121661139200 a2ba94752c809993 36
121661174034 a2ba94752c809993 36
121661208039 a2ba94752c809993 36
121661239806 a2ba94752c809993 36
121661270152 a2ba94752c809993 36
121661302094 a2ba94752c809993 36
121661331990 a2ba94752c809993 36
121661367844 a2ba94752c809993 36
121661399439 a2ba94752c809993 36
121661428800 a2ba94752c809993 36
121661465798 a2ba94752c809993 36
121661518739 a2ba94752c809993 36
121661548446 a2ba94752c809993 36
121661586622 a2ba94752c809993 37
121661621599 a2ba94752c809993 37
121661648409 a2ba94752c809993 37
121661679811 a2ba94752c809993 37
121661714365 a2ba94752c809993 37
121661748432 a2ba94752c809993 37
121661776755 a2ba94752c809993 37
121661811230 a2ba94752c809993 37
121661842572 a2ba94752c809993 37
121661872783 a2ba94752c809993 37
121661909047 a2ba94752c809993 37
121661939893 a2ba94752c809993 37
121661971011 a2ba94752c809993 37
121662003573 a2ba94752c809993 37
121662039506 a2ba94752c809993 37
121662069785 a2ba94752c809993 37
121662096037 a2ba94752c809993 37
121662123346 a2ba94752c809993 37
121662157301 a2ba94752c809993 38
121662187919 a2ba94752c809993 38
121662215242 a2ba94752c809993 38
121662250408 a2ba94752c809993 38
121662284528 a2ba94752c809993 38
121662319262 a2ba94752c809993 38
121662347097 a2ba94752c809993 38
121662378899 a2ba94752c809993 38
121662409516 a2ba94752c809993 38
121662444192 a2ba94752c809993 38
121662476214 a2ba94752c809993 38
121662507585 a2ba94752c809993 38
121662538668 a2ba94752c809993 38
121662568790 a2ba94752c809993 38
121662605539 a2ba94752c809993 38
121662634581 a2ba94752c809993 38
121662664674 a2ba94752c809993 38
121662696769 a2ba94752c809993 39
121662728942 a2ba94752c809993 39
121662755797 a2ba94752c809993 39
121662791287 a2ba94752c809993 39
121662823999 a2ba94752c809993 39
121662860356 a2ba94752c809993 39
121662888018 a2ba94752c809993 39
121662921251 a2ba94752c809993 39
121662951717 a2ba94752c809993 39
121662985743 a2ba94752c809993 39
121663016523 a2ba94752c809993 39
121663048443 a2ba94752c809993 39
121663079454 a2ba94752c809993 39
121663109438 a2ba94752c809993 39
121663146648 a2ba94752c809993 39
121663173701 a2ba94752c809993 39
121663206262 a2ba94752c809993 39
121663235796 a2ba94752c809993 39
121663269264 a2ba94752c809993 40
121663296650 a2ba94752c809993 40
121663331300 a2ba94752c809993 40
121663363859 a2ba94752c809993 40
121663400402 a2ba94752c809993 40
121663427775 a2ba94752c809993 40
121663461420 a2ba94752c809993 40
121663493803 a2ba94752c809993 41
121663525004 a2ba94752c809993 41
121663556230 a2ba94752c809993 41
121663587406 a2ba94752c809993 41
121663618375 a2ba94752c809993 42
121663651129 a2ba94752c809993 42
121663681046 a2ba94752c809993 42
121663711858 a2ba94752c809993 42
121663743000 a2ba94752c809993 43
121663776304 a2ba94752c809993 43
121663809427 a2ba94752c809993 43
121663837246 a2ba94752c809993 43
121663871129 a2ba94752c809993 44
121663903159 a2ba94752c809993 44
121663936002 a2ba94752c809993 44
121663967262 a2ba94752c809993 45
121664001059 a2ba94752c809993 45
121664032913 a2ba94752c809993 45
121664064206 a2ba94752c809993 45
121664096185 a2ba94752c809993 46
121664126000 a2ba94752c809993 46
121664157498 a2ba94752c809993 46
121664190784 a2ba94752c809993 47
121664220238 a2ba94752c809993 47
121664251331 a2ba94752c809993 48
121664282208 a2ba94752c809993 48
121664323854 a2ba94752c809993 48
121664354179 a2ba94752c809993 49
121664385455 a2ba94752c809993 49
121664417330 a2ba94752c809993 50
121664447957 a2ba94752c809993 50
121664479287 a2ba94752c809993 50
121664511978 a2ba94752c809993 51
121664540926 a2ba94752c809993 51
121664572942 a2ba94752c809993 52
121664604531 a2ba94752c809993 52
121664635563 a2ba94752c809993 53
121664666184 a2ba94752c809993 53
121664696596 a2ba94752c809993 53
121664727681 a2ba94752c809993 54
121664760012 a2ba94752c809993 54
121664790613 a2ba94752c809993 55
121664820579 a2ba94752c809993 55
121664851890 a2ba94752c809993 56
121664883046 a2ba94752c809993 56
121664913663 a2ba94752c809993 57
121664944522 a2ba94752c809993 58
121664975720 a2ba94752c809993 58
121665006980 a2ba94752c809993 59
121665037589 a2ba94752c809993 59
121665069228 a2ba94752c809993 60
121665099555 a2ba94752c809993 60
121665130744 a2ba94752c809993 61
121665160689 a2ba94752c809993 61
121665191979 a2ba94752c809993 62
121665223242 a2ba94752c809993 63
121665254137 a2ba94752c809993 63
121665285138 a2ba94752c809993 64
121665315837 a2ba94752c809993 65
121665346848 a2ba94752c809993 65
121665378482 a2ba94752c809993 66
121665409675 a2ba94752c809993 67
121665440688 a2ba94752c809993 67
121665471250 a2ba94752c809993 68
121665501964 a2ba94752c809993 69
121665532483 a2ba94752c809993 69
121665564059 a2ba94752c809993 70
121665596054 a2ba94752c809993 71
121665627083 a2ba94752c809993 72
121665657079 a2ba94752c809993 72
121665688289 a2ba94752c809993 73
121665719180 a2ba94752c809993 74
121665750234 a2ba94752c809993 75
121665782848 a2ba94752c809993 76
121665813675 a2ba94752c809993 76
121665844312 a2ba94752c809993 77
121665875643 a2ba94752c809993 78
121665905736 a2ba94752c809993 79
121665939512 a2ba94752c809993 80
121665969035 a2ba94752c809993 81
121665999873 a2ba94752c809993 81
121666031512 a2ba94752c809993 82
121666065698 a2ba94752c809993 83
121666096405 a2ba94752c809993 84
121666123442 a2ba94752c809993 85
121666154341 a2ba94752c809993 86
121666185989 a2ba94752c809993 87
121666216971 a2ba94752c809993 88
121666247902 a2ba94752c809993 89
121666279585 a2ba94752c809993 90
121666309790 a2ba94752c809993 91
121666340277 a2ba94752c809993 92
121666371995 a2ba94752c809993 93
121666402441 a2ba94752c809993 94
121666433062 a2ba94752c809993 95
121666463678 a2ba94752c809993 96
121666495478 a2ba94752c809993 97
121666527437 a2ba94752c809993 98
121666559367 a2ba94752c809993 99
121666588289 a2ba94752c809993 100
121666619774 a2ba94752c809993 101
121666650571 a2ba94752c809993 102
121666681680 a2ba94752c809993 104
121666712921 a2ba94752c809993 105
121666743952 a2ba94752c809993 106
121666775898 a2ba94752c809993 107
121666806378 a2ba94752c809993 108
121666839162 a2ba94752c809993 110
121666867793 a2ba94752c809993 111
121666898472 a2ba94752c809993 112
121666929934 a2ba94752c809993 113
121666960494 a2ba94752c809993 114
121666991710 a2ba94752c809993 116
121667022520 a2ba94752c809993 117
121667053005 a2ba94752c809993 118
121667086629 a2ba94752c809993 119
121667115989 a2ba94752c809993 121
121667147447 a2ba94752c809993 122
121667178604 a2ba94752c809993 123
121667207921 a2ba94752c809993 125
121667240605 a2ba94752c809993 126
121667270057 a2ba94752c809993 127
121667302170 a2ba94752c809993 128
121667332916 a2ba94752c809993 130
121667363497 a2ba94752c809993 131
121667394606 a2ba94752c809993 132
121667425800 a2ba94752c809993 134
121667456863 a2ba94752c809993 135
121667487786 a2ba94752c809993 136
121667519285 a2ba94752c809993 137
121667555377 a2ba94752c809993 139
121667585415 a2ba94752c809993 140
121667616188 a2ba94752c809993 141
121667647387 a2ba94752c809993 143
121667652073 a2ba94752c809993 143
121667660909 a2ba94752c809993 121
121667670874 a2ba94752c809993 121
121667706466 a2ba94752c809993 121
121667740574 a2ba94752c809993 121
121667768203 a2ba94752c809993 121
121667800533 a2ba94752c809993 121
121667832901 a2ba94752c809993 121
121667864575 a2ba94752c809993 121
121667894963 a2ba94752c809993 121
121667927221 a2ba94752c809993 121
121667958227 a2ba94752c809993 121
121667988809 a2ba94752c809993 121
121668018060 a2ba94752c809993 121
121668051430 a2ba94752c809993 121
121668080587 a2ba94752c809993 121
121668108798 a2ba94752c809993 121
121668140269 a2ba94752c809993 121
121668170818 a2ba94752c809993 121
121668204413 a2ba94752c809993 121
121668234661 a2ba94752c809993 121
121668265837 a2ba94752c809993 121
121668295218 a2ba94752c809993 121
121668329758 a2ba94752c809993 121
121668361068 a2ba94752c809993 121
121668392391 a2ba94752c809993 121
121668419351 a2ba94752c809993 121
121668452688 a2ba94752c809993 121
121668482930 a2ba94752c809993 121
121668515313 a2ba94752c809993 121
121668548284 a2ba94752c809993 121
121668577683 a2ba94752c809993 121
121668610016 a2ba94752c809993 121
121668640350 a2ba94752c809993 121
121668667662 a2ba94752c809993 121
121668700050 a2ba94752c809993 121
121668730590 a2ba94752c809993 121
121668760098 a2ba94752c809993 121
121668791206 a2ba94752c809993 121
121668824519 a2ba94752c809993 121
121668856914 a2ba94752c809993 121
121668885713 a2ba94752c809993 121
121668920127 a2ba94752c809993 121
121668949728 a2ba94752c809993 121
121668980912 a2ba94752c809993 121
121669012372 a2ba94752c809993 121
121669042937 a2ba94752c809993 121
121669073770 a2ba94752c809993 121
121669107548 a2ba94752c809993 121
121669135165 a2ba94752c809993 121
121669167513 a2ba94752c809993 121
121669206784 a2ba94752c809993 121
121669240487 a2ba94752c809993 121
121669268691 a2ba94752c809993 121
121669297007 a2ba94752c809993 121
121669332585 a2ba94752c809993 121
121669362293 a2ba94752c809993 122
121669394611 a2ba94752c809993 124
121669424008 a2ba94752c809993 125
121669456947 a2ba94752c809993 126
121669485838 a2ba94752c809993 126
121669516968 a2ba94752c809993 127
121669547488 a2ba94752c809993 127
121669580067 a2ba94752c809993 128
121669608250 a2ba94752c809993 128
121669642933 a2ba94752c809993 129
121669672303 a2ba94752c809993 130
121669707295 a2ba94752c809993 130
121669736158 a2ba94752c809993 130
121669762661 a2ba94752c809993 130
121669795420 a2ba94752c809993 131
121669827950 a2ba94752c809993 132
121669855025 a2ba94752c809993 132
121669889393 a2ba94752c809993 133
121669920140 a2ba94752c809993 134
121669951207 a2ba94752c809993 135
121669986269 a2ba94752c809993 136
121670010813 a2ba94752c809993 136
121670040826 a2ba94752c809993 136
121670076264 a2ba94752c809993 137
121670109247 a2ba94752c809993 138
121670142480 a2ba94752c809993 139
121670164714 a2ba94752c809993 140
121670202792 a2ba94752c809993 141
121670232715 a2ba94752c809993 142
121670264293 a2ba94752c809993 142
121670292187 a2ba94752c809993 142
121670328385 a2ba94752c809993 142
121670354153 a2ba94752c809993 142
121670388839 a2ba94752c809993 142
121670412560 a2ba94752c809993 142
121670451133 a2ba94752c809993 142
121670479926 a2ba94752c809993 142
121670511802 a2ba94752c809993 142
121670541475 a2ba94752c809993 142
121670572068 a2ba94752c809993 142
121670604203 a2ba94752c809993 142
121670635918 a2ba94752c809993 143
121670666018 a2ba94752c809993 143
121670694767 a2ba94752c809993 143
121670727562 a2ba94752c809993 143
121670758044 a2ba94752c809993 143
121670785779 a2ba94752c809993 143
121670819429 a2ba94752c809993 143
121670852614 a2ba94752c809993 143
121670882657 a2ba94752c809993 143
121670913904 a2ba94752c809993 143
121670944249 a2ba94752c809993 143
121670975722 a2ba94752c809993 143
121671006536 a2ba94752c809993 143
121671037647 a2ba94752c809993 143
121671067838 a2ba94752c809993 143
121671100004 a2ba94752c809993 143
121671130642 a2ba94752c809993 143
121671161399 a2ba94752c809993 143
121671192100 a2ba94752c809993 143
121671219833 a2ba94752c809993 143
121671255394 a2ba94752c809993 143
121671286089 a2ba94752c809993 143
121671316091 a2ba94752c809993 143
121671348087 a2ba94752c809993 143
121671378783 a2ba94752c809993 143
121671411085 a2ba94752c809993 143
121671436259 a2ba94752c809993 143
121671470189 a2ba94752c809993 143
121671500311 a2ba94752c809993 143
121671532474 a2ba94752c809993 143
121671564494 a2ba94752c809993 143
121671595851 a2ba94752c809993 143
121671627186 a2ba94752c809993 143
121671653767 a2ba94752c809993 143
121671684407 a2ba94752c809993 143
121671720757 a2ba94752c809993 143
121671751358 a2ba94752c809993 143
121671782934 a2ba94752c809993 143
121671812832 a2ba94752c809993 143
121671843282 a2ba94752c809993 143
121671875033 a2ba94752c809993 143
121671906696 a2ba94752c809993 143
121671936789 a2ba94752c809993 143
121671967559 a2ba94752c809993 143
121671993523 a2ba94752c809993 143
121672032171 a2ba94752c809993 143
121672060275 a2ba94752c809993 143
121672091579 a2ba94752c809993 143
121672118942 a2ba94752c809993 143
121672160867 a2ba94752c809993 143
121672167851 a2ba94752c809993 143
121672171978 a2ba94752c809993 122
121672179576 a2ba94752c809993 122
121672212694 a2ba94752c809993 122
121672242957 a2ba94752c809993 122
121672274142 a2ba94752c809993 122
121672306075 a2ba94752c809993 122
121672336021 a2ba94752c809993 122
121672367263 a2ba94752c809993 122
121672396856 a2ba94752c809993 122
121672427834 a2ba94752c809993 122
121672458679 a2ba94752c809993 122
121672489418 a2ba94752c809993 122
121672520256 a2ba94752c809993 122
121672551194 a2ba94752c809993 122
121672582703 a2ba94752c809993 122
121672613103 a2ba94752c809993 122
121672644429 a2ba94752c809993 122
121672675308 a2ba94752c809993 122
121672706078 a2ba94752c809993 122
121672737425 a2ba94752c809993 122
121672768884 a2ba94752c809993 122
121672799462 a2ba94752c809993 122
121672831236 a2ba94752c809993 122
121672861320 a2ba94752c809993 122
121672892532 a2ba94752c809993 122
121672923152 a2ba94752c809993 122
121672954615 a2ba94752c809993 122
121672985393 a2ba94752c809993 122
121673016970 a2ba94752c809993 122
121673049452 a2ba94752c809993 122
121673080146 a2ba94752c809993 122
121673111568 a2ba94752c809993 122
121673127839 a2ba94752c809993 122
121673137392 a2ba94752c809993 122
121673147742 a2ba94752c809993 122
121673157693 a2ba94752c809993 122
121673199212 a2ba94752c809993 122
121673226283 a2ba94752c809993 122
121673255457 a2ba94752c809993 122
121673288274 a2ba94752c809993 122
121673318626 a2ba94752c809993 122
121673349007 a2ba94752c809993 122
121673380139 a2ba94752c809993 122
121673410703 a2ba94752c809993 122
121673441762 a2ba94752c809993 122
121673472064 a2ba94752c809993 122
121673504898 a2ba94752c809993 122
121673535501 a2ba94752c809993 122
121673565754 a2ba94752c809993 122
121673597378 a2ba94752c809993 122
121673628104 a2ba94752c809993 122
121673659715 a2ba94752c809993 122
121673690094 a2ba94752c809993 122
121673720595 a2ba94752c809993 122
121673751659 a2ba94752c809993 122
121673783531 a2ba94752c809993 122
121673814198 a2ba94752c809993 122
121673844754 a2ba94752c809993 122
121673876426 a2ba94752c809993 123
121673907212 a2ba94752c809993 124
121673938959 a2ba94752c809993 125
121673969469 a2ba94752c809993 126
121674000020 a2ba94752c809993 126
121674032917 a2ba94752c809993 127
121674063272 a2ba94752c809993 127
121674092940 a2ba94752c809993 128
121674124516 a2ba94752c809993 128
121674154791 a2ba94752c809993 128
121674185584 a2ba94752c809993 128
121674216558 a2ba94752c809993 129
121674252368 a2ba94752c809993 130
121674283476 a2ba94752c809993 131
121674312248 a2ba94752c809993 131
121674344164 a2ba94752c809993 132
121674376402 a2ba94752c809993 133
121674406255 a2ba94752c809993 133
121674439789 a2ba94752c809993 134
121674471152 a2ba94752c809993 134
121674499615 a2ba94752c809993 134
121674527371 a2ba94752c809993 135
121674565600 a2ba94752c809993 137
121674595680 a2ba94752c809993 138
121674627501 a2ba94752c809993 139
121674653063 a2ba94752c809993 139
121674685747 a2ba94752c809993 140
121674718175 a2ba94752c809993 140
121674750581 a2ba94752c809993 142
121674780954 a2ba94752c809993 142
121674808407 a2ba94752c809993 142
121674841992 a2ba94752c809993 142
121674871904 a2ba94752c809993 142
121674902870 a2ba94752c809993 142
121674938191 a2ba94752c809993 142
121674964346 a2ba94752c809993 142
121675001241 a2ba94752c809993 142
121675027294 a2ba94752c809993 143
121675057306 a2ba94752c809993 143
121675089996 a2ba94752c809993 143
121675120772 a2ba94752c809993 143
121675155424 a2ba94752c809993 143
121675182411 a2ba94752c809993 143
121675212769 a2ba94752c809993 143
121675249376 a2ba94752c809993 143
121675275828 a2ba94752c809993 143
121675305996 a2ba94752c809993 143
121675338602 a2ba94752c809993 143
121675368325 a2ba94752c809993 143
121675398199 a2ba94752c809993 143
121675428170 a2ba94752c809993 143
121675459912 a2ba94752c809993 143
121675492446 a2ba94752c809993 143
121675520032 a2ba94752c809993 143
121675553783 a2ba94752c809993 143
121675585815 a2ba94752c809993 143
121675617653 a2ba94752c809993 143
121675647754 a2ba94752c809993 143
121675676397 a2ba94752c809993 143
121675709635 a2ba94752c809993 143
121675740831 a2ba94752c809993 143
121675768203 a2ba94752c809993 143
121675799033 a2ba94752c809993 143
121675833783 a2ba94752c809993 143
121675864162 a2ba94752c809993 143
121675896107 a2ba94752c809993 143
121675927034 a2ba94752c809993 143
121675958367 a2ba94752c809993 143
121675988119 a2ba94752c809993 143
121676020028 a2ba94752c809993 143
121676050588 a2ba94752c809993 143
121676080827 a2ba94752c809993 143
121676108655 a2ba94752c809993 143
121676143654 a2ba94752c809993 143
121676174444 a2ba94752c809993 143
121676210636 a2ba94752c809993 143
121676232587 a2ba94752c809993 143
121676263982 a2ba94752c809993 143
121676297979 a2ba94752c809993 143
121676327743 a2ba94752c809993 143
121676359356 a2ba94752c809993 143
121676390542 a2ba94752c809993 143
121676418529 a2ba94752c809993 143
121676452807 a2ba94752c809993 143
121676484274 a2ba94752c809993 143
121676515609 a2ba94752c809993 143
121676546758 a2ba94752c809993 143
121676577556 a2ba94752c809993 143
121676603603 a2ba94752c809993 143
121676638142 a2ba94752c809993 143
121676666158 a2ba94752c809993 143
121676700055 a2ba94752c809993 143
121676730665 a2ba94752c809993 143
121676759649 a2ba94752c809993 143
121676794212 a2ba94752c809993 143
121676826246 a2ba94752c809993 143
121676856185 a2ba94752c809993 143
121676889390 a2ba94752c809993 143
121676919332 a2ba94752c809993 143
121676950750 a2ba94752c809993 143
121676980882 a2ba94752c809993 143
121677011615 a2ba94752c809993 143
121677043198 a2ba94752c809993 143
121677074344 a2ba94752c809993 143
121677105326 a2ba94752c809993 143
121677135652 a2ba94752c809993 143
121677167045 a2ba94752c809993 144
121677198220 a2ba94752c809993 144
121677230061 a2ba94752c809993 144
121677263493 a2ba94752c809993 144
121677290760 a2ba94752c809993 144
121677318667 a2ba94752c809993 144
121677351880 a2ba94752c809993 144
121677384265 a2ba94752c809993 144
121677414350 a2ba94752c809993 144
121677447087 a2ba94752c809993 144
121677475623 a2ba94752c809993 144
121677504294 a2ba94752c809993 144
121677536043 a2ba94752c809993 144
121677566881 a2ba94752c809993 144
121677600563 a2ba94752c809993 144
121677631479 a2ba94752c809993 144
121677657817 a2ba94752c809993 144
121677695943 a2ba94752c809993 145
121677720877 a2ba94752c809993 145
121677751421 a2ba94752c809993 145
121677783034 a2ba94752c809993 145
121677813707 a2ba94752c809993 145
121677844589 a2ba94752c809993 145
121677876379 a2ba94752c809993 145
121677908160 a2ba94752c809993 145
121677937435 a2ba94752c809993 145
121677967964 a2ba94752c809993 146
121677999453 a2ba94752c809993 146
121678030403 a2ba94752c809993 146
121678062151 a2ba94752c809993 146
121678092080 a2ba94752c809993 146
121678123533 a2ba94752c809993 146
121678154516 a2ba94752c809993 146
121678185682 a2ba94752c809993 147
121678216360 a2ba94752c809993 147
121678247391 a2ba94752c809993 147
121678279404 a2ba94752c809993 147
121678309900 a2ba94752c809993 147
121678340503 a2ba94752c809993 147
121678371952 a2ba94752c809993 148
121678402605 a2ba94752c809993 148
121678432907 a2ba94752c809993 148
121678463776 a2ba94752c809993 148
121678495750 a2ba94752c809993 148
121678525601 a2ba94752c809993 149
121678556732 a2ba94752c809993 149
121678587901 a2ba94752c809993 149
121678619577 a2ba94752c809993 149
121678649612 a2ba94752c809993 150
121678680435 a2ba94752c809993 150
121678711217 a2ba94752c809993 150
121678743028 a2ba94752c809993 150
121678773837 a2ba94752c809993 150
121678804703 a2ba94752c809993 151
121678835876 a2ba94752c809993 151
121678867044 a2ba94752c809993 151
121678898544 a2ba94752c809993 152
121678928609 a2ba94752c809993 152
121678959861 a2ba94752c809993 152
121678990857 a2ba94752c809993 152
121679022431 a2ba94752c809993 153
121679052611 a2ba94752c809993 153
121679084832 a2ba94752c809993 153
121679116022 a2ba94752c809993 154
121679146383 a2ba94752c809993 154
121679177390 a2ba94752c809993 154
121679209040 a2ba94752c809993 155
121679239646 a2ba94752c809993 155
121679275035 a2ba94752c809993 156
121679305084 a2ba94752c809993 156
121679332527 a2ba94752c809993 156
121679363788 a2ba94752c809993 157
121679394704 a2ba94752c809993 157
121679425710 a2ba94752c809993 157
121679456284 a2ba94752c809993 158
121679487622 a2ba94752c809993 158
121679520063 a2ba94752c809993 159
121679550094 a2ba94752c809993 159
121679580573 a2ba94752c809993 160
121679612629 a2ba94752c809993 160
121679643033 a2ba94752c809993 160
121679675380 a2ba94752c809993 161
121679704836 a2ba94752c809993 161
121679735797 a2ba94752c809993 162
121679767916 a2ba94752c809993 162
121679798240 a2ba94752c809993 163
121679828839 a2ba94752c809993 163
121679860311 a2ba94752c809993 164
121679891244 a2ba94752c809993 164
121679921578 a2ba94752c809993 165
121679952334 a2ba94752c809993 165
121679984280 a2ba94752c809993 166
121680015465 a2ba94752c809993 167
121680045687 a2ba94752c809993 167
121680077607 a2ba94752c809993 168
121680108143 a2ba94752c809993 168
121680134424 a2ba94752c809993 169
121680144821 a2ba94752c809993 169
121680155751 a2ba94752c809993 144
121680167716 a2ba94752c809993 144
121680200681 a2ba94752c809993 144
121680231225 a2ba94752c809993 144
121680262393 a2ba94752c809993 144
121680293780 a2ba94752c809993 144
121680324731 a2ba94752c809993 144
121680355426 a2ba94752c809993 144
121680386363 a2ba94752c809993 144
121680417636 a2ba94752c809993 144
121680448690 a2ba94752c809993 144
121680479633 a2ba94752c809993 144
121680510794 a2ba94752c809993 144
121680541344 a2ba94752c809993 144
121680572509 a2ba94752c809993 144
121680604375 a2ba94752c809993 144
121680635103 a2ba94752c809993 144
121680667159 a2ba94752c809993 144
121680697715 a2ba94752c809993 144
121680728096 a2ba94752c809993 144
121680759532 a2ba94752c809993 144
121680790751 a2ba94752c809993 144
121680821629 a2ba94752c809993 144
121680851975 a2ba94752c809993 144
121680883064 a2ba94752c809993 144
121680916060 a2ba94752c809993 144
121680946232 a2ba94752c809993 144
121680977037 a2ba94752c809993 144
121681007986 a2ba94752c809993 144
121681038269 a2ba94752c809993 144
121681069042 a2ba94752c809993 144
121681100214 a2ba94752c809993 144
121681130691 a2ba94752c809993 144
121681162133 a2ba94752c809993 144
121681197353 a2ba94752c809993 144
121681224141 a2ba94752c809993 144
121681255601 a2ba94752c809993 144
121681291604 a2ba94752c809993 144
121681327103 a2ba94752c809993 144
121681358267 a2ba94752c809993 144
121681389076 a2ba94752c809993 144
121681420456 a2ba94752c809993 144
121681451546 a2ba94752c809993 144
121681481943 a2ba94752c809993 144
121681514691 a2ba94752c809993 144
121681545067 a2ba94752c809993 144
121681576404 a2ba94752c809993 144
121681606563 a2ba94752c809993 144
121681639495 a2ba94752c809993 144
121681669343 a2ba94752c809993 144
121681700384 a2ba94752c809993 144
121681730879 a2ba94752c809993 144
121681763452 a2ba94752c809993 144
121681794362 a2ba94752c809993 144
121681824671 a2ba94752c809993 144
121681855568 a2ba94752c809993 144
121681886166 a2ba94752c809993 144
121681916606 a2ba94752c809993 144
121681948015 a2ba94752c809993 144
121681978580 a2ba94752c809993 144
121682009241 a2ba94752c809993 144
121682040591 a2ba94752c809993 144
121682073066 a2ba94752c809993 144
121682104758 a2ba94752c809993 144
121682134721 a2ba94752c809993 144
121682166926 a2ba94752c809993 144
121682196596 a2ba94752c809993 145
121682227148 a2ba94752c809993 146
121682258858 a2ba94752c809993 147
121682288657 a2ba94752c809993 148
121682319647 a2ba94752c809993 148
121682350697 a2ba94752c809993 149
121682381476 a2ba94752c809993 149
121682413310 a2ba94752c809993 150
121682443605 a2ba94752c809993 150
121682474464 a2ba94752c809993 150
121682505854 a2ba94752c809993 151
121682537956 a2ba94752c809993 152
121682567105 a2ba94752c809993 152
121682598112 a2ba94752c809993 153
121682628917 a2ba94752c809993 153
121682664377 a2ba94752c809993 153
121682691778 a2ba94752c809993 153
121682722994 a2ba94752c809993 154
121682753658 a2ba94752c809993 154
121682784498 a2ba94752c809993 155
121682815754 a2ba94752c809993 156
121682847093 a2ba94752c809993 156
121682877577 a2ba94752c809993 157
121682911514 a2ba94752c809993 158
121682940634 a2ba94752c809993 158
121682972209 a2ba94752c809993 159
121683004207 a2ba94752c809993 159
121683032986 a2ba94752c809993 160
121683064953 a2ba94752c809993 161
121683095867 a2ba94752c809993 162
121683125061 a2ba94752c809993 162
121683155892 a2ba94752c809993 163
121683187523 a2ba94752c809993 164
121683220676 a2ba94752c809993 165
121683251010 a2ba94752c809993 166
121683283873 a2ba94752c809993 167
121683310163 a2ba94752c809993 167
121683344240 a2ba94752c809993 167
121683376566 a2ba94752c809993 167
121683405302 a2ba94752c809993 167
121683436939 a2ba94752c809993 167
121683468042 a2ba94752c809993 167
121683498735 a2ba94752c809993 167
121683529390 a2ba94752c809993 168
121683560778 a2ba94752c809993 168
121683592202 a2ba94752c809993 168
121683622451 a2ba94752c809993 168
121683653736 a2ba94752c809993 168
121683684060 a2ba94752c809993 168
121683715456 a2ba94752c809993 168
121683747101 a2ba94752c809993 168
121683777043 a2ba94752c809993 168
121683808193 a2ba94752c809993 168
121683839399 a2ba94752c809993 168
121683870226 a2ba94752c809993 168
121683900889 a2ba94752c809993 168
121683931749 a2ba94752c809993 168
121683962998 a2ba94752c809993 168
121683994547 a2ba94752c809993 169
121684025365 a2ba94752c809993 169
121684055802 a2ba94752c809993 169
121684087111 a2ba94752c809993 169
121684118721 a2ba94752c809993 169
121684150897 a2ba94752c809993 169
121684180657 a2ba94752c809993 169
121684214525 a2ba94752c809993 169
121684247605 a2ba94752c809993 169
121684277367 a2ba94752c809993 169
121684304915 a2ba94752c809993 169
121684336120 a2ba94752c809993 169
121684369980 a2ba94752c809993 169
121684403426 a2ba94752c809993 169
121684432322 a2ba94752c809993 169
121684464193 a2ba94752c809993 169
121684495324 a2ba94752c809993 169
121684522469 a2ba94752c809993 169
121684553084 a2ba94752c809993 169
121684587790 a2ba94752c809993 169
121684620132 a2ba94752c809993 169
121684650559 a2ba94752c809993 169
121684680118 a2ba94752c809993 169
121684711133 a2ba94752c809993 169
121684742779 a2ba94752c809993 169
121684771930 a2ba94752c809993 169
121684803609 a2ba94752c809993 169
121684831842 a2ba94752c809993 169
121684865271 a2ba94752c809993 169
121684896130 a2ba94752c809993 169
121684928608 a2ba94752c809993 169
121684955889 a2ba94752c809993 169
121684990682 a2ba94752c809993 169
121685019189 a2ba94752c809993 169
121685049565 a2ba94752c809993 169
121685084066 a2ba94752c809993 169
121685116585 a2ba94752c809993 169
121685146721 a2ba94752c809993 169
121685176342 a2ba94752c809993 169
121685207913 a2ba94752c809993 169
121685240369 a2ba94752c809993 169
121685272121 a2ba94752c809993 169
121685299866 a2ba94752c809993 169
121685330132 a2ba94752c809993 169
121685364216 a2ba94752c809993 169
121685394574 a2ba94752c809993 169
121685423347 a2ba94752c809993 169
121685455585 a2ba94752c809993 169
121685487402 a2ba94752c809993 169
121685518511 a2ba94752c809993 169
121685547876 a2ba94752c809993 169
121685580067 a2ba94752c809993 169
121685611578 a2ba94752c809993 169
121685642712 a2ba94752c809993 169
121685672888 a2ba94752c809993 169
121685705767 a2ba94752c809993 169
121685731194 a2ba94752c809993 169
121685762622 a2ba94752c809993 169
121685796216 a2ba94752c809993 169
121685824436 a2ba94752c809993 169
121685859156 a2ba94752c809993 169
121685889115 a2ba94752c809993 169
121685920559 a2ba94752c809993 169
121685951401 a2ba94752c809993 169
121685982886 a2ba94752c809993 169
121686010406 a2ba94752c809993 169
121686044307 a2ba94752c809993 169
121686076371 a2ba94752c809993 169
121686107399 a2ba94752c809993 169
121686138799 a2ba94752c809993 170
121686172168 a2ba94752c809993 170
121686200171 a2ba94752c809993 170
121686232028 a2ba94752c809993 170
121686263799 a2ba94752c809993 170
121686292898 a2ba94752c809993 170
121686320658 a2ba94752c809993 170
121686351374 a2ba94752c809993 170
121686381874 a2ba94752c809993 170
121686412835 a2ba94752c809993 170
121686443568 a2ba94752c809993 170
121686475741 a2ba94752c809993 170
121686507089 a2ba94752c809993 170
121686537136 a2ba94752c809993 170
121686567893 a2ba94752c809993 170
121686598703 a2ba94752c809993 170
121686629807 a2ba94752c809993 171
121686662224 a2ba94752c809993 171
121686692273 a2ba94752c809993 171
121686723499 a2ba94752c809993 171
121686754892 a2ba94752c809993 171
121686786024 a2ba94752c809993 171
121686815911 a2ba94752c809993 171
121686847769 a2ba94752c809993 171
121686878340 a2ba94752c809993 171
121686909511 a2ba94752c809993 172
121686939801 a2ba94752c809993 172
121686971282 a2ba94752c809993 172
121687003128 a2ba94752c809993 172
121687033548 a2ba94752c809993 172
121687064373 a2ba94752c809993 172
121687095592 a2ba94752c809993 172
121687127109 a2ba94752c809993 172
121687158010 a2ba94752c809993 173
121687175867 a2ba94752c809993 173
121687208714 a2ba94752c809993 173
121687239276 a2ba94752c809993 173
121687271915 a2ba94752c809993 173
121687301816 a2ba94752c809993 173
121687339550 a2ba94752c809993 174
121687375286 a2ba94752c809993 174
121687404901 a2ba94752c809993 174
121687410561 a2ba94752c809993 174
121687420886 a2ba94752c809993 174
121687432247 a2ba94752c809993 148
121687442185 a2ba94752c809993 148
121687477616 a2ba94752c809993 148
121687508271 a2ba94752c809993 148
121687540136 a2ba94752c809993 148
121687570443 a2ba94752c809993 148
121687601635 a2ba94752c809993 148
121687632219 a2ba94752c809993 148
121687663705 a2ba94752c809993 148
121687694591 a2ba94752c809993 148
121687726466 a2ba94752c809993 148
121687758049 a2ba94752c809993 148
121687788496 a2ba94752c809993 148
121687819074 a2ba94752c809993 148
121687850822 a2ba94752c809993 148
121687882674 a2ba94752c809993 148
121687912991 a2ba94752c809993 148
121687943162 a2ba94752c809993 148
121687974317 a2ba94752c809993 148
121688004521 a2ba94752c809993 148
121688036116 a2ba94752c809993 148
121688066648 a2ba94752c809993 148
121688098029 a2ba94752c809993 148
121688129333 a2ba94752c809993 148
121688159759 a2ba94752c809993 148
121688190782 a2ba94752c809993 148
121688222572 a2ba94752c809993 148
121688253126 a2ba94752c809993 148
121688283945 a2ba94752c809993 148
121688317970 a2ba94752c809993 148
121688347204 a2ba94752c809993 148
121688376532 a2ba94752c809993 148
121688408355 a2ba94752c809993 148
121688438646 a2ba94752c809993 148
121688469351 a2ba94752c809993 148
121688501613 a2ba94752c809993 148
121688532015 a2ba94752c809993 148
121688563226 a2ba94752c809993 148
121688595663 a2ba94752c809993 148
121688626193 a2ba94752c809993 148
121688657543 a2ba94752c809993 148
121688687448 a2ba94752c809993 148
121688718920 a2ba94752c809993 148
121688748706 a2ba94752c809993 148
121688780180 a2ba94752c809993 148
121688811151 a2ba94752c809993 148
121688842009 a2ba94752c809993 148
121688873898 a2ba94752c809993 148
121688904325 a2ba94752c809993 148
121688935362 a2ba94752c809993 148
121688966293 a2ba94752c809993 148
121688996807 a2ba94752c809993 148
121689027888 a2ba94752c809993 148
121689060017 a2ba94752c809993 148
121689089651 a2ba94752c809993 148
121689120953 a2ba94752c809993 148
121689152409 a2ba94752c809993 148
121689184973 a2ba94752c809993 148
121689214544 a2ba94752c809993 148
121689245625 a2ba94752c809993 148
121689276789 a2ba94752c809993 148
121689308782 a2ba94752c809993 148
121689339905 a2ba94752c809993 148
121689370551 a2ba94752c809993 148
121689400490 a2ba94752c809993 148
121689432064 a2ba94752c809993 148
121689463144 a2ba94752c809993 148
121689494273 a2ba94752c809993 148
121689525792 a2ba94752c809993 149
121689556138 a2ba94752c809993 150
121689586005 a2ba94752c809993 151
121689616701 a2ba94752c809993 153
121689647282 a2ba94752c809993 153
121689678655 a2ba94752c809993 153
121689709790 a2ba94752c809993 154
121689741138 a2ba94752c809993 154
121689771905 a2ba94752c809993 154
121689802896 a2ba94752c809993 154
121689835201 a2ba94752c809993 155
121689865628 a2ba94752c809993 155
121689897944 a2ba94752c809993 156
121689927976 a2ba94752c809993 156
121689960255 a2ba94752c809993 157
121689989313 a2ba94752c809993 157
121690020683 a2ba94752c809993 158
121690052292 a2ba94752c809993 158
121690084576 a2ba94752c809993 159
121690116385 a2ba94752c809993 160
121690124582 a2ba94752c809993 160
121690130734 a2ba94752c809993 160
121690142394 a2ba94752c809993 136
121690151195 a2ba94752c809993 136
121690186636 a2ba94752c809993 136
121690217884 a2ba94752c809993 136
121690248948 a2ba94752c809993 136
121690279598 a2ba94752c809993 136
121690310469 a2ba94752c809993 136
121690340948 a2ba94752c809993 136
121690371466 a2ba94752c809993 136
121690403882 a2ba94752c809993 136
121690434880 a2ba94752c809993 136
121690465753 a2ba94752c809993 136
121690496357 a2ba94752c809993 136
121690526798 a2ba94752c809993 136
121690557668 a2ba94752c809993 136
121690588100 a2ba94752c809993 136
121690619154 a2ba94752c809993 136
121690651320 a2ba94752c809993 136
121690680918 a2ba94752c809993 136
121690712099 a2ba94752c809993 136
121690742673 a2ba94752c809993 136
121690773793 a2ba94752c809993 136
121690804734 a2ba94752c809993 136
121690836166 a2ba94752c809993 136
121690866766 a2ba94752c809993 136
121690898816 a2ba94752c809993 136
121690929100 a2ba94752c809993 136
121690959749 a2ba94752c809993 136
121690990851 a2ba94752c809993 136
121691021639 a2ba94752c809993 136
121691054544 a2ba94752c809993 136
121691084732 a2ba94752c809993 136
121691115455 a2ba94752c809993 136
121691146645 a2ba94752c809993 136
121691177038 a2ba94752c809993 136
121691208073 a2ba94752c809993 136
121691238929 a2ba94752c809993 136
121691270485 a2ba94752c809993 136
121691302279 a2ba94752c809993 136
121691334154 a2ba94752c809993 136
121691370618 a2ba94752c809993 136
121691404630 a2ba94752c809993 136
121691435339 a2ba94752c809993 136
121691467161 a2ba94752c809993 136
121691498685 a2ba94752c809993 136
121691528841 a2ba94752c809993 136
121691561558 a2ba94752c809993 136
121691592553 a2ba94752c809993 136
121691624112 a2ba94752c809993 136
121691653965 a2ba94752c809993 136
121691685073 a2ba94752c809993 136
121691715986 a2ba94752c809993 136
121691747161 a2ba94752c809993 136
121691778021 a2ba94752c809993 136
121691808469 a2ba94752c809993 136
121691839795 a2ba94752c809993 136
121691870678 a2ba94752c809993 136
121691902701 a2ba94752c809993 136
121691932689 a2ba94752c809993 136
121691963735 a2ba94752c809993 136
121691995034 a2ba94752c809993 136
121692025667 a2ba94752c809993 137
121692055535 a2ba94752c809993 138
121692087706 a2ba94752c809993 139
121692117869 a2ba94752c809993 140
121692148878 a2ba94752c809993 141
121692180213 a2ba94752c809993 141
121692210991 a2ba94752c809993 142
121692243252 a2ba94752c809993 142
121692273768 a2ba94752c809993 142
121692306890 a2ba94752c809993 143
121692335572 a2ba94752c809993 143
121692366254 a2ba94752c809993 144
121692397483 a2ba94752c809993 144
121692428388 a2ba94752c809993 145
121692461996 a2ba94752c809993 146
121692490783 a2ba94752c809993 146
121692520907 a2ba94752c809993 147
121692553291 a2ba94752c809993 147
121692583385 a2ba94752c809993 147
121692614492 a2ba94752c809993 148
121692644719 a2ba94752c809993 148
121692675510 a2ba94752c809993 148
121692706626 a2ba94752c809993 148
121692737568 a2ba94752c809993 148
121692770892 a2ba94752c809993 148
121692800849 a2ba94752c809993 148
121692831456 a2ba94752c809993 148
121692862353 a2ba94752c809993 148
121692893512 a2ba94752c809993 148
121692924143 a2ba94752c809993 148
121692955253 a2ba94752c809993 148
121692985924 a2ba94752c809993 148
121693016614 a2ba94752c809993 148
121693053664 a2ba94752c809993 148
121693081969 a2ba94752c809993 148
121693112500 a2ba94752c809993 148
121693142085 a2ba94752c809993 148
121693172390 a2ba94752c809993 148
121693204485 a2ba94752c809993 148
121693234280 a2ba94752c809993 148
121693264683 a2ba94752c809993 148
121693297529 a2ba94752c809993 148
121693328002 a2ba94752c809993 148
121693360628 a2ba94752c809993 148
121693386905 a2ba94752c809993 148
121693419732 a2ba94752c809993 148
121693451087 a2ba94752c809993 148
121693481620 a2ba94752c809993 148
121693512703 a2ba94752c809993 148
121693544661 a2ba94752c809993 148
121693575257 a2ba94752c809993 148
121693605968 a2ba94752c809993 148
121693638031 a2ba94752c809993 148
121693670052 a2ba94752c809993 148
121693699781 a2ba94752c809993 148
121693730238 a2ba94752c809993 148
121693760918 a2ba94752c809993 148
121693792719 a2ba94752c809993 148
121693823783 a2ba94752c809993 148
121693854140 a2ba94752c809993 148
121693885338 a2ba94752c809993 148
121693916044 a2ba94752c809993 148
121693947420 a2ba94752c809993 148
121693977949 a2ba94752c809993 148
121694009542 a2ba94752c809993 148
121694039951 a2ba94752c809993 148
121694071823 a2ba94752c809993 148
121694102621 a2ba94752c809993 148
121694134698 a2ba94752c809993 148
121694164272 a2ba94752c809993 148
121694196835 a2ba94752c809993 148
121694227160 a2ba94752c809993 149
121694257467 a2ba94752c809993 149
121694287930 a2ba94752c809993 149
121694319214 a2ba94752c809993 149
121694349761 a2ba94752c809993 149
121694381367 a2ba94752c809993 149
121694412096 a2ba94752c809993 149
121694443044 a2ba94752c809993 149
121694479988 a2ba94752c809993 149
121694506870 a2ba94752c809993 149
121694535830 a2ba94752c809993 149
121694566900 a2ba94752c809993 149
121694599299 a2ba94752c809993 150
121694629019 a2ba94752c809993 150
121694659827 a2ba94752c809993 150
121694692451 a2ba94752c809993 150
121694724486 a2ba94752c809993 150
121694754101 a2ba94752c809993 150
121694785104 a2ba94752c809993 150
121694815378 a2ba94752c809993 150
121694846712 a2ba94752c809993 151
121694876553 a2ba94752c809993 151
121694907602 a2ba94752c809993 151
121694938775 a2ba94752c809993 151
121694970563 a2ba94752c809993 151
121695000806 a2ba94752c809993 151
121695031784 a2ba94752c809993 152
121695062831 a2ba94752c809993 152
121695095340 a2ba94752c809993 152
121695129583 a2ba94752c809993 152
121695157077 a2ba94752c809993 152
121695188488 a2ba94752c809993 152
121695219053 a2ba94752c809993 153
121695249877 a2ba94752c809993 153
121695281591 a2ba94752c809993 153
121695311505 a2ba94752c809993 153
121695342879 a2ba94752c809993 153
121695375486 a2ba94752c809993 154
121695404341 a2ba94752c809993 154
121695435329 a2ba94752c809993 154
121695467144 a2ba94752c809993 154
121695497524 a2ba94752c809993 155
121695528137 a2ba94752c809993 155
121695559380 a2ba94752c809993 155
121695591320 a2ba94752c809993 155
121695621574 a2ba94752c809993 156
121695652725 a2ba94752c809993 156
121695684043 a2ba94752c809993 156
121695716450 a2ba94752c809993 157
121695746025 a2ba94752c809993 157
121695776611 a2ba94752c809993 157
121695807988 a2ba94752c809993 158
121695839479 a2ba94752c809993 158
121695869459 a2ba94752c809993 158
121695900502 a2ba94752c809993 159
121695933128 a2ba94752c809993 159
121695966998 a2ba94752c809993 159
121695996736 a2ba94752c809993 160
121696025951 a2ba94752c809993 160
121696056584 a2ba94752c809993 160
121696089155 a2ba94752c809993 161
121696121121 a2ba94752c809993 161
121696150998 a2ba94752c809993 161
121696182778 a2ba94752c809993 162
121696212557 a2ba94752c809993 162
121696242985 a2ba94752c809993 163
121696274902 a2ba94752c809993 163
121696303818 a2ba94752c809993 164
121696335281 a2ba94752c809993 164
121696366912 a2ba94752c809993 164
121696397405 a2ba94752c809993 165
121696428012 a2ba94752c809993 165
121696459308 a2ba94752c809993 166
121696490983 a2ba94752c809993 166
121696521846 a2ba94752c809993 167
121696554329 a2ba94752c809993 167
121696586925 a2ba94752c809993 168
121696617004 a2ba94752c809993 168
121696647364 a2ba94752c809993 169
121696676666 a2ba94752c809993 169
121696709355 a2ba94752c809993 170
121696739691 a2ba94752c809993 170
121696769436 a2ba94752c809993 171
121696801538 a2ba94752c809993 172
121696832869 a2ba94752c809993 172
121696864320 a2ba94752c809993 173
121696893643 a2ba94752c809993 173
121696925807 a2ba94752c809993 174
121696957177 a2ba94752c809993 175
121696985895 a2ba94752c809993 175
121697017888 a2ba94752c809993 176
121697049105 a2ba94752c809993 176
121697080918 a2ba94752c809993 177
121697111663 a2ba94752c809993 178
121697146133 a2ba94752c809993 179
121697173517 a2ba94752c809993 179
121697207154 a2ba94752c809993 180
121697233892 a2ba94752c809993 180
121697265796 a2ba94752c809993 181
121697297477 a2ba94752c809993 182
121697330016 a2ba94752c809993 183
121697359685 a2ba94752c809993 183
121697390189 a2ba94752c809993 184
121697423094 a2ba94752c809993 185
121697453084 a2ba94752c809993 186
121697482212 a2ba94752c809993 186
121697514231 a2ba94752c809993 187
121697547486 a2ba94752c809993 188
121697576586 a2ba94752c809993 189
121697607961 a2ba94752c809993 190
121697638495 a2ba94752c809993 191
121697669819 a2ba94752c809993 191
121697700713 a2ba94752c809993 192
121697732205 a2ba94752c809993 193
121697763922 a2ba94752c809993 194
121697794086 a2ba94752c809993 195
121697824499 a2ba94752c809993 196
121697855907 a2ba94752c809993 197
121697887566 a2ba94752c809993 198
121697917877 a2ba94752c809993 199
121697948362 a2ba94752c809993 200
121697979741 a2ba94752c809993 200
121698010799 a2ba94752c809993 201
121698041821 a2ba94752c809993 202
121698072657 a2ba94752c809993 203
121698104822 a2ba94752c809993 204
121698134947 a2ba94752c809993 205
121698165372 a2ba94752c809993 206
121698195654 a2ba94752c809993 208
121698226897 a2ba94752c809993 209
121698259062 a2ba94752c809993 210
121698289608 a2ba94752c809993 211
121698321011 a2ba94752c809993 212
121698351860 a2ba94752c809993 213
121698382840 a2ba94752c809993 214
121698413316 a2ba94752c809993 215
121698444379 a2ba94752c809993 216
121698475633 a2ba94752c809993 218
121698506664 a2ba94752c809993 219
121698523435 a2ba94752c809993 219
121698532883 a2ba94752c809993 220
121698543040 a2ba94752c809993 187
121698553908 a2ba94752c809993 187
121698589746 a2ba94752c809993 187
121698620549 a2ba94752c809993 187
121698650940 a2ba94752c809993 187
121698682384 a2ba94752c809993 187
121698713054 a2ba94752c809993 187
121698744023 a2ba94752c809993 187
121698776074 a2ba94752c809993 187
121698807451 a2ba94752c809993 187
121698837485 a2ba94752c809993 187
121698869902 a2ba94752c809993 187
121698899809 a2ba94752c809993 187
121698930086 a2ba94752c809993 187
121698961382 a2ba94752c809993 187
121698991708 a2ba94752c809993 187
121699024611 a2ba94752c809993 187
121699059136 a2ba94752c809993 187
121699086435 a2ba94752c809993 187
121699120927 a2ba94752c809993 187
121699148642 a2ba94752c809993 187
121699182757 a2ba94752c809993 187
121699210538 a2ba94752c809993 187
121699243243 a2ba94752c809993 187
121699271870 a2ba94752c809993 187
121699303670 a2ba94752c809993 187
121699335539 a2ba94752c809993 187
121699367232 a2ba94752c809993 187
121699395249 a2ba94752c809993 187
121699426234 a2ba94752c809993 187
121699457795 a2ba94752c809993 187
121699489066 a2ba94752c809993 187
121699519696 a2ba94752c809993 187
121699550530 a2ba94752c809993 187
121699580996 a2ba94752c809993 187
121699614282 a2ba94752c809993 187
121699644751 a2ba94752c809993 187
121699676158 a2ba94752c809993 187
121699707094 a2ba94752c809993 187
121699739284 a2ba94752c809993 187
121699767758 a2ba94752c809993 187
121699800522 a2ba94752c809993 187
121699829813 a2ba94752c809993 187
121699861635 a2ba94752c809993 187
121699892478 a2ba94752c809993 187
121699923604 a2ba94752c809993 187
121699954772 a2ba94752c809993 187
121699986070 a2ba94752c809993 187
121700015259 a2ba94752c809993 187
121700048269 a2ba94752c809993 187
121700079548 a2ba94752c809993 187
121700110571 a2ba94752c809993 187
121700140638 a2ba94752c809993 187
121700171783 a2ba94752c809993 187
121700203208 a2ba94752c809993 187
121700232898 a2ba94752c809993 187
121700264517 a2ba94752c809993 187
121700295954 a2ba94752c809993 187
121700326857 a2ba94752c809993 187
121700357336 a2ba94752c809993 187
121700392528 a2ba94752c809993 187
121700420455 a2ba94752c809993 187
121700460287 a2ba94752c809993 187
121700482575 a2ba94752c809993 187
121700516256 a2ba94752c809993 187
121700546427 a2ba94752c809993 187
121700577115 a2ba94752c809993 187
121700609206 a2ba94752c809993 187
121700640897 a2ba94752c809993 187
121700674443 a2ba94752c809993 187
121700700996 a2ba94752c809993 187
121700736752 a2ba94752c809993 187
121700761696 a2ba94752c809993 187
121700795539 a2ba94752c809993 187
121700826405 a2ba94752c809993 187
121700858940 a2ba94752c809993 187
121700889411 a2ba94752c809993 187
121700918793 a2ba94752c809993 187
121700950228 a2ba94752c809993 187
121700980624 a2ba94752c809993 187
121701012275 a2ba94752c809993 187
121701044881 a2ba94752c809993 187
121701075219 a2ba94752c809993 187
121701106216 a2ba94752c809993 187
121701136085 a2ba94752c809993 187
121701168957 a2ba94752c809993 187
121701199466 a2ba94752c809993 188
121701230090 a2ba94752c809993 189
121701261445 a2ba94752c809993 190
121701293044 a2ba94752c809993 191
121701324387 a2ba94752c809993 192
121701355328 a2ba94752c809993 192
121701391379 a2ba94752c809993 193
121701428864 a2ba94752c809993 193
121701456357 a2ba94752c809993 193
121701486293 a2ba94752c809993 193
121701519804 a2ba94752c809993 193
121701550263 a2ba94752c809993 193
121701580346 a2ba94752c809993 194
121701611762 a2ba94752c809993 194
121701643326 a2ba94752c809993 195
121701672105 a2ba94752c809993 195
121701706911 a2ba94752c809993 196
121701740911 a2ba94752c809993 197
121701764741 a2ba94752c809993 197
121701798840 a2ba94752c809993 197
121701828358 a2ba94752c809993 198
121701859709 a2ba94752c809993 198
121701891168 a2ba94752c809993 199
121701923292 a2ba94752c809993 199
121701952930 a2ba94752c809993 199
121701984509 a2ba94752c809993 200
121702013428 a2ba94752c809993 200
121702044921 a2ba94752c809993 201
121702076742 a2ba94752c809993 201
121702108196 a2ba94752c809993 202
121702141190 a2ba94752c809993 203
121702174009 a2ba94752c809993 204
121702202077 a2ba94752c809993 204
121702232310 a2ba94752c809993 205
121702263195 a2ba94752c809993 205
121702295157 a2ba94752c809993 206
121702323978 a2ba94752c809993 206
121702354766 a2ba94752c809993 207
121702388757 a2ba94752c809993 208
121702414764 a2ba94752c809993 208
121702445512 a2ba94752c809993 209
121702476270 a2ba94752c809993 210
121702508304 a2ba94752c809993 211
121702539594 a2ba94752c809993 211
121702569406 a2ba94752c809993 212
121702601471 a2ba94752c809993 213
121702631601 a2ba94752c809993 214
121702661953 a2ba94752c809993 215
121702691562 a2ba94752c809993 216
121702723311 a2ba94752c809993 217
121702754383 a2ba94752c809993 217
121702784670 a2ba94752c809993 218
121702815794 a2ba94752c809993 219
121702848042 a2ba94752c809993 220
121702880743 a2ba94752c809993 220
121702910395 a2ba94752c809993 220
121702940705 a2ba94752c809993 220
121702971807 a2ba94752c809993 220
121703003425 a2ba94752c809993 220
121703033537 a2ba94752c809993 220
121703064651 a2ba94752c809993 220
121703095651 a2ba94752c809993 220
121703127502 a2ba94752c809993 220
121703157664 a2ba94752c809993 220
121703188485 a2ba94752c809993 220
121703219405 a2ba94752c809993 220
121703250822 a2ba94752c809993 220
121703283497 a2ba94752c809993 220
121703314307 a2ba94752c809993 220
121703343970 a2ba94752c809993 220
121703376338 a2ba94752c809993 220
121703408206 a2ba94752c809993 220
121703440198 a2ba94752c809993 220
121703467765 a2ba94752c809993 220
121703499286 a2ba94752c809993 220
121703529935 a2ba94752c809993 220
121703560864 a2ba94752c809993 220
121703591927 a2ba94752c809993 220
121703624270 a2ba94752c809993 220
121703655237 a2ba94752c809993 220
121703686116 a2ba94752c809993 220
121703716710 a2ba94752c809993 220
121703747987 a2ba94752c809993 220
121703778549 a2ba94752c809993 220
121703809070 a2ba94752c809993 220
121703840489 a2ba94752c809993 220
121703871961 a2ba94752c809993 220
121703901970 a2ba94752c809993 220
121703933163 a2ba94752c809993 220
121703964437 a2ba94752c809993 220
121703995366 a2ba94752c809993 220
121704026092 a2ba94752c809993 220
121704057071 a2ba94752c809993 220
121704088179 a2ba94752c809993 220
121704119375 a2ba94752c809993 220
121704149858 a2ba94752c809993 220
121704181661 a2ba94752c809993 220
121704211676 a2ba94752c809993 220
121704243076 a2ba94752c809993 220
121704274035 a2ba94752c809993 220
121704305145 a2ba94752c809993 220
121704335531 a2ba94752c809993 220
121704366690 a2ba94752c809993 220
121704397503 a2ba94752c809993 220
121704428733 a2ba94752c809993 220
121704459702 a2ba94752c809993 220
121704490665 a2ba94752c809993 220
121704523002 a2ba94752c809993 220
121704554170 a2ba94752c809993 220
121704585190 a2ba94752c809993 220
121704611180 a2ba94752c809993 220
121704622553 a2ba94752c809993 220
121704632262 a2ba94752c809993 187
121704643385 a2ba94752c809993 187
121704677595 a2ba94752c809993 187
121704707918 a2ba94752c809993 187
121704739027 a2ba94752c809993 187
121704769962 a2ba94752c809993 187
121704801144 a2ba94752c809993 187
121704831811 a2ba94752c809993 187
121704862931 a2ba94752c809993 187
121704894901 a2ba94752c809993 187
121704925650 a2ba94752c809993 187
121704956492 a2ba94752c809993 187
121704987621 a2ba94752c809993 187
121705019891 a2ba94752c809993 187
121705051957 a2ba94752c809993 187
121705080567 a2ba94752c809993 187
121705111938 a2ba94752c809993 187
121705142487 a2ba94752c809993 187
121705173357 a2ba94752c809993 187
121705205608 a2ba94752c809993 187
121705236567 a2ba94752c809993 187
121705267972 a2ba94752c809993 187
121705298052 a2ba94752c809993 187
121705330313 a2ba94752c809993 187
121705362831 a2ba94752c809993 187
121705394589 a2ba94752c809993 187
121705423007 a2ba94752c809993 187
121705456689 a2ba94752c809993 187
121705483369 a2ba94752c809993 187
121705515046 a2ba94752c809993 187
121705545838 a2ba94752c809993 187
121705576549 a2ba94752c809993 187
121705607656 a2ba94752c809993 187
121705639348 a2ba94752c809993 187
121705669762 a2ba94752c809993 187
121705700268 a2ba94752c809993 187
121705735147 a2ba94752c809993 187
121705763854 a2ba94752c809993 187
121705794635 a2ba94752c809993 187
121705825388 a2ba94752c809993 187
121705856179 a2ba94752c809993 187
121705887609 a2ba94752c809993 187
121705918827 a2ba94752c809993 187
121705949373 a2ba94752c809993 187
121705979940 a2ba94752c809993 187
121706011015 a2ba94752c809993 187
121706044326 a2ba94752c809993 187
121706075315 a2ba94752c809993 187
121706106595 a2ba94752c809993 187
121706137482 a2ba94752c809993 187
121706167828 a2ba94752c809993 187
121706199201 a2ba94752c809993 187
121706230214 a2ba94752c809993 187
121706261000 a2ba94752c809993 187
121706292712 a2ba94752c809993 187
121706323773 a2ba94752c809993 187
121706354973 a2ba94752c809993 187
121706385395 a2ba94752c809993 187
121706417831 a2ba94752c809993 187
121706448012 a2ba94752c809993 187
121706478877 a2ba94752c809993 187
121706510760 a2ba94752c809993 187
121706541795 a2ba94752c809993 187
121706572495 a2ba94752c809993 187
121706603911 a2ba94752c809993 187
121706634410 a2ba94752c809993 187
121706665715 a2ba94752c809993 187
121706696552 a2ba94752c809993 187
121706729474 a2ba94752c809993 187
121706757608 a2ba94752c809993 187
121706788535 a2ba94752c809993 187
121706820133 a2ba94752c809993 187
121706851727 a2ba94752c809993 187
121706881647 a2ba94752c809993 187
121706913027 a2ba94752c809993 187
121706944379 a2ba94752c809993 187
121706974895 a2ba94752c809993 187
121707006977 a2ba94752c809993 187
121707038046 a2ba94752c809993 187
121707071883 a2ba94752c809993 187
121707099620 a2ba94752c809993 187
121707130137 a2ba94752c809993 187
121707161520 a2ba94752c809993 187
121707192356 a2ba94752c809993 187
121707223702 a2ba94752c809993 187
121707254275 a2ba94752c809993 187
121707285817 a2ba94752c809993 188
121707315820 a2ba94752c809993 189
121707347397 a2ba94752c809993 190
121707378215 a2ba94752c809993 192
121707410526 a2ba94752c809993 192
121707440370 a2ba94752c809993 192
121707473460 a2ba94752c809993 193
121707501142 a2ba94752c809993 194
121707533362 a2ba94752c809993 194
121707564718 a2ba94752c809993 194
121707595173 a2ba94752c809993 194
121707625763 a2ba94752c809993 194
121707656510 a2ba94752c809993 195
121707687146 a2ba94752c809993 195
121707719849 a2ba94752c809993 195
121707750561 a2ba94752c809993 195
121707781782 a2ba94752c809993 195
121707812522 a2ba94752c809993 196
121707843901 a2ba94752c809993 196
121707875376 a2ba94752c809993 197
121707905465 a2ba94752c809993 197
121707935938 a2ba94752c809993 198
121707966880 a2ba94752c809993 198
121707998238 a2ba94752c809993 199
121708029503 a2ba94752c809993 199
121708059502 a2ba94752c809993 200
121708092742 a2ba94752c809993 201
121708121951 a2ba94752c809993 201
121708152483 a2ba94752c809993 201
121708183162 a2ba94752c809993 201
121708215138 a2ba94752c809993 202
121708245297 a2ba94752c809993 203
121708276479 a2ba94752c809993 203
121708307109 a2ba94752c809993 204
121708338622 a2ba94752c809993 205
121708370226 a2ba94752c809993 206
121708400397 a2ba94752c809993 206
121708431097 a2ba94752c809993 207
121708462895 a2ba94752c809993 207
121708514040 a2ba94752c809993 209
121708529622 a2ba94752c809993 209
121708557094 a2ba94752c809993 209
121708588613 a2ba94752c809993 210
121708618167 a2ba94752c809993 211
121708649408 a2ba94752c809993 212
121708679604 a2ba94752c809993 213
121708711446 a2ba94752c809993 213
121708741656 a2ba94752c809993 214
121708772712 a2ba94752c809993 215
121708803410 a2ba94752c809993 216
121708834417 a2ba94752c809993 217
121708861996 a2ba94752c809993 218
121708871844 a2ba94752c809993 218
121708882168 a2ba94752c809993 185
121708892386 a2ba94752c809993 185
121708927930 a2ba94752c809993 185
121708959811 a2ba94752c809993 185
121708990864 a2ba94752c809993 185
121709022539 a2ba94752c809993 185
121709052069 a2ba94752c809993 185
121709083148 a2ba94752c809993 185
121709114570 a2ba94752c809993 185
121709145770 a2ba94752c809993 185
121709176022 a2ba94752c809993 185
121709207178 a2ba94752c809993 185
121709237803 a2ba94752c809993 185
121709268792 a2ba94752c809993 185
121709299812 a2ba94752c809993 185
121709331986 a2ba94752c809993 185
121709362990 a2ba94752c809993 185
121709394744 a2ba94752c809993 185
121709425112 a2ba94752c809993 185
121709459555 a2ba94752c809993 185
121709489916 a2ba94752c809993 185
121709515647 a2ba94752c809993 185
121709548335 a2ba94752c809993 185
121709581015 a2ba94752c809993 185
121709611634 a2ba94752c809993 185
121709642025 a2ba94752c809993 185
121709672631 a2ba94752c809993 185
121709703446 a2ba94752c809993 185
121709734861 a2ba94752c809993 185
121709766339 a2ba94752c809993 185
121709797676 a2ba94752c809993 185
121709828448 a2ba94752c809993 185
121709859330 a2ba94752c809993 185
121709890079 a2ba94752c809993 185
121709921451 a2ba94752c809993 185
121709951820 a2ba94752c809993 185
121709982897 a2ba94752c809993 185
121710013449 a2ba94752c809993 185
121710044399 a2ba94752c809993 185
121710075136 a2ba94752c809993 185
121710107224 a2ba94752c809993 185
121710137372 a2ba94752c809993 185
121710167896 a2ba94752c809993 185
121710199157 a2ba94752c809993 185
121710230098 a2ba94752c809993 185
121710261574 a2ba94752c809993 185
121710292391 a2ba94752c809993 185
121710323317 a2ba94752c809993 185
121710354361 a2ba94752c809993 185
121710384840 a2ba94752c809993 185
121710415914 a2ba94752c809993 185
121710447787 a2ba94752c809993 185
121710479329 a2ba94752c809993 185
121710510073 a2ba94752c809993 185
121710540543 a2ba94752c809993 185
121710571664 a2ba94752c809993 185
121710603955 a2ba94752c809993 185
121710634345 a2ba94752c809993 185
121710665668 a2ba94752c809993 185
121710695917 a2ba94752c809993 185
121710727059 a2ba94752c809993 185
121710757935 a2ba94752c809993 185
121710788926 a2ba94752c809993 185
121710820286 a2ba94752c809993 185
121710851744 a2ba94752c809993 185
121710881962 a2ba94752c809993 185
121710912829 a2ba94752c809993 185
121710943880 a2ba94752c809993 185
121710975844 a2ba94752c809993 185
121711006335 a2ba94752c809993 185
121711038035 a2ba94752c809993 185
121711068265 a2ba94752c809993 185
121711099853 a2ba94752c809993 185
121711130001 a2ba94752c809993 185
121711161690 a2ba94752c809993 185
121711194715 a2ba94752c809993 185
121711222453 a2ba94752c809993 185
121711253594 a2ba94752c809993 185
121711284556 a2ba94752c809993 185
121711314710 a2ba94752c809993 185
121711346758 a2ba94752c809993 185
121711351714 a2ba94752c809993 185
121711362953 a2ba94752c809993 185
121711372421 a2ba94752c809993 185
121711383152 a2ba94752c809993 185
121711418585 a2ba94752c809993 185
121711450747 a2ba94752c809993 186
121711483233 a2ba94752c809993 187
121711512675 a2ba94752c809993 188
121711543064 a2ba94752c809993 189
121711576722 a2ba94752c809993 189
121711605701 a2ba94752c809993 190
121711636322 a2ba94752c809993 190
121711666977 a2ba94752c809993 191
121711697332 a2ba94752c809993 191
121711728783 a2ba94752c809993 192
121711759565 a2ba94752c809993 192
121711791378 a2ba94752c809993 193
121711822506 a2ba94752c809993 193
121711853416 a2ba94752c809993 193
121711883650 a2ba94752c809993 193
121711915579 a2ba94752c809993 194
121711946882 a2ba94752c809993 194
121711977379 a2ba94752c809993 195
121712007743 a2ba94752c809993 195
121712039068 a2ba94752c809993 196
121712071708 a2ba94752c809993 196
121712101847 a2ba94752c809993 197
121712133774 a2ba94752c809993 198
121712163919 a2ba94752c809993 198
121712195141 a2ba94752c809993 199
121712226861 a2ba94752c809993 199
121712257905 a2ba94752c809993 199
121712287965 a2ba94752c809993 200
121712319390 a2ba94752c809993 201
121712349889 a2ba94752c809993 201
121712379932 a2ba94752c809993 201
121712411031 a2ba94752c809993 201
121712442559 a2ba94752c809993 201
121712473127 a2ba94752c809993 201
121712503723 a2ba94752c809993 201
121712535309 a2ba94752c809993 201
121712566851 a2ba94752c809993 201
121712597393 a2ba94752c809993 201
121712628148 a2ba94752c809993 201
121712659026 a2ba94752c809993 201
121712689833 a2ba94752c809993 201
121712721989 a2ba94752c809993 201
121712751824 a2ba94752c809993 201
121712782816 a2ba94752c809993 201
121712814375 a2ba94752c809993 201
121712845316 a2ba94752c809993 201
121712876298 a2ba94752c809993 201
121712907202 a2ba94752c809993 201
121712938814 a2ba94752c809993 201
121712969434 a2ba94752c809993 201
121712999944 a2ba94752c809993 201
121713031178 a2ba94752c809993 201
121713063306 a2ba94752c809993 201
121713095624 a2ba94752c809993 201
121713126097 a2ba94752c809993 201
121713156404 a2ba94752c809993 201
121713187600 a2ba94752c809993 201
121713217901 a2ba94752c809993 201
121713248789 a2ba94752c809993 201
121713279816 a2ba94752c809993 201
121713310107 a2ba94752c809993 201
121713341715 a2ba94752c809993 201
121713374375 a2ba94752c809993 201
121713404727 a2ba94752c809993 201
121713435833 a2ba94752c809993 201
121713466386 a2ba94752c809993 201
121713498054 a2ba94752c809993 201
121713528227 a2ba94752c809993 201
121713560665 a2ba94752c809993 201
121713590135 a2ba94752c809993 201
121713621797 a2ba94752c809993 201
121713652055 a2ba94752c809993 201
121713683523 a2ba94752c809993 201
121713714130 a2ba94752c809993 201
121713730830 a2ba94752c809993 201
121713766242 a2ba94752c809993 201
121713796257 a2ba94752c809993 201
121713827306 a2ba94752c809993 201
121713858236 a2ba94752c809993 201
121713888962 a2ba94752c809993 201
121713920890 a2ba94752c809993 201
121713951219 a2ba94752c809993 202
121713983593 a2ba94752c809993 202
121714013034 a2ba94752c809993 202
121714044095 a2ba94752c809993 202
121714075102 a2ba94752c809993 202
121714106672 a2ba94752c809993 202
121714137007 a2ba94752c809993 202
121714169358 a2ba94752c809993 202
121714203062 a2ba94752c809993 202
121714230936 a2ba94752c809993 202
121714261905 a2ba94752c809993 202
121714293484 a2ba94752c809993 202
121714323681 a2ba94752c809993 202
121714354728 a2ba94752c809993 202
121714385182 a2ba94752c809993 202
121714416927 a2ba94752c809993 202
121714447185 a2ba94752c809993 202
121714479219 a2ba94752c809993 202
121714511187 a2ba94752c809993 202
121714541525 a2ba94752c809993 202
121714572346 a2ba94752c809993 202
121714603434 a2ba94752c809993 203
121714634440 a2ba94752c809993 203
121714664963 a2ba94752c809993 203
121714695725 a2ba94752c809993 203
121714728245 a2ba94752c809993 203
121714759331 a2ba94752c809993 203
121714789435 a2ba94752c809993 203
121714820372 a2ba94752c809993 203
121714851091 a2ba94752c809993 203
121714882215 a2ba94752c809993 203
121714912644 a2ba94752c809993 204
121714943700 a2ba94752c809993 204
121714975408 a2ba94752c809993 204
121715006144 a2ba94752c809993 204
121715037442 a2ba94752c809993 204
121715067894 a2ba94752c809993 204
121715099071 a2ba94752c809993 204
121715129890 a2ba94752c809993 204
121715161010 a2ba94752c809993 205
121715191425 a2ba94752c809993 205
121715222975 a2ba94752c809993 205
121715253584 a2ba94752c809993 205
121715285648 a2ba94752c809993 205
121715316700 a2ba94752c809993 205
121715347437 a2ba94752c809993 206
121715378920 a2ba94752c809993 206
121715409045 a2ba94752c809993 206
121715439687 a2ba94752c809993 206
121715472396 a2ba94752c809993 206
121715504914 a2ba94752c809993 207
121715539331 a2ba94752c809993 207
121715567419 a2ba94752c809993 207
121715595401 a2ba94752c809993 207
121715625936 a2ba94752c809993 207
121715657127 a2ba94752c809993 208
121715689220 a2ba94752c809993 208
121715719685 a2ba94752c809993 208
121715750141 a2ba94752c809993 208
121715781691 a2ba94752c809993 209
121715812108 a2ba94752c809993 209
121715843488 a2ba94752c809993 209
121715873990 a2ba94752c809993 209
121715906425 a2ba94752c809993 210
121715936163 a2ba94752c809993 210
121715968055 a2ba94752c809993 210
121715998321 a2ba94752c809993 211
121716029878 a2ba94752c809993 211
121716060142 a2ba94752c809993 211
121716091018 a2ba94752c809993 212
121716121701 a2ba94752c809993 212
121716154328 a2ba94752c809993 212
121716184021 a2ba94752c809993 213
121716215375 a2ba94752c809993 213
121716245600 a2ba94752c809993 213
121716277054 a2ba94752c809993 214
121716308623 a2ba94752c809993 214
121716339737 a2ba94752c809993 214
121716371067 a2ba94752c809993 215
121716401240 a2ba94752c809993 215
121716432148 a2ba94752c809993 216
121716463465 a2ba94752c809993 216
121716493783 a2ba94752c809993 216
121716525456 a2ba94752c809993 217
121716555687 a2ba94752c809993 217
121716587480 a2ba94752c809993 218
121716618188 a2ba94752c809993 218
121716648680 a2ba94752c809993 219
121716680261 a2ba94752c809993 219
121716711386 a2ba94752c809993 220
121716744293 a2ba94752c809993 220
121716773766 a2ba94752c809993 220
121716804617 a2ba94752c809993 221
121716835909 a2ba94752c809993 222
121716866021 a2ba94752c809993 222
121716896924 a2ba94752c809993 223
121716928287 a2ba94752c809993 223
121716959305 a2ba94752c809993 224
121716990936 a2ba94752c809993 224
121717020641 a2ba94752c809993 225
121717051493 a2ba94752c809993 225
121717086895 a2ba94752c809993 226
121717113829 a2ba94752c809993 226
121717145186 a2ba94752c809993 227
121717175480 a2ba94752c809993 228
121717206986 a2ba94752c809993 228
121717237898 a2ba94752c809993 229
121717268678 a2ba94752c809993 229
121717299628 a2ba94752c809993 230
121717331004 a2ba94752c809993 231
121717361739 a2ba94752c809993 231
121717392615 a2ba94752c809993 232
121717425083 a2ba94752c809993 233
121717455872 a2ba94752c809993 233
121717487401 a2ba94752c809993 234
121717519502 a2ba94752c809993 235
121717557541 a2ba94752c809993 236
121717587285 a2ba94752c809993 237
121717613454 a2ba94752c809993 237
121717641881 a2ba94752c809993 238
121717672386 a2ba94752c809993 239
121717703369 a2ba94752c809993 239
121717734676 a2ba94752c809993 240
121717766060 a2ba94752c809993 241
121717797161 a2ba94752c809993 242
121717827551 a2ba94752c809993 243
121717859065 a2ba94752c809993 243
121717890051 a2ba94752c809993 244
121717920898 a2ba94752c809993 245
121717951576 a2ba94752c809993 246
121717982872 a2ba94752c809993 247
121718014248 a2ba94752c809993 248
121718045652 a2ba94752c809993 249
121718076939 a2ba94752c809993 249
121718106942 a2ba94752c809993 250
121718137828 a2ba94752c809993 251
121718169006 a2ba94752c809993 252
121718199372 a2ba94752c809993 253
121718230822 a2ba94752c809993 254
121718261229 a2ba94752c809993 255
121718292607 a2ba94752c809993 256
121718323510 a2ba94752c809993 257
121718354630 a2ba94752c809993 258
121718386370 a2ba94752c809993 259
121718416981 a2ba94752c809993 260
121718448610 a2ba94752c809993 261
121718480048 a2ba94752c809993 262
121718512150 a2ba94752c809993 263
121718542537 a2ba94752c809993 264
121718573384 a2ba94752c809993 266
121718604243 a2ba94752c809993 267
121718636210 a2ba94752c809993 268
121718665138 a2ba94752c809993 269
121718695877 a2ba94752c809993 270
121718727748 a2ba94752c809993 271
121718759803 a2ba94752c809993 272
121718789804 a2ba94752c809993 273
121718822888 a2ba94752c809993 275
121718851167 a2ba94752c809993 276
121718882778 a2ba94752c809993 277
121718913438 a2ba94752c809993 278
121718944851 a2ba94752c809993 280
121718976566 a2ba94752c809993 281
121719006542 a2ba94752c809993 282
121719037795 a2ba94752c809993 283
121719068059 a2ba94752c809993 285
121719099266 a2ba94752c809993 286
121719130836 a2ba94752c809993 287
121719160617 a2ba94752c809993 289
121719192304 a2ba94752c809993 290
121719224380 a2ba94752c809993 291
121719256741 a2ba94752c809993 292
121719287381 a2ba94752c809993 294
121719317081 a2ba94752c809993 295
121719347852 a2ba94752c809993 296
121719378685 a2ba94752c809993 298
121719409498 a2ba94752c809993 299
121719440976 a2ba94752c809993 300
121719471746 a2ba94752c809993 301
121719502995 a2ba94752c809993 303
121719533262 a2ba94752c809993 304
121719564534 a2ba94752c809993 305
121719597456 a2ba94752c809993 307
121719628490 a2ba94752c809993 308
121719660250 a2ba94752c809993 309
121719689477 a2ba94752c809993 310
121719720264 a2ba94752c809993 312
121719751457 a2ba94752c809993 313
121719781627 a2ba94752c809993 314
121719813557 a2ba94752c809993 316
121719844936 a2ba94752c809993 317
121719875992 a2ba94752c809993 318
121719907441 a2ba94752c809993 319
121719937521 a2ba94752c809993 321
121719968038 a2ba94752c809993 322
121719999648 a2ba94752c809993 323
121720030813 a2ba94752c809993 325
121720060605 a2ba94752c809993 326
121720091937 a2ba94752c809993 327
121720122921 a2ba94752c809993 328
121720154198 a2ba94752c809993 330
121720184851 a2ba94752c809993 331
121720216160 a2ba94752c809993 332
121720248252 a2ba94752c809993 334
121720278303 a2ba94752c809993 335
121720309766 a2ba94752c809993 336
121720340001 a2ba94752c809993 337
121720372339 a2ba94752c809993 339
121720404417 a2ba94752c809993 340
121720434119 a2ba94752c809993 341
121720464944 a2ba94752c809993 343
121720495437 a2ba94752c809993 344
121720527082 a2ba94752c809993 345
121720557239 a2ba94752c809993 346
121720588221 a2ba94752c809993 348
121720619092 a2ba94752c809993 349
121720650311 a2ba94752c809993 350
121720680818 a2ba94752c809993 352
121720712758 a2ba94752c809993 353
121720743992 a2ba94752c809993 354
121720773829 a2ba94752c809993 355
121720804993 a2ba94752c809993 357
121720836615 a2ba94752c809993 358
121720868819 a2ba94752c809993 359
121720897873 a2ba94752c809993 360
121720929113 a2ba94752c809993 362
121720959721 a2ba94752c809993 363
121720991104 a2ba94752c809993 364
121721022085 a2ba94752c809993 366
121721053221 a2ba94752c809993 367
121721084046 a2ba94752c809993 368
121721115408 a2ba94752c809993 369
121721146833 a2ba94752c809993 371
121721178127 a2ba94752c809993 372
121721208540 a2ba94752c809993 373
121721239535 a2ba94752c809993 375
121721271507 a2ba94752c809993 376
121721301768 a2ba94752c809993 377
121721332666 a2ba94752c809993 378
121721365126 a2ba94752c809993 380
121721394818 a2ba94752c809993 381
121721435296 a2ba94752c809993 382
121721462378 a2ba94752c809993 384
121721500750 a2ba94752c809993 385
121721530070 a2ba94752c809993 387
121721561548 a2ba94752c809993 388
121721591363 a2ba94752c809993 389
121721622324 a2ba94752c809993 390
121721653412 a2ba94752c809993 392
121721683979 a2ba94752c809993 393
121721690844 a2ba94752c809993 393
121721702852 a2ba94752c809993 394
121721712333 a2ba94752c809993 335
121721721769 a2ba94752c809993 335
121721756744 a2ba94752c809993 335
121721788171 a2ba94752c809993 335
121721819426 a2ba94752c809993 335
121721850030 a2ba94752c809993 335
121721881616 a2ba94752c809993 335
121721913096 a2ba94752c809993 335
121721943738 a2ba94752c809993 335
121721974329 a2ba94752c809993 335
121722006238 a2ba94752c809993 335
121722036211 a2ba94752c809993 335
121722068396 a2ba94752c809993 335
121722098791 a2ba94752c809993 335
121722129233 a2ba94752c809993 335
121722160781 a2ba94752c809993 335
121722191291 a2ba94752c809993 335
121722222836 a2ba94752c809993 335
121722253158 a2ba94752c809993 335
121722258748 a2ba94752c809993 335
121722269767 a2ba94752c809993 335
121722279903 a2ba94752c809993 335
121722290262 a2ba94752c809993 335
121722325165 a2ba94752c809993 335
121722355715 a2ba94752c809993 335
121722387781 a2ba94752c809993 335
121722417975 a2ba94752c809993 335
121722450691 a2ba94752c809993 335
121722481723 a2ba94752c809993 335
121722512327 a2ba94752c809993 335
121722542748 a2ba94752c809993 335
121722573604 a2ba94752c809993 335
121722604505 a2ba94752c809993 335
121722635620 a2ba94752c809993 335
121722665881 a2ba94752c809993 335
121722696686 a2ba94752c809993 335
121722727580 a2ba94752c809993 335
121722760801 a2ba94752c809993 335
121722790094 a2ba94752c809993 335
121722820408 a2ba94752c809993 335
121722852618 a2ba94752c809993 335
121722884112 a2ba94752c809993 335
121722914296 a2ba94752c809993 335
121722945522 a2ba94752c809993 335
121722975945 a2ba94752c809993 335
121723007213 a2ba94752c809993 335
121723037887 a2ba94752c809993 335
121723070510 a2ba94752c809993 335
121723100089 a2ba94752c809993 335
121723131049 a2ba94752c809993 335
121723162283 a2ba94752c809993 335
121723193036 a2ba94752c809993 335
121723223458 a2ba94752c809993 335
121723255380 a2ba94752c809993 335
121723285728 a2ba94752c809993 335
121723316553 a2ba94752c809993 335
121723347920 a2ba94752c809993 335
121723379801 a2ba94752c809993 335
121723410445 a2ba94752c809993 335
121723442640 a2ba94752c809993 335
121723472717 a2ba94752c809993 335
121723503364 a2ba94752c809993 335
121723534056 a2ba94752c809993 335
121723565133 a2ba94752c809993 335
121723596191 a2ba94752c809993 335
121723627748 a2ba94752c809993 335
121723658083 a2ba94752c809993 335
121723689117 a2ba94752c809993 335
121723721020 a2ba94752c809993 335
121723751260 a2ba94752c809993 335
121723782048 a2ba94752c809993 335
121723812797 a2ba94752c809993 335
121723844405 a2ba94752c809993 335
121723875238 a2ba94752c809993 335
121723906593 a2ba94752c809993 335
121723938280 a2ba94752c809993 335
121723967985 a2ba94752c809993 335
121723998737 a2ba94752c809993 335
121724030168 a2ba94752c809993 335
121724061044 a2ba94752c809993 335
121724092219 a2ba94752c809993 335
121724123837 a2ba94752c809993 335
121724154494 a2ba94752c809993 335
121724184733 a2ba94752c809993 335
121724215854 a2ba94752c809993 335
121724246935 a2ba94752c809993 335
121724278241 a2ba94752c809993 335
121724309005 a2ba94752c809993 335
121724340902 a2ba94752c809993 335
121724372214 a2ba94752c809993 335
121724403649 a2ba94752c809993 335
121724434788 a2ba94752c809993 335
121724464826 a2ba94752c809993 335
121724496089 a2ba94752c809993 335
121724527790 a2ba94752c809993 335
121724559369 a2ba94752c809993 335
121724589160 a2ba94752c809993 335
121724619951 a2ba94752c809993 335
121724651892 a2ba94752c809993 335
121724682187 a2ba94752c809993 335
121724712944 a2ba94752c809993 335
121724743730 a2ba94752c809993 335
121724774872 a2ba94752c809993 335
121724806669 a2ba94752c809993 335
121724837797 a2ba94752c809993 335
121724867969 a2ba94752c809993 335
121724900221 a2ba94752c809993 335
121724931167 a2ba94752c809993 335
121724960909 a2ba94752c809993 335
121724992031 a2ba94752c809993 335
121725024166 a2ba94752c809993 335
121725053790 a2ba94752c809993 335
121725084736 a2ba94752c809993 335
121725116474 a2ba94752c809993 335
121725146987 a2ba94752c809993 335
121725177273 a2ba94752c809993 335
121725208569 a2ba94752c809993 335
121725240159 a2ba94752c809993 335
121725271485 a2ba94752c809993 335
121725302408 a2ba94752c809993 335
121725332308 a2ba94752c809993 335
121725363432 a2ba94752c809993 335
121725395260 a2ba94752c809993 335
121725425499 a2ba94752c809993 335
121725456770 a2ba94752c809993 335
121725488466 a2ba94752c809993 335
121725520245 a2ba94752c809993 335
121725550568 a2ba94752c809993 335
121725580049 a2ba94752c809993 335
121725612939 a2ba94752c809993 335
121725645858 a2ba94752c809993 335
121725673807 a2ba94752c809993 335
121725705965 a2ba94752c809993 335
121725736338 a2ba94752c809993 335
121725768316 a2ba94752c809993 335
121725799494 a2ba94752c809993 335
121725829607 a2ba94752c809993 335
121725860385 a2ba94752c809993 335
121725892117 a2ba94752c809993 335
121725922195 a2ba94752c809993 335
121725953264 a2ba94752c809993 335
121725984287 a2ba94752c809993 335
121726016050 a2ba94752c809993 335
121726046416 a2ba94752c809993 335
121726078061 a2ba94752c809993 335
121726107797 a2ba94752c809993 335
121726139248 a2ba94752c809993 335
121726170030 a2ba94752c809993 335
121726201430 a2ba94752c809993 335
121726232232 a2ba94752c809993 335
121726263842 a2ba94752c809993 335
121726293998 a2ba94752c809993 335
121726325052 a2ba94752c809993 335
121726355775 a2ba94752c809993 335
121726387498 a2ba94752c809993 335
121726417889 a2ba94752c809993 335
121726449800 a2ba94752c809993 335
121726479568 a2ba94752c809993 336
121726511565 a2ba94752c809993 338
121726542117 a2ba94752c809993 339
121726572813 a2ba94752c809993 339
121726604802 a2ba94752c809993 339
121726639488 a2ba94752c809993 340
121726666397 a2ba94752c809993 340
121726699655 a2ba94752c809993 340
121726728424 a2ba94752c809993 340
121726759872 a2ba94752c809993 341
121726791185 a2ba94752c809993 341
121726825809 a2ba94752c809993 342
121726852665 a2ba94752c809993 342
121726883895 a2ba94752c809993 342
121726917895 a2ba94752c809993 342
121726950170 a2ba94752c809993 342
121726976838 a2ba94752c809993 342
121727002698 a2ba94752c809993 342
121727038930 a2ba94752c809993 343
121727069099 a2ba94752c809993 343
121727101889 a2ba94752c809993 343
121727132421 a2ba94752c809993 344
121727164097 a2ba94752c809993 344
121727194165 a2ba94752c809993 345
121727224449 a2ba94752c809993 345
121727255901 a2ba94752c809993 345
121727286495 a2ba94752c809993 346
121727317241 a2ba94752c809993 346
121727349279 a2ba94752c809993 347
121727379763 a2ba94752c809993 347
121727410662 a2ba94752c809993 347
121727441073 a2ba94752c809993 348
121727471707 a2ba94752c809993 348
121727505001 a2ba94752c809993 348
121727536638 a2ba94752c809993 348
121727575736 a2ba94752c809993 350
121727605217 a2ba94752c809993 350
121727638427 a2ba94752c809993 350
121727670473 a2ba94752c809993 350
121727700940 a2ba94752c809993 351
121727732690 a2ba94752c809993 351
121727763563 a2ba94752c809993 352
121727793048 a2ba94752c809993 352
121727823718 a2ba94752c809993 353
121727856167 a2ba94752c809993 353
121727886217 a2ba94752c809993 354
121727917459 a2ba94752c809993 354
121727947851 a2ba94752c809993 354
121727981530 a2ba94752c809993 355
121728011853 a2ba94752c809993 355
121728041625 a2ba94752c809993 356
121728072338 a2ba94752c809993 356
121728103919 a2ba94752c809993 357
121728134621 a2ba94752c809993 358
121728165477 a2ba94752c809993 358
121728195924 a2ba94752c809993 359
121728228790 a2ba94752c809993 360
121728258982 a2ba94752c809993 360
121728289546 a2ba94752c809993 360
121728319699 a2ba94752c809993 361
121728350886 a2ba94752c809993 361
121728381265 a2ba94752c809993 362
121728413666 a2ba94752c809993 363
121728443979 a2ba94752c809993 363
121728475833 a2ba94752c809993 364
121728506188 a2ba94752c809993 365
121728538785 a2ba94752c809993 366
121728568046 a2ba94752c809993 366
121728599373 a2ba94752c809993 366
121728630785 a2ba94752c809993 367
121728661071 a2ba94752c809993 368
121728694839 a2ba94752c809993 369
121728726346 a2ba94752c809993 370
121728754766 a2ba94752c809993 370
121728785205 a2ba94752c809993 371
121728815439 a2ba94752c809993 372
121728847118 a2ba94752c809993 372
121728877274 a2ba94752c809993 373
121728911047 a2ba94752c809993 374
121728941704 a2ba94752c809993 375
121728975577 a2ba94752c809993 376
121729004990 a2ba94752c809993 377
121729035118 a2ba94752c809993 378
121729064417 a2ba94752c809993 378
121729098187 a2ba94752c809993 379
121729101766 a2ba94752c809993 379
121729111927 a2ba94752c809993 379
121729121745 a2ba94752c809993 322
121729132056 a2ba94752c809993 322
121729167668 a2ba94752c809993 322
121729199683 a2ba94752c809993 322
121729231379 a2ba94752c809993 322
121729261454 a2ba94752c809993 322
121729292268 a2ba94752c809993 322
121729324748 a2ba94752c809993 322
121729354424 a2ba94752c809993 322
121729384966 a2ba94752c809993 322
121729416375 a2ba94752c809993 322
121729447058 a2ba94752c809993 322
121729477854 a2ba94752c809993 322
121729508861 a2ba94752c809993 322
121729539713 a2ba94752c809993 322
121729571509 a2ba94752c809993 322
121729603797 a2ba94752c809993 322
121729634387 a2ba94752c809993 322
121729666983 a2ba94752c809993 322
121729696096 a2ba94752c809993 322
121729727079 a2ba94752c809993 322
121729758095 a2ba94752c809993 322
121729788901 a2ba94752c809993 322
121729819783 a2ba94752c809993 322
121729850866 a2ba94752c809993 322
121729881031 a2ba94752c809993 322
121729912400 a2ba94752c809993 322
121729943589 a2ba94752c809993 322
121729975091 a2ba94752c809993 322
121730005709 a2ba94752c809993 322
121730037583 a2ba94752c809993 322
121730070434 a2ba94752c809993 322
121730099709 a2ba94752c809993 322
121730129256 a2ba94752c809993 322
121730160015 a2ba94752c809993 322
121730191204 a2ba94752c809993 322
121730222067 a2ba94752c809993 322
121730252958 a2ba94752c809993 322
121730284831 a2ba94752c809993 322
121730315589 a2ba94752c809993 322
121730346516 a2ba94752c809993 322
121730377488 a2ba94752c809993 322
121730408558 a2ba94752c809993 322
121730439633 a2ba94752c809993 322
121730470099 a2ba94752c809993 322
121730500834 a2ba94752c809993 322
121730532518 a2ba94752c809993 322
121730563673 a2ba94752c809993 322
121730595787 a2ba94752c809993 322
121730625311 a2ba94752c809993 322
121730656667 a2ba94752c809993 322
121730688004 a2ba94752c809993 322
121730717989 a2ba94752c809993 322
121730748970 a2ba94752c809993 322
121730780038 a2ba94752c809993 322
121730811453 a2ba94752c809993 322
121730843177 a2ba94752c809993 322
121730874278 a2ba94752c809993 322
121730904112 a2ba94752c809993 322
121730937235 a2ba94752c809993 322
121730966096 a2ba94752c809993 322
121730997418 a2ba94752c809993 322
121731027934 a2ba94752c809993 322
121731060324 a2ba94752c809993 322
121731090347 a2ba94752c809993 322
121731122845 a2ba94752c809993 322
121731153138 a2ba94752c809993 322
121731184702 a2ba94752c809993 322
121731214491 a2ba94752c809993 322
121731246313 a2ba94752c809993 322
121731276464 a2ba94752c809993 322
121731308396 a2ba94752c809993 322
121731338854 a2ba94752c809993 322
121731370080 a2ba94752c809993 322
121731400122 a2ba94752c809993 322
121731432259 a2ba94752c809993 322
121731463242 a2ba94752c809993 322
121731493301 a2ba94752c809993 322
121731523923 a2ba94752c809993 322
121731555487 a2ba94752c809993 322
121731586506 a2ba94752c809993 322
121731617436 a2ba94752c809993 322
121731648175 a2ba94752c809993 322
121731679936 a2ba94752c809993 322
121732967883 a2ba94752c809993 322
121732978410 a2ba94752c809993 322
121732985909 a2ba94752c809993 322
121732991272 a2ba94752c809993 322
121732994249 a2ba94752c809993 322
121733000198 a2ba94752c809993 322
121733003846 a2ba94752c809993 322
121733007564 a2ba94752c809993 322
121733014578 a2ba94752c809993 322
121733020710 a2ba94752c809993 322
121733023341 a2ba94752c809993 322
121733026519 a2ba94752c809993 322
121733031427 a2ba94752c809993 322
121733033891 a2ba94752c809993 322
121733036800 a2ba94752c809993 322
121733041112 a2ba94752c809993 322
121733044862 a2ba94752c809993 322
121733047323 a2ba94752c809993 322
121733049664 a2ba94752c809993 322
121733054381 a2ba94752c809993 322
121733056541 a2ba94752c809993 322
121733061263 a2ba94752c809993 322
121733065184 a2ba94752c809993 322
121733067876 a2ba94752c809993 322
121733069980 a2ba94752c809993 322
121733073532 a2ba94752c809993 322
121733077881 a2ba94752c809993 322
121733080022 a2ba94752c809993 322
121733083761 a2ba94752c809993 322
121733085748 a2ba94752c809993 322
121733087781 a2ba94752c809993 322
121733089801 a2ba94752c809993 322
121733091694 a2ba94752c809993 322
121733095634 a2ba94752c809993 322
121733097550 a2ba94752c809993 322
121733099514 a2ba94752c809993 322
121733102188 a2ba94752c809993 322
121733106021 a2ba94752c809993 322
121733107796 a2ba94752c809993 322
121733109725 a2ba94752c809993 322
121733111491 a2ba94752c809993 322
121733115380 a2ba94752c809993 322
121733117056 a2ba94752c809993 322
121733118917 a2ba94752c809993 322
121733120603 a2ba94752c809993 322
121733123593 a2ba94752c809993 322
121733137506 a2ba94752c809993 322
121733167932 a2ba94752c809993 322
121733199260 a2ba94752c809993 322
121733231056 a2ba94752c809993 322
121733260669 a2ba94752c809993 322
121733291897 a2ba94752c809993 322
121733322562 a2ba94752c809993 322
121733355494 a2ba94752c809993 322
121733384817 a2ba94752c809993 322
121733415338 a2ba94752c809993 322
121733447188 a2ba94752c809993 322
121733478185 a2ba94752c809993 322
121733509015 a2ba94752c809993 322
121733539503 a2ba94752c809993 322
121733571551 a2ba94752c809993 322
121733602650 a2ba94752c809993 322
121733633658 a2ba94752c809993 322
121733664508 a2ba94752c809993 322
121733692184 a2ba94752c809993 322
121733726729 a2ba94752c809993 322
121733763024 a2ba94752c809993 322
121733785772 a2ba94752c809993 322
121733820351 a2ba94752c809993 322
121733853006 a2ba94752c809993 322
121733881504 a2ba94752c809993 322
121733912088 a2ba94752c809993 322
121733944151 a2ba94752c809993 322
121733976220 a2ba94752c809993 322
121734006819 a2ba94752c809993 322
121734036439 a2ba94752c809993 322
121734067623 a2ba94752c809993 322
121734099491 a2ba94752c809993 322
121734129265 a2ba94752c809993 322
121734161192 a2ba94752c809993 322
121734195399 a2ba94752c809993 322
121734223994 a2ba94752c809993 322
121734253566 a2ba94752c809993 322
121734285533 a2ba94752c809993 322
121734316292 a2ba94752c809993 322
121734347522 a2ba94752c809993 322
121734378083 a2ba94752c809993 322
121734408845 a2ba94752c809993 322
121734440940 a2ba94752c809993 322
121734473097 a2ba94752c809993 322
121734504972 a2ba94752c809993 322
121734533787 a2ba94752c809993 322
121734564617 a2ba94752c809993 322
121734595024 a2ba94752c809993 322
121734625763 a2ba94752c809993 322
121734657053 a2ba94752c809993 322
121734688466 a2ba94752c809993 322
121734720037 a2ba94752c809993 322
121734749664 a2ba94752c809993 322
121734780790 a2ba94752c809993 322
121734811388 a2ba94752c809993 322
121734842736 a2ba94752c809993 322
121734874300 a2ba94752c809993 322
121734906671 a2ba94752c809993 322
121734940989 a2ba94752c809993 322
121734968557 a2ba94752c809993 322
121734999496 a2ba94752c809993 322
121735031222 a2ba94752c809993 322
121735062405 a2ba94752c809993 322
121735092238 a2ba94752c809993 322
121735123308 a2ba94752c809993 322
121735139240 a2ba94752c809993 322
121735149155 a2ba94752c809993 322
121735159666 a2ba94752c809993 274
121735169659 a2ba94752c809993 274
121735204824 a2ba94752c809993 274
121735235707 a2ba94752c809993 274
121735266749 a2ba94752c809993 274
121735299146 a2ba94752c809993 274
121735329173 a2ba94752c809993 274
121735360012 a2ba94752c809993 274
121735391244 a2ba94752c809993 274
121735421659 a2ba94752c809993 274
121735452840 a2ba94752c809993 274
121735484035 a2ba94752c809993 274
121735515820 a2ba94752c809993 274
121735547547 a2ba94752c809993 274
121735579044 a2ba94752c809993 274
121735607920 a2ba94752c809993 274
121735641083 a2ba94752c809993 274
121735671134 a2ba94752c809993 274
121735702091 a2ba94752c809993 274
121735732334 a2ba94752c809993 274
121735763274 a2ba94752c809993 274
121735780857 a2ba94752c809993 274
121735789515 a2ba94752c809993 274
121735800194 a2ba94752c809993 274
121735811065 a2ba94752c809993 274
121735847336 a2ba94752c809993 274
121735877819 a2ba94752c809993 274
121735908965 a2ba94752c809993 274
121735940616 a2ba94752c809993 274
121735973667 a2ba94752c809993 274
121736003762 a2ba94752c809993 274
121736036353 a2ba94752c809993 274
121736065023 a2ba94752c809993 274
121736095619 a2ba94752c809993 274
121736128865 a2ba94752c809993 274
121736160208 a2ba94752c809993 274
121736188929 a2ba94752c809993 274
121736221600 a2ba94752c809993 274
121736252705 a2ba94752c809993 274
121736285874 a2ba94752c809993 274
121736315555 a2ba94752c809993 274
121736345254 a2ba94752c809993 274
121736376064 a2ba94752c809993 274
121736406146 a2ba94752c809993 274
121736436368 a2ba94752c809993 274
121736467422 a2ba94752c809993 274
121736499283 a2ba94752c809993 274
121736529964 a2ba94752c809993 274
121736561194 a2ba94752c809993 274
121736591067 a2ba94752c809993 274
121736622003 a2ba94752c809993 274
121736654047 a2ba94752c809993 274
121736686738 a2ba94752c809993 274
121736715842 a2ba94752c809993 274
121736746151 a2ba94752c809993 274
121736777892 a2ba94752c809993 274
121736807791 a2ba94752c809993 274
121736838784 a2ba94752c809993 274
121736869970 a2ba94752c809993 274
121736900791 a2ba94752c809993 274
121736931853 a2ba94752c809993 274
121736963183 a2ba94752c809993 274
121736993845 a2ba94752c809993 274
121737025795 a2ba94752c809993 274
121737055690 a2ba94752c809993 274
121737086921 a2ba94752c809993 274
121737117940 a2ba94752c809993 274
121737124604 a2ba94752c809993 274
121737134996 a2ba94752c809993 274
121737144977 a2ba94752c809993 274
121737155530 a2ba94752c809993 274
121737190777 a2ba94752c809993 274
121737221431 a2ba94752c809993 274
121737252027 a2ba94752c809993 274
121737283639 a2ba94752c809993 274
121737315129 a2ba94752c809993 274
121737345891 a2ba94752c809993 274
121737376625 a2ba94752c809993 274
121737408654 a2ba94752c809993 274
121737439147 a2ba94752c809993 274
121737469763 a2ba94752c809993 274
121737501104 a2ba94752c809993 274
121737532393 a2ba94752c809993 274
121737564277 a2ba94752c809993 274
121737595610 a2ba94752c809993 274
121737630218 a2ba94752c809993 274
121737656313 a2ba94752c809993 274
121737688587 a2ba94752c809993 274
121737719213 a2ba94752c809993 274
121737748772 a2ba94752c809993 274
121737779486 a2ba94752c809993 274
121737812002 a2ba94752c809993 274
121737842885 a2ba94752c809993 274
121737872379 a2ba94752c809993 274
121737903614 a2ba94752c809993 274
121737935031 a2ba94752c809993 274
121737965172 a2ba94752c809993 274
121737996832 a2ba94752c809993 274
121738027912 a2ba94752c809993 274
121738058253 a2ba94752c809993 274
121738090387 a2ba94752c809993 274
121738120820 a2ba94752c809993 274
121738151860 a2ba94752c809993 274
121738183155 a2ba94752c809993 274
121738214175 a2ba94752c809993 274
121738244791 a2ba94752c809993 275
121738276227 a2ba94752c809993 277
121738307393 a2ba94752c809993 278
121738338015 a2ba94752c809993 279
121738370891 a2ba94752c809993 280
121738400408 a2ba94752c809993 282
121738430584 a2ba94752c809993 283
121738462464 a2ba94752c809993 284
121738497274 a2ba94752c809993 285
121738526236 a2ba94752c809993 286
121738559123 a2ba94752c809993 286
121738588500 a2ba94752c809993 287
121738619287 a2ba94752c809993 287
121738648386 a2ba94752c809993 287
121738679410 a2ba94752c809993 288
121738710682 a2ba94752c809993 288
121738741631 a2ba94752c809993 288
121738774464 a2ba94752c809993 288
121738803296 a2ba94752c809993 289
121738834391 a2ba94752c809993 289
121738865120 a2ba94752c809993 289
121738896825 a2ba94752c809993 290
121738928959 a2ba94752c809993 290
121738959829 a2ba94752c809993 290
121738992184 a2ba94752c809993 290
121739023649 a2ba94752c809993 291
121739053111 a2ba94752c809993 291
121739081792 a2ba94752c809993 291
121739113707 a2ba94752c809993 291
121739144678 a2ba94752c809993 292
121739175662 a2ba94752c809993 292
121739206533 a2ba94752c809993 292
121739239883 a2ba94752c809993 292
121739272152 a2ba94752c809993 293
121739303659 a2ba94752c809993 293
121739336074 a2ba94752c809993 293
121739365526 a2ba94752c809993 293
121739396047 a2ba94752c809993 293
121739424830 a2ba94752c809993 293
121739457194 a2ba94752c809993 294
121739488568 a2ba94752c809993 294
121739517706 a2ba94752c809993 294
121739548802 a2ba94752c809993 294
121739579980 a2ba94752c809993 294
121739609277 a2ba94752c809993 294
121739642397 a2ba94752c809993 295
121739669825 a2ba94752c809993 295
121739682251 a2ba94752c809993 295
121739688541 a2ba94752c809993 251
121739699536 a2ba94752c809993 251
121739735216 a2ba94752c809993 251
121739766969 a2ba94752c809993 251
121739797999 a2ba94752c809993 251
121739826638 a2ba94752c809993 251
121739860045 a2ba94752c809993 251
121739890185 a2ba94752c809993 251
121739921791 a2ba94752c809993 251
121739950801 a2ba94752c809993 251
121739982883 a2ba94752c809993 251
121740014428 a2ba94752c809993 251
121740043813 a2ba94752c809993 251
121740074756 a2ba94752c809993 251
121740106158 a2ba94752c809993 251
121740137934 a2ba94752c809993 251
121740169085 a2ba94752c809993 251
121740200347 a2ba94752c809993 251
121740230057 a2ba94752c809993 251
121740260671 a2ba94752c809993 251
121740291233 a2ba94752c809993 251
121740324003 a2ba94752c809993 251
121740355531 a2ba94752c809993 251
121740384754 a2ba94752c809993 251
121740415650 a2ba94752c809993 251
121740447170 a2ba94752c809993 251
121740477574 a2ba94752c809993 251
121740508620 a2ba94752c809993 251
121740539726 a2ba94752c809993 251
121740570756 a2ba94752c809993 251
121740602538 a2ba94752c809993 251
121740633519 a2ba94752c809993 251
121740663883 a2ba94752c809993 251
121740694401 a2ba94752c809993 251
121740725061 a2ba94752c809993 251
121740756321 a2ba94752c809993 251
121740772480 a2ba94752c809993 251
121740783054 a2ba94752c809993 251
121740793046 a2ba94752c809993 251
121740803949 a2ba94752c809993 251
121740839108 a2ba94752c809993 251
121740869886 a2ba94752c809993 251
121740900876 a2ba94752c809993 251
121740932088 a2ba94752c809993 251
121740962783 a2ba94752c809993 251
121740996174 a2ba94752c809993 251
121741024917 a2ba94752c809993 251
121741056177 a2ba94752c809993 251
121741087592 a2ba94752c809993 251
121741121044 a2ba94752c809993 251
121741149323 a2ba94752c809993 251
121741180117 a2ba94752c809993 251
121741214699 a2ba94752c809993 251
121741242163 a2ba94752c809993 251
121741272864 a2ba94752c809993 251
121741303941 a2ba94752c809993 251
121741335055 a2ba94752c809993 251
121741368260 a2ba94752c809993 251
121741397018 a2ba94752c809993 251
121741428555 a2ba94752c809993 251
121741459116 a2ba94752c809993 251
121741492475 a2ba94752c809993 251
121741523505 a2ba94752c809993 251
121741555211 a2ba94752c809993 251
121741585163 a2ba94752c809993 251
121741620318 a2ba94752c809993 251
121741650205 a2ba94752c809993 251
121741679877 a2ba94752c809993 251
121741711167 a2ba94752c809993 251
121741743940 a2ba94752c809993 251
121741775499 a2ba94752c809993 251
121741804830 a2ba94752c809993 251
121741832354 a2ba94752c809993 251
121741864361 a2ba94752c809993 251
121741895745 a2ba94752c809993 251
121741925303 a2ba94752c809993 251
121741958063 a2ba94752c809993 251
121741990855 a2ba94752c809993 251
121742018386 a2ba94752c809993 251
121742049566 a2ba94752c809993 251
121742079945 a2ba94752c809993 251
121742112873 a2ba94752c809993 251
121742144299 a2ba94752c809993 251
121742173329 a2ba94752c809993 251
121742204261 a2ba94752c809993 251
121742235936 a2ba94752c809993 251
121742266478 a2ba94752c809993 251
121742299127 a2ba94752c809993 251
121742329270 a2ba94752c809993 251
121742359895 a2ba94752c809993 251
121742393966 a2ba94752c809993 251
121742421145 a2ba94752c809993 251
121742452750 a2ba94752c809993 251
121742487629 a2ba94752c809993 251
121742517714 a2ba94752c809993 251
121742548659 a2ba94752c809993 251
121742578028 a2ba94752c809993 251
121742614819 a2ba94752c809993 251
121742640206 a2ba94752c809993 251
121742672275 a2ba94752c809993 251
121742703886 a2ba94752c809993 251
121742738377 a2ba94752c809993 251
121742765197 a2ba94752c809993 251
121742798744 a2ba94752c809993 251
121742823800 a2ba94752c809993 251
121742834542 a2ba94752c809993 251
121742843684 a2ba94752c809993 251
121742851895 a2ba94752c809993 251
121742887689 a2ba94752c809993 251
121742919840 a2ba94752c809993 251
121742949969 a2ba94752c809993 251
121742986845 a2ba94752c809993 251
121743011544 a2ba94752c809993 251
121743044162 a2ba94752c809993 251
121743075321 a2ba94752c809993 251
121743107822 a2ba94752c809993 251
121743139969 a2ba94752c809993 251
121743170550 a2ba94752c809993 251
121743201253 a2ba94752c809993 251
121743215279 a2ba94752c809993 251
121743252362 a2ba94752c809993 253
121743284283 a2ba94752c809993 254
121743315952 a2ba94752c809993 254
121743348983 a2ba94752c809993 254
121743386541 a2ba94752c809993 254
121743418510 a2ba94752c809993 254
121743448461 a2ba94752c809993 254
121743475656 a2ba94752c809993 254
121743510567 a2ba94752c809993 254
121743537651 a2ba94752c809993 254
121743568955 a2ba94752c809993 254
121743599192 a2ba94752c809993 254
121743630421 a2ba94752c809993 254
121743660998 a2ba94752c809993 254
121743695740 a2ba94752c809993 255
121743723210 a2ba94752c809993 255
121743765502 a2ba94752c809993 257
121743790111 a2ba94752c809993 257
121743815709 a2ba94752c809993 257
121743847236 a2ba94752c809993 257
121743880477 a2ba94752c809993 258
121743910030 a2ba94752c809993 259
121743941660 a2ba94752c809993 259
121743972888 a2ba94752c809993 259
121744009889 a2ba94752c809993 259
121744038362 a2ba94752c809993 259
121744066105 a2ba94752c809993 259
121744101138 a2ba94752c809993 259
121744131162 a2ba94752c809993 260
121744159360 a2ba94752c809993 260
121744196451 a2ba94752c809993 261
121744230893 a2ba94752c809993 261
121744270338 a2ba94752c809993 262
121744293070 a2ba94752c809993 262
121744327433 a2ba94752c809993 264
121744355314 a2ba94752c809993 264
121744385248 a2ba94752c809993 265
121744416078 a2ba94752c809993 265
121744447888 a2ba94752c809993 265
121744479551 a2ba94752c809993 265
121744510914 a2ba94752c809993 265
121744540848 a2ba94752c809993 265
121744570453 a2ba94752c809993 266
121744601972 a2ba94752c809993 266
121744633057 a2ba94752c809993 267
121744663614 a2ba94752c809993 268
121744699762 a2ba94752c809993 270
121744727030 a2ba94752c809993 270
121744756299 a2ba94752c809993 270
121744789078 a2ba94752c809993 271
121744819322 a2ba94752c809993 271
121744851352 a2ba94752c809993 271
121744879870 a2ba94752c809993 271
121744911668 a2ba94752c809993 271
121744943106 a2ba94752c809993 271
121744973896 a2ba94752c809993 271
121745004958 a2ba94752c809993 271
121745035672 a2ba94752c809993 271
121745067939 a2ba94752c809993 271
121745102201 a2ba94752c809993 271
121745129928 a2ba94752c809993 272
121745159887 a2ba94752c809993 272
121745190921 a2ba94752c809993 272
121745222229 a2ba94752c809993 272
121745253133 a2ba94752c809993 272
121745283653 a2ba94752c809993 272
121745315805 a2ba94752c809993 272
121745346563 a2ba94752c809993 272
121745377908 a2ba94752c809993 272
121745412453 a2ba94752c809993 272
121745440254 a2ba94752c809993 272
121745470491 a2ba94752c809993 272
121745502443 a2ba94752c809993 272
121745532302 a2ba94752c809993 272
121745563661 a2ba94752c809993 272
121745595776 a2ba94752c809993 272
121745625815 a2ba94752c809993 272
121745660408 a2ba94752c809993 272
121745687035 a2ba94752c809993 272
121745722565 a2ba94752c809993 272
121745752895 a2ba94752c809993 272
121745769213 a2ba94752c809993 272
121745780203 a2ba94752c809993 272
121745787778 a2ba94752c809993 232
121745796594 a2ba94752c809993 232
121745833322 a2ba94752c809993 232
121745868771 a2ba94752c809993 232
121745896273 a2ba94752c809993 232
121745926119 a2ba94752c809993 232
121745956891 a2ba94752c809993 232
121745988082 a2ba94752c809993 232
121746021014 a2ba94752c809993 232
121746049462 a2ba94752c809993 232
121746079783 a2ba94752c809993 232
121746111295 a2ba94752c809993 232
121746143374 a2ba94752c809993 232
121746173793 a2ba94752c809993 232
121746204445 a2ba94752c809993 232
121746236332 a2ba94752c809993 232
121746266985 a2ba94752c809993 232
121746296946 a2ba94752c809993 232
121746329032 a2ba94752c809993 232
121746359922 a2ba94752c809993 232
121746391960 a2ba94752c809993 232
121746423155 a2ba94752c809993 232
121746452524 a2ba94752c809993 232
121746484266 a2ba94752c809993 232
121746514310 a2ba94752c809993 232
121746547217 a2ba94752c809993 232
121746576097 a2ba94752c809993 232
121746607585 a2ba94752c809993 232
121746638364 a2ba94752c809993 232
121746669025 a2ba94752c809993 232
121746700073 a2ba94752c809993 232
121746731383 a2ba94752c809993 232
121746762849 a2ba94752c809993 232
121746795111 a2ba94752c809993 232
121746824664 a2ba94752c809993 232
121746855670 a2ba94752c809993 232
121746888550 a2ba94752c809993 232
121746917517 a2ba94752c809993 232
121746948300 a2ba94752c809993 232
121746979567 a2ba94752c809993 232
121747010848 a2ba94752c809993 232
121747041534 a2ba94752c809993 232
121747072544 a2ba94752c809993 232
121747104329 a2ba94752c809993 232
121747134731 a2ba94752c809993 232
121747167355 a2ba94752c809993 232
121747196706 a2ba94752c809993 232
121747227349 a2ba94752c809993 232
121747258617 a2ba94752c809993 232
121747290277 a2ba94752c809993 232
121747323037 a2ba94752c809993 232
121747352646 a2ba94752c809993 232
121747383473 a2ba94752c809993 232
121747413246 a2ba94752c809993 232
121747444549 a2ba94752c809993 232
121747476116 a2ba94752c809993 232
121747507279 a2ba94752c809993 232
121747538079 a2ba94752c809993 232
121747570170 a2ba94752c809993 232
121747600957 a2ba94752c809993 232
121747631802 a2ba94752c809993 232
121747662097 a2ba94752c809993 232
121747693129 a2ba94752c809993 232
121747728001 a2ba94752c809993 232
121747755791 a2ba94752c809993 232
121747787018 a2ba94752c809993 232
121747821499 a2ba94752c809993 232
121747848404 a2ba94752c809993 232
121747879061 a2ba94752c809993 232
121747910878 a2ba94752c809993 232
121747941125 a2ba94752c809993 232
121747972707 a2ba94752c809993 232
121748003208 a2ba94752c809993 232
121748034974 a2ba94752c809993 232
121748064980 a2ba94752c809993 232
121748096117 a2ba94752c809993 232
121748126962 a2ba94752c809993 232
121748159460 a2ba94752c809993 232
121748190803 a2ba94752c809993 232
121748220945 a2ba94752c809993 232
121748251844 a2ba94752c809993 232
121748281723 a2ba94752c809993 232
121748313776 a2ba94752c809993 232
121748344385 a2ba94752c809993 232
121748375719 a2ba94752c809993 232
121748407169 a2ba94752c809993 232
121748437278 a2ba94752c809993 232
121748468282 a2ba94752c809993 232
121748499347 a2ba94752c809993 232
121748530104 a2ba94752c809993 232
121748561524 a2ba94752c809993 232
121748591758 a2ba94752c809993 232
121748622945 a2ba94752c809993 232
121748655322 a2ba94752c809993 232
121748684831 a2ba94752c809993 232
121748716114 a2ba94752c809993 232
121748747298 a2ba94752c809993 232
121748778463 a2ba94752c809993 232
121748809203 a2ba94752c809993 232
121748840072 a2ba94752c809993 232
121748872163 a2ba94752c809993 232
121748901921 a2ba94752c809993 232
121748933162 a2ba94752c809993 232
121748964768 a2ba94752c809993 232
121748996263 a2ba94752c809993 232
121749027602 a2ba94752c809993 232
121749065498 a2ba94752c809993 232
121749087694 a2ba94752c809993 232
121749151018 a2ba94752c809993 232
121749216745 a2ba94752c809993 232
