224016140225 0653fbd5f23ddc85 32
224016141368 0653fbd5f23ddc85 32
224016145803 0653fbd5f23ddc85 32
224016153390 0653fbd5f23ddc85 32
224016560456 0653fbd5f23ddc85 33
224016566140 0653fbd5f23ddc85 34
224016597977 0653fbd5f23ddc85 35
224016605365 0653fbd5f23ddc85 36
224016625799 0653fbd5f23ddc85 38
224016647497 0653fbd5f23ddc85 40
224016667864 0653fbd5f23ddc85 42
224016687988 0653fbd5f23ddc85 44
224016708078 0653fbd5f23ddc85 46
224016728067 0653fbd5f23ddc85 48
224016749633 0653fbd5f23ddc85 50
224016759441 0653fbd5f23ddc85 51
224016772119 0653fbd5f23ddc85 43
224016780366 0653fbd5f23ddc85 43
224016802143 0653fbd5f23ddc85 43
224016821661 0653fbd5f23ddc85 43
224016842771 0653fbd5f23ddc85 43
224016854278 0653fbd5f23ddc85 43
224016862926 0653fbd5f23ddc85 43
224016872839 0653fbd5f23ddc85 43
224016883397 0653fbd5f23ddc85 43
224016903678 0653fbd5f23ddc85 43
224016924604 0653fbd5f23ddc85 43
224016947543 0653fbd5f23ddc85 43
224016986532 0653fbd5f23ddc85 43
224017016000 0653fbd5f23ddc85 43
224017035720 0653fbd5f23ddc85 43
224017055908 0653fbd5f23ddc85 43
224017076863 0653fbd5f23ddc85 43
224017096838 0653fbd5f23ddc85 43
224017118256 0653fbd5f23ddc85 43
224017138627 0653fbd5f23ddc85 43
224017159038 0653fbd5f23ddc85 43
224017183115 0653fbd5f23ddc85 43
224017200450 0653fbd5f23ddc85 43
224017222317 0653fbd5f23ddc85 43
224017241546 0653fbd5f23ddc85 43
224017261671 0653fbd5f23ddc85 43
224017282500 0653fbd5f23ddc85 43
224017303528 0653fbd5f23ddc85 43
224017324126 0653fbd5f23ddc85 43
224017345733 0653fbd5f23ddc85 43
224017366364 0653fbd5f23ddc85 43
224017386954 0653fbd5f23ddc85 43
224017407515 0653fbd5f23ddc85 44
224017429643 0653fbd5f23ddc85 45
224017449021 0653fbd5f23ddc85 45
224017468745 0653fbd5f23ddc85 46
224017490109 0653fbd5f23ddc85 46
224017509879 0653fbd5f23ddc85 46
224017530297 0653fbd5f23ddc85 47
224017551097 0653fbd5f23ddc85 47
224017586835 0653fbd5f23ddc85 47
224017618030 0653fbd5f23ddc85 47
224017648831 0653fbd5f23ddc85 47
224017679598 0653fbd5f23ddc85 47
224017711247 0653fbd5f23ddc85 47
224017741675 0653fbd5f23ddc85 48
224017772070 0653fbd5f23ddc85 48
224017803486 0653fbd5f23ddc85 48
224017834289 0653fbd5f23ddc85 48
224017864992 0653fbd5f23ddc85 48
224017895996 0653fbd5f23ddc85 48
224017927358 0653fbd5f23ddc85 48
224017958373 0653fbd5f23ddc85 48
224017988980 0653fbd5f23ddc85 49
224018020309 0653fbd5f23ddc85 49
224018052703 0653fbd5f23ddc85 49
224018082324 0653fbd5f23ddc85 49
224018113251 0653fbd5f23ddc85 49
224018144598 0653fbd5f23ddc85 49
224018178662 0653fbd5f23ddc85 49
224018208677 0653fbd5f23ddc85 49
224018239943 0653fbd5f23ddc85 49
224018271435 0653fbd5f23ddc85 49
224018302967 0653fbd5f23ddc85 49
224018334521 0653fbd5f23ddc85 50
224018364823 0653fbd5f23ddc85 50
224018394993 0653fbd5f23ddc85 50
224018426050 0653fbd5f23ddc85 50
224018456990 0653fbd5f23ddc85 50
224018487996 0653fbd5f23ddc85 50
224018519324 0653fbd5f23ddc85 50
224018550785 0653fbd5f23ddc85 50
224018581749 0653fbd5f23ddc85 50
224018612294 0653fbd5f23ddc85 50
224018643224 0653fbd5f23ddc85 50
224018674829 0653fbd5f23ddc85 50
224018705243 0653fbd5f23ddc85 50
224018736764 0653fbd5f23ddc85 50
224018767728 0653fbd5f23ddc85 50
224018798560 0653fbd5f23ddc85 50
224018828808 0653fbd5f23ddc85 50
224018859861 0653fbd5f23ddc85 50
224018891338 0653fbd5f23ddc85 50
224018922653 0653fbd5f23ddc85 50
224018953225 0653fbd5f23ddc85 50
224018984097 0653fbd5f23ddc85 50
224019015781 0653fbd5f23ddc85 50
224019046555 0653fbd5f23ddc85 50
224019077579 0653fbd5f23ddc85 50
224019108065 0653fbd5f23ddc85 50
224019135445 0653fbd5f23ddc85 50
224019145610 0653fbd5f23ddc85 50
224019156032 0653fbd5f23ddc85 43
224019165981 0653fbd5f23ddc85 43
224019201898 0653fbd5f23ddc85 43
224019232589 0653fbd5f23ddc85 43
224019263899 0653fbd5f23ddc85 43
224019294588 0653fbd5f23ddc85 43
224019325564 0653fbd5f23ddc85 43
224019356517 0653fbd5f23ddc85 43
224019389139 0653fbd5f23ddc85 43
224019418249 0653fbd5f23ddc85 43
224019449299 0653fbd5f23ddc85 43
224019480877 0653fbd5f23ddc85 43
224019511977 0653fbd5f23ddc85 43
224019543114 0653fbd5f23ddc85 43
224019549365 0653fbd5f23ddc85 43
224019558419 0653fbd5f23ddc85 43
224019569265 0653fbd5f23ddc85 43
224019579465 0653fbd5f23ddc85 43
224019615748 0653fbd5f23ddc85 43
224019645769 0653fbd5f23ddc85 43
224019677413 0653fbd5f23ddc85 43
224019707988 0653fbd5f23ddc85 43
224019739005 0653fbd5f23ddc85 43
224019774378 0653fbd5f23ddc85 44
224019801983 0653fbd5f23ddc85 45
224019833389 0653fbd5f23ddc85 46
224019863520 0653fbd5f23ddc85 46
224019880405 0653fbd5f23ddc85 46
224019890715 0653fbd5f23ddc85 46
224019900110 0653fbd5f23ddc85 39
224019911592 0653fbd5f23ddc85 39
224019946791 0653fbd5f23ddc85 39
224019976465 0653fbd5f23ddc85 39
224020008129 0653fbd5f23ddc85 39
224020038645 0653fbd5f23ddc85 39
224020070131 0653fbd5f23ddc85 39
224020100953 0653fbd5f23ddc85 39
224020131402 0653fbd5f23ddc85 39
224020162447 0653fbd5f23ddc85 39
224020181499 0653fbd5f23ddc85 39
224020190108 0653fbd5f23ddc85 39
224020200736 0653fbd5f23ddc85 39
224020212840 0653fbd5f23ddc85 39
224020248223 0653fbd5f23ddc85 39
224020278122 0653fbd5f23ddc85 39
224020308421 0653fbd5f23ddc85 39
224020339224 0653fbd5f23ddc85 39
224020370217 0653fbd5f23ddc85 39
224020401338 0653fbd5f23ddc85 39
224020431733 0653fbd5f23ddc85 41
224020463055 0653fbd5f23ddc85 41
224020493514 0653fbd5f23ddc85 41
224020527213 0653fbd5f23ddc85 41
224020556833 0653fbd5f23ddc85 41
224020588906 0653fbd5f23ddc85 41
224020618945 0653fbd5f23ddc85 42
224020649016 0653fbd5f23ddc85 42
224020681041 0653fbd5f23ddc85 42
224020710690 0653fbd5f23ddc85 42
224020741422 0653fbd5f23ddc85 42
224020771965 0653fbd5f23ddc85 42
224020803351 0653fbd5f23ddc85 42
224020834978 0653fbd5f23ddc85 42
224020867802 0653fbd5f23ddc85 42
224020897187 0653fbd5f23ddc85 42
224020931241 0653fbd5f23ddc85 42
224020959509 0653fbd5f23ddc85 42
224020989972 0653fbd5f23ddc85 42
224021020602 0653fbd5f23ddc85 42
224021051384 0653fbd5f23ddc85 42
224021083185 0653fbd5f23ddc85 42
224021114096 0653fbd5f23ddc85 42
224021145460 0653fbd5f23ddc85 42
224021176800 0653fbd5f23ddc85 43
224021209987 0653fbd5f23ddc85 43
224021237919 0653fbd5f23ddc85 43
224021268885 0653fbd5f23ddc85 43
224021299603 0653fbd5f23ddc85 43
224021331058 0653fbd5f23ddc85 43
224021362708 0653fbd5f23ddc85 43
224021393611 0653fbd5f23ddc85 43
224021424507 0653fbd5f23ddc85 43
224021456230 0653fbd5f23ddc85 43
224021483265 0653fbd5f23ddc85 43
224021509705 0653fbd5f23ddc85 43
224021539424 0653fbd5f23ddc85 43
224021571733 0653fbd5f23ddc85 43
224021601097 0653fbd5f23ddc85 43
224021632740 0653fbd5f23ddc85 43
224021663848 0653fbd5f23ddc85 43
224021695627 0653fbd5f23ddc85 43
224021725491 0653fbd5f23ddc85 43
224021756350 0653fbd5f23ddc85 43
224021790415 0653fbd5f23ddc85 43
224021818034 0653fbd5f23ddc85 43
224021848862 0653fbd5f23ddc85 43
224021880566 0653fbd5f23ddc85 43
224021911580 0653fbd5f23ddc85 43
224021942061 0653fbd5f23ddc85 43
224021973248 0653fbd5f23ddc85 43
224022004076 0653fbd5f23ddc85 43
224022034968 0653fbd5f23ddc85 43
224022066283 0653fbd5f23ddc85 43
224022072614 0653fbd5f23ddc85 43
224022083293 0653fbd5f23ddc85 43
224022094040 0653fbd5f23ddc85 36
224022103818 0653fbd5f23ddc85 36
224022139651 0653fbd5f23ddc85 36
224022170421 0653fbd5f23ddc85 36
224022201050 0653fbd5f23ddc85 36
224022231890 0653fbd5f23ddc85 36
224022263103 0653fbd5f23ddc85 36
224022294463 0653fbd5f23ddc85 36
224022325035 0653fbd5f23ddc85 36
224022356210 0653fbd5f23ddc85 36
224022387556 0653fbd5f23ddc85 36
224022417869 0653fbd5f23ddc85 36
224022448776 0653fbd5f23ddc85 36
224022480092 0653fbd5f23ddc85 36
224022510976 0653fbd5f23ddc85 36
224022541868 0653fbd5f23ddc85 36
224022574986 0653fbd5f23ddc85 36
224022603956 0653fbd5f23ddc85 37
224022636363 0653fbd5f23ddc85 38
224022665275 0653fbd5f23ddc85 39
224022700700 0653fbd5f23ddc85 40
224022728639 0653fbd5f23ddc85 40
224022759580 0653fbd5f23ddc85 40
224022790313 0653fbd5f23ddc85 40
224022820765 0653fbd5f23ddc85 40
224022851874 0653fbd5f23ddc85 40
224022882699 0653fbd5f23ddc85 40
224022914557 0653fbd5f23ddc85 40
224022945368 0653fbd5f23ddc85 41
224022975700 0653fbd5f23ddc85 41
224023007477 0653fbd5f23ddc85 41
224023038282 0653fbd5f23ddc85 41
224023068303 0653fbd5f23ddc85 41
224023099988 0653fbd5f23ddc85 41
224023131389 0653fbd5f23ddc85 41
224023161925 0653fbd5f23ddc85 41
224023192890 0653fbd5f23ddc85 41
224023223942 0653fbd5f23ddc85 41
224023254603 0653fbd5f23ddc85 42
224023285295 0653fbd5f23ddc85 42
224023291243 0653fbd5f23ddc85 42
224023301893 0653fbd5f23ddc85 42
224023312418 0653fbd5f23ddc85 35
224023322182 0653fbd5f23ddc85 35
224023358216 0653fbd5f23ddc85 35
224023388465 0653fbd5f23ddc85 35
224023419550 0653fbd5f23ddc85 35
224023450630 0653fbd5f23ddc85 35
224023481234 0653fbd5f23ddc85 35
224023514397 0653fbd5f23ddc85 35
224023533209 0653fbd5f23ddc85 35
224023542535 0653fbd5f23ddc85 35
224023553234 0653fbd5f23ddc85 35
224023561749 0653fbd5f23ddc85 35
224023596088 0653fbd5f23ddc85 35
224023627920 0653fbd5f23ddc85 35
224023658457 0653fbd5f23ddc85 35
224023688932 0653fbd5f23ddc85 35
224023719876 0653fbd5f23ddc85 35
224023752445 0653fbd5f23ddc85 35
224023780120 0653fbd5f23ddc85 35
224023788206 0653fbd5f23ddc85 36
224023804292 0653fbd5f23ddc85 36
224023808498 0653fbd5f23ddc85 37
224023844300 0653fbd5f23ddc85 37
224023877385 0653fbd5f23ddc85 37
224023906686 0653fbd5f23ddc85 37
224023940082 0653fbd5f23ddc85 37
224023968893 0653fbd5f23ddc85 37
224023999847 0653fbd5f23ddc85 37
224024029975 0653fbd5f23ddc85 38
224024043180 0653fbd5f23ddc85 38
224024053595 0653fbd5f23ddc85 38
224024063959 0653fbd5f23ddc85 32
224024073878 0653fbd5f23ddc85 32
224024109363 0653fbd5f23ddc85 32
224024142846 0653fbd5f23ddc85 32
224024171487 0653fbd5f23ddc85 32
224024203797 0653fbd5f23ddc85 32
224024236229 0653fbd5f23ddc85 32
224024265972 0653fbd5f23ddc85 32
224024297576 0653fbd5f23ddc85 32
224024327350 0653fbd5f23ddc85 32
224024358971 0653fbd5f23ddc85 32
224024390028 0653fbd5f23ddc85 32
224024421105 0653fbd5f23ddc85 32
224024452638 0653fbd5f23ddc85 32
224024483186 0653fbd5f23ddc85 32
224024499382 0653fbd5f23ddc85 32
224024509366 0653fbd5f23ddc85 32
224024519782 0653fbd5f23ddc85 32
224024530217 0653fbd5f23ddc85 33
224024564993 0653fbd5f23ddc85 34
224024595545 0653fbd5f23ddc85 35
224024622204 0653fbd5f23ddc85 35
224024654027 0653fbd5f23ddc85 35
224024664312 0653fbd5f23ddc85 35
224024673683 0653fbd5f23ddc85 30
224024683221 0653fbd5f23ddc85 30
224024719619 0653fbd5f23ddc85 30
224024751305 0653fbd5f23ddc85 30
224024781030 0653fbd5f23ddc85 30
224024811898 0653fbd5f23ddc85 30
224024845330 0653fbd5f23ddc85 30
224024876148 0653fbd5f23ddc85 30
224024904266 0653fbd5f23ddc85 30
224024935988 0653fbd5f23ddc85 30
224024966610 0653fbd5f23ddc85 30
224024998157 0653fbd5f23ddc85 30
224025028520 0653fbd5f23ddc85 30
224025059836 0653fbd5f23ddc85 30
224025089855 0653fbd5f23ddc85 30
224025121602 0653fbd5f23ddc85 30
224025152623 0653fbd5f23ddc85 31
224025191974 0653fbd5f23ddc85 31
224025227245 0653fbd5f23ddc85 31
224025252351 0653fbd5f23ddc85 31
224025285676 0653fbd5f23ddc85 31
224025316859 0653fbd5f23ddc85 31
224025344846 0653fbd5f23ddc85 32
224025376990 0653fbd5f23ddc85 32
224025407951 0653fbd5f23ddc85 32
224025439166 0653fbd5f23ddc85 32
224025470317 0653fbd5f23ddc85 32
224025501541 0653fbd5f23ddc85 32
224025533611 0653fbd5f23ddc85 32
224025564477 0653fbd5f23ddc85 32
224025595768 0653fbd5f23ddc85 32
224025626095 0653fbd5f23ddc85 32
224025657230 0653fbd5f23ddc85 32
224025688423 0653fbd5f23ddc85 32
224025724951 0653fbd5f23ddc85 32
224025756442 0653fbd5f23ddc85 32
224025783979 0653fbd5f23ddc85 32
224025825207 0653fbd5f23ddc85 32
224025848349 0653fbd5f23ddc85 32
224025879648 0653fbd5f23ddc85 32
224025911560 0653fbd5f23ddc85 32
224025942800 0653fbd5f23ddc85 32
224025975719 0653fbd5f23ddc85 32
224026007368 0653fbd5f23ddc85 32
224026038009 0653fbd5f23ddc85 32
224026068662 0653fbd5f23ddc85 32
224026099565 0653fbd5f23ddc85 32
224026131181 0653fbd5f23ddc85 32
224026165202 0653fbd5f23ddc85 32
224026198189 0653fbd5f23ddc85 32
224026223955 0653fbd5f23ddc85 32
224026249538 0653fbd5f23ddc85 32
224026275502 0653fbd5f23ddc85 32
224026308509 0653fbd5f23ddc85 32
224026351510 0653fbd5f23ddc85 32
224026383525 0653fbd5f23ddc85 32
224026415817 0653fbd5f23ddc85 33
224026447793 0653fbd5f23ddc85 33
224026479019 0653fbd5f23ddc85 33
224026511141 0653fbd5f23ddc85 33
224026542816 0653fbd5f23ddc85 33
224026572806 0653fbd5f23ddc85 33
224026609607 0653fbd5f23ddc85 33
224026642263 0653fbd5f23ddc85 33
224026674726 0653fbd5f23ddc85 33
224026700429 0653fbd5f23ddc85 33
224026726197 0653fbd5f23ddc85 33
224026759219 0653fbd5f23ddc85 33
224026791989 0653fbd5f23ddc85 33
224026823397 0653fbd5f23ddc85 33
224026855633 0653fbd5f23ddc85 34
224026887785 0653fbd5f23ddc85 34
224026919337 0653fbd5f23ddc85 34
224026951365 0653fbd5f23ddc85 34
224026985126 0653fbd5f23ddc85 34
224027007787 0653fbd5f23ddc85 34
224027018070 0653fbd5f23ddc85 34
224027027771 0653fbd5f23ddc85 29
224027038211 0653fbd5f23ddc85 29
224027075518 0653fbd5f23ddc85 29
224027104931 0653fbd5f23ddc85 29
224027140789 0653fbd5f23ddc85 29
224027166760 0653fbd5f23ddc85 29
224027200739 0653fbd5f23ddc85 29
224027233134 0653fbd5f23ddc85 29
224027265329 0653fbd5f23ddc85 29
224027296894 0653fbd5f23ddc85 29
224027329409 0653fbd5f23ddc85 29
224027359207 0653fbd5f23ddc85 29
224027391894 0653fbd5f23ddc85 29
224027425576 0653fbd5f23ddc85 29
224027456417 0653fbd5f23ddc85 29
224027486821 0653fbd5f23ddc85 30
224027515920 0653fbd5f23ddc85 31
224027551504 0653fbd5f23ddc85 31
224027582195 0653fbd5f23ddc85 32
224027609147 0653fbd5f23ddc85 32
224027640966 0653fbd5f23ddc85 32
224027673329 0653fbd5f23ddc85 32
224027705678 0653fbd5f23ddc85 32
224027738530 0653fbd5f23ddc85 32
224027769594 0653fbd5f23ddc85 32
224027801602 0653fbd5f23ddc85 32
224027843030 0653fbd5f23ddc85 32
224027868591 0653fbd5f23ddc85 32
224027897832 0653fbd5f23ddc85 33
224027929896 0653fbd5f23ddc85 33
224027956958 0653fbd5f23ddc85 33
224027987866 0653fbd5f23ddc85 33
224028018664 0653fbd5f23ddc85 33
224028049758 0653fbd5f23ddc85 33
224028081718 0653fbd5f23ddc85 33
224028113553 0653fbd5f23ddc85 33
224028146321 0653fbd5f23ddc85 33
224028179407 0653fbd5f23ddc85 33
224028210203 0653fbd5f23ddc85 33
224028241786 0653fbd5f23ddc85 33
224028284802 0653fbd5f23ddc85 33
224028316447 0653fbd5f23ddc85 33
224028347358 0653fbd5f23ddc85 33
224028377946 0653fbd5f23ddc85 33
224028408514 0653fbd5f23ddc85 33
224028440030 0653fbd5f23ddc85 34
224028471197 0653fbd5f23ddc85 34
224028501413 0653fbd5f23ddc85 34
224028532244 0653fbd5f23ddc85 34
224028565251 0653fbd5f23ddc85 34
224028597481 0653fbd5f23ddc85 34
224028629467 0653fbd5f23ddc85 34
224028661142 0653fbd5f23ddc85 34
224028692265 0653fbd5f23ddc85 34
224028725602 0653fbd5f23ddc85 34
224028756355 0653fbd5f23ddc85 34
224028788446 0653fbd5f23ddc85 34
224028819639 0653fbd5f23ddc85 34
224028850279 0653fbd5f23ddc85 34
224028881596 0653fbd5f23ddc85 34
224028912109 0653fbd5f23ddc85 34
224028943469 0653fbd5f23ddc85 34
224028974447 0653fbd5f23ddc85 34
224029005063 0653fbd5f23ddc85 34
224029037594 0653fbd5f23ddc85 34
224029069057 0653fbd5f23ddc85 34
224029100780 0653fbd5f23ddc85 34
224029131530 0653fbd5f23ddc85 34
224029166631 0653fbd5f23ddc85 34
224029201329 0653fbd5f23ddc85 34
224029232536 0653fbd5f23ddc85 34
224029263420 0653fbd5f23ddc85 34
224029294389 0653fbd5f23ddc85 34
224029326287 0653fbd5f23ddc85 34
224029356081 0653fbd5f23ddc85 34
224029387499 0653fbd5f23ddc85 34
224029417799 0653fbd5f23ddc85 34
224029451348 0653fbd5f23ddc85 34
224029480731 0653fbd5f23ddc85 34
224029512836 0653fbd5f23ddc85 34
224029549808 0653fbd5f23ddc85 34
224029583591 0653fbd5f23ddc85 34
224029618154 0653fbd5f23ddc85 34
224029652681 0653fbd5f23ddc85 34
224029683394 0653fbd5f23ddc85 34
224029714659 0653fbd5f23ddc85 34
224029747513 0653fbd5f23ddc85 34
224029779129 0653fbd5f23ddc85 34
224029810104 0653fbd5f23ddc85 34
224029841369 0653fbd5f23ddc85 34
224029872032 0653fbd5f23ddc85 34
224029903514 0653fbd5f23ddc85 34
224029934251 0653fbd5f23ddc85 34
224029965229 0653fbd5f23ddc85 34
224029991382 0653fbd5f23ddc85 34
224030022821 0653fbd5f23ddc85 35
224030058220 0653fbd5f23ddc85 35
224030092982 0653fbd5f23ddc85 35
224030124289 0653fbd5f23ddc85 35
224030155071 0653fbd5f23ddc85 35
224030186659 0653fbd5f23ddc85 35
224030218857 0653fbd5f23ddc85 35
224030250326 0653fbd5f23ddc85 35
224030281878 0653fbd5f23ddc85 35
224030310048 0653fbd5f23ddc85 35
224030337731 0653fbd5f23ddc85 35
224030369384 0653fbd5f23ddc85 35
224030381805 0653fbd5f23ddc85 35
224030390875 0653fbd5f23ddc85 35
224030406364 0653fbd5f23ddc85 30
224030416942 0653fbd5f23ddc85 30
224030453142 0653fbd5f23ddc85 30
224030483731 0653fbd5f23ddc85 30
224030519015 0653fbd5f23ddc85 30
224030549119 0653fbd5f23ddc85 30
224030582669 0653fbd5f23ddc85 30
224030612402 0653fbd5f23ddc85 30
224030643601 0653fbd5f23ddc85 30
224030676571 0653fbd5f23ddc85 30
224030705155 0653fbd5f23ddc85 30
224030736893 0653fbd5f23ddc85 30
224030771419 0653fbd5f23ddc85 30
224030802078 0653fbd5f23ddc85 30
224030832715 0653fbd5f23ddc85 30
224030863859 0653fbd5f23ddc85 31
224030885520 0653fbd5f23ddc85 31
224030894605 0653fbd5f23ddc85 32
224030906831 0653fbd5f23ddc85 27
224030915379 0653fbd5f23ddc85 27
224030959489 0653fbd5f23ddc85 27
224030991277 0653fbd5f23ddc85 27
224031023836 0653fbd5f23ddc85 27
224031055923 0653fbd5f23ddc85 27
224031084187 0653fbd5f23ddc85 27
224031118033 0653fbd5f23ddc85 27
224031149798 0653fbd5f23ddc85 27
224031176707 0653fbd5f23ddc85 27
224031212112 0653fbd5f23ddc85 27
224031243621 0653fbd5f23ddc85 27
224031279616 0653fbd5f23ddc85 27
224031305748 0653fbd5f23ddc85 27
224031338773 0653fbd5f23ddc85 27
224031367922 0653fbd5f23ddc85 28
224031399763 0653fbd5f23ddc85 28
224031434148 0653fbd5f23ddc85 28
224031463922 0653fbd5f23ddc85 28
224031495890 0653fbd5f23ddc85 28
224031525030 0653fbd5f23ddc85 29
224031568087 0653fbd5f23ddc85 29
224031605794 0653fbd5f23ddc85 29
224031633643 0653fbd5f23ddc85 29
224031665042 0653fbd5f23ddc85 29
224031697050 0653fbd5f23ddc85 29
224031732433 0653fbd5f23ddc85 29
224031758683 0653fbd5f23ddc85 29
224031791730 0653fbd5f23ddc85 29
224031823416 0653fbd5f23ddc85 29
224031854670 0653fbd5f23ddc85 29
224031886312 0653fbd5f23ddc85 29
224031920214 0653fbd5f23ddc85 29
224031951709 0653fbd5f23ddc85 29
224031980683 0653fbd5f23ddc85 29
224032008025 0653fbd5f23ddc85 29
224032042574 0653fbd5f23ddc85 29
224032074028 0653fbd5f23ddc85 29
224032105403 0653fbd5f23ddc85 29
224032138099 0653fbd5f23ddc85 29
224032174264 0653fbd5f23ddc85 29
224032201283 0653fbd5f23ddc85 29
224032232988 0653fbd5f23ddc85 29
224032264104 0653fbd5f23ddc85 29
224032294553 0653fbd5f23ddc85 29
224032321185 0653fbd5f23ddc85 29
224032352094 0653fbd5f23ddc85 29
224032391228 0653fbd5f23ddc85 29
224032420859 0653fbd5f23ddc85 29
224032448344 0653fbd5f23ddc85 29
224032482379 0653fbd5f23ddc85 29
224032515515 0653fbd5f23ddc85 29
224032546002 0653fbd5f23ddc85 30
224032577779 0653fbd5f23ddc85 30
224032614781 0653fbd5f23ddc85 30
224032637615 0653fbd5f23ddc85 30
224032649132 0653fbd5f23ddc85 30
224032660419 0653fbd5f23ddc85 25
224032670017 0653fbd5f23ddc85 25
224032705159 0653fbd5f23ddc85 25
224032734848 0653fbd5f23ddc85 25
224032761675 0653fbd5f23ddc85 25
224032793803 0653fbd5f23ddc85 25
224032831030 0653fbd5f23ddc85 25
224032860513 0653fbd5f23ddc85 25
224032888298 0653fbd5f23ddc85 25
224032922326 0653fbd5f23ddc85 25
224032956096 0653fbd5f23ddc85 25
224032987338 0653fbd5f23ddc85 25
224033019101 0653fbd5f23ddc85 25
224033055250 0653fbd5f23ddc85 25
224033089537 0653fbd5f23ddc85 26
224033145541 0653fbd5f23ddc85 27
224033175649 0653fbd5f23ddc85 28
224033201742 0653fbd5f23ddc85 28
224033233960 0653fbd5f23ddc85 28
224033271022 0653fbd5f23ddc85 28
224033329505 0653fbd5f23ddc85 28
224033363380 0653fbd5f23ddc85 28
224033396059 0653fbd5f23ddc85 28
224033427076 0653fbd5f23ddc85 28
224033462015 0653fbd5f23ddc85 28
224033496081 0653fbd5f23ddc85 29
224033529377 0653fbd5f23ddc85 29
224033565986 0653fbd5f23ddc85 29
224033598300 0653fbd5f23ddc85 29
224033632983 0653fbd5f23ddc85 29
224033675624 0653fbd5f23ddc85 29
224033709074 0653fbd5f23ddc85 29
224033770695 0653fbd5f23ddc85 29
224033805225 0653fbd5f23ddc85 29
224033838124 0653fbd5f23ddc85 29
224033868398 0653fbd5f23ddc85 29
224033901720 0653fbd5f23ddc85 29
224033936946 0653fbd5f23ddc85 29
224033969981 0653fbd5f23ddc85 29
224034002487 0653fbd5f23ddc85 29
224034038862 0653fbd5f23ddc85 29
224034076090 0653fbd5f23ddc85 30
224034116416 0653fbd5f23ddc85 30
224034143123 0653fbd5f23ddc85 30
224034149489 0653fbd5f23ddc85 30
224034185749 0653fbd5f23ddc85 30
224034198230 0653fbd5f23ddc85 25
224034208779 0653fbd5f23ddc85 25
224034246197 0653fbd5f23ddc85 25
224034279384 0653fbd5f23ddc85 25
224034309127 0653fbd5f23ddc85 25
224034336970 0653fbd5f23ddc85 25
224034367966 0653fbd5f23ddc85 25
224034400892 0653fbd5f23ddc85 25
224034436036 0653fbd5f23ddc85 25
224034464278 0653fbd5f23ddc85 25
224034491429 0653fbd5f23ddc85 25
224034520118 0653fbd5f23ddc85 25
224034555128 0653fbd5f23ddc85 25
224034581864 0653fbd5f23ddc85 25
224034624750 0653fbd5f23ddc85 26
224034685005 0653fbd5f23ddc85 27
224034720080 0653fbd5f23ddc85 27
224034747636 0653fbd5f23ddc85 28
224034775531 0653fbd5f23ddc85 28
224034806579 0653fbd5f23ddc85 28
224034841911 0653fbd5f23ddc85 28
224034874722 0653fbd5f23ddc85 28
224034910439 0653fbd5f23ddc85 28
224034948398 0653fbd5f23ddc85 28
224034974276 0653fbd5f23ddc85 28
224035020920 0653fbd5f23ddc85 28
224035063883 0653fbd5f23ddc85 29
224035098289 0653fbd5f23ddc85 29
224035124863 0653fbd5f23ddc85 29
224035159127 0653fbd5f23ddc85 29
224035187456 0653fbd5f23ddc85 29
224035214356 0653fbd5f23ddc85 29
224035245009 0653fbd5f23ddc85 29
224035278970 0653fbd5f23ddc85 29
224035313193 0653fbd5f23ddc85 29
224035349204 0653fbd5f23ddc85 29
224035387631 0653fbd5f23ddc85 29
224035414022 0653fbd5f23ddc85 29
224035459845 0653fbd5f23ddc85 29
224035502592 0653fbd5f23ddc85 29
224035536939 0653fbd5f23ddc85 29
224035565062 0653fbd5f23ddc85 29
224035595832 0653fbd5f23ddc85 29
224035626815 0653fbd5f23ddc85 29
224035658057 0653fbd5f23ddc85 29
224035684279 0653fbd5f23ddc85 29
224035718199 0653fbd5f23ddc85 29
224035751746 0653fbd5f23ddc85 29
224035789355 0653fbd5f23ddc85 29
224035817948 0653fbd5f23ddc85 29
224035829058 0653fbd5f23ddc85 29
224035840309 0653fbd5f23ddc85 25
224035849886 0653fbd5f23ddc85 25
224035907957 0653fbd5f23ddc85 25
224035942523 0653fbd5f23ddc85 25
224035977131 0653fbd5f23ddc85 25
224036006054 0653fbd5f23ddc85 25
224036038225 0653fbd5f23ddc85 25
224036068311 0653fbd5f23ddc85 25
224036099084 0653fbd5f23ddc85 25
224036125232 0653fbd5f23ddc85 25
224036157951 0653fbd5f23ddc85 25
224036199099 0653fbd5f23ddc85 25
224036232053 0653fbd5f23ddc85 25
224036268359 0653fbd5f23ddc85 25
224036298873 0653fbd5f23ddc85 26
224036351958 0653fbd5f23ddc85 27
224036375353 0653fbd5f23ddc85 27
224036425199 0653fbd5f23ddc85 28
224036479678 0653fbd5f23ddc85 28
224036500162 0653fbd5f23ddc85 28
224036515775 0653fbd5f23ddc85 28
224036525823 0653fbd5f23ddc85 24
224036542288 0653fbd5f23ddc85 24
224036577112 0653fbd5f23ddc85 24
224036648333 0653fbd5f23ddc85 24
224036680851 0653fbd5f23ddc85 24
224036716317 0653fbd5f23ddc85 24
224036748074 0653fbd5f23ddc85 24
224036791434 0653fbd5f23ddc85 24
224036821947 0653fbd5f23ddc85 24
224036853338 0653fbd5f23ddc85 24
224036884232 0653fbd5f23ddc85 24
224036925070 0653fbd5f23ddc85 24
224036959129 0653fbd5f23ddc85 24
224036990397 0653fbd5f23ddc85 25
224037019846 0653fbd5f23ddc85 25
224037052317 0653fbd5f23ddc85 25
224037091958 0653fbd5f23ddc85 25
224037120476 0653fbd5f23ddc85 25
224037155816 0653fbd5f23ddc85 25
224037190726 0653fbd5f23ddc85 25
224037231030 0653fbd5f23ddc85 25
224037259372 0653fbd5f23ddc85 25
224037289475 0653fbd5f23ddc85 25
224037323655 0653fbd5f23ddc85 25
224037364235 0653fbd5f23ddc85 25
224037394791 0653fbd5f23ddc85 25
224037425444 0653fbd5f23ddc85 26
224037456359 0653fbd5f23ddc85 26
224037493580 0653fbd5f23ddc85 26
224037536518 0653fbd5f23ddc85 26
224037568303 0653fbd5f23ddc85 26
224037606437 0653fbd5f23ddc85 26
224037640228 0653fbd5f23ddc85 26
224037669489 0653fbd5f23ddc85 26
224037703225 0653fbd5f23ddc85 26
224037730309 0653fbd5f23ddc85 26
224037759815 0653fbd5f23ddc85 26
224037801042 0653fbd5f23ddc85 26
224037833392 0653fbd5f23ddc85 26
224037867875 0653fbd5f23ddc85 26
224037895129 0653fbd5f23ddc85 26
224037928981 0653fbd5f23ddc85 26
224037973778 0653fbd5f23ddc85 26
224038010246 0653fbd5f23ddc85 26
224038043373 0653fbd5f23ddc85 27
224038075283 0653fbd5f23ddc85 27
224038117349 0653fbd5f23ddc85 27
224038140774 0653fbd5f23ddc85 27
224038175447 0653fbd5f23ddc85 27
224038200832 0653fbd5f23ddc85 27
224038239832 0653fbd5f23ddc85 27
224038269997 0653fbd5f23ddc85 27
224038301131 0653fbd5f23ddc85 27
224038333391 0653fbd5f23ddc85 27
224038363600 0653fbd5f23ddc85 27
224038410659 0653fbd5f23ddc85 27
224038438738 0653fbd5f23ddc85 27
224038480134 0653fbd5f23ddc85 27
224038511286 0653fbd5f23ddc85 28
224038542501 0653fbd5f23ddc85 28
224038571384 0653fbd5f23ddc85 28
224038611398 0653fbd5f23ddc85 28
224038642121 0653fbd5f23ddc85 28
224038680216 0653fbd5f23ddc85 28
224038713959 0653fbd5f23ddc85 28
224038746295 0653fbd5f23ddc85 28
224038779798 0653fbd5f23ddc85 28
224038815727 0653fbd5f23ddc85 28
224038851681 0653fbd5f23ddc85 28
224038880606 0653fbd5f23ddc85 28
224038920477 0653fbd5f23ddc85 28
224038953968 0653fbd5f23ddc85 29
224038984358 0653fbd5f23ddc85 29
224039011896 0653fbd5f23ddc85 29
224039051352 0653fbd5f23ddc85 29
224039077923 0653fbd5f23ddc85 29
224039120036 0653fbd5f23ddc85 29
224039153859 0653fbd5f23ddc85 29
224039188166 0653fbd5f23ddc85 29
224039220258 0653fbd5f23ddc85 29
224039255348 0653fbd5f23ddc85 29
224039293358 0653fbd5f23ddc85 29
224039320576 0653fbd5f23ddc85 29
224039360309 0653fbd5f23ddc85 29
224039395391 0653fbd5f23ddc85 29
224039428851 0653fbd5f23ddc85 30
224039464329 0653fbd5f23ddc85 30
224039492881 0653fbd5f23ddc85 30
224039519136 0653fbd5f23ddc85 30
224039560073 0653fbd5f23ddc85 30
224039598281 0653fbd5f23ddc85 30
224039628026 0653fbd5f23ddc85 30
224039660183 0653fbd5f23ddc85 30
224039695284 0653fbd5f23ddc85 30
224039732491 0653fbd5f23ddc85 30
224039759685 0653fbd5f23ddc85 30
224039799540 0653fbd5f23ddc85 30
224039834779 0653fbd5f23ddc85 30
224039866855 0653fbd5f23ddc85 30
224039897327 0653fbd5f23ddc85 31
224039933891 0653fbd5f23ddc85 31
224039971379 0653fbd5f23ddc85 31
224040000015 0653fbd5f23ddc85 31
224040038525 0653fbd5f23ddc85 31
224040070694 0653fbd5f23ddc85 31
224040101648 0653fbd5f23ddc85 31
224040135468 0653fbd5f23ddc85 31
224040172466 0653fbd5f23ddc85 31
224040199640 0653fbd5f23ddc85 31
224040238641 0653fbd5f23ddc85 31
224040271024 0653fbd5f23ddc85 31
224040301593 0653fbd5f23ddc85 31
224040332824 0653fbd5f23ddc85 32
224040363892 0653fbd5f23ddc85 32
224040395437 0653fbd5f23ddc85 32
224040422319 0653fbd5f23ddc85 32
224040450578 0653fbd5f23ddc85 32
224040477765 0653fbd5f23ddc85 32
224040512106 0653fbd5f23ddc85 33
224040543179 0653fbd5f23ddc85 33
224040575232 0653fbd5f23ddc85 33
224040611942 0653fbd5f23ddc85 34
224040638906 0653fbd5f23ddc85 34
224040677970 0653fbd5f23ddc85 34
224040710865 0653fbd5f23ddc85 34
224040741672 0653fbd5f23ddc85 35
224040757903 0653fbd5f23ddc85 35
224040768390 0653fbd5f23ddc85 35
224040779274 0653fbd5f23ddc85 30
224040788833 0653fbd5f23ddc85 30
224040823971 0653fbd5f23ddc85 30
224040862030 0653fbd5f23ddc85 30
224040896666 0653fbd5f23ddc85 30
224040927866 0653fbd5f23ddc85 30
224040961889 0653fbd5f23ddc85 30
224040994338 0653fbd5f23ddc85 30
224041024917 0653fbd5f23ddc85 30
224041036919 0653fbd5f23ddc85 30
224041054176 0653fbd5f23ddc85 30
224041064203 0653fbd5f23ddc85 30
224041075034 0653fbd5f23ddc85 30
224041110584 0653fbd5f23ddc85 30
224041141657 0653fbd5f23ddc85 30
224041174906 0653fbd5f23ddc85 30
224041205405 0653fbd5f23ddc85 30
224041236086 0653fbd5f23ddc85 31
224041265924 0653fbd5f23ddc85 32
224041301471 0653fbd5f23ddc85 32
224041337581 0653fbd5f23ddc85 32
224041369256 0653fbd5f23ddc85 33
224041401924 0653fbd5f23ddc85 33
224041434431 0653fbd5f23ddc85 33
224041467783 0653fbd5f23ddc85 33
224041500700 0653fbd5f23ddc85 33
224041551119 0653fbd5f23ddc85 33
224041583720 0653fbd5f23ddc85 33
224041618053 0653fbd5f23ddc85 33
224041624261 0653fbd5f23ddc85 33
224041636244 0653fbd5f23ddc85 34
224041644276 0653fbd5f23ddc85 28
224041654118 0653fbd5f23ddc85 28
224041689842 0653fbd5f23ddc85 28
224041721406 0653fbd5f23ddc85 28
224041751912 0653fbd5f23ddc85 28
224041782446 0653fbd5f23ddc85 28
224041814161 0653fbd5f23ddc85 28
224041844912 0653fbd5f23ddc85 28
224041875061 0653fbd5f23ddc85 28
224041907944 0653fbd5f23ddc85 28
224041939695 0653fbd5f23ddc85 28
224041971622 0653fbd5f23ddc85 28
224042002646 0653fbd5f23ddc85 28
224042034828 0653fbd5f23ddc85 28
224042061132 0653fbd5f23ddc85 28
224042092618 0653fbd5f23ddc85 29
224042131040 0653fbd5f23ddc85 30
224042165221 0653fbd5f23ddc85 30
224042192248 0653fbd5f23ddc85 30
224042224763 0653fbd5f23ddc85 30
224042258463 0653fbd5f23ddc85 30
224042287799 0653fbd5f23ddc85 30
224042315564 0653fbd5f23ddc85 30
224042348255 0653fbd5f23ddc85 30
224042379976 0653fbd5f23ddc85 30
224042386647 0653fbd5f23ddc85 30
224042418518 0653fbd5f23ddc85 30
224042431404 0653fbd5f23ddc85 26
224042441355 0653fbd5f23ddc85 26
224042476395 0653fbd5f23ddc85 26
224042513583 0653fbd5f23ddc85 26
224042544235 0653fbd5f23ddc85 26
224042573021 0653fbd5f23ddc85 26
224042607614 0653fbd5f23ddc85 26
224042637988 0653fbd5f23ddc85 26
224042668296 0653fbd5f23ddc85 26
224042698838 0653fbd5f23ddc85 26
224042727587 0653fbd5f23ddc85 26
224042755067 0653fbd5f23ddc85 26
224042787273 0653fbd5f23ddc85 26
224042821757 0653fbd5f23ddc85 26
224042853546 0653fbd5f23ddc85 26
224042884889 0653fbd5f23ddc85 27
224042916026 0653fbd5f23ddc85 28
224042953279 0653fbd5f23ddc85 28
224042983790 0653fbd5f23ddc85 28
224043013071 0653fbd5f23ddc85 28
224043047910 0653fbd5f23ddc85 29
224043082629 0653fbd5f23ddc85 29
224043109342 0653fbd5f23ddc85 29
224043143180 0653fbd5f23ddc85 29
224043170669 0653fbd5f23ddc85 29
224043207259 0653fbd5f23ddc85 29
224043264161 0653fbd5f23ddc85 29
224043298323 0653fbd5f23ddc85 29
224043331993 0653fbd5f23ddc85 29
224043367692 0653fbd5f23ddc85 29
224043399407 0653fbd5f23ddc85 30
224043431184 0653fbd5f23ddc85 30
224043465892 0653fbd5f23ddc85 30
224043500572 0653fbd5f23ddc85 30
224043534635 0653fbd5f23ddc85 30
224043569903 0653fbd5f23ddc85 30
224043611215 0653fbd5f23ddc85 30
224043647358 0653fbd5f23ddc85 30
224043706452 0653fbd5f23ddc85 30
224043740706 0653fbd5f23ddc85 30
224043772217 0653fbd5f23ddc85 30
224043807215 0653fbd5f23ddc85 30
224043838606 0653fbd5f23ddc85 30
224043864584 0653fbd5f23ddc85 30
224043895521 0653fbd5f23ddc85 30
224043926588 0653fbd5f23ddc85 30
224043952903 0653fbd5f23ddc85 30
224043986328 0653fbd5f23ddc85 30
224044022304 0653fbd5f23ddc85 30
224044051078 0653fbd5f23ddc85 30
224044087163 0653fbd5f23ddc85 30
224044146911 0653fbd5f23ddc85 30
224044181952 0653fbd5f23ddc85 30
224044215535 0653fbd5f23ddc85 30
224044247969 0653fbd5f23ddc85 30
224044279034 0653fbd5f23ddc85 30
224044304357 0653fbd5f23ddc85 30
224044337254 0653fbd5f23ddc85 30
224044367656 0653fbd5f23ddc85 30
224044393597 0653fbd5f23ddc85 30
224044427166 0653fbd5f23ddc85 30
224044464330 0653fbd5f23ddc85 30
224044491862 0653fbd5f23ddc85 30
224044527850 0653fbd5f23ddc85 30
224044587858 0653fbd5f23ddc85 30
224044620153 0653fbd5f23ddc85 30
224044651188 0653fbd5f23ddc85 30
224044681329 0653fbd5f23ddc85 30
224044712674 0653fbd5f23ddc85 30
224044744035 0653fbd5f23ddc85 30
224044777456 0653fbd5f23ddc85 30
224044810587 0653fbd5f23ddc85 30
224044844679 0653fbd5f23ddc85 30
224044879469 0653fbd5f23ddc85 30
224044905477 0653fbd5f23ddc85 30
224044932937 0653fbd5f23ddc85 31
224044969345 0653fbd5f23ddc85 31
224045028862 0653fbd5f23ddc85 31
224045054547 0653fbd5f23ddc85 31
224045085280 0653fbd5f23ddc85 31
224045116215 0653fbd5f23ddc85 31
224045148136 0653fbd5f23ddc85 31
224045178115 0653fbd5f23ddc85 31
224045209464 0653fbd5f23ddc85 31
224045239716 0653fbd5f23ddc85 31
224045273233 0653fbd5f23ddc85 31
224045306725 0653fbd5f23ddc85 31
224045346563 0653fbd5f23ddc85 31
224045373577 0653fbd5f23ddc85 32
224045410289 0653fbd5f23ddc85 32
224045470086 0653fbd5f23ddc85 32
224045496090 0653fbd5f23ddc85 32
224045528085 0653fbd5f23ddc85 32
224045558277 0653fbd5f23ddc85 32
224045589183 0653fbd5f23ddc85 32
224045620408 0653fbd5f23ddc85 32
224045652445 0653fbd5f23ddc85 32
224045684028 0653fbd5f23ddc85 32
224045713561 0653fbd5f23ddc85 32
224045744706 0653fbd5f23ddc85 32
224045775201 0653fbd5f23ddc85 32
224045813219 0653fbd5f23ddc85 32
224045850738 0653fbd5f23ddc85 33
224045910462 0653fbd5f23ddc85 33
224045937540 0653fbd5f23ddc85 33
224045968156 0653fbd5f23ddc85 33
224045998705 0653fbd5f23ddc85 33
224046030044 0653fbd5f23ddc85 33
224046060544 0653fbd5f23ddc85 33
224046092153 0653fbd5f23ddc85 33
224046123858 0653fbd5f23ddc85 33
224046155156 0653fbd5f23ddc85 33
224046186073 0653fbd5f23ddc85 33
224046217695 0653fbd5f23ddc85 33
224046247428 0653fbd5f23ddc85 33
224046279428 0653fbd5f23ddc85 34
224046311950 0653fbd5f23ddc85 34
224046350841 0653fbd5f23ddc85 34
224046380144 0653fbd5f23ddc85 34
224046409847 0653fbd5f23ddc85 34
224046442839 0653fbd5f23ddc85 34
224046473048 0653fbd5f23ddc85 34
224046504509 0653fbd5f23ddc85 34
224046534788 0653fbd5f23ddc85 34
224046565927 0653fbd5f23ddc85 34
224046596733 0653fbd5f23ddc85 34
224046627936 0653fbd5f23ddc85 34
224046658594 0653fbd5f23ddc85 34
224046689273 0653fbd5f23ddc85 34
224046721290 0653fbd5f23ddc85 34
224046752187 0653fbd5f23ddc85 34
224046778758 0653fbd5f23ddc85 35
224046822068 0653fbd5f23ddc85 35
224046852487 0653fbd5f23ddc85 35
224046884026 0653fbd5f23ddc85 35
224046915770 0653fbd5f23ddc85 35
224046946685 0653fbd5f23ddc85 35
224046977464 0653fbd5f23ddc85 35
224047008590 0653fbd5f23ddc85 35
224047039981 0653fbd5f23ddc85 36
224047071040 0653fbd5f23ddc85 36
224047101836 0653fbd5f23ddc85 36
224047132273 0653fbd5f23ddc85 36
224047164296 0653fbd5f23ddc85 36
224047195522 0653fbd5f23ddc85 37
224047226221 0653fbd5f23ddc85 37
224047263210 0653fbd5f23ddc85 37
224047295901 0653fbd5f23ddc85 37
224047325997 0653fbd5f23ddc85 38
224047357412 0653fbd5f23ddc85 38
224047388099 0653fbd5f23ddc85 38
224047419334 0653fbd5f23ddc85 38
224047449666 0653fbd5f23ddc85 39
224047480745 0653fbd5f23ddc85 39
224047512316 0653fbd5f23ddc85 39
224047544102 0653fbd5f23ddc85 40
224047575793 0653fbd5f23ddc85 40
224047605434 0653fbd5f23ddc85 40
224047636336 0653fbd5f23ddc85 41
224047667788 0653fbd5f23ddc85 41
224047697906 0653fbd5f23ddc85 41
224047729847 0653fbd5f23ddc85 42
224047759936 0653fbd5f23ddc85 42
224047791410 0653fbd5f23ddc85 42
224047821896 0653fbd5f23ddc85 43
224047853255 0653fbd5f23ddc85 43
224047885178 0653fbd5f23ddc85 43
224047914620 0653fbd5f23ddc85 44
224047945915 0653fbd5f23ddc85 44
224047976584 0653fbd5f23ddc85 44
224048008827 0653fbd5f23ddc85 45
224048040363 0653fbd5f23ddc85 45
224048070539 0653fbd5f23ddc85 46
224048101670 0653fbd5f23ddc85 46
224048132801 0653fbd5f23ddc85 47
224048164635 0653fbd5f23ddc85 47
224048194290 0653fbd5f23ddc85 47
224048224477 0653fbd5f23ddc85 48
224048255871 0653fbd5f23ddc85 48
224048287295 0653fbd5f23ddc85 49
224048318450 0653fbd5f23ddc85 49
224048349287 0653fbd5f23ddc85 50
224048380402 0653fbd5f23ddc85 50
224048411257 0653fbd5f23ddc85 51
224048442616 0653fbd5f23ddc85 51
224048473288 0653fbd5f23ddc85 52
224048503927 0653fbd5f23ddc85 52
224048534702 0653fbd5f23ddc85 53
224048565988 0653fbd5f23ddc85 53
224048596502 0653fbd5f23ddc85 54
224048614420 0653fbd5f23ddc85 54
224048623244 0653fbd5f23ddc85 55
224048634438 0653fbd5f23ddc85 46
224048644820 0653fbd5f23ddc85 46
224048679339 0653fbd5f23ddc85 46
224048710856 0653fbd5f23ddc85 46
224048742055 0653fbd5f23ddc85 46
224048772569 0653fbd5f23ddc85 46
224048803582 0653fbd5f23ddc85 46
224048835911 0653fbd5f23ddc85 46
224048867760 0653fbd5f23ddc85 46
224048896439 0653fbd5f23ddc85 46
224048902179 0653fbd5f23ddc85 46
224048911953 0653fbd5f23ddc85 46
224048923281 0653fbd5f23ddc85 46
224048934176 0653fbd5f23ddc85 46
224048969584 0653fbd5f23ddc85 46
224049000637 0653fbd5f23ddc85 46
224049031532 0653fbd5f23ddc85 46
224049061982 0653fbd5f23ddc85 46
224049093037 0653fbd5f23ddc85 46
224049123925 0653fbd5f23ddc85 46
224049155061 0653fbd5f23ddc85 46
224049185735 0653fbd5f23ddc85 46
224049216598 0653fbd5f23ddc85 46
224049247920 0653fbd5f23ddc85 46
224049279473 0653fbd5f23ddc85 47
224049311790 0653fbd5f23ddc85 48
224049341257 0653fbd5f23ddc85 49
224049372757 0653fbd5f23ddc85 50
224049404917 0653fbd5f23ddc85 50
224049433811 0653fbd5f23ddc85 50
224049465070 0653fbd5f23ddc85 51
224049496575 0653fbd5f23ddc85 51
224049528012 0653fbd5f23ddc85 51
224049560991 0653fbd5f23ddc85 51
224049589237 0653fbd5f23ddc85 51
224049620978 0653fbd5f23ddc85 51
224049651838 0653fbd5f23ddc85 52
224049682300 0653fbd5f23ddc85 52
224049713313 0653fbd5f23ddc85 52
224049744882 0653fbd5f23ddc85 52
224049776144 0653fbd5f23ddc85 52
224049806526 0653fbd5f23ddc85 52
224049834085 0653fbd5f23ddc85 52
224049843941 0653fbd5f23ddc85 52
224049854421 0653fbd5f23ddc85 44
224049864030 0653fbd5f23ddc85 44
224049899870 0653fbd5f23ddc85 44
224049931761 0653fbd5f23ddc85 44
224049947913 0653fbd5f23ddc85 44
224049957946 0653fbd5f23ddc85 44
224049967856 0653fbd5f23ddc85 44
224049980396 0653fbd5f23ddc85 44
224050016910 0653fbd5f23ddc85 44
224050044510 0653fbd5f23ddc85 44
224050075706 0653fbd5f23ddc85 44
224050106745 0653fbd5f23ddc85 44
224050138581 0653fbd5f23ddc85 44
224050168925 0653fbd5f23ddc85 44
224050200032 0653fbd5f23ddc85 44
224050232159 0653fbd5f23ddc85 44
224050261752 0653fbd5f23ddc85 44
224050277939 0653fbd5f23ddc85 44
224050288228 0653fbd5f23ddc85 44
224050299192 0653fbd5f23ddc85 44
224050308489 0653fbd5f23ddc85 44
224050344003 0653fbd5f23ddc85 44
224050360305 0653fbd5f23ddc85 44
224050370064 0653fbd5f23ddc85 44
224050380774 0653fbd5f23ddc85 44
224050391303 0653fbd5f23ddc85 44
224050426918 0653fbd5f23ddc85 44
224050457982 0653fbd5f23ddc85 45
224050489932 0653fbd5f23ddc85 46
224050519394 0653fbd5f23ddc85 46
224050550766 0653fbd5f23ddc85 47
224050581474 0653fbd5f23ddc85 47
224050612186 0653fbd5f23ddc85 47
224050643768 0653fbd5f23ddc85 47
224050674755 0653fbd5f23ddc85 47
224050706252 0653fbd5f23ddc85 47
224050737059 0653fbd5f23ddc85 47
224050768358 0653fbd5f23ddc85 47
224050800056 0653fbd5f23ddc85 47
224050829936 0653fbd5f23ddc85 47
224050860692 0653fbd5f23ddc85 47
224050891457 0653fbd5f23ddc85 47
224050923320 0653fbd5f23ddc85 48
224050953580 0653fbd5f23ddc85 48
224050984428 0653fbd5f23ddc85 48
224051016243 0653fbd5f23ddc85 48
224051047114 0653fbd5f23ddc85 48
224051079723 0653fbd5f23ddc85 48
224051109030 0653fbd5f23ddc85 48
224051139929 0653fbd5f23ddc85 48
224051171806 0653fbd5f23ddc85 48
224051202416 0653fbd5f23ddc85 48
224051233204 0653fbd5f23ddc85 48
224051263972 0653fbd5f23ddc85 48
224051295217 0653fbd5f23ddc85 48
224051326322 0653fbd5f23ddc85 48
224051357326 0653fbd5f23ddc85 48
224051387667 0653fbd5f23ddc85 48
224051418923 0653fbd5f23ddc85 48
224051449393 0653fbd5f23ddc85 48
224051465866 0653fbd5f23ddc85 48
224051478111 0653fbd5f23ddc85 48
224051486748 0653fbd5f23ddc85 41
224051496068 0653fbd5f23ddc85 41
224051531963 0653fbd5f23ddc85 41
224051563869 0653fbd5f23ddc85 41
224051594736 0653fbd5f23ddc85 41
224051625841 0653fbd5f23ddc85 41
224051657102 0653fbd5f23ddc85 41
224051688589 0653fbd5f23ddc85 41
224051719234 0653fbd5f23ddc85 41
224051754044 0653fbd5f23ddc85 41
224051780502 0653fbd5f23ddc85 41
224051811586 0653fbd5f23ddc85 41
224051842681 0653fbd5f23ddc85 41
224051873514 0653fbd5f23ddc85 41
224051904321 0653fbd5f23ddc85 41
224051934913 0653fbd5f23ddc85 41
224051966182 0653fbd5f23ddc85 41
224051997461 0653fbd5f23ddc85 41
224052035231 0653fbd5f23ddc85 41
224052061243 0653fbd5f23ddc85 41
224052091058 0653fbd5f23ddc85 43
224052122605 0653fbd5f23ddc85 44
224052153574 0653fbd5f23ddc85 44
224052186694 0653fbd5f23ddc85 45
224052215730 0653fbd5f23ddc85 45
224052245790 0653fbd5f23ddc85 45
224052276535 0653fbd5f23ddc85 45
224052302631 0653fbd5f23ddc85 45
224052313687 0653fbd5f23ddc85 45
224052324197 0653fbd5f23ddc85 38
224052335760 0653fbd5f23ddc85 38
224052370726 0653fbd5f23ddc85 38
224052401399 0653fbd5f23ddc85 38
224052407732 0653fbd5f23ddc85 38
224052418225 0653fbd5f23ddc85 38
224052427864 0653fbd5f23ddc85 38
224052439435 0653fbd5f23ddc85 38
224052475313 0653fbd5f23ddc85 38
224052504972 0653fbd5f23ddc85 38
224052536367 0653fbd5f23ddc85 38
224052567641 0653fbd5f23ddc85 38
224052597399 0653fbd5f23ddc85 38
224052628552 0653fbd5f23ddc85 38
224052659695 0653fbd5f23ddc85 38
224052687399 0653fbd5f23ddc85 38
224052697171 0653fbd5f23ddc85 38
224052707466 0653fbd5f23ddc85 38
224052718495 0653fbd5f23ddc85 38
224052752305 0653fbd5f23ddc85 38
224052784607 0653fbd5f23ddc85 38
224052814693 0653fbd5f23ddc85 38
224052846052 0653fbd5f23ddc85 39
224052878909 0653fbd5f23ddc85 40
224052910150 0653fbd5f23ddc85 40
224052938442 0653fbd5f23ddc85 40
224052969703 0653fbd5f23ddc85 40
224053001128 0653fbd5f23ddc85 40
224053031564 0653fbd5f23ddc85 41
224053061893 0653fbd5f23ddc85 41
224053094459 0653fbd5f23ddc85 41
224053126428 0653fbd5f23ddc85 41
224053156654 0653fbd5f23ddc85 41
224053188370 0653fbd5f23ddc85 41
224053218170 0653fbd5f23ddc85 41
224053249287 0653fbd5f23ddc85 41
224053280195 0653fbd5f23ddc85 41
224053310934 0653fbd5f23ddc85 41
224053342515 0653fbd5f23ddc85 41
224053372961 0653fbd5f23ddc85 41
224053403848 0653fbd5f23ddc85 41
224053434478 0653fbd5f23ddc85 41
224053466181 0653fbd5f23ddc85 41
224053497383 0653fbd5f23ddc85 41
224053528122 0653fbd5f23ddc85 41
224053558573 0653fbd5f23ddc85 41
224053590347 0653fbd5f23ddc85 41
224053623604 0653fbd5f23ddc85 41
224053655846 0653fbd5f23ddc85 41
224053683206 0653fbd5f23ddc85 42
224053713632 0653fbd5f23ddc85 42
224053744491 0653fbd5f23ddc85 42
224053775639 0653fbd5f23ddc85 42
224053806769 0653fbd5f23ddc85 42
224053812291 0653fbd5f23ddc85 42
224053823268 0653fbd5f23ddc85 42
224053836394 0653fbd5f23ddc85 35
224053844882 0653fbd5f23ddc85 35
224053865120 0653fbd5f23ddc85 35
224053874438 0653fbd5f23ddc85 35
224053884251 0653fbd5f23ddc85 35
224053894597 0653fbd5f23ddc85 35
224053931511 0653fbd5f23ddc85 35
224053962752 0653fbd5f23ddc85 35
224053993284 0653fbd5f23ddc85 35
224054024576 0653fbd5f23ddc85 35
224054055232 0653fbd5f23ddc85 35
224054085393 0653fbd5f23ddc85 35
224054117479 0653fbd5f23ddc85 35
224054147635 0653fbd5f23ddc85 35
224054178873 0653fbd5f23ddc85 35
224054209317 0653fbd5f23ddc85 35
224054241232 0653fbd5f23ddc85 35
224054278712 0653fbd5f23ddc85 35
224054312304 0653fbd5f23ddc85 35
224054343354 0653fbd5f23ddc85 37
224054375702 0653fbd5f23ddc85 38
224054405773 0653fbd5f23ddc85 38
224054437584 0653fbd5f23ddc85 38
224054469834 0653fbd5f23ddc85 39
224054500600 0653fbd5f23ddc85 39
224054530470 0653fbd5f23ddc85 39
224054560854 0653fbd5f23ddc85 39
224054592968 0653fbd5f23ddc85 39
224054623524 0653fbd5f23ddc85 39
224054655261 0653fbd5f23ddc85 39
224054681892 0653fbd5f23ddc85 39
224054704205 0653fbd5f23ddc85 40
224054713978 0653fbd5f23ddc85 40
224054724203 0653fbd5f23ddc85 34
224054735473 0653fbd5f23ddc85 34
224054770880 0653fbd5f23ddc85 34
224054801829 0653fbd5f23ddc85 34
224054833126 0653fbd5f23ddc85 34
224054863861 0653fbd5f23ddc85 34
224054894508 0653fbd5f23ddc85 34
224054925673 0653fbd5f23ddc85 34
224054956287 0653fbd5f23ddc85 34
224054988459 0653fbd5f23ddc85 34
224055019605 0653fbd5f23ddc85 34
224055049336 0653fbd5f23ddc85 34
224055080385 0653fbd5f23ddc85 34
224055112034 0653fbd5f23ddc85 34
224055141714 0653fbd5f23ddc85 34
224055173393 0653fbd5f23ddc85 34
224055205708 0653fbd5f23ddc85 34
224055236727 0653fbd5f23ddc85 35
224055269218 0653fbd5f23ddc85 35
224055298178 0653fbd5f23ddc85 35
224055331436 0653fbd5f23ddc85 35
224055360346 0653fbd5f23ddc85 35
224055391558 0653fbd5f23ddc85 35
224055422449 0653fbd5f23ddc85 35
224055460644 0653fbd5f23ddc85 35
224055491605 0653fbd5f23ddc85 35
224055522888 0653fbd5f23ddc85 35
224055552437 0653fbd5f23ddc85 35
224055584174 0653fbd5f23ddc85 35
224055613051 0653fbd5f23ddc85 35
224055646215 0653fbd5f23ddc85 35
224055678721 0653fbd5f23ddc85 35
224055719605 0653fbd5f23ddc85 35
