222025811884 7655acd3dc7cd8da 32
222025812975 7655acd3dc7cd8da 32
222025852602 7655acd3dc7cd8da 32
222025863681 7655acd3dc7cd8da 32
222025900996 7655acd3dc7cd8da 32
222025934230 7655acd3dc7cd8da 32
222025944750 7655acd3dc7cd8da 33
222026051811 7655acd3dc7cd8da 34
222026179018 7655acd3dc7cd8da 35
222026280443 7655acd3dc7cd8da 36
222026384175 7655acd3dc7cd8da 37
222026488201 7655acd3dc7cd8da 38
222026589801 7655acd3dc7cd8da 39
222026696095 7655acd3dc7cd8da 40
222026801320 7655acd3dc7cd8da 41
222026902558 7655acd3dc7cd8da 42
222027006442 7655acd3dc7cd8da 43
222027110709 7655acd3dc7cd8da 44
222027210196 7655acd3dc7cd8da 44
222027314483 7655acd3dc7cd8da 44
222027417111 7655acd3dc7cd8da 44
222027523812 7655acd3dc7cd8da 44
222027624800 7655acd3dc7cd8da 44
222027727929 7655acd3dc7cd8da 44
222027830967 7655acd3dc7cd8da 44
222027933813 7655acd3dc7cd8da 44
222028036781 7655acd3dc7cd8da 44
222028142085 7655acd3dc7cd8da 44
222028244902 7655acd3dc7cd8da 44
222028347699 7655acd3dc7cd8da 44
222028451730 7655acd3dc7cd8da 44
222028557067 7655acd3dc7cd8da 45
222028657923 7655acd3dc7cd8da 45
222028762574 7655acd3dc7cd8da 45
222028864846 7655acd3dc7cd8da 46
222028967910 7655acd3dc7cd8da 46
222029072048 7655acd3dc7cd8da 46
222029174057 7655acd3dc7cd8da 47
222029280030 7655acd3dc7cd8da 47
222029381506 7655acd3dc7cd8da 48
222029484804 7655acd3dc7cd8da 48
222029588894 7655acd3dc7cd8da 48
222029692261 7655acd3dc7cd8da 49
222029796397 7655acd3dc7cd8da 49
222029899762 7655acd3dc7cd8da 50
222030001009 7655acd3dc7cd8da 50
222030105274 7655acd3dc7cd8da 51
222030209407 7655acd3dc7cd8da 51
222030310396 7655acd3dc7cd8da 51
222030416581 7655acd3dc7cd8da 52
222030520905 7655acd3dc7cd8da 52
222030623599 7655acd3dc7cd8da 53
222030726812 7655acd3dc7cd8da 53
222030834164 7655acd3dc7cd8da 54
222030939641 7655acd3dc7cd8da 54
222031040484 7655acd3dc7cd8da 54
222031144394 7655acd3dc7cd8da 55
222031247406 7655acd3dc7cd8da 55
222031349813 7655acd3dc7cd8da 56
222031457926 7655acd3dc7cd8da 56
222031561624 7655acd3dc7cd8da 57
222031665417 7655acd3dc7cd8da 57
222031770362 7655acd3dc7cd8da 57
222031873047 7655acd3dc7cd8da 58
222031979089 7655acd3dc7cd8da 58
222032081165 7655acd3dc7cd8da 59
222032184099 7655acd3dc7cd8da 59
222032288657 7655acd3dc7cd8da 60
222032389112 7655acd3dc7cd8da 60
222032493241 7655acd3dc7cd8da 60
222032596885 7655acd3dc7cd8da 61
222032700086 7655acd3dc7cd8da 61
222032804783 7655acd3dc7cd8da 62
222032908308 7655acd3dc7cd8da 62
222033009705 7655acd3dc7cd8da 63
222033113343 7655acd3dc7cd8da 63
222033216375 7655acd3dc7cd8da 63
222033320355 7655acd3dc7cd8da 64
222033422545 7655acd3dc7cd8da 64
222033525810 7655acd3dc7cd8da 65
222033629232 7655acd3dc7cd8da 65
222033732489 7655acd3dc7cd8da 66
222033835773 7655acd3dc7cd8da 66
222033939863 7655acd3dc7cd8da 66
222034042906 7655acd3dc7cd8da 67
222034147450 7655acd3dc7cd8da 67
222034249578 7655acd3dc7cd8da 68
222034356559 7655acd3dc7cd8da 68
222034457174 7655acd3dc7cd8da 69
222034564808 7655acd3dc7cd8da 69
222034664656 7655acd3dc7cd8da 69
222034768685 7655acd3dc7cd8da 70
222034871792 7655acd3dc7cd8da 70
222034977151 7655acd3dc7cd8da 71
222035076804 7655acd3dc7cd8da 71
222035180761 7655acd3dc7cd8da 72
222035284823 7655acd3dc7cd8da 72
222035387585 7655acd3dc7cd8da 72
222035490604 7655acd3dc7cd8da 73
222035593536 7655acd3dc7cd8da 73
222035688335 7655acd3dc7cd8da 74
222035791706 7655acd3dc7cd8da 74
222035894030 7655acd3dc7cd8da 74
222036000952 7655acd3dc7cd8da 74
222036102135 7655acd3dc7cd8da 74
222036207373 7655acd3dc7cd8da 74
222036307931 7655acd3dc7cd8da 74
222036412875 7655acd3dc7cd8da 74
222036515970 7655acd3dc7cd8da 74
222036619797 7655acd3dc7cd8da 74
222036720518 7655acd3dc7cd8da 74
222036824370 7655acd3dc7cd8da 74
222036928258 7655acd3dc7cd8da 74
222037030182 7655acd3dc7cd8da 74
222037138040 7655acd3dc7cd8da 74
222037243853 7655acd3dc7cd8da 74
222037346013 7655acd3dc7cd8da 74
222037451030 7655acd3dc7cd8da 74
222037553948 7655acd3dc7cd8da 74
222037655871 7655acd3dc7cd8da 74
222037760315 7655acd3dc7cd8da 74
222037864788 7655acd3dc7cd8da 74
222037966447 7655acd3dc7cd8da 74
222038071365 7655acd3dc7cd8da 74
222038171958 7655acd3dc7cd8da 74
222038277086 7655acd3dc7cd8da 74
222038379293 7655acd3dc7cd8da 74
222038485999 7655acd3dc7cd8da 74
222038587311 7655acd3dc7cd8da 74
222038696217 7655acd3dc7cd8da 74
222038799368 7655acd3dc7cd8da 74
222038902224 7655acd3dc7cd8da 75
222039005720 7655acd3dc7cd8da 75
222039110524 7655acd3dc7cd8da 75
222039210985 7655acd3dc7cd8da 75
222039315231 7655acd3dc7cd8da 75
222039418159 7655acd3dc7cd8da 76
222039523276 7655acd3dc7cd8da 76
222039626551 7655acd3dc7cd8da 76
222039728647 7655acd3dc7cd8da 77
222039831813 7655acd3dc7cd8da 77
222039938043 7655acd3dc7cd8da 77
222040038830 7655acd3dc7cd8da 78
222040154058 7655acd3dc7cd8da 78
222040250437 7655acd3dc7cd8da 79
222040352519 7655acd3dc7cd8da 79
222040458445 7655acd3dc7cd8da 80
222040559759 7655acd3dc7cd8da 80
222040663530 7655acd3dc7cd8da 80
222040770066 7655acd3dc7cd8da 81
222040870505 7655acd3dc7cd8da 81
222040975622 7655acd3dc7cd8da 82
222041079883 7655acd3dc7cd8da 82
222041183305 7655acd3dc7cd8da 83
222041285467 7655acd3dc7cd8da 83
222041389247 7655acd3dc7cd8da 83
222041491367 7655acd3dc7cd8da 84
222041595021 7655acd3dc7cd8da 84
222041732740 7655acd3dc7cd8da 72
222041832798 7655acd3dc7cd8da 72
222041937915 7655acd3dc7cd8da 72
222042040275 7655acd3dc7cd8da 72
222042158592 7655acd3dc7cd8da 72
222042262789 7655acd3dc7cd8da 72
222042364683 7655acd3dc7cd8da 72
222042467919 7655acd3dc7cd8da 72
222042571540 7655acd3dc7cd8da 72
222042675210 7655acd3dc7cd8da 72
222042777734 7655acd3dc7cd8da 72
222042879363 7655acd3dc7cd8da 72
222042984378 7655acd3dc7cd8da 72
222043087832 7655acd3dc7cd8da 72
222043193284 7655acd3dc7cd8da 72
222043295214 7655acd3dc7cd8da 72
222043399062 7655acd3dc7cd8da 72
222043501134 7655acd3dc7cd8da 72
222043604697 7655acd3dc7cd8da 72
222043708445 7655acd3dc7cd8da 72
222043814173 7655acd3dc7cd8da 72
222043916717 7655acd3dc7cd8da 72
222044017927 7655acd3dc7cd8da 72
222044123846 7655acd3dc7cd8da 72
222044231393 7655acd3dc7cd8da 72
222044332985 7655acd3dc7cd8da 72
222044437314 7655acd3dc7cd8da 72
222044541099 7655acd3dc7cd8da 72
222044645418 7655acd3dc7cd8da 72
222044747586 7655acd3dc7cd8da 72
222044851202 7655acd3dc7cd8da 72
222044955621 7655acd3dc7cd8da 72
222045058282 7655acd3dc7cd8da 72
222045160687 7655acd3dc7cd8da 72
222045264570 7655acd3dc7cd8da 72
222045368881 7655acd3dc7cd8da 72
222045471799 7655acd3dc7cd8da 72
222050525841 7655acd3dc7cd8da 72
222050531731 7655acd3dc7cd8da 72
222050535810 7655acd3dc7cd8da 72
222050538565 7655acd3dc7cd8da 72
222050541469 7655acd3dc7cd8da 72
222050544379 7655acd3dc7cd8da 72
222050547250 7655acd3dc7cd8da 72
222050549711 7655acd3dc7cd8da 72
222050552729 7655acd3dc7cd8da 72
222050555514 7655acd3dc7cd8da 72
222050559424 7655acd3dc7cd8da 72
222050561675 7655acd3dc7cd8da 72
222050564082 7655acd3dc7cd8da 72
222050566325 7655acd3dc7cd8da 72
222050568735 7655acd3dc7cd8da 72
222050571089 7655acd3dc7cd8da 72
222050573922 7655acd3dc7cd8da 72
222050576712 7655acd3dc7cd8da 72
222050578907 7655acd3dc7cd8da 72
222050643373 7655acd3dc7cd8da 72
222050749025 7655acd3dc7cd8da 72
222050850855 7655acd3dc7cd8da 72
222050954909 7655acd3dc7cd8da 72
222051056652 7655acd3dc7cd8da 72
222051162352 7655acd3dc7cd8da 72
222051265481 7655acd3dc7cd8da 72
222051366641 7655acd3dc7cd8da 72
222051472534 7655acd3dc7cd8da 72
222051575608 7655acd3dc7cd8da 72
222051680795 7655acd3dc7cd8da 72
222051780470 7655acd3dc7cd8da 72
222051883173 7655acd3dc7cd8da 72
222051987037 7655acd3dc7cd8da 72
222052090346 7655acd3dc7cd8da 72
222052195185 7655acd3dc7cd8da 72
222052303811 7655acd3dc7cd8da 72
222052406655 7655acd3dc7cd8da 72
222052509024 7655acd3dc7cd8da 72
222052612440 7655acd3dc7cd8da 72
222052719659 7655acd3dc7cd8da 72
222052817968 7655acd3dc7cd8da 72
222052924671 7655acd3dc7cd8da 72
222053025676 7655acd3dc7cd8da 72
222053128389 7655acd3dc7cd8da 72
222053232954 7655acd3dc7cd8da 72
222053342278 7655acd3dc7cd8da 72
222053443502 7655acd3dc7cd8da 72
222053551535 7655acd3dc7cd8da 72
222053651790 7655acd3dc7cd8da 72
222053754341 7655acd3dc7cd8da 72
222053859140 7655acd3dc7cd8da 72
222053961889 7655acd3dc7cd8da 72
222054062644 7655acd3dc7cd8da 72
222054169491 7655acd3dc7cd8da 72
222054271045 7655acd3dc7cd8da 72
222054398878 7655acd3dc7cd8da 72
222054501526 7655acd3dc7cd8da 72
222054606447 7655acd3dc7cd8da 72
222054711932 7655acd3dc7cd8da 72
222054813466 7655acd3dc7cd8da 72
222054916180 7655acd3dc7cd8da 72
222055020364 7655acd3dc7cd8da 72
222055121106 7655acd3dc7cd8da 72
222055226843 7655acd3dc7cd8da 72
222055328009 7655acd3dc7cd8da 72
222055435019 7655acd3dc7cd8da 72
222055537677 7655acd3dc7cd8da 72
222055639671 7655acd3dc7cd8da 72
222055740983 7655acd3dc7cd8da 72
222055846282 7655acd3dc7cd8da 72
222055947449 7655acd3dc7cd8da 72
222056051582 7655acd3dc7cd8da 72
222056154361 7655acd3dc7cd8da 72
222056260671 7655acd3dc7cd8da 72
222056364054 7655acd3dc7cd8da 72
222056466108 7655acd3dc7cd8da 72
222056568683 7655acd3dc7cd8da 72
222056672112 7655acd3dc7cd8da 72
222056778422 7655acd3dc7cd8da 72
222056880027 7655acd3dc7cd8da 72
222056982913 7655acd3dc7cd8da 72
222057086139 7655acd3dc7cd8da 72
222057194648 7655acd3dc7cd8da 72
222057298598 7655acd3dc7cd8da 72
222057402843 7655acd3dc7cd8da 72
222057506446 7655acd3dc7cd8da 72
222057608663 7655acd3dc7cd8da 73
222057712978 7655acd3dc7cd8da 73
222057814525 7655acd3dc7cd8da 74
222057918263 7655acd3dc7cd8da 74
222058021795 7655acd3dc7cd8da 75
222058127361 7655acd3dc7cd8da 75
222058229010 7655acd3dc7cd8da 75
222058332159 7655acd3dc7cd8da 76
222058434024 7655acd3dc7cd8da 76
222058539747 7655acd3dc7cd8da 77
222058642212 7655acd3dc7cd8da 77
222058746051 7655acd3dc7cd8da 78
222058848175 7655acd3dc7cd8da 78
222058952562 7655acd3dc7cd8da 78
222059057389 7655acd3dc7cd8da 79
222059159699 7655acd3dc7cd8da 79
222059261992 7655acd3dc7cd8da 80
222059372085 7655acd3dc7cd8da 80
222059472650 7655acd3dc7cd8da 81
222059572830 7655acd3dc7cd8da 81
222059675964 7655acd3dc7cd8da 81
222059779648 7655acd3dc7cd8da 82
222059888230 7655acd3dc7cd8da 82
222059992033 7655acd3dc7cd8da 83
222060094500 7655acd3dc7cd8da 83
222060201223 7655acd3dc7cd8da 84
222060301734 7655acd3dc7cd8da 84
222060403872 7655acd3dc7cd8da 84
222060507945 7655acd3dc7cd8da 84
222060625083 7655acd3dc7cd8da 84
222060715701 7655acd3dc7cd8da 84
222060820968 7655acd3dc7cd8da 84
222060922722 7655acd3dc7cd8da 84
222061026629 7655acd3dc7cd8da 84
222061127719 7655acd3dc7cd8da 84
222061232072 7655acd3dc7cd8da 84
222061335802 7655acd3dc7cd8da 85
222061440265 7655acd3dc7cd8da 85
222061542053 7655acd3dc7cd8da 85
222061647246 7655acd3dc7cd8da 85
222061748045 7655acd3dc7cd8da 85
222061853644 7655acd3dc7cd8da 85
222061954470 7655acd3dc7cd8da 86
222062061493 7655acd3dc7cd8da 86
222062160481 7655acd3dc7cd8da 86
222062265345 7655acd3dc7cd8da 86
222062367757 7655acd3dc7cd8da 87
222062475241 7655acd3dc7cd8da 87
222062575601 7655acd3dc7cd8da 88
222062680303 7655acd3dc7cd8da 88
222062783719 7655acd3dc7cd8da 89
222062884829 7655acd3dc7cd8da 89
222062989822 7655acd3dc7cd8da 89
222063099775 7655acd3dc7cd8da 90
222063192909 7655acd3dc7cd8da 90
222063297798 7655acd3dc7cd8da 91
222063401328 7655acd3dc7cd8da 91
222063506355 7655acd3dc7cd8da 92
222063612343 7655acd3dc7cd8da 92
222063714380 7655acd3dc7cd8da 92
222063815805 7655acd3dc7cd8da 93
222063919325 7655acd3dc7cd8da 93
222064023159 7655acd3dc7cd8da 94
222064125425 7655acd3dc7cd8da 94
222064227830 7655acd3dc7cd8da 95
222064337112 7655acd3dc7cd8da 95
222064441739 7655acd3dc7cd8da 95
222064543421 7655acd3dc7cd8da 96
222064646406 7655acd3dc7cd8da 96
222064750274 7655acd3dc7cd8da 97
222064853487 7655acd3dc7cd8da 97
222064957458 7655acd3dc7cd8da 98
222065059881 7655acd3dc7cd8da 98
222065164078 7655acd3dc7cd8da 98
222065266331 7655acd3dc7cd8da 99
222065371146 7655acd3dc7cd8da 99
222065474963 7655acd3dc7cd8da 100
222065578324 7655acd3dc7cd8da 100
222065681102 7655acd3dc7cd8da 101
222065783163 7655acd3dc7cd8da 101
222065888020 7655acd3dc7cd8da 101
222065991503 7655acd3dc7cd8da 102
222066093549 7655acd3dc7cd8da 102
222066196846 7655acd3dc7cd8da 103
222066300047 7655acd3dc7cd8da 103
222066404259 7655acd3dc7cd8da 104
222066507919 7655acd3dc7cd8da 104
222066611688 7655acd3dc7cd8da 104
222066714932 7655acd3dc7cd8da 105
222066819933 7655acd3dc7cd8da 105
222066921297 7655acd3dc7cd8da 106
222067023560 7655acd3dc7cd8da 106
222067127739 7655acd3dc7cd8da 107
222067231698 7655acd3dc7cd8da 107
222067333927 7655acd3dc7cd8da 107
222067436961 7655acd3dc7cd8da 108
222067541952 7655acd3dc7cd8da 108
222067645737 7655acd3dc7cd8da 109
222067747539 7655acd3dc7cd8da 109
222067853912 7655acd3dc7cd8da 110
222067954636 7655acd3dc7cd8da 110
222068057803 7655acd3dc7cd8da 110
222068162516 7655acd3dc7cd8da 111
222068271654 7655acd3dc7cd8da 111
222068370053 7655acd3dc7cd8da 112
222068471239 7655acd3dc7cd8da 112
222068574958 7655acd3dc7cd8da 113
222068678667 7655acd3dc7cd8da 113
222068781048 7655acd3dc7cd8da 113
222068885457 7655acd3dc7cd8da 114
222068987966 7655acd3dc7cd8da 114
222069091947 7655acd3dc7cd8da 115
222069195657 7655acd3dc7cd8da 115
222069297849 7655acd3dc7cd8da 116
222069401318 7655acd3dc7cd8da 116
222069506005 7655acd3dc7cd8da 116
222069609447 7655acd3dc7cd8da 117
222069711756 7655acd3dc7cd8da 117
222069814362 7655acd3dc7cd8da 118
222069918574 7655acd3dc7cd8da 118
222070021908 7655acd3dc7cd8da 119
222070125697 7655acd3dc7cd8da 119
222070229643 7655acd3dc7cd8da 119
222070331825 7655acd3dc7cd8da 120
222070435111 7655acd3dc7cd8da 120
222070540239 7655acd3dc7cd8da 121
222070642044 7655acd3dc7cd8da 121
222070748318 7655acd3dc7cd8da 122
222070848778 7655acd3dc7cd8da 122
222070952138 7655acd3dc7cd8da 122
222071055909 7655acd3dc7cd8da 123
222071159393 7655acd3dc7cd8da 123
222071262904 7655acd3dc7cd8da 124
222071365171 7655acd3dc7cd8da 124
222071467938 7655acd3dc7cd8da 125
222071573953 7655acd3dc7cd8da 125
222071675238 7655acd3dc7cd8da 125
222071778509 7655acd3dc7cd8da 126
222071881436 7655acd3dc7cd8da 126
222071985262 7655acd3dc7cd8da 127
222072088698 7655acd3dc7cd8da 127
222072192842 7655acd3dc7cd8da 128
222072296470 7655acd3dc7cd8da 128
222072398686 7655acd3dc7cd8da 128
222072502915 7655acd3dc7cd8da 129
222072606120 7655acd3dc7cd8da 129
222072710237 7655acd3dc7cd8da 130
222072812874 7655acd3dc7cd8da 130
222072919772 7655acd3dc7cd8da 131
222073023710 7655acd3dc7cd8da 131
222073123603 7655acd3dc7cd8da 131
222073227764 7655acd3dc7cd8da 132
222073329496 7655acd3dc7cd8da 132
222073435970 7655acd3dc7cd8da 133
222073536547 7655acd3dc7cd8da 133
222073640503 7655acd3dc7cd8da 134
222073744523 7655acd3dc7cd8da 134
222073847803 7655acd3dc7cd8da 134
222073950679 7655acd3dc7cd8da 135
222074056224 7655acd3dc7cd8da 135
222074156360 7655acd3dc7cd8da 136
222074259503 7655acd3dc7cd8da 136
222074363030 7655acd3dc7cd8da 137
222074467513 7655acd3dc7cd8da 137
222074569621 7655acd3dc7cd8da 137
222074674018 7655acd3dc7cd8da 138
222074776463 7655acd3dc7cd8da 138
222074880489 7655acd3dc7cd8da 139
222074984167 7655acd3dc7cd8da 139
222075086705 7655acd3dc7cd8da 140
222075192079 7655acd3dc7cd8da 140
222075296940 7655acd3dc7cd8da 140
222075396308 7655acd3dc7cd8da 141
222075501297 7655acd3dc7cd8da 141
222075604827 7655acd3dc7cd8da 142
222075707574 7655acd3dc7cd8da 142
222075810222 7655acd3dc7cd8da 143
222075913641 7655acd3dc7cd8da 143
222076017042 7655acd3dc7cd8da 143
222076120127 7655acd3dc7cd8da 144
222076225316 7655acd3dc7cd8da 144
222076327815 7655acd3dc7cd8da 145
222076433190 7655acd3dc7cd8da 145
222076533493 7655acd3dc7cd8da 146
222076637674 7655acd3dc7cd8da 146
222076741109 7655acd3dc7cd8da 146
222076844311 7655acd3dc7cd8da 147
222076946703 7655acd3dc7cd8da 147
222077051411 7655acd3dc7cd8da 148
222077151832 7655acd3dc7cd8da 148
222077256810 7655acd3dc7cd8da 149
222077360355 7655acd3dc7cd8da 149
222077463895 7655acd3dc7cd8da 149
222077565932 7655acd3dc7cd8da 150
222077670637 7655acd3dc7cd8da 150
222077772776 7655acd3dc7cd8da 151
222077878346 7655acd3dc7cd8da 151
222077986326 7655acd3dc7cd8da 152
222078088537 7655acd3dc7cd8da 152
222078188479 7655acd3dc7cd8da 152
222078291477 7655acd3dc7cd8da 153
222078395540 7655acd3dc7cd8da 153
222078496802 7655acd3dc7cd8da 154
222078604141 7655acd3dc7cd8da 154
222078704038 7655acd3dc7cd8da 155
222078809713 7655acd3dc7cd8da 155
222078912095 7655acd3dc7cd8da 155
222079016231 7655acd3dc7cd8da 156
222079120203 7655acd3dc7cd8da 156
222079222343 7655acd3dc7cd8da 157
222079324757 7655acd3dc7cd8da 157
222079428547 7655acd3dc7cd8da 158
222079531486 7655acd3dc7cd8da 158
222079637067 7655acd3dc7cd8da 158
222079740400 7655acd3dc7cd8da 159
222079841194 7655acd3dc7cd8da 159
222079944319 7655acd3dc7cd8da 160
222080047794 7655acd3dc7cd8da 160
222080152727 7655acd3dc7cd8da 161
222080253757 7655acd3dc7cd8da 161
222080358059 7655acd3dc7cd8da 161
222080463115 7655acd3dc7cd8da 162
222080565094 7655acd3dc7cd8da 162
222080668074 7655acd3dc7cd8da 163
222080771893 7655acd3dc7cd8da 163
222080877298 7655acd3dc7cd8da 164
222080979896 7655acd3dc7cd8da 164
222081082996 7655acd3dc7cd8da 164
222081184711 7655acd3dc7cd8da 165
222081289061 7655acd3dc7cd8da 165
222081391677 7655acd3dc7cd8da 166
222081499036 7655acd3dc7cd8da 166
222081598464 7655acd3dc7cd8da 167
222081701799 7655acd3dc7cd8da 167
222081807843 7655acd3dc7cd8da 167
222081909308 7655acd3dc7cd8da 168
222082011913 7655acd3dc7cd8da 168
222082115595 7655acd3dc7cd8da 169
222082218376 7655acd3dc7cd8da 169
222082322628 7655acd3dc7cd8da 170
222082424658 7655acd3dc7cd8da 170
222082533613 7655acd3dc7cd8da 170
222082632079 7655acd3dc7cd8da 171
222082734628 7655acd3dc7cd8da 171
222082840005 7655acd3dc7cd8da 172
222082945157 7655acd3dc7cd8da 172
222083045265 7655acd3dc7cd8da 173
222083148629 7655acd3dc7cd8da 173
222083254163 7655acd3dc7cd8da 173
222083355569 7655acd3dc7cd8da 174
222083458604 7655acd3dc7cd8da 174
222083566063 7655acd3dc7cd8da 175
222083665731 7655acd3dc7cd8da 175
222083768770 7655acd3dc7cd8da 176
222083875538 7655acd3dc7cd8da 176
222083977346 7655acd3dc7cd8da 176
222084079550 7655acd3dc7cd8da 177
222084185842 7655acd3dc7cd8da 177
222084285526 7655acd3dc7cd8da 178
222084387953 7655acd3dc7cd8da 178
222084497993 7655acd3dc7cd8da 178
222084596000 7655acd3dc7cd8da 179
222084698391 7655acd3dc7cd8da 179
222084802314 7655acd3dc7cd8da 180
222084906667 7655acd3dc7cd8da 180
222085008698 7655acd3dc7cd8da 181
222085114079 7655acd3dc7cd8da 181
222085214813 7655acd3dc7cd8da 181
222085320323 7655acd3dc7cd8da 182
222085423458 7655acd3dc7cd8da 182
222085528989 7655acd3dc7cd8da 183
222085629071 7655acd3dc7cd8da 183
222085733135 7655acd3dc7cd8da 184
222085836573 7655acd3dc7cd8da 184
222085938771 7655acd3dc7cd8da 184
222086045425 7655acd3dc7cd8da 185
222086147797 7655acd3dc7cd8da 185
222086250522 7655acd3dc7cd8da 186
222086353390 7655acd3dc7cd8da 186
222086456831 7655acd3dc7cd8da 187
222086565473 7655acd3dc7cd8da 187
222086662985 7655acd3dc7cd8da 187
222086767181 7655acd3dc7cd8da 188
222086868977 7655acd3dc7cd8da 188
222086972924 7655acd3dc7cd8da 189
222087076994 7655acd3dc7cd8da 189
222087183560 7655acd3dc7cd8da 190
222087283449 7655acd3dc7cd8da 190
222087386538 7655acd3dc7cd8da 190
222087490514 7655acd3dc7cd8da 191
222087593169 7655acd3dc7cd8da 191
222087696398 7655acd3dc7cd8da 192
222087812585 7655acd3dc7cd8da 192
222087903591 7655acd3dc7cd8da 193
222088006564 7655acd3dc7cd8da 193
222088108965 7655acd3dc7cd8da 193
222088212504 7655acd3dc7cd8da 194
222088315561 7655acd3dc7cd8da 194
222088419904 7655acd3dc7cd8da 195
222088524116 7655acd3dc7cd8da 195
222088627287 7655acd3dc7cd8da 196
222088728802 7655acd3dc7cd8da 196
222088832229 7655acd3dc7cd8da 196
222088935940 7655acd3dc7cd8da 197
222089039650 7655acd3dc7cd8da 197
222089143934 7655acd3dc7cd8da 198
222089248377 7655acd3dc7cd8da 198
222089349973 7655acd3dc7cd8da 199
222089453928 7655acd3dc7cd8da 199
222089556438 7655acd3dc7cd8da 199
222089661424 7655acd3dc7cd8da 200
222089769460 7655acd3dc7cd8da 200
222089869448 7655acd3dc7cd8da 201
222089971071 7655acd3dc7cd8da 201
222090075232 7655acd3dc7cd8da 202
222090179698 7655acd3dc7cd8da 202
222090282212 7655acd3dc7cd8da 202
222090385293 7655acd3dc7cd8da 203
222090486403 7655acd3dc7cd8da 203
222090593989 7655acd3dc7cd8da 204
222090695280 7655acd3dc7cd8da 204
222090800870 7655acd3dc7cd8da 205
222090902072 7655acd3dc7cd8da 205
222091003858 7655acd3dc7cd8da 205
222091107369 7655acd3dc7cd8da 206
222091211677 7655acd3dc7cd8da 183
222091316684 7655acd3dc7cd8da 183
222091419563 7655acd3dc7cd8da 184
222091522822 7655acd3dc7cd8da 184
222091624666 7655acd3dc7cd8da 184
222091730706 7655acd3dc7cd8da 185
222091831632 7655acd3dc7cd8da 185
222091933656 7655acd3dc7cd8da 186
222092037800 7655acd3dc7cd8da 186
222092142041 7655acd3dc7cd8da 187
222092247015 7655acd3dc7cd8da 187
222092346609 7655acd3dc7cd8da 187
222092450683 7655acd3dc7cd8da 188
222092555080 7655acd3dc7cd8da 188
222092657354 7655acd3dc7cd8da 189
222092760952 7655acd3dc7cd8da 189
222092864979 7655acd3dc7cd8da 190
222092968006 7655acd3dc7cd8da 190
222093073617 7655acd3dc7cd8da 190
222093278183 7655acd3dc7cd8da 191
222093282402 7655acd3dc7cd8da 191
222093381309 7655acd3dc7cd8da 192
222093484338 7655acd3dc7cd8da 192
222093589684 7655acd3dc7cd8da 193
222093691440 7655acd3dc7cd8da 193
222093793778 7655acd3dc7cd8da 193
222093900157 7655acd3dc7cd8da 194
222094001883 7655acd3dc7cd8da 194
222094106584 7655acd3dc7cd8da 195
222094208545 7655acd3dc7cd8da 195
222094314235 7655acd3dc7cd8da 196
222094415133 7655acd3dc7cd8da 196
222094524390 7655acd3dc7cd8da 196
222094628018 7655acd3dc7cd8da 197
222094724768 7655acd3dc7cd8da 197
222094827865 7655acd3dc7cd8da 198
222094931766 7655acd3dc7cd8da 198
222095038293 7655acd3dc7cd8da 199
222095138631 7655acd3dc7cd8da 199
222095241827 7655acd3dc7cd8da 199
222095347945 7655acd3dc7cd8da 200
222095448260 7655acd3dc7cd8da 200
222095551602 7655acd3dc7cd8da 201
222095658256 7655acd3dc7cd8da 201
222095758209 7655acd3dc7cd8da 202
222095862244 7655acd3dc7cd8da 202
222095966212 7655acd3dc7cd8da 202
222096071441 7655acd3dc7cd8da 203
222096170185 7655acd3dc7cd8da 203
222110946431 7655acd3dc7cd8da 207
222110957308 7655acd3dc7cd8da 207
222110959827 7655acd3dc7cd8da 207
222110962056 7655acd3dc7cd8da 207
222110968427 7655acd3dc7cd8da 207
222110970511 7655acd3dc7cd8da 207
222110976251 7655acd3dc7cd8da 207
222110978341 7655acd3dc7cd8da 207
222110980938 7655acd3dc7cd8da 207
222110982892 7655acd3dc7cd8da 207
222110984995 7655acd3dc7cd8da 207
222110988089 7655acd3dc7cd8da 207
222110990068 7655acd3dc7cd8da 207
222110992162 7655acd3dc7cd8da 207
222110994007 7655acd3dc7cd8da 207
222110996314 7655acd3dc7cd8da 207
222110998158 7655acd3dc7cd8da 207
222111000135 7655acd3dc7cd8da 207
222111001981 7655acd3dc7cd8da 207
222111004597 7655acd3dc7cd8da 207
222111006392 7655acd3dc7cd8da 207
222111008254 7655acd3dc7cd8da 207
222111009996 7655acd3dc7cd8da 207
222111059927 7655acd3dc7cd8da 207
222111164627 7655acd3dc7cd8da 207
222111269321 7655acd3dc7cd8da 207
222111372587 7655acd3dc7cd8da 207
222111475941 7655acd3dc7cd8da 207
222111578166 7655acd3dc7cd8da 207
222111683712 7655acd3dc7cd8da 207
222111786756 7655acd3dc7cd8da 207
222111888466 7655acd3dc7cd8da 207
222111992696 7655acd3dc7cd8da 207
222112097671 7655acd3dc7cd8da 207
222112199256 7655acd3dc7cd8da 207
222112303687 7655acd3dc7cd8da 207
222112407283 7655acd3dc7cd8da 207
222112509073 7655acd3dc7cd8da 207
222112617137 7655acd3dc7cd8da 207
222112723463 7655acd3dc7cd8da 207
222112824115 7655acd3dc7cd8da 207
222112927265 7655acd3dc7cd8da 207
222113031452 7655acd3dc7cd8da 207
222113133799 7655acd3dc7cd8da 207
222113236981 7655acd3dc7cd8da 207
222113345366 7655acd3dc7cd8da 207
222113444578 7655acd3dc7cd8da 207
222113555585 7655acd3dc7cd8da 207
222113655527 7655acd3dc7cd8da 207
222113754320 7655acd3dc7cd8da 207
222113862664 7655acd3dc7cd8da 207
222113962196 7655acd3dc7cd8da 207
222114064105 7655acd3dc7cd8da 207
222114170827 7655acd3dc7cd8da 207
222114274541 7655acd3dc7cd8da 207
222114378705 7655acd3dc7cd8da 207
222114484201 7655acd3dc7cd8da 207
222114584847 7655acd3dc7cd8da 207
222114687549 7655acd3dc7cd8da 207
222114792234 7655acd3dc7cd8da 207
222114897080 7655acd3dc7cd8da 207
222114998321 7655acd3dc7cd8da 207
222115104551 7655acd3dc7cd8da 207
222115205044 7655acd3dc7cd8da 207
222115308398 7655acd3dc7cd8da 207
222115410922 7655acd3dc7cd8da 207
222115514581 7655acd3dc7cd8da 207
222115622264 7655acd3dc7cd8da 207
222115735364 7655acd3dc7cd8da 207
222115842850 7655acd3dc7cd8da 207
222115943407 7655acd3dc7cd8da 207
222116047908 7655acd3dc7cd8da 207
222116152549 7655acd3dc7cd8da 207
222116258170 7655acd3dc7cd8da 207
222116366645 7655acd3dc7cd8da 207
222116473587 7655acd3dc7cd8da 207
222116575646 7655acd3dc7cd8da 207
222116676845 7655acd3dc7cd8da 207
222116785445 7655acd3dc7cd8da 207
222116884482 7655acd3dc7cd8da 207
222116988165 7655acd3dc7cd8da 207
222117090186 7655acd3dc7cd8da 207
222117192094 7655acd3dc7cd8da 207
222117298588 7655acd3dc7cd8da 207
222117400385 7655acd3dc7cd8da 207
222117503554 7655acd3dc7cd8da 207
222117611973 7655acd3dc7cd8da 207
222117714444 7655acd3dc7cd8da 207
222117819800 7655acd3dc7cd8da 207
222117927145 7655acd3dc7cd8da 207
222118030078 7655acd3dc7cd8da 207
222118134306 7655acd3dc7cd8da 207
222118236466 7655acd3dc7cd8da 207
222118341226 7655acd3dc7cd8da 207
222118444154 7655acd3dc7cd8da 207
222118547404 7655acd3dc7cd8da 207
222118654531 7655acd3dc7cd8da 207
222118754323 7655acd3dc7cd8da 207
222118857954 7655acd3dc7cd8da 207
222118974507 7655acd3dc7cd8da 207
222119063904 7655acd3dc7cd8da 207
222119166598 7655acd3dc7cd8da 207
222119270774 7655acd3dc7cd8da 207
222119374232 7655acd3dc7cd8da 207
222119482416 7655acd3dc7cd8da 207
222119585578 7655acd3dc7cd8da 207
222119694239 7655acd3dc7cd8da 207
222119792570 7655acd3dc7cd8da 207
222119898794 7655acd3dc7cd8da 207
222120000306 7655acd3dc7cd8da 207
222120102896 7655acd3dc7cd8da 207
222120206552 7655acd3dc7cd8da 207
222120313615 7655acd3dc7cd8da 207
222120412723 7655acd3dc7cd8da 207
222120518714 7655acd3dc7cd8da 207
222120619737 7655acd3dc7cd8da 207
222120728444 7655acd3dc7cd8da 207
222120832470 7655acd3dc7cd8da 207
222120934883 7655acd3dc7cd8da 207
222121150333 7655acd3dc7cd8da 207
222121253558 7655acd3dc7cd8da 207
222121355879 7655acd3dc7cd8da 207
222121462242 7655acd3dc7cd8da 207
222121561860 7655acd3dc7cd8da 207
222121671130 7655acd3dc7cd8da 207
222121777006 7655acd3dc7cd8da 207
222121875303 7655acd3dc7cd8da 207
222121976620 7655acd3dc7cd8da 207
222122081223 7655acd3dc7cd8da 207
222122180557 7655acd3dc7cd8da 207
222122284191 7655acd3dc7cd8da 207
222122389354 7655acd3dc7cd8da 207
222122491556 7655acd3dc7cd8da 207
222122597579 7655acd3dc7cd8da 207
222122701787 7655acd3dc7cd8da 207
222122804810 7655acd3dc7cd8da 207
222122904978 7655acd3dc7cd8da 207
222123017982 7655acd3dc7cd8da 207
222123113479 7655acd3dc7cd8da 207
222123220470 7655acd3dc7cd8da 207
222123318126 7655acd3dc7cd8da 207
222123427823 7655acd3dc7cd8da 207
222123532035 7655acd3dc7cd8da 207
222123637864 7655acd3dc7cd8da 207
222123739152 7655acd3dc7cd8da 207
222123842913 7655acd3dc7cd8da 207
222123946360 7655acd3dc7cd8da 207
222124047841 7655acd3dc7cd8da 207
222124150546 7655acd3dc7cd8da 207
222124258511 7655acd3dc7cd8da 207
222124360263 7655acd3dc7cd8da 207
222124461996 7655acd3dc7cd8da 207
222124564510 7655acd3dc7cd8da 207
222124670466 7655acd3dc7cd8da 207
222124771390 7655acd3dc7cd8da 207
222124875493 7655acd3dc7cd8da 207
222124977087 7655acd3dc7cd8da 207
222125080810 7655acd3dc7cd8da 207
222125184497 7655acd3dc7cd8da 207
222125286962 7655acd3dc7cd8da 207
222125391779 7655acd3dc7cd8da 207
222125496516 7655acd3dc7cd8da 207
222125599747 7655acd3dc7cd8da 207
222125704051 7655acd3dc7cd8da 207
222125806281 7655acd3dc7cd8da 207
222125908372 7655acd3dc7cd8da 207
222126011990 7655acd3dc7cd8da 207
222126113378 7655acd3dc7cd8da 207
222126223185 7655acd3dc7cd8da 207
222126328171 7655acd3dc7cd8da 207
222126431716 7655acd3dc7cd8da 207
222126541616 7655acd3dc7cd8da 207
222126639527 7655acd3dc7cd8da 207
222126743953 7655acd3dc7cd8da 207
222126851395 7655acd3dc7cd8da 207
222126950733 7655acd3dc7cd8da 207
222127051989 7655acd3dc7cd8da 207
222127155913 7655acd3dc7cd8da 207
222127257913 7655acd3dc7cd8da 207
222127360523 7655acd3dc7cd8da 207
222127467303 7655acd3dc7cd8da 207
222127569535 7655acd3dc7cd8da 207
222127673555 7655acd3dc7cd8da 207
222127781045 7655acd3dc7cd8da 207
222127884132 7655acd3dc7cd8da 207
222127986645 7655acd3dc7cd8da 207
222128093441 7655acd3dc7cd8da 207
222128192798 7655acd3dc7cd8da 207
222128308618 7655acd3dc7cd8da 207
222128399669 7655acd3dc7cd8da 207
222128503828 7655acd3dc7cd8da 207
222128609064 7655acd3dc7cd8da 207
222128711375 7655acd3dc7cd8da 207
222128815996 7655acd3dc7cd8da 207
222128924275 7655acd3dc7cd8da 207
222129025705 7655acd3dc7cd8da 207
222129128770 7655acd3dc7cd8da 207
222129231817 7655acd3dc7cd8da 208
222129340489 7655acd3dc7cd8da 208
222129440106 7655acd3dc7cd8da 208
222129543829 7655acd3dc7cd8da 208
222129645300 7655acd3dc7cd8da 208
222129751004 7655acd3dc7cd8da 209
222129852805 7655acd3dc7cd8da 209
222129959232 7655acd3dc7cd8da 209
222130060211 7655acd3dc7cd8da 210
222130162369 7655acd3dc7cd8da 210
222130267242 7655acd3dc7cd8da 210
222130370983 7655acd3dc7cd8da 211
222130474809 7655acd3dc7cd8da 211
222130579419 7655acd3dc7cd8da 212
222130684234 7655acd3dc7cd8da 212
222130782813 7655acd3dc7cd8da 213
222130886685 7655acd3dc7cd8da 213
222130991716 7655acd3dc7cd8da 213
222131092620 7655acd3dc7cd8da 214
222131196056 7655acd3dc7cd8da 214
222131299434 7655acd3dc7cd8da 215
222131402208 7655acd3dc7cd8da 215
222131506840 7655acd3dc7cd8da 216
222131617031 7655acd3dc7cd8da 216
222131720387 7655acd3dc7cd8da 216
222131823807 7655acd3dc7cd8da 217
222131926568 7655acd3dc7cd8da 217
222132028876 7655acd3dc7cd8da 218
222132133943 7655acd3dc7cd8da 218
222132235565 7655acd3dc7cd8da 219
222132339408 7655acd3dc7cd8da 219
222132444402 7655acd3dc7cd8da 219
222132548497 7655acd3dc7cd8da 220
222132651671 7655acd3dc7cd8da 220
222132752996 7655acd3dc7cd8da 221
222132855952 7655acd3dc7cd8da 221
222132966327 7655acd3dc7cd8da 222
222133063950 7655acd3dc7cd8da 222
222133165865 7655acd3dc7cd8da 222
222133268756 7655acd3dc7cd8da 223
222133372481 7655acd3dc7cd8da 223
222133476000 7655acd3dc7cd8da 224
222133579491 7655acd3dc7cd8da 224
222133682211 7655acd3dc7cd8da 225
222133787904 7655acd3dc7cd8da 225
222133888686 7655acd3dc7cd8da 225
222133992031 7655acd3dc7cd8da 226
222134097338 7655acd3dc7cd8da 226
222134200558 7655acd3dc7cd8da 227
222134302448 7655acd3dc7cd8da 227
222134405512 7655acd3dc7cd8da 228
222134509437 7655acd3dc7cd8da 228
222134612662 7655acd3dc7cd8da 228
222134715347 7655acd3dc7cd8da 229
222134819938 7655acd3dc7cd8da 229
222134921219 7655acd3dc7cd8da 230
222135026314 7655acd3dc7cd8da 230
222135137332 7655acd3dc7cd8da 231
222135232485 7655acd3dc7cd8da 231
222135336387 7655acd3dc7cd8da 231
222135439760 7655acd3dc7cd8da 232
222135542647 7655acd3dc7cd8da 232
222135646989 7655acd3dc7cd8da 233
222135748786 7655acd3dc7cd8da 233
222135853092 7655acd3dc7cd8da 234
222135956261 7655acd3dc7cd8da 234
222136060631 7655acd3dc7cd8da 234
222136162447 7655acd3dc7cd8da 235
222136266036 7655acd3dc7cd8da 235
222136369630 7655acd3dc7cd8da 236
222136472985 7655acd3dc7cd8da 236
222136576603 7655acd3dc7cd8da 237
222136680796 7655acd3dc7cd8da 237
222136782862 7655acd3dc7cd8da 237
222136885521 7655acd3dc7cd8da 238
222136989437 7655acd3dc7cd8da 238
222137092725 7655acd3dc7cd8da 239
222137195776 7655acd3dc7cd8da 239
222137300093 7655acd3dc7cd8da 240
222137403347 7655acd3dc7cd8da 240
222137506210 7655acd3dc7cd8da 240
222137609377 7655acd3dc7cd8da 241
222137714994 7655acd3dc7cd8da 241
222137816397 7655acd3dc7cd8da 242
222137919927 7655acd3dc7cd8da 242
222138022958 7655acd3dc7cd8da 243
222138125810 7655acd3dc7cd8da 243
222138229307 7655acd3dc7cd8da 243
222138333422 7655acd3dc7cd8da 244
222138435787 7655acd3dc7cd8da 244
222138540457 7655acd3dc7cd8da 245
222138643426 7655acd3dc7cd8da 245
222138747931 7655acd3dc7cd8da 246
222138856285 7655acd3dc7cd8da 246
222138959353 7655acd3dc7cd8da 246
222139062548 7655acd3dc7cd8da 247
222139169350 7655acd3dc7cd8da 247
222139268669 7655acd3dc7cd8da 248
222139374780 7655acd3dc7cd8da 248
222139475799 7655acd3dc7cd8da 249
222139581263 7655acd3dc7cd8da 249
222139685390 7655acd3dc7cd8da 249
222139787006 7655acd3dc7cd8da 250
222139890006 7655acd3dc7cd8da 250
222139994371 7655acd3dc7cd8da 251
222140098682 7655acd3dc7cd8da 251
222140202147 7655acd3dc7cd8da 252
222140302696 7655acd3dc7cd8da 252
222140405615 7655acd3dc7cd8da 252
222140510305 7655acd3dc7cd8da 253
222140614087 7655acd3dc7cd8da 253
222140718801 7655acd3dc7cd8da 254
222140824339 7655acd3dc7cd8da 254
222140922857 7655acd3dc7cd8da 255
222141026569 7655acd3dc7cd8da 255
222141130426 7655acd3dc7cd8da 255
222141235901 7655acd3dc7cd8da 256
222141339872 7655acd3dc7cd8da 256
222141440118 7655acd3dc7cd8da 257
222141543621 7655acd3dc7cd8da 257
222141650081 7655acd3dc7cd8da 258
222141750891 7655acd3dc7cd8da 258
222141856909 7655acd3dc7cd8da 258
222141958113 7655acd3dc7cd8da 259
222142060659 7655acd3dc7cd8da 259
222142162563 7655acd3dc7cd8da 260
222142267868 7655acd3dc7cd8da 260
222142370201 7655acd3dc7cd8da 261
222142474243 7655acd3dc7cd8da 261
222142578448 7655acd3dc7cd8da 261
222142681462 7655acd3dc7cd8da 262
222142787900 7655acd3dc7cd8da 262
222142887419 7655acd3dc7cd8da 263
222142991460 7655acd3dc7cd8da 263
222143094234 7655acd3dc7cd8da 264
222143197955 7655acd3dc7cd8da 264
222143299631 7655acd3dc7cd8da 264
222143404618 7655acd3dc7cd8da 265
222143508033 7655acd3dc7cd8da 265
222143612010 7655acd3dc7cd8da 266
222143714187 7655acd3dc7cd8da 266
222143818191 7655acd3dc7cd8da 267
222143921487 7655acd3dc7cd8da 267
222144026077 7655acd3dc7cd8da 267
222144129689 7655acd3dc7cd8da 268
222144234012 7655acd3dc7cd8da 268
222144334493 7655acd3dc7cd8da 269
222144438495 7655acd3dc7cd8da 269
222144542701 7655acd3dc7cd8da 270
222144644302 7655acd3dc7cd8da 270
222144747663 7655acd3dc7cd8da 270
222144851600 7655acd3dc7cd8da 271
222144954805 7655acd3dc7cd8da 271
222145058417 7655acd3dc7cd8da 272
222145164466 7655acd3dc7cd8da 272
222145264079 7655acd3dc7cd8da 273
222145367459 7655acd3dc7cd8da 273
222145473848 7655acd3dc7cd8da 273
222145576415 7655acd3dc7cd8da 274
222145678771 7655acd3dc7cd8da 274
222145782075 7655acd3dc7cd8da 275
222145888878 7655acd3dc7cd8da 275
222145987959 7655acd3dc7cd8da 276
222146090342 7655acd3dc7cd8da 276
222146197378 7655acd3dc7cd8da 276
222146298364 7655acd3dc7cd8da 277
222146400618 7655acd3dc7cd8da 277
222146503016 7655acd3dc7cd8da 278
222146608150 7655acd3dc7cd8da 278
222146711691 7655acd3dc7cd8da 279
222146814899 7655acd3dc7cd8da 279
222146918050 7655acd3dc7cd8da 279
222147023666 7655acd3dc7cd8da 280
222147124628 7655acd3dc7cd8da 280
222147230957 7655acd3dc7cd8da 281
222147330444 7655acd3dc7cd8da 281
222147434328 7655acd3dc7cd8da 281
222147538768 7655acd3dc7cd8da 282
222147645966 7655acd3dc7cd8da 282
222147745489 7655acd3dc7cd8da 283
222147848208 7655acd3dc7cd8da 283
222147951698 7655acd3dc7cd8da 284
222148055235 7655acd3dc7cd8da 284
222148158125 7655acd3dc7cd8da 284
222148264956 7655acd3dc7cd8da 285
222148364818 7655acd3dc7cd8da 285
222148466849 7655acd3dc7cd8da 286
222148571950 7655acd3dc7cd8da 286
222148674694 7655acd3dc7cd8da 287
222148778321 7655acd3dc7cd8da 287
222148883335 7655acd3dc7cd8da 287
222148984727 7655acd3dc7cd8da 288
222149088667 7655acd3dc7cd8da 288
222149191926 7655acd3dc7cd8da 289
222149296356 7655acd3dc7cd8da 289
222149397673 7655acd3dc7cd8da 290
222149501790 7655acd3dc7cd8da 290
222149605701 7655acd3dc7cd8da 290
222149708876 7655acd3dc7cd8da 291
222149812762 7655acd3dc7cd8da 291
222149929251 7655acd3dc7cd8da 292
222150021877 7655acd3dc7cd8da 292
222150123210 7655acd3dc7cd8da 293
222150226853 7655acd3dc7cd8da 293
222150329553 7655acd3dc7cd8da 293
222150437053 7655acd3dc7cd8da 294
222150543387 7655acd3dc7cd8da 294
222150647407 7655acd3dc7cd8da 295
222150748104 7655acd3dc7cd8da 295
222150854973 7655acd3dc7cd8da 296
222150955459 7655acd3dc7cd8da 296
222151060283 7655acd3dc7cd8da 296
222151161815 7655acd3dc7cd8da 297
222151264567 7655acd3dc7cd8da 297
222151367949 7655acd3dc7cd8da 298
222151470794 7655acd3dc7cd8da 298
222151575489 7655acd3dc7cd8da 299
222151678073 7655acd3dc7cd8da 299
222151781097 7655acd3dc7cd8da 299
222151887552 7655acd3dc7cd8da 300
222151988232 7655acd3dc7cd8da 300
222152090860 7655acd3dc7cd8da 301
222152195729 7655acd3dc7cd8da 301
222152298241 7655acd3dc7cd8da 302
222152402542 7655acd3dc7cd8da 302
222152505353 7655acd3dc7cd8da 302
222152608126 7655acd3dc7cd8da 303
222152712409 7655acd3dc7cd8da 303
222152815530 7655acd3dc7cd8da 304
222152919868 7655acd3dc7cd8da 304
222153024184 7655acd3dc7cd8da 305
222153125914 7655acd3dc7cd8da 305
222153231641 7655acd3dc7cd8da 305
222153336753 7655acd3dc7cd8da 306
222185691441 7655acd3dc7cd8da 309
222185696755 7655acd3dc7cd8da 309
222185698665 7655acd3dc7cd8da 309
222185701091 7655acd3dc7cd8da 309
222185703017 7655acd3dc7cd8da 309
222185705072 7655acd3dc7cd8da 309
222185706995 7655acd3dc7cd8da 309
222185709431 7655acd3dc7cd8da 309
222185711612 7655acd3dc7cd8da 309
222185713325 7655acd3dc7cd8da 309
222185714892 7655acd3dc7cd8da 309
222185717692 7655acd3dc7cd8da 309
222185719381 7655acd3dc7cd8da 309
222185796123 7655acd3dc7cd8da 309
222185900467 7655acd3dc7cd8da 309
222185998298 7655acd3dc7cd8da 309
222186104228 7655acd3dc7cd8da 309
222186207584 7655acd3dc7cd8da 309
222186307966 7655acd3dc7cd8da 309
222186410518 7655acd3dc7cd8da 309
222186506058 7655acd3dc7cd8da 309
222186605985 7655acd3dc7cd8da 309
222186708159 7655acd3dc7cd8da 263
222186811858 7655acd3dc7cd8da 263
222186934342 7655acd3dc7cd8da 263
222187033770 7655acd3dc7cd8da 263
222187138301 7655acd3dc7cd8da 263
222187246334 7655acd3dc7cd8da 263
222187350603 7655acd3dc7cd8da 263
222187451895 7655acd3dc7cd8da 263
222187561710 7655acd3dc7cd8da 263
222187659022 7655acd3dc7cd8da 263
222187763364 7655acd3dc7cd8da 263
222187864997 7655acd3dc7cd8da 263
222187968445 7655acd3dc7cd8da 263
222188070820 7655acd3dc7cd8da 263
222188176489 7655acd3dc7cd8da 263
222188278609 7655acd3dc7cd8da 263
222188384381 7655acd3dc7cd8da 263
222188485798 7655acd3dc7cd8da 263
222188587629 7655acd3dc7cd8da 263
222188697668 7655acd3dc7cd8da 263
222188799848 7655acd3dc7cd8da 263
222188904497 7655acd3dc7cd8da 263
222189008771 7655acd3dc7cd8da 263
222189110965 7655acd3dc7cd8da 263
222189215622 7655acd3dc7cd8da 263
222189318102 7655acd3dc7cd8da 263
222189420184 7655acd3dc7cd8da 263
222189522860 7655acd3dc7cd8da 263
222189625935 7655acd3dc7cd8da 263
222189731594 7655acd3dc7cd8da 263
222189837545 7655acd3dc7cd8da 263
222189939022 7655acd3dc7cd8da 263
222190040383 7655acd3dc7cd8da 263
222190143661 7655acd3dc7cd8da 263
222190247720 7655acd3dc7cd8da 263
222190531775 7655acd3dc7cd8da 263
222190642754 7655acd3dc7cd8da 263
222190745641 7655acd3dc7cd8da 263
222190847035 7655acd3dc7cd8da 263
222190952994 7655acd3dc7cd8da 263
222191058827 7655acd3dc7cd8da 263
222191160139 7655acd3dc7cd8da 263
222191263010 7655acd3dc7cd8da 263
222191364237 7655acd3dc7cd8da 263
222191467933 7655acd3dc7cd8da 263
222191571666 7655acd3dc7cd8da 263
222191674747 7655acd3dc7cd8da 263
222191778649 7655acd3dc7cd8da 263
222191883702 7655acd3dc7cd8da 263
222191983477 7655acd3dc7cd8da 263
222192088166 7655acd3dc7cd8da 263
222192189732 7655acd3dc7cd8da 263
222192295126 7655acd3dc7cd8da 263
222192396787 7655acd3dc7cd8da 263
222192504111 7655acd3dc7cd8da 263
222192611662 7655acd3dc7cd8da 263
222192713534 7655acd3dc7cd8da 263
222192816970 7655acd3dc7cd8da 263
222192921744 7655acd3dc7cd8da 263
222193023888 7655acd3dc7cd8da 263
222193141111 7655acd3dc7cd8da 263
222193231738 7655acd3dc7cd8da 263
222193333702 7655acd3dc7cd8da 263
222193436541 7655acd3dc7cd8da 263
222193541796 7655acd3dc7cd8da 263
222193644651 7655acd3dc7cd8da 263
222193746909 7655acd3dc7cd8da 263
222193869020 7655acd3dc7cd8da 263
222193953580 7655acd3dc7cd8da 263
222194060531 7655acd3dc7cd8da 263
222194163236 7655acd3dc7cd8da 263
222194266115 7655acd3dc7cd8da 263
222194368612 7655acd3dc7cd8da 263
222194470740 7655acd3dc7cd8da 263
222194574262 7655acd3dc7cd8da 263
222194685359 7655acd3dc7cd8da 263
222194781711 7655acd3dc7cd8da 263
222194892012 7655acd3dc7cd8da 263
222194996654 7655acd3dc7cd8da 263
222195096563 7655acd3dc7cd8da 263
222195199445 7655acd3dc7cd8da 263
222195304781 7655acd3dc7cd8da 263
222195408170 7655acd3dc7cd8da 263
222195511184 7655acd3dc7cd8da 263
222195621251 7655acd3dc7cd8da 263
222195719196 7655acd3dc7cd8da 263
222195821808 7655acd3dc7cd8da 263
222195923090 7655acd3dc7cd8da 263
222196028376 7655acd3dc7cd8da 263
222196130613 7655acd3dc7cd8da 263
222196234046 7655acd3dc7cd8da 263
222196338209 7655acd3dc7cd8da 263
222196442467 7655acd3dc7cd8da 263
222196545826 7655acd3dc7cd8da 263
222196750753 7655acd3dc7cd8da 263
222196755233 7655acd3dc7cd8da 264
222196861877 7655acd3dc7cd8da 264
222196964824 7655acd3dc7cd8da 265
222197070351 7655acd3dc7cd8da 265
222197170232 7655acd3dc7cd8da 265
222197272747 7655acd3dc7cd8da 266
222197377854 7655acd3dc7cd8da 266
222197479490 7655acd3dc7cd8da 267
222197584638 7655acd3dc7cd8da 267
222197684814 7655acd3dc7cd8da 268
222197788057 7655acd3dc7cd8da 268
222197892071 7655acd3dc7cd8da 268
222197994900 7655acd3dc7cd8da 269
222198098149 7655acd3dc7cd8da 269
222198201552 7655acd3dc7cd8da 270
222198309543 7655acd3dc7cd8da 270
222198414432 7655acd3dc7cd8da 271
222198517970 7655acd3dc7cd8da 271
222198620379 7655acd3dc7cd8da 271
222198724303 7655acd3dc7cd8da 272
222198831151 7655acd3dc7cd8da 272
222198933231 7655acd3dc7cd8da 273
222199035855 7655acd3dc7cd8da 273
222199139178 7655acd3dc7cd8da 274
222199240939 7655acd3dc7cd8da 274
222199346951 7655acd3dc7cd8da 274
222199449803 7655acd3dc7cd8da 275
222199558046 7655acd3dc7cd8da 275
222199660207 7655acd3dc7cd8da 276
222199763889 7655acd3dc7cd8da 276
222199867072 7655acd3dc7cd8da 277
222199977739 7655acd3dc7cd8da 277
222200075056 7655acd3dc7cd8da 277
222200178611 7655acd3dc7cd8da 278
222200279136 7655acd3dc7cd8da 278
222200384109 7655acd3dc7cd8da 279
222200487846 7655acd3dc7cd8da 279
222200591106 7655acd3dc7cd8da 280
222200694383 7655acd3dc7cd8da 280
222200796839 7655acd3dc7cd8da 280
222200902565 7655acd3dc7cd8da 281
222201005989 7655acd3dc7cd8da 281
222201106592 7655acd3dc7cd8da 282
222201213280 7655acd3dc7cd8da 282
222201313179 7655acd3dc7cd8da 283
222201419468 7655acd3dc7cd8da 283
222201520678 7655acd3dc7cd8da 283
222201624449 7655acd3dc7cd8da 284
222201729441 7655acd3dc7cd8da 284
222201816382 7655acd3dc7cd8da 285
222201925650 7655acd3dc7cd8da 285
222202024552 7655acd3dc7cd8da 242
222202125124 7655acd3dc7cd8da 242
222202242803 7655acd3dc7cd8da 242
222202347124 7655acd3dc7cd8da 242
222202451835 7655acd3dc7cd8da 242
222202553282 7655acd3dc7cd8da 242
222202656713 7655acd3dc7cd8da 242
222202761074 7655acd3dc7cd8da 242
222202863073 7655acd3dc7cd8da 242
222202970339 7655acd3dc7cd8da 242
222203072714 7655acd3dc7cd8da 242
222203176433 7655acd3dc7cd8da 242
222203276895 7655acd3dc7cd8da 242
222203381201 7655acd3dc7cd8da 242
222203483309 7655acd3dc7cd8da 242
222203588899 7655acd3dc7cd8da 242
222203692877 7655acd3dc7cd8da 242
222203797858 7655acd3dc7cd8da 242
222203900232 7655acd3dc7cd8da 242
222204003788 7655acd3dc7cd8da 242
222204105411 7655acd3dc7cd8da 242
222204206674 7655acd3dc7cd8da 242
222204311992 7655acd3dc7cd8da 242
222204416259 7655acd3dc7cd8da 242
222204518713 7655acd3dc7cd8da 242
222204622554 7655acd3dc7cd8da 242
222204731245 7655acd3dc7cd8da 242
222204832076 7655acd3dc7cd8da 242
222204935626 7655acd3dc7cd8da 242
222205039133 7655acd3dc7cd8da 242
222205142062 7655acd3dc7cd8da 242
222205246285 7655acd3dc7cd8da 242
222205352167 7655acd3dc7cd8da 242
222205453805 7655acd3dc7cd8da 242
222205555480 7655acd3dc7cd8da 242
222205659735 7655acd3dc7cd8da 242
222205764840 7655acd3dc7cd8da 242
222205865874 7655acd3dc7cd8da 242
222205972839 7655acd3dc7cd8da 242
222206076698 7655acd3dc7cd8da 242
222206176144 7655acd3dc7cd8da 242
222206282882 7655acd3dc7cd8da 242
222206383779 7655acd3dc7cd8da 242
222206487578 7655acd3dc7cd8da 242
222206591035 7655acd3dc7cd8da 242
222206695984 7655acd3dc7cd8da 242
222206796107 7655acd3dc7cd8da 242
222206899059 7655acd3dc7cd8da 242
222207004783 7655acd3dc7cd8da 242
222207106963 7655acd3dc7cd8da 242
222207209485 7655acd3dc7cd8da 242
222207314996 7655acd3dc7cd8da 242
222207416341 7655acd3dc7cd8da 242
222207518874 7655acd3dc7cd8da 242
222207624407 7655acd3dc7cd8da 242
222207728556 7655acd3dc7cd8da 242
222207830159 7655acd3dc7cd8da 242
222207934181 7655acd3dc7cd8da 242
222208036802 7655acd3dc7cd8da 242
222208139805 7655acd3dc7cd8da 242
222208246005 7655acd3dc7cd8da 242
222208346957 7655acd3dc7cd8da 242
222208450612 7655acd3dc7cd8da 242
222208554912 7655acd3dc7cd8da 242
222208660810 7655acd3dc7cd8da 242
222208761247 7655acd3dc7cd8da 242
222208864840 7655acd3dc7cd8da 242
222208966720 7655acd3dc7cd8da 242
222209075781 7655acd3dc7cd8da 242
222209175923 7655acd3dc7cd8da 242
222209279568 7655acd3dc7cd8da 242
222209382318 7655acd3dc7cd8da 242
222209485100 7655acd3dc7cd8da 242
222209589412 7655acd3dc7cd8da 242
222209692266 7655acd3dc7cd8da 242
222209795507 7655acd3dc7cd8da 242
222209900334 7655acd3dc7cd8da 242
222210001209 7655acd3dc7cd8da 242
222210108445 7655acd3dc7cd8da 242
222210210195 7655acd3dc7cd8da 242
222210311841 7655acd3dc7cd8da 242
222210415183 7655acd3dc7cd8da 242
222210520686 7655acd3dc7cd8da 242
222210623245 7655acd3dc7cd8da 242
222210725034 7655acd3dc7cd8da 242
222210831144 7655acd3dc7cd8da 242
222210930824 7655acd3dc7cd8da 242
222211036436 7655acd3dc7cd8da 242
222211140029 7655acd3dc7cd8da 242
222211242562 7655acd3dc7cd8da 242
222211361503 7655acd3dc7cd8da 242
222211463666 7655acd3dc7cd8da 242
222211569088 7655acd3dc7cd8da 242
222211670056 7655acd3dc7cd8da 242
222211773985 7655acd3dc7cd8da 242
222211875318 7655acd3dc7cd8da 242
222211978361 7655acd3dc7cd8da 242
222212089656 7655acd3dc7cd8da 242
222212189239 7655acd3dc7cd8da 242
222212289482 7655acd3dc7cd8da 242
222212392248 7655acd3dc7cd8da 242
222212494428 7655acd3dc7cd8da 242
222212598155 7655acd3dc7cd8da 242
222212705092 7655acd3dc7cd8da 242
222212807955 7655acd3dc7cd8da 242
222212910775 7655acd3dc7cd8da 242
222213016366 7655acd3dc7cd8da 242
222213118775 7655acd3dc7cd8da 242
222213218925 7655acd3dc7cd8da 242
222213323675 7655acd3dc7cd8da 242
222213427708 7655acd3dc7cd8da 242
222213530271 7655acd3dc7cd8da 242
222213632928 7655acd3dc7cd8da 242
222213734829 7655acd3dc7cd8da 242
222213840979 7655acd3dc7cd8da 242
222213942028 7655acd3dc7cd8da 242
222214050646 7655acd3dc7cd8da 242
222214154052 7655acd3dc7cd8da 242
222214254223 7655acd3dc7cd8da 242
222214357289 7655acd3dc7cd8da 242
222214458481 7655acd3dc7cd8da 242
222214562474 7655acd3dc7cd8da 242
222214668253 7655acd3dc7cd8da 242
222214772277 7655acd3dc7cd8da 242
222214874977 7655acd3dc7cd8da 242
222214975610 7655acd3dc7cd8da 242
222215082846 7655acd3dc7cd8da 242
222215184056 7655acd3dc7cd8da 242
222215286217 7655acd3dc7cd8da 242
222215391655 7655acd3dc7cd8da 242
222215492970 7655acd3dc7cd8da 242
222215596320 7655acd3dc7cd8da 242
222215699896 7655acd3dc7cd8da 242
222215803554 7655acd3dc7cd8da 242
222215908993 7655acd3dc7cd8da 242
222216011291 7655acd3dc7cd8da 242
222245599940 7655acd3dc7cd8da 243
222245606786 7655acd3dc7cd8da 243
222245611664 7655acd3dc7cd8da 243
222245615345 7655acd3dc7cd8da 243
222245620169 7655acd3dc7cd8da 243
222245622675 7655acd3dc7cd8da 243
222245625650 7655acd3dc7cd8da 243
222245628092 7655acd3dc7cd8da 243
222245630978 7655acd3dc7cd8da 243
222245633835 7655acd3dc7cd8da 243
222245636303 7655acd3dc7cd8da 243
222245638511 7655acd3dc7cd8da 243
222245641822 7655acd3dc7cd8da 243
222245644106 7655acd3dc7cd8da 243
222245646747 7655acd3dc7cd8da 243
222245649252 7655acd3dc7cd8da 243
222245707863 7655acd3dc7cd8da 243
222245810081 7655acd3dc7cd8da 243
222245915112 7655acd3dc7cd8da 243
222246019435 7655acd3dc7cd8da 243
222246120757 7655acd3dc7cd8da 243
222246225970 7655acd3dc7cd8da 243
222246326118 7655acd3dc7cd8da 243
222246430202 7655acd3dc7cd8da 243
222246533350 7655acd3dc7cd8da 243
222246643324 7655acd3dc7cd8da 243
222246745121 7655acd3dc7cd8da 243
222246848324 7655acd3dc7cd8da 243
222246961264 7655acd3dc7cd8da 243
222247060511 7655acd3dc7cd8da 243
222247166172 7655acd3dc7cd8da 243
222247270813 7655acd3dc7cd8da 243
222247371655 7655acd3dc7cd8da 243
222247479739 7655acd3dc7cd8da 243
222247583800 7655acd3dc7cd8da 243
222247687208 7655acd3dc7cd8da 243
222247788495 7655acd3dc7cd8da 243
222247894623 7655acd3dc7cd8da 243
222247999179 7655acd3dc7cd8da 243
222248099273 7655acd3dc7cd8da 243
222248202839 7655acd3dc7cd8da 243
222248306489 7655acd3dc7cd8da 243
222248556908 7655acd3dc7cd8da 243
222248681521 7655acd3dc7cd8da 243
222248775287 7655acd3dc7cd8da 243
222248892666 7655acd3dc7cd8da 243
222248996577 7655acd3dc7cd8da 243
222249099199 7655acd3dc7cd8da 243
222249202880 7655acd3dc7cd8da 243
222249306832 7655acd3dc7cd8da 243
222249410487 7655acd3dc7cd8da 243
222249514643 7655acd3dc7cd8da 243
222249615288 7655acd3dc7cd8da 243
222249720564 7655acd3dc7cd8da 243
222249822304 7655acd3dc7cd8da 243
222249924966 7655acd3dc7cd8da 243
222250029828 7655acd3dc7cd8da 243
222250131802 7655acd3dc7cd8da 243
222250236515 7655acd3dc7cd8da 243
222250338580 7655acd3dc7cd8da 243
222250425983 7655acd3dc7cd8da 243
222250529701 7655acd3dc7cd8da 243
222250633194 7655acd3dc7cd8da 207
222250736787 7655acd3dc7cd8da 207
222250861307 7655acd3dc7cd8da 207
222250964757 7655acd3dc7cd8da 207
222251068510 7655acd3dc7cd8da 207
222251172167 7655acd3dc7cd8da 207
222251276059 7655acd3dc7cd8da 207
222251377806 7655acd3dc7cd8da 207
222251482574 7655acd3dc7cd8da 207
222251588031 7655acd3dc7cd8da 207
222251688152 7655acd3dc7cd8da 207
222251792315 7655acd3dc7cd8da 207
222251896214 7655acd3dc7cd8da 207
222252000348 7655acd3dc7cd8da 207
222252102853 7655acd3dc7cd8da 207
222252206253 7655acd3dc7cd8da 207
222252309640 7655acd3dc7cd8da 207
222252416892 7655acd3dc7cd8da 207
222252514622 7655acd3dc7cd8da 207
222252618023 7655acd3dc7cd8da 207
222252721616 7655acd3dc7cd8da 207
222252825807 7655acd3dc7cd8da 207
222252933649 7655acd3dc7cd8da 207
222253031780 7655acd3dc7cd8da 207
222253135091 7655acd3dc7cd8da 207
222253239236 7655acd3dc7cd8da 207
222253343520 7655acd3dc7cd8da 207
222253445369 7655acd3dc7cd8da 207
222253550653 7655acd3dc7cd8da 207
222253655998 7655acd3dc7cd8da 207
222253745673 7655acd3dc7cd8da 207
222253845643 7655acd3dc7cd8da 207
222253950910 7655acd3dc7cd8da 207
222254051953 7655acd3dc7cd8da 207
222254171915 7655acd3dc7cd8da 207
222254271972 7655acd3dc7cd8da 207
222254378787 7655acd3dc7cd8da 207
222254481528 7655acd3dc7cd8da 207
222254584192 7655acd3dc7cd8da 207
222254684916 7655acd3dc7cd8da 207
222254790034 7655acd3dc7cd8da 207
222254895386 7655acd3dc7cd8da 207
222254998022 7655acd3dc7cd8da 207
222255098448 7655acd3dc7cd8da 207
222255203262 7655acd3dc7cd8da 207
222255305604 7655acd3dc7cd8da 207
222255410103 7655acd3dc7cd8da 207
222255513186 7655acd3dc7cd8da 207
222255615399 7655acd3dc7cd8da 207
222255720652 7655acd3dc7cd8da 207
222255823932 7655acd3dc7cd8da 207
222255927721 7655acd3dc7cd8da 207
222256028990 7655acd3dc7cd8da 207
222256135447 7655acd3dc7cd8da 207
222256241871 7655acd3dc7cd8da 207
222256339800 7655acd3dc7cd8da 207
222256448985 7655acd3dc7cd8da 207
222256547359 7655acd3dc7cd8da 207
222256651064 7655acd3dc7cd8da 207
222256754678 7655acd3dc7cd8da 207
222256858635 7655acd3dc7cd8da 207
222256963857 7655acd3dc7cd8da 207
222257062790 7655acd3dc7cd8da 207
222257169442 7655acd3dc7cd8da 207
222257270429 7655acd3dc7cd8da 207
222257377166 7655acd3dc7cd8da 207
222257479213 7655acd3dc7cd8da 207
222257579972 7655acd3dc7cd8da 207
222257684147 7655acd3dc7cd8da 207
222257790311 7655acd3dc7cd8da 207
222257890266 7655acd3dc7cd8da 207
222257995256 7655acd3dc7cd8da 207
222258096751 7655acd3dc7cd8da 207
222258203388 7655acd3dc7cd8da 207
222258304949 7655acd3dc7cd8da 207
222258407398 7655acd3dc7cd8da 207
222258509994 7655acd3dc7cd8da 207
222258613494 7655acd3dc7cd8da 207
222258717531 7655acd3dc7cd8da 207
222258821803 7655acd3dc7cd8da 207
222258926611 7655acd3dc7cd8da 207
222259031900 7655acd3dc7cd8da 207
222259132013 7655acd3dc7cd8da 207
222259236845 7655acd3dc7cd8da 207
222259338504 7655acd3dc7cd8da 207
222259442419 7655acd3dc7cd8da 207
222259544569 7655acd3dc7cd8da 207
222259648621 7655acd3dc7cd8da 207
222259750481 7655acd3dc7cd8da 207
222259855492 7655acd3dc7cd8da 207
222259958255 7655acd3dc7cd8da 207
222260061812 7655acd3dc7cd8da 207
222260163359 7655acd3dc7cd8da 207
222260272728 7655acd3dc7cd8da 207
222260369701 7655acd3dc7cd8da 207
222260477269 7655acd3dc7cd8da 207
222260576203 7655acd3dc7cd8da 207
222260680513 7655acd3dc7cd8da 207
222260784716 7655acd3dc7cd8da 207
222260888431 7655acd3dc7cd8da 207
222260990362 7655acd3dc7cd8da 207
222261095258 7655acd3dc7cd8da 207
222261196880 7655acd3dc7cd8da 207
222261300950 7655acd3dc7cd8da 207
222261404455 7655acd3dc7cd8da 207
222261510317 7655acd3dc7cd8da 207
222261612104 7655acd3dc7cd8da 207
222261717944 7655acd3dc7cd8da 207
222261820801 7655acd3dc7cd8da 207
222261921073 7655acd3dc7cd8da 207
222262026682 7655acd3dc7cd8da 207
222262128873 7655acd3dc7cd8da 207
222262231462 7655acd3dc7cd8da 207
222262335114 7655acd3dc7cd8da 207
222262438985 7655acd3dc7cd8da 207
222262541597 7655acd3dc7cd8da 207
222262647856 7655acd3dc7cd8da 207
222262748109 7655acd3dc7cd8da 207
222262852470 7655acd3dc7cd8da 207
222262954817 7655acd3dc7cd8da 207
222263056058 7655acd3dc7cd8da 207
222263161046 7655acd3dc7cd8da 207
222263267204 7655acd3dc7cd8da 207
222263366548 7655acd3dc7cd8da 207
222263472119 7655acd3dc7cd8da 207
222263574575 7655acd3dc7cd8da 207
222263677201 7655acd3dc7cd8da 207
222263783472 7655acd3dc7cd8da 207
222263884904 7655acd3dc7cd8da 207
222263988603 7655acd3dc7cd8da 207
222264092034 7655acd3dc7cd8da 207
222264195087 7655acd3dc7cd8da 207
222264300996 7655acd3dc7cd8da 207
222264401835 7655acd3dc7cd8da 207
222264512855 7655acd3dc7cd8da 207
222264608372 7655acd3dc7cd8da 207
222264712151 7655acd3dc7cd8da 207
222264814924 7655acd3dc7cd8da 207
222264917795 7655acd3dc7cd8da 207
222265022330 7655acd3dc7cd8da 207
222265125578 7655acd3dc7cd8da 207
222265229200 7655acd3dc7cd8da 207
222265332530 7655acd3dc7cd8da 207
222265435999 7655acd3dc7cd8da 207
222265538194 7655acd3dc7cd8da 207
222265643395 7655acd3dc7cd8da 207
222265745583 7655acd3dc7cd8da 207
222265851359 7655acd3dc7cd8da 207
222265951812 7655acd3dc7cd8da 207
222266056566 7655acd3dc7cd8da 207
222266160004 7655acd3dc7cd8da 207
222266262186 7655acd3dc7cd8da 207
222266366391 7655acd3dc7cd8da 207
222266471407 7655acd3dc7cd8da 207
222266573444 7655acd3dc7cd8da 207
222266676683 7655acd3dc7cd8da 207
222266779201 7655acd3dc7cd8da 207
222266896895 7655acd3dc7cd8da 207
222266986476 7655acd3dc7cd8da 207
222267094769 7655acd3dc7cd8da 207
222267192810 7655acd3dc7cd8da 207
222267296740 7655acd3dc7cd8da 207
222267399526 7655acd3dc7cd8da 207
222267503242 7655acd3dc7cd8da 207
222267607548 7655acd3dc7cd8da 207
222267711451 7655acd3dc7cd8da 207
222267815469 7655acd3dc7cd8da 207
222267914840 7655acd3dc7cd8da 207
222268020478 7655acd3dc7cd8da 207
222268122877 7655acd3dc7cd8da 207
222268227404 7655acd3dc7cd8da 207
222268329406 7655acd3dc7cd8da 207
222268433690 7655acd3dc7cd8da 207
222268545832 7655acd3dc7cd8da 207
222268641312 7655acd3dc7cd8da 207
222268743094 7655acd3dc7cd8da 207
222268848947 7655acd3dc7cd8da 207
222268949064 7655acd3dc7cd8da 207
222269053170 7655acd3dc7cd8da 207
222269155516 7655acd3dc7cd8da 207
222269258990 7655acd3dc7cd8da 207
222269363201 7655acd3dc7cd8da 207
222269466882 7655acd3dc7cd8da 207
222269572832 7655acd3dc7cd8da 207
222269674883 7655acd3dc7cd8da 207
222269776409 7655acd3dc7cd8da 207
222269882217 7655acd3dc7cd8da 207
222269982468 7655acd3dc7cd8da 207
222270088436 7655acd3dc7cd8da 207
222270189980 7655acd3dc7cd8da 207
222270292578 7655acd3dc7cd8da 207
222270397469 7655acd3dc7cd8da 207
222270499527 7655acd3dc7cd8da 207
222270605572 7655acd3dc7cd8da 207
222270706386 7655acd3dc7cd8da 207
222270813391 7655acd3dc7cd8da 207
222270913532 7655acd3dc7cd8da 207
222271018299 7655acd3dc7cd8da 207
222271121102 7655acd3dc7cd8da 207
222271223089 7655acd3dc7cd8da 207
222271327004 7655acd3dc7cd8da 208
222271432850 7655acd3dc7cd8da 208
222271534894 7655acd3dc7cd8da 208
222271640114 7655acd3dc7cd8da 209
222271741998 7655acd3dc7cd8da 209
222271847000 7655acd3dc7cd8da 210
222271947514 7655acd3dc7cd8da 210
222272050463 7655acd3dc7cd8da 211
222272152401 7655acd3dc7cd8da 211
222272258361 7655acd3dc7cd8da 211
222272361796 7655acd3dc7cd8da 212
222272463945 7655acd3dc7cd8da 212
222272568055 7655acd3dc7cd8da 213
222272671585 7655acd3dc7cd8da 213
222272776052 7655acd3dc7cd8da 214
222272875947 7655acd3dc7cd8da 214
222272979429 7655acd3dc7cd8da 214
222273083432 7655acd3dc7cd8da 215
222273195974 7655acd3dc7cd8da 215
222273290525 7655acd3dc7cd8da 216
222273394311 7655acd3dc7cd8da 216
222273499603 7655acd3dc7cd8da 217
222273603206 7655acd3dc7cd8da 217
222273708649 7655acd3dc7cd8da 217
222273808267 7655acd3dc7cd8da 218
222273911434 7655acd3dc7cd8da 218
222274014551 7655acd3dc7cd8da 219
222274117894 7655acd3dc7cd8da 219
222274418743 7655acd3dc7cd8da 220
222274426182 7655acd3dc7cd8da 220
222274429398 7655acd3dc7cd8da 220
222274536139 7655acd3dc7cd8da 221
222274640108 7655acd3dc7cd8da 221
222274742323 7655acd3dc7cd8da 222
222274845859 7655acd3dc7cd8da 222
222274957457 7655acd3dc7cd8da 223
222275052138 7655acd3dc7cd8da 223
222275155389 7655acd3dc7cd8da 223
222275260013 7655acd3dc7cd8da 224
222275362935 7655acd3dc7cd8da 224
222275464947 7655acd3dc7cd8da 225
222275569563 7655acd3dc7cd8da 225
222275674277 7655acd3dc7cd8da 225
222275777491 7655acd3dc7cd8da 225
222275878890 7655acd3dc7cd8da 226
222275987300 7655acd3dc7cd8da 226
222276086639 7655acd3dc7cd8da 226
222276192125 7655acd3dc7cd8da 226
222276295246 7655acd3dc7cd8da 227
222276398301 7655acd3dc7cd8da 227
222276498527 7655acd3dc7cd8da 227
222276605531 7655acd3dc7cd8da 228
222276712644 7655acd3dc7cd8da 228
222276814142 7655acd3dc7cd8da 229
222276918464 7655acd3dc7cd8da 229
222277021010 7655acd3dc7cd8da 229
222277124982 7655acd3dc7cd8da 230
222277228802 7655acd3dc7cd8da 230
222277331480 7655acd3dc7cd8da 231
222277433552 7655acd3dc7cd8da 231
222277538738 7655acd3dc7cd8da 232
222277641769 7655acd3dc7cd8da 232
222277745124 7655acd3dc7cd8da 232
222277848595 7655acd3dc7cd8da 233
222277950227 7655acd3dc7cd8da 233
222278062144 7655acd3dc7cd8da 234
222278159231 7655acd3dc7cd8da 234
222278262049 7655acd3dc7cd8da 235
222278366629 7655acd3dc7cd8da 235
222278468722 7655acd3dc7cd8da 235
222278572345 7655acd3dc7cd8da 236
222278677163 7655acd3dc7cd8da 236
222278781320 7655acd3dc7cd8da 237
222278881661 7655acd3dc7cd8da 237
222278990789 7655acd3dc7cd8da 238
222279095960 7655acd3dc7cd8da 238
222279198483 7655acd3dc7cd8da 238
222279302581 7655acd3dc7cd8da 239
222279405016 7655acd3dc7cd8da 239
222279509412 7655acd3dc7cd8da 240
222279614255 7655acd3dc7cd8da 240
222279715023 7655acd3dc7cd8da 241
222279820781 7655acd3dc7cd8da 241
222279920194 7655acd3dc7cd8da 241
222280024109 7655acd3dc7cd8da 242
222280128460 7655acd3dc7cd8da 242
222280234278 7655acd3dc7cd8da 243
222280334725 7655acd3dc7cd8da 243
222280437145 7655acd3dc7cd8da 243
222280542453 7655acd3dc7cd8da 244
222280644794 7655acd3dc7cd8da 244
222280749133 7655acd3dc7cd8da 245
222280852602 7655acd3dc7cd8da 245
222280953082 7655acd3dc7cd8da 246
222281058372 7655acd3dc7cd8da 246
222281161775 7655acd3dc7cd8da 246
222281262786 7655acd3dc7cd8da 247
222281374958 7655acd3dc7cd8da 247
222281470583 7655acd3dc7cd8da 248
222281575525 7655acd3dc7cd8da 248
222281676796 7655acd3dc7cd8da 249
222281779759 7655acd3dc7cd8da 249
222281886051 7655acd3dc7cd8da 249
222281988652 7655acd3dc7cd8da 250
222282091497 7655acd3dc7cd8da 250
222282195432 7655acd3dc7cd8da 251
222282297489 7655acd3dc7cd8da 251
222282402622 7655acd3dc7cd8da 252
222282506656 7655acd3dc7cd8da 252
222285254282 7655acd3dc7cd8da 214
222285264510 7655acd3dc7cd8da 214
222285266983 7655acd3dc7cd8da 214
222285277212 7655acd3dc7cd8da 214
222285280775 7655acd3dc7cd8da 214
222285285433 7655acd3dc7cd8da 214
222285288138 7655acd3dc7cd8da 214
222285290589 7655acd3dc7cd8da 214
222285293102 7655acd3dc7cd8da 214
222285295451 7655acd3dc7cd8da 214
222285297944 7655acd3dc7cd8da 214
222285301003 7655acd3dc7cd8da 214
222285303209 7655acd3dc7cd8da 214
222285305562 7655acd3dc7cd8da 214
222285307860 7655acd3dc7cd8da 214
222285310099 7655acd3dc7cd8da 214
222285312493 7655acd3dc7cd8da 214
222285314603 7655acd3dc7cd8da 214
222285317935 7655acd3dc7cd8da 214
222285320144 7655acd3dc7cd8da 214
222285322258 7655acd3dc7cd8da 214
222285325600 7655acd3dc7cd8da 214
222285327553 7655acd3dc7cd8da 214
222285330423 7655acd3dc7cd8da 214
222285332340 7655acd3dc7cd8da 214
222285335320 7655acd3dc7cd8da 214
222285355039 7655acd3dc7cd8da 214
222285455220 7655acd3dc7cd8da 214
222285559429 7655acd3dc7cd8da 214
222285663833 7655acd3dc7cd8da 214
222285765177 7655acd3dc7cd8da 214
222285872136 7655acd3dc7cd8da 214
222285972527 7655acd3dc7cd8da 214
222286075131 7655acd3dc7cd8da 214
222286179627 7655acd3dc7cd8da 214
222286283024 7655acd3dc7cd8da 214
222286387576 7655acd3dc7cd8da 214
222286489255 7655acd3dc7cd8da 214
222286596162 7655acd3dc7cd8da 214
222286696810 7655acd3dc7cd8da 214
222286798251 7655acd3dc7cd8da 214
222286901808 7655acd3dc7cd8da 214
222287005077 7655acd3dc7cd8da 214
222287108884 7655acd3dc7cd8da 214
222287213943 7655acd3dc7cd8da 214
222287316063 7655acd3dc7cd8da 214
222287428050 7655acd3dc7cd8da 214
222287521697 7655acd3dc7cd8da 214
222287628822 7655acd3dc7cd8da 214
222287729616 7655acd3dc7cd8da 214
222287833206 7655acd3dc7cd8da 214
222287935533 7655acd3dc7cd8da 214
222288046778 7655acd3dc7cd8da 214
222288143157 7655acd3dc7cd8da 214
222288247582 7655acd3dc7cd8da 214
222288351172 7655acd3dc7cd8da 214
222288453510 7655acd3dc7cd8da 214
222288557197 7655acd3dc7cd8da 214
222288661739 7655acd3dc7cd8da 214
222288764071 7655acd3dc7cd8da 214
222288867095 7655acd3dc7cd8da 214
222288970749 7655acd3dc7cd8da 214
222289074369 7655acd3dc7cd8da 214
222289178359 7655acd3dc7cd8da 214
222289283275 7655acd3dc7cd8da 214
222289383201 7655acd3dc7cd8da 214
222289487670 7655acd3dc7cd8da 214
222289591217 7655acd3dc7cd8da 214
222289698203 7655acd3dc7cd8da 214
222289802698 7655acd3dc7cd8da 214
222289907481 7655acd3dc7cd8da 214
222290011229 7655acd3dc7cd8da 214
222290113292 7655acd3dc7cd8da 214
222290214864 7655acd3dc7cd8da 214
222290318040 7655acd3dc7cd8da 214
222290423173 7655acd3dc7cd8da 214
222290529333 7655acd3dc7cd8da 214
222290630954 7655acd3dc7cd8da 214
222290731212 7655acd3dc7cd8da 214
222290835089 7655acd3dc7cd8da 214
222290937848 7655acd3dc7cd8da 214
222291040573 7655acd3dc7cd8da 214
222291145631 7655acd3dc7cd8da 214
222291254375 7655acd3dc7cd8da 214
222291356123 7655acd3dc7cd8da 214
222291459475 7655acd3dc7cd8da 214
222291563235 7655acd3dc7cd8da 214
222291667139 7655acd3dc7cd8da 214
222291771930 7655acd3dc7cd8da 214
222291872746 7655acd3dc7cd8da 214
222291978034 7655acd3dc7cd8da 214
222292081756 7655acd3dc7cd8da 214
222292186721 7655acd3dc7cd8da 214
222292286942 7655acd3dc7cd8da 214
222292392034 7655acd3dc7cd8da 214
222292495834 7655acd3dc7cd8da 214
222292599442 7655acd3dc7cd8da 214
222292700522 7655acd3dc7cd8da 214
222292811347 7655acd3dc7cd8da 214
222292911393 7655acd3dc7cd8da 214
222293016108 7655acd3dc7cd8da 214
222293118701 7655acd3dc7cd8da 214
222293223089 7655acd3dc7cd8da 214
222293327623 7655acd3dc7cd8da 214
222293427946 7655acd3dc7cd8da 214
222293531113 7655acd3dc7cd8da 214
222293636977 7655acd3dc7cd8da 214
222293738671 7655acd3dc7cd8da 214
222293842896 7655acd3dc7cd8da 214
222293946962 7655acd3dc7cd8da 214
222294050467 7655acd3dc7cd8da 214
222294154319 7655acd3dc7cd8da 214
222294255809 7655acd3dc7cd8da 214
222294359382 7655acd3dc7cd8da 214
222294463998 7655acd3dc7cd8da 214
222294566263 7655acd3dc7cd8da 214
222294669896 7655acd3dc7cd8da 214
222294773139 7655acd3dc7cd8da 214
222294878072 7655acd3dc7cd8da 214
222294980186 7655acd3dc7cd8da 214
222295083837 7655acd3dc7cd8da 214
222295190306 7655acd3dc7cd8da 214
222295293773 7655acd3dc7cd8da 214
222295394444 7655acd3dc7cd8da 214
222295498818 7655acd3dc7cd8da 214
222295585116 7655acd3dc7cd8da 214
222295689943 7655acd3dc7cd8da 214
222295791540 7655acd3dc7cd8da 214
222295896008 7655acd3dc7cd8da 214
222296013979 7655acd3dc7cd8da 214
222296117027 7655acd3dc7cd8da 214
222296222960 7655acd3dc7cd8da 214
222296323682 7655acd3dc7cd8da 214
222296427436 7655acd3dc7cd8da 214
222296532275 7655acd3dc7cd8da 214
222296635324 7655acd3dc7cd8da 214
222296739991 7655acd3dc7cd8da 214
222296841603 7655acd3dc7cd8da 214
222296943511 7655acd3dc7cd8da 214
222297045811 7655acd3dc7cd8da 214
222297150402 7655acd3dc7cd8da 214
222297255883 7655acd3dc7cd8da 214
222297359619 7655acd3dc7cd8da 214
222297460222 7655acd3dc7cd8da 214
222297563242 7655acd3dc7cd8da 214
222297669215 7655acd3dc7cd8da 214
222297772140 7655acd3dc7cd8da 214
222297873647 7655acd3dc7cd8da 214
222297979145 7655acd3dc7cd8da 214
222298079611 7655acd3dc7cd8da 214
222298184591 7655acd3dc7cd8da 214
222298287974 7655acd3dc7cd8da 214
222298390112 7655acd3dc7cd8da 214
222298496063 7655acd3dc7cd8da 214
222298597724 7655acd3dc7cd8da 214
222298700973 7655acd3dc7cd8da 214
222298803142 7655acd3dc7cd8da 214
222298906680 7655acd3dc7cd8da 214
222299010824 7655acd3dc7cd8da 214
222299112312 7655acd3dc7cd8da 214
222299216007 7655acd3dc7cd8da 214
222299319548 7655acd3dc7cd8da 214
222299424458 7655acd3dc7cd8da 214
222299526815 7655acd3dc7cd8da 214
222299631562 7655acd3dc7cd8da 214
222299734776 7655acd3dc7cd8da 214
222299838626 7655acd3dc7cd8da 214
222299940809 7655acd3dc7cd8da 214
222300046921 7655acd3dc7cd8da 214
222300147669 7655acd3dc7cd8da 214
222300254215 7655acd3dc7cd8da 214
222300355133 7655acd3dc7cd8da 214
222300463599 7655acd3dc7cd8da 214
222300566540 7655acd3dc7cd8da 214
222300668815 7655acd3dc7cd8da 214
222300772621 7655acd3dc7cd8da 214
222300875444 7655acd3dc7cd8da 214
222300978659 7655acd3dc7cd8da 214
222301081839 7655acd3dc7cd8da 214
222301184800 7655acd3dc7cd8da 214
222301288409 7655acd3dc7cd8da 214
222301392063 7655acd3dc7cd8da 214
222301496644 7655acd3dc7cd8da 214
222301603334 7655acd3dc7cd8da 214
222301703441 7655acd3dc7cd8da 214
222301805518 7655acd3dc7cd8da 214
222301908900 7655acd3dc7cd8da 214
222302022126 7655acd3dc7cd8da 214
222302122711 7655acd3dc7cd8da 214
222302226201 7655acd3dc7cd8da 214
222302328092 7655acd3dc7cd8da 214
222302431262 7655acd3dc7cd8da 214
222302534428 7655acd3dc7cd8da 214
222302637934 7655acd3dc7cd8da 214
222302742025 7655acd3dc7cd8da 214
222302846036 7655acd3dc7cd8da 214
222302947283 7655acd3dc7cd8da 214
222303051506 7655acd3dc7cd8da 214
222303154422 7655acd3dc7cd8da 214
222303257250 7655acd3dc7cd8da 214
222303361846 7655acd3dc7cd8da 214
222303464601 7655acd3dc7cd8da 214
222303572250 7655acd3dc7cd8da 214
222303678369 7655acd3dc7cd8da 214
222303779181 7655acd3dc7cd8da 214
222303882770 7655acd3dc7cd8da 214
222303985840 7655acd3dc7cd8da 214
222304088541 7655acd3dc7cd8da 214
222304200983 7655acd3dc7cd8da 214
222304295288 7655acd3dc7cd8da 214
222304398579 7655acd3dc7cd8da 214
222304501692 7655acd3dc7cd8da 214
222304607558 7655acd3dc7cd8da 214
222304709124 7655acd3dc7cd8da 214
222304815006 7655acd3dc7cd8da 214
222304915704 7655acd3dc7cd8da 214
222305035695 7655acd3dc7cd8da 215
222305142996 7655acd3dc7cd8da 215
222305251155 7655acd3dc7cd8da 215
222305356798 7655acd3dc7cd8da 216
222305459556 7655acd3dc7cd8da 216
222305561822 7655acd3dc7cd8da 217
222305664250 7655acd3dc7cd8da 217
222305768563 7655acd3dc7cd8da 218
222305871637 7655acd3dc7cd8da 218
222305975264 7655acd3dc7cd8da 218
222306077550 7655acd3dc7cd8da 219
222306182167 7655acd3dc7cd8da 219
222306284492 7655acd3dc7cd8da 220
222306387712 7655acd3dc7cd8da 220
222306492083 7655acd3dc7cd8da 221
222306595180 7655acd3dc7cd8da 221
222306699164 7655acd3dc7cd8da 221
222306801146 7655acd3dc7cd8da 222
222306912899 7655acd3dc7cd8da 222
222307008660 7655acd3dc7cd8da 223
222307112441 7655acd3dc7cd8da 223
222307215982 7655acd3dc7cd8da 224
222307319393 7655acd3dc7cd8da 224
222307423066 7655acd3dc7cd8da 224
222307525778 7655acd3dc7cd8da 225
222307635080 7655acd3dc7cd8da 225
222307733009 7655acd3dc7cd8da 226
222307839612 7655acd3dc7cd8da 226
222307937996 7655acd3dc7cd8da 227
222308042630 7655acd3dc7cd8da 227
222308147502 7655acd3dc7cd8da 227
222308250115 7655acd3dc7cd8da 228
222308355505 7655acd3dc7cd8da 228
222308456176 7655acd3dc7cd8da 229
222308560176 7655acd3dc7cd8da 229
222308665274 7655acd3dc7cd8da 230
222308771601 7655acd3dc7cd8da 230
222308876805 7655acd3dc7cd8da 230
222308980196 7655acd3dc7cd8da 231
222309082614 7655acd3dc7cd8da 231
222309185340 7655acd3dc7cd8da 232
222309290904 7655acd3dc7cd8da 232
222309394464 7655acd3dc7cd8da 233
222309495378 7655acd3dc7cd8da 233
222309598819 7655acd3dc7cd8da 233
222309701549 7655acd3dc7cd8da 234
222309806623 7655acd3dc7cd8da 234
222309908389 7655acd3dc7cd8da 235
222310016164 7655acd3dc7cd8da 235
222310114975 7655acd3dc7cd8da 236
222310219452 7655acd3dc7cd8da 236
222310321767 7655acd3dc7cd8da 236
222310427718 7655acd3dc7cd8da 237
222310529146 7655acd3dc7cd8da 237
222310633970 7655acd3dc7cd8da 238
222310740778 7655acd3dc7cd8da 238
222310839172 7655acd3dc7cd8da 239
222310944456 7655acd3dc7cd8da 239
222311045730 7655acd3dc7cd8da 239
222311148159 7655acd3dc7cd8da 240
222311251609 7655acd3dc7cd8da 240
222311355119 7655acd3dc7cd8da 241
222311459641 7655acd3dc7cd8da 241
222311562005 7655acd3dc7cd8da 242
222311665962 7655acd3dc7cd8da 242
222311769583 7655acd3dc7cd8da 242
222311872377 7655acd3dc7cd8da 243
222311974704 7655acd3dc7cd8da 243
222312078798 7655acd3dc7cd8da 244
222312183619 7655acd3dc7cd8da 244
222312286863 7655acd3dc7cd8da 245
222312388583 7655acd3dc7cd8da 245
222312495528 7655acd3dc7cd8da 245
222312595627 7655acd3dc7cd8da 246
222312700122 7655acd3dc7cd8da 246
222312803319 7655acd3dc7cd8da 247
222312908441 7655acd3dc7cd8da 247
222312994680 7655acd3dc7cd8da 248
222313111433 7655acd3dc7cd8da 248
222313215439 7655acd3dc7cd8da 248
222313320660 7655acd3dc7cd8da 249
222313423359 7655acd3dc7cd8da 249
222313525868 7655acd3dc7cd8da 250
222313628109 7655acd3dc7cd8da 250
222313732377 7655acd3dc7cd8da 251
222313835852 7655acd3dc7cd8da 251
222313939204 7655acd3dc7cd8da 251
222314043459 7655acd3dc7cd8da 252
222314148071 7655acd3dc7cd8da 252
222314249152 7655acd3dc7cd8da 253
222314384246 7655acd3dc7cd8da 253
222314483999 7655acd3dc7cd8da 254
222314588214 7655acd3dc7cd8da 254
222314690754 7655acd3dc7cd8da 254
222314795868 7655acd3dc7cd8da 255
222314898465 7655acd3dc7cd8da 255
222315000898 7655acd3dc7cd8da 256
222315103989 7655acd3dc7cd8da 256
222315207527 7655acd3dc7cd8da 257
222315310790 7655acd3dc7cd8da 257
222315412828 7655acd3dc7cd8da 257
222315517778 7655acd3dc7cd8da 258
222315620713 7655acd3dc7cd8da 258
222315729007 7655acd3dc7cd8da 259
222315827934 7655acd3dc7cd8da 259
222315930686 7655acd3dc7cd8da 260
222316035632 7655acd3dc7cd8da 260
222316137988 7655acd3dc7cd8da 260
222316242532 7655acd3dc7cd8da 261
222316347637 7655acd3dc7cd8da 261
222316447730 7655acd3dc7cd8da 262
222316554653 7655acd3dc7cd8da 262
222316655214 7655acd3dc7cd8da 263
222316757701 7655acd3dc7cd8da 263
222316867181 7655acd3dc7cd8da 263
222316971456 7655acd3dc7cd8da 264
222317074886 7655acd3dc7cd8da 264
222317179094 7655acd3dc7cd8da 265
222317282234 7655acd3dc7cd8da 265
222317385923 7655acd3dc7cd8da 266
222317488683 7655acd3dc7cd8da 266
222317591077 7655acd3dc7cd8da 266
222317693874 7655acd3dc7cd8da 267
222317796651 7655acd3dc7cd8da 267
222317901924 7655acd3dc7cd8da 268
222318006436 7655acd3dc7cd8da 268
222318107684 7655acd3dc7cd8da 269
222318211211 7655acd3dc7cd8da 269
222318315578 7655acd3dc7cd8da 269
222318416779 7655acd3dc7cd8da 270
222318522572 7655acd3dc7cd8da 270
222318626715 7655acd3dc7cd8da 271
222318728074 7655acd3dc7cd8da 271
222318832867 7655acd3dc7cd8da 272
222318934494 7655acd3dc7cd8da 272
222319036199 7655acd3dc7cd8da 272
222319140048 7655acd3dc7cd8da 273
222319243511 7655acd3dc7cd8da 273
222319346347 7655acd3dc7cd8da 274
222319450184 7655acd3dc7cd8da 274
222319554478 7655acd3dc7cd8da 275
222319657213 7655acd3dc7cd8da 275
222319760352 7655acd3dc7cd8da 275
222319863664 7655acd3dc7cd8da 276
222319967622 7655acd3dc7cd8da 276
222320073230 7655acd3dc7cd8da 277
222320175575 7655acd3dc7cd8da 277
222320278592 7655acd3dc7cd8da 278
222320382955 7655acd3dc7cd8da 278
222320485018 7655acd3dc7cd8da 278
222320590199 7655acd3dc7cd8da 279
222320691428 7655acd3dc7cd8da 279
222320796323 7655acd3dc7cd8da 280
222320898669 7655acd3dc7cd8da 280
222321001811 7655acd3dc7cd8da 281
222321104809 7655acd3dc7cd8da 281
222321208240 7655acd3dc7cd8da 281
222321311361 7655acd3dc7cd8da 282
222321415239 7655acd3dc7cd8da 282
222321518437 7655acd3dc7cd8da 283
222321622585 7655acd3dc7cd8da 283
222321728222 7655acd3dc7cd8da 284
222321829969 7655acd3dc7cd8da 284
222321931671 7655acd3dc7cd8da 284
222322036904 7655acd3dc7cd8da 285
222322140230 7655acd3dc7cd8da 285
222322242619 7655acd3dc7cd8da 286
222322346347 7655acd3dc7cd8da 286
222322447590 7655acd3dc7cd8da 287
222322552051 7655acd3dc7cd8da 287
222322655606 7655acd3dc7cd8da 287
222322758590 7655acd3dc7cd8da 288
222322865538 7655acd3dc7cd8da 288
222322965222 7655acd3dc7cd8da 289
222323071430 7655acd3dc7cd8da 289
222323172385 7655acd3dc7cd8da 290
222323275443 7655acd3dc7cd8da 290
222323379027 7655acd3dc7cd8da 290
222323483022 7655acd3dc7cd8da 291
222323585247 7655acd3dc7cd8da 291
222323688867 7655acd3dc7cd8da 292
222323792136 7655acd3dc7cd8da 292
222323895519 7655acd3dc7cd8da 293
222323998726 7655acd3dc7cd8da 293
222324104327 7655acd3dc7cd8da 293
222324205313 7655acd3dc7cd8da 294
222324308684 7655acd3dc7cd8da 294
222324413561 7655acd3dc7cd8da 295
222324517095 7655acd3dc7cd8da 295
222324625199 7655acd3dc7cd8da 296
222324723681 7655acd3dc7cd8da 296
222324826559 7655acd3dc7cd8da 296
222324930458 7655acd3dc7cd8da 297
222325033277 7655acd3dc7cd8da 297
222325136832 7655acd3dc7cd8da 298
222325240302 7655acd3dc7cd8da 298
222325345423 7655acd3dc7cd8da 299
222325447314 7655acd3dc7cd8da 299
222325549132 7655acd3dc7cd8da 299
222325652393 7655acd3dc7cd8da 300
222325755319 7655acd3dc7cd8da 300
222325858420 7655acd3dc7cd8da 301
222325963084 7655acd3dc7cd8da 301
222326065676 7655acd3dc7cd8da 302
222326171445 7655acd3dc7cd8da 302
222326272767 7655acd3dc7cd8da 302
222326376688 7655acd3dc7cd8da 303
222326480702 7655acd3dc7cd8da 303
222326582980 7655acd3dc7cd8da 304
222326685807 7655acd3dc7cd8da 304
222326790854 7655acd3dc7cd8da 304
222326893171 7655acd3dc7cd8da 305
222326996325 7655acd3dc7cd8da 305
222327098990 7655acd3dc7cd8da 306
222327204440 7655acd3dc7cd8da 306
222327306155 7655acd3dc7cd8da 307
222327464581 7655acd3dc7cd8da 307
222327514962 7655acd3dc7cd8da 307
222327616827 7655acd3dc7cd8da 308
222327720517 7655acd3dc7cd8da 308
222327824139 7655acd3dc7cd8da 309
222327928132 7655acd3dc7cd8da 309
222328030315 7655acd3dc7cd8da 310
222328135191 7655acd3dc7cd8da 310
222328236870 7655acd3dc7cd8da 310
222328341692 7655acd3dc7cd8da 311
222328442083 7655acd3dc7cd8da 311
222328548853 7655acd3dc7cd8da 312
222328660782 7655acd3dc7cd8da 312
222328753814 7655acd3dc7cd8da 313
222328856466 7655acd3dc7cd8da 313
222328964408 7655acd3dc7cd8da 313
222329063989 7655acd3dc7cd8da 314
222329166463 7655acd3dc7cd8da 314
222329269408 7655acd3dc7cd8da 315
222329374034 7655acd3dc7cd8da 315
222329476745 7655acd3dc7cd8da 316
222329580386 7655acd3dc7cd8da 316
222329694487 7655acd3dc7cd8da 316
222329786462 7655acd3dc7cd8da 317
222329890330 7655acd3dc7cd8da 317
222329994435 7655acd3dc7cd8da 318
222330097168 7655acd3dc7cd8da 318
222330200721 7655acd3dc7cd8da 319
222330306034 7655acd3dc7cd8da 319
222330407234 7655acd3dc7cd8da 319
222364447111 7655acd3dc7cd8da 323
222364451425 7655acd3dc7cd8da 323
222364453403 7655acd3dc7cd8da 323
222364455143 7655acd3dc7cd8da 323
222364457049 7655acd3dc7cd8da 323
222364458702 7655acd3dc7cd8da 323
222364460444 7655acd3dc7cd8da 323
222364462596 7655acd3dc7cd8da 323
222364464361 7655acd3dc7cd8da 323
222364466067 7655acd3dc7cd8da 323
222364468151 7655acd3dc7cd8da 323
222364469797 7655acd3dc7cd8da 323
222364472084 7655acd3dc7cd8da 323
222364473942 7655acd3dc7cd8da 323
222364475291 7655acd3dc7cd8da 323
222364476728 7655acd3dc7cd8da 323
222364478084 7655acd3dc7cd8da 323
222364479959 7655acd3dc7cd8da 323
222364482962 7655acd3dc7cd8da 323
222364484331 7655acd3dc7cd8da 323
222364485663 7655acd3dc7cd8da 323
222364487953 7655acd3dc7cd8da 323
222364489548 7655acd3dc7cd8da 323
222364491041 7655acd3dc7cd8da 323
222364492615 7655acd3dc7cd8da 323
222364494091 7655acd3dc7cd8da 323
222364495496 7655acd3dc7cd8da 323
222364497015 7655acd3dc7cd8da 323
222364498424 7655acd3dc7cd8da 323
222364558780 7655acd3dc7cd8da 323
222364661862 7655acd3dc7cd8da 323
222364767093 7655acd3dc7cd8da 323
222364868834 7655acd3dc7cd8da 323
222364972745 7655acd3dc7cd8da 323
222365075586 7655acd3dc7cd8da 323
222365178941 7655acd3dc7cd8da 323
222365282961 7655acd3dc7cd8da 323
222365385572 7655acd3dc7cd8da 323
222365489078 7655acd3dc7cd8da 323
222365593383 7655acd3dc7cd8da 323
222365698040 7655acd3dc7cd8da 323
222365798986 7655acd3dc7cd8da 323
222365903508 7655acd3dc7cd8da 323
222366006243 7655acd3dc7cd8da 323
222366114785 7655acd3dc7cd8da 323
222366218650 7655acd3dc7cd8da 323
222366322507 7655acd3dc7cd8da 323
222366432828 7655acd3dc7cd8da 323
222366532756 7655acd3dc7cd8da 323
222366636913 7655acd3dc7cd8da 323
222366741529 7655acd3dc7cd8da 323
222366844523 7655acd3dc7cd8da 323
222366947302 7655acd3dc7cd8da 323
222367050478 7655acd3dc7cd8da 323
222367154073 7655acd3dc7cd8da 323
222367259403 7655acd3dc7cd8da 323
222367359705 7655acd3dc7cd8da 323
222367466257 7655acd3dc7cd8da 323
222367568349 7655acd3dc7cd8da 323
222367676202 7655acd3dc7cd8da 323
222367779147 7655acd3dc7cd8da 323
222367882230 7655acd3dc7cd8da 323
222367989038 7655acd3dc7cd8da 323
222368093070 7655acd3dc7cd8da 323
222368196484 7655acd3dc7cd8da 323
222368302027 7655acd3dc7cd8da 323
222368402324 7655acd3dc7cd8da 323
222368509068 7655acd3dc7cd8da 323
222368610770 7655acd3dc7cd8da 323
222368713144 7655acd3dc7cd8da 323
222368819558 7655acd3dc7cd8da 323
222368919428 7655acd3dc7cd8da 323
222369023681 7655acd3dc7cd8da 323
222369127337 7655acd3dc7cd8da 323
222369420489 7655acd3dc7cd8da 323
222369529244 7655acd3dc7cd8da 323
222369633874 7655acd3dc7cd8da 323
222369735685 7655acd3dc7cd8da 323
222369839361 7655acd3dc7cd8da 323
222369949380 7655acd3dc7cd8da 323
222370052351 7655acd3dc7cd8da 323
222370156167 7655acd3dc7cd8da 323
222370258966 7655acd3dc7cd8da 323
222370362514 7655acd3dc7cd8da 323
222370470934 7655acd3dc7cd8da 323
222370568360 7655acd3dc7cd8da 323
222370676007 7655acd3dc7cd8da 323
222370776400 7655acd3dc7cd8da 323
222370883580 7655acd3dc7cd8da 323
222370985128 7655acd3dc7cd8da 323
222371087721 7655acd3dc7cd8da 323
222371190891 7655acd3dc7cd8da 323
222371295652 7655acd3dc7cd8da 323
222371397704 7655acd3dc7cd8da 323
222371502245 7655acd3dc7cd8da 323
222371603405 7655acd3dc7cd8da 323
222371707663 7655acd3dc7cd8da 323
222371811232 7655acd3dc7cd8da 323
222371914495 7655acd3dc7cd8da 323
222372015712 7655acd3dc7cd8da 323
222372119069 7655acd3dc7cd8da 323
222372223599 7655acd3dc7cd8da 323
222372330363 7655acd3dc7cd8da 323
222372430727 7655acd3dc7cd8da 323
222372537528 7655acd3dc7cd8da 323
222372647248 7655acd3dc7cd8da 323
222372745956 7655acd3dc7cd8da 323
222372850773 7655acd3dc7cd8da 323
222372954311 7655acd3dc7cd8da 323
222373060525 7655acd3dc7cd8da 323
222373160531 7655acd3dc7cd8da 323
222373263572 7655acd3dc7cd8da 323
222373367118 7655acd3dc7cd8da 323
222373472229 7655acd3dc7cd8da 323
222373573059 7655acd3dc7cd8da 323
222373676304 7655acd3dc7cd8da 323
222373778691 7655acd3dc7cd8da 323
222373883281 7655acd3dc7cd8da 323
222373987011 7655acd3dc7cd8da 323
222374090003 7655acd3dc7cd8da 323
222374193326 7655acd3dc7cd8da 323
222374301440 7655acd3dc7cd8da 323
222374402699 7655acd3dc7cd8da 323
222374502726 7655acd3dc7cd8da 323
222374606951 7655acd3dc7cd8da 323
222374714329 7655acd3dc7cd8da 323
222374816951 7655acd3dc7cd8da 323
222374917335 7655acd3dc7cd8da 323
222375020892 7655acd3dc7cd8da 323
222375127781 7655acd3dc7cd8da 323
222375227134 7655acd3dc7cd8da 323
222375335537 7655acd3dc7cd8da 323
222375439243 7655acd3dc7cd8da 323
222375541447 7655acd3dc7cd8da 323
222375654674 7655acd3dc7cd8da 323
222375747625 7655acd3dc7cd8da 323
222375851476 7655acd3dc7cd8da 323
222375954767 7655acd3dc7cd8da 323
222376059900 7655acd3dc7cd8da 323
222376162167 7655acd3dc7cd8da 323
222376266266 7655acd3dc7cd8da 323
222376369695 7655acd3dc7cd8da 323
222376473549 7655acd3dc7cd8da 323
222376578786 7655acd3dc7cd8da 323
222376680668 7655acd3dc7cd8da 323
222376783880 7655acd3dc7cd8da 323
222376898370 7655acd3dc7cd8da 323
222376992455 7655acd3dc7cd8da 323
222377092234 7655acd3dc7cd8da 323
222377199592 7655acd3dc7cd8da 323
222377301176 7655acd3dc7cd8da 323
222377404318 7655acd3dc7cd8da 323
222377508490 7655acd3dc7cd8da 323
222377609302 7655acd3dc7cd8da 323
222377715956 7655acd3dc7cd8da 323
222377818523 7655acd3dc7cd8da 323
222377921676 7655acd3dc7cd8da 323
222378023369 7655acd3dc7cd8da 323
222378128530 7655acd3dc7cd8da 323
222378231790 7655acd3dc7cd8da 323
222378335898 7655acd3dc7cd8da 323
222378436624 7655acd3dc7cd8da 323
222378539852 7655acd3dc7cd8da 323
222378643804 7655acd3dc7cd8da 323
222378747357 7655acd3dc7cd8da 323
222378851868 7655acd3dc7cd8da 323
222378963405 7655acd3dc7cd8da 323
222379059828 7655acd3dc7cd8da 323
222379161756 7655acd3dc7cd8da 323
222379265441 7655acd3dc7cd8da 323
222379366577 7655acd3dc7cd8da 323
222379470963 7655acd3dc7cd8da 323
222379578309 7655acd3dc7cd8da 323
222379677705 7655acd3dc7cd8da 323
222379782750 7655acd3dc7cd8da 323
222379885697 7655acd3dc7cd8da 323
222379986523 7655acd3dc7cd8da 323
222380090949 7655acd3dc7cd8da 323
222380195141 7655acd3dc7cd8da 323
222380300059 7655acd3dc7cd8da 323
222380403217 7655acd3dc7cd8da 323
222380504036 7655acd3dc7cd8da 323
222380607436 7655acd3dc7cd8da 323
222380712500 7655acd3dc7cd8da 323
222380814157 7655acd3dc7cd8da 323
222380916670 7655acd3dc7cd8da 323
222381020972 7655acd3dc7cd8da 323
222381122949 7655acd3dc7cd8da 323
222381161304 7655acd3dc7cd8da 323
